[2022-11-20 23:09:31] model params: 97867523
[2022-11-20 23:09:31] model params with gradients:1538
[2022-11-20 23:09:31] Additional parameters 1538 / 97867523 = 0.0000
[2022-11-20 23:09:31] Setup data...
[2022-11-20 23:09:32] Done.
[2022-11-20 23:09:32] Batch schedule
[2022-11-20 23:09:32] [(40, 30)]
[2022-11-20 23:09:32] Wrapping models and optimizers...
[2022-11-20 23:09:32] Begin training iterations
[2022-11-20 23:09:32] Total iteration: 50000
[2022-11-20 23:09:32] 
----------------------------------------------------------------------
[2022-11-20 23:09:32] Training loop.       Batches: 1750
[2022-11-20 23:23:56] test set
[2022-11-20 23:23:56] validation set
[2022-11-20 23:24:09] val loss      : 0.5215
[2022-11-20 23:24:09] val acc       : 0.7477
[2022-11-20 23:24:09] val precision : 0.7532
[2022-11-20 23:24:09] val recall    : 0.7487
[2022-11-20 23:24:09] val f1        : 0.7431
[2022-11-20 23:24:09] val mcc       : 0.0000
[2022-11-20 23:24:09] Iteration completed: 1666, remained 48334
[2022-11-20 23:24:09] Saving model...
[2022-11-20 23:24:09] 
------------------------------------------------------
[2022-11-20 23:24:52] Training loop. The ith epoch completed: 1
[2022-11-20 23:24:52] 
----------------------------------------------------------------------
[2022-11-20 23:24:52] Training loop.       Batches: 1750
[2022-11-20 23:38:29] test set
[2022-11-20 23:38:29] validation set
[2022-11-20 23:38:42] val loss      : 0.4820
[2022-11-20 23:38:42] val acc       : 0.7728
[2022-11-20 23:38:42] val precision : 0.7755
[2022-11-20 23:38:42] val recall    : 0.7744
[2022-11-20 23:38:42] val f1        : 0.7669
[2022-11-20 23:38:42] val mcc       : 0.0000
[2022-11-20 23:38:42] Iteration completed: 3332, remained 46668
[2022-11-20 23:38:42] Saving model...
[2022-11-20 23:38:42] 
------------------------------------------------------
[2022-11-20 23:40:11] Training loop. The ith epoch completed: 2
[2022-11-20 23:40:11] 
----------------------------------------------------------------------
[2022-11-20 23:40:11] Training loop.       Batches: 1750
[2022-11-20 23:53:07] test set
[2022-11-20 23:53:07] validation set
[2022-11-20 23:53:19] val loss      : 0.4822
[2022-11-20 23:53:19] val acc       : 0.7798
[2022-11-20 23:53:19] val precision : 0.7805
[2022-11-20 23:53:19] val recall    : 0.7790
[2022-11-20 23:53:19] val f1        : 0.7736
[2022-11-20 23:53:19] val mcc       : 0.0000
[2022-11-20 23:53:19] Iteration completed: 4998, remained 45002
[2022-11-20 23:53:19] Saving model...
[2022-11-20 23:53:19] 
------------------------------------------------------
[2022-11-20 23:55:28] Training loop. The ith epoch completed: 3
[2022-11-20 23:55:28] 
----------------------------------------------------------------------
[2022-11-20 23:55:28] Training loop.       Batches: 1750
[2022-11-21 00:07:41] test set
[2022-11-21 00:07:41] validation set
[2022-11-21 00:07:54] val loss      : 0.4704
[2022-11-21 00:07:54] val acc       : 0.7778
[2022-11-21 00:07:54] val precision : 0.7804
[2022-11-21 00:07:54] val recall    : 0.7776
[2022-11-21 00:07:54] val f1        : 0.7739
[2022-11-21 00:07:54] val mcc       : 0.0000
[2022-11-21 00:10:48] Training loop. The ith epoch completed: 4
[2022-11-21 00:10:48] 
----------------------------------------------------------------------
[2022-11-21 00:10:48] Training loop.       Batches: 1750
[2022-11-21 00:22:17] test set
[2022-11-21 00:22:17] validation set
[2022-11-21 00:22:30] val loss      : 0.4668
[2022-11-21 00:22:30] val acc       : 0.7847
[2022-11-21 00:22:30] val precision : 0.7851
[2022-11-21 00:22:30] val recall    : 0.7856
[2022-11-21 00:22:30] val f1        : 0.7818
[2022-11-21 00:22:30] val mcc       : 0.0000
[2022-11-21 00:22:30] Iteration completed: 8330, remained 41670
[2022-11-21 00:22:30] Saving model...
[2022-11-21 00:22:30] 
------------------------------------------------------
[2022-11-21 00:26:07] Training loop. The ith epoch completed: 5
[2022-11-21 00:26:07] 
----------------------------------------------------------------------
[2022-11-21 00:26:07] Training loop.       Batches: 1750
[2022-11-21 00:36:54] test set
[2022-11-21 00:36:54] validation set
[2022-11-21 00:37:06] val loss      : 0.4682
[2022-11-21 00:37:06] val acc       : 0.7808
[2022-11-21 00:37:06] val precision : 0.7851
[2022-11-21 00:37:06] val recall    : 0.7864
[2022-11-21 00:37:06] val f1        : 0.7785
[2022-11-21 00:37:06] val mcc       : 0.0000
[2022-11-21 00:41:26] Training loop. The ith epoch completed: 6
[2022-11-21 00:41:26] 
----------------------------------------------------------------------
[2022-11-21 00:41:26] Training loop.       Batches: 1750
[2022-11-21 00:51:28] test set
[2022-11-21 00:51:28] validation set
[2022-11-21 00:51:40] val loss      : 0.4670
[2022-11-21 00:51:40] val acc       : 0.7848
[2022-11-21 00:51:40] val precision : 0.7868
[2022-11-21 00:51:40] val recall    : 0.7844
[2022-11-21 00:51:40] val f1        : 0.7815
[2022-11-21 00:51:40] val mcc       : 0.0000
[2022-11-21 00:51:40] Iteration completed: 11662, remained 38338
[2022-11-21 00:51:40] Saving model...
[2022-11-21 00:51:40] 
------------------------------------------------------
[2022-11-21 00:56:45] Training loop. The ith epoch completed: 7
[2022-11-21 00:56:45] 
----------------------------------------------------------------------
[2022-11-21 00:56:45] Training loop.       Batches: 1750
[2022-11-21 01:06:05] test set
[2022-11-21 01:06:05] validation set
[2022-11-21 01:06:18] val loss      : 0.4661
[2022-11-21 01:06:18] val acc       : 0.7847
[2022-11-21 01:06:18] val precision : 0.7876
[2022-11-21 01:06:18] val recall    : 0.7862
[2022-11-21 01:06:18] val f1        : 0.7814
[2022-11-21 01:06:18] val mcc       : 0.0000
