[2022-11-20 01:17:37] model params: 97867523
[2022-11-20 01:17:37] model params with gradients:1538
[2022-11-20 01:17:37] Additional parameters 1538 / 97867523 = 0.0000
[2022-11-20 01:17:37] Setup data...
[2022-11-20 01:17:38] Done.
[2022-11-20 01:17:38] Batch schedule
[2022-11-20 01:17:38] [(40, 30)]
[2022-11-20 01:17:38] Wrapping models and optimizers...
[2022-11-20 01:17:38] Begin training iterations
[2022-11-20 01:17:38] Total iteration: 50000
[2022-11-20 01:17:38] 
----------------------------------------------------------------------
[2022-11-20 01:17:38] Training loop.       Batches: 1750
[2022-11-20 01:31:47] test set
[2022-11-20 01:31:47] validation set
[2022-11-20 01:32:00] val loss      : 0.5160
[2022-11-20 01:32:00] val acc       : 0.7577
[2022-11-20 01:32:00] val precision : 0.7583
[2022-11-20 01:32:00] val recall    : 0.7577
[2022-11-20 01:32:00] val f1        : 0.7521
[2022-11-20 01:32:00] val mcc       : 0.0000
[2022-11-20 01:32:00] Iteration completed: 1666, remained 48334
[2022-11-20 01:32:00] Saving model...
[2022-11-20 01:32:00] 
------------------------------------------------------
[2022-11-20 01:32:44] Training loop. The ith epoch completed: 1
[2022-11-20 01:32:44] 
----------------------------------------------------------------------
[2022-11-20 01:32:44] Training loop.       Batches: 1750
[2022-11-20 01:46:25] test set
[2022-11-20 01:46:25] validation set
[2022-11-20 01:46:38] val loss      : 0.4802
[2022-11-20 01:46:38] val acc       : 0.7747
[2022-11-20 01:46:38] val precision : 0.7758
[2022-11-20 01:46:38] val recall    : 0.7743
[2022-11-20 01:46:38] val f1        : 0.7695
[2022-11-20 01:46:38] val mcc       : 0.0000
[2022-11-20 01:46:38] Iteration completed: 3332, remained 46668
[2022-11-20 01:46:38] Saving model...
[2022-11-20 01:46:38] 
------------------------------------------------------
[2022-11-20 01:48:05] Training loop. The ith epoch completed: 2
[2022-11-20 01:48:05] 
----------------------------------------------------------------------
[2022-11-20 01:48:05] Training loop.       Batches: 1750
[2022-11-20 02:01:02] test set
[2022-11-20 02:01:02] validation set
[2022-11-20 02:01:15] val loss      : 0.4742
[2022-11-20 02:01:15] val acc       : 0.7819
[2022-11-20 02:01:15] val precision : 0.7795
[2022-11-20 02:01:15] val recall    : 0.7796
[2022-11-20 02:01:15] val f1        : 0.7770
[2022-11-20 02:01:15] val mcc       : 0.0000
[2022-11-20 02:01:15] Iteration completed: 4998, remained 45002
[2022-11-20 02:01:15] Saving model...
[2022-11-20 02:01:15] 
------------------------------------------------------
[2022-11-20 02:03:25] Training loop. The ith epoch completed: 3
[2022-11-20 02:03:25] 
----------------------------------------------------------------------
[2022-11-20 02:03:25] Training loop.       Batches: 1750
[2022-11-20 02:15:39] test set
[2022-11-20 02:15:39] validation set
[2022-11-20 02:15:52] val loss      : 0.4711
[2022-11-20 02:15:52] val acc       : 0.7797
[2022-11-20 02:15:52] val precision : 0.7779
[2022-11-20 02:15:52] val recall    : 0.7782
[2022-11-20 02:15:52] val f1        : 0.7747
[2022-11-20 02:15:52] val mcc       : 0.0000
[2022-11-20 02:18:46] Training loop. The ith epoch completed: 4
[2022-11-20 02:18:46] 
----------------------------------------------------------------------
[2022-11-20 02:18:46] Training loop.       Batches: 1750
[2022-11-20 02:30:16] test set
[2022-11-20 02:30:16] validation set
[2022-11-20 02:30:29] val loss      : 0.4707
[2022-11-20 02:30:29] val acc       : 0.7798
[2022-11-20 02:30:29] val precision : 0.7774
[2022-11-20 02:30:29] val recall    : 0.7784
[2022-11-20 02:30:29] val f1        : 0.7745
[2022-11-20 02:30:29] val mcc       : 0.0000
[2022-11-20 02:34:07] Training loop. The ith epoch completed: 5
[2022-11-20 02:34:07] 
----------------------------------------------------------------------
[2022-11-20 02:34:07] Training loop.       Batches: 1750
[2022-11-20 02:44:53] test set
[2022-11-20 02:44:53] validation set
[2022-11-20 02:45:05] val loss      : 0.4672
[2022-11-20 02:45:05] val acc       : 0.7858
[2022-11-20 02:45:05] val precision : 0.7849
[2022-11-20 02:45:05] val recall    : 0.7859
[2022-11-20 02:45:05] val f1        : 0.7812
[2022-11-20 02:45:05] val mcc       : 0.0000
[2022-11-20 02:45:06] Iteration completed: 9996, remained 40004
[2022-11-20 02:45:06] Saving model...
[2022-11-20 02:45:06] 
------------------------------------------------------
[2022-11-20 02:49:28] Training loop. The ith epoch completed: 6
[2022-11-20 02:49:28] 
----------------------------------------------------------------------
[2022-11-20 02:49:28] Training loop.       Batches: 1750
[2022-11-20 02:59:32] test set
[2022-11-20 02:59:32] validation set
[2022-11-20 02:59:45] val loss      : 0.4649
[2022-11-20 02:59:45] val acc       : 0.7888
[2022-11-20 02:59:45] val precision : 0.7883
[2022-11-20 02:59:45] val recall    : 0.7872
[2022-11-20 02:59:45] val f1        : 0.7841
[2022-11-20 02:59:45] val mcc       : 0.0000
[2022-11-20 02:59:45] Iteration completed: 11662, remained 38338
[2022-11-20 02:59:45] Saving model...
[2022-11-20 02:59:45] 
------------------------------------------------------
[2022-11-20 03:04:49] Training loop. The ith epoch completed: 7
[2022-11-20 03:04:49] 
----------------------------------------------------------------------
[2022-11-20 03:04:49] Training loop.       Batches: 1750
[2022-11-20 03:14:09] test set
[2022-11-20 03:14:09] validation set
[2022-11-20 03:14:22] val loss      : 0.4675
[2022-11-20 03:14:22] val acc       : 0.7858
[2022-11-20 03:14:22] val precision : 0.7860
[2022-11-20 03:14:22] val recall    : 0.7859
[2022-11-20 03:14:22] val f1        : 0.7816
[2022-11-20 03:14:22] val mcc       : 0.0000
[2022-11-20 03:20:10] Training loop. The ith epoch completed: 8
[2022-11-20 03:20:10] 
----------------------------------------------------------------------
[2022-11-20 03:20:10] Training loop.       Batches: 1750
[2022-11-20 03:28:45] test set
[2022-11-20 03:28:45] validation set
[2022-11-20 03:28:58] val loss      : 0.4662
[2022-11-20 03:28:58] val acc       : 0.7818
[2022-11-20 03:28:58] val precision : 0.7834
[2022-11-20 03:28:58] val recall    : 0.7831
[2022-11-20 03:28:58] val f1        : 0.7781
[2022-11-20 03:28:58] val mcc       : 0.0000
[2022-11-20 03:35:30] Training loop. The ith epoch completed: 9
[2022-11-20 03:35:30] 
----------------------------------------------------------------------
[2022-11-20 03:35:30] Training loop.       Batches: 1750
[2022-11-20 03:43:22] test set
[2022-11-20 03:43:22] validation set
[2022-11-20 03:43:35] val loss      : 0.4640
[2022-11-20 03:43:35] val acc       : 0.7867
[2022-11-20 03:43:35] val precision : 0.7854
[2022-11-20 03:43:35] val recall    : 0.7856
[2022-11-20 03:43:35] val f1        : 0.7821
[2022-11-20 03:43:35] val mcc       : 0.0000
[2022-11-20 03:50:50] Training loop. The ith epoch completed: 10
[2022-11-20 03:50:50] 
----------------------------------------------------------------------
[2022-11-20 03:50:50] Training loop.       Batches: 1750
[2022-11-20 03:57:57] test set
[2022-11-20 03:57:57] validation set
[2022-11-20 03:58:10] val loss      : 0.4630
[2022-11-20 03:58:10] val acc       : 0.7888
[2022-11-20 03:58:10] val precision : 0.7898
[2022-11-20 03:58:10] val recall    : 0.7896
[2022-11-20 03:58:10] val f1        : 0.7859
[2022-11-20 03:58:10] val mcc       : 0.0000
[2022-11-20 04:06:10] Training loop. The ith epoch completed: 11
[2022-11-20 04:06:10] 
----------------------------------------------------------------------
[2022-11-20 04:06:10] Training loop.       Batches: 1750
[2022-11-20 04:12:34] test set
[2022-11-20 04:12:34] validation set
[2022-11-20 04:12:47] val loss      : 0.4658
[2022-11-20 04:12:47] val acc       : 0.7877
[2022-11-20 04:12:47] val precision : 0.7930
[2022-11-20 04:12:47] val recall    : 0.7911
[2022-11-20 04:12:47] val f1        : 0.7855
[2022-11-20 04:12:47] val mcc       : 0.0000
[2022-11-20 04:21:29] Training loop. The ith epoch completed: 12
[2022-11-20 04:21:29] 
----------------------------------------------------------------------
[2022-11-20 04:21:29] Training loop.       Batches: 1750
[2022-11-20 04:27:10] test set
[2022-11-20 04:27:10] validation set
[2022-11-20 04:27:22] val loss      : 0.4638
[2022-11-20 04:27:22] val acc       : 0.7838
[2022-11-20 04:27:22] val precision : 0.7808
[2022-11-20 04:27:22] val recall    : 0.7833
[2022-11-20 04:27:22] val f1        : 0.7782
[2022-11-20 04:27:22] val mcc       : 0.0000
[2022-11-20 04:36:49] Training loop. The ith epoch completed: 13
[2022-11-20 04:36:49] 
----------------------------------------------------------------------
[2022-11-20 04:36:49] Training loop.       Batches: 1750
[2022-11-20 04:41:48] test set
[2022-11-20 04:41:48] validation set
[2022-11-20 04:42:00] val loss      : 0.4640
[2022-11-20 04:42:00] val acc       : 0.7907
[2022-11-20 04:42:00] val precision : 0.7890
[2022-11-20 04:42:00] val recall    : 0.7877
[2022-11-20 04:42:00] val f1        : 0.7849
[2022-11-20 04:42:00] val mcc       : 0.0000
[2022-11-20 04:42:00] Iteration completed: 23324, remained 26676
[2022-11-20 04:42:00] Saving model...
[2022-11-20 04:42:00] 
------------------------------------------------------
[2022-11-20 04:52:09] Training loop. The ith epoch completed: 14
[2022-11-20 04:52:09] 
----------------------------------------------------------------------
[2022-11-20 04:52:09] Training loop.       Batches: 1750
[2022-11-20 04:56:24] test set
[2022-11-20 04:56:24] validation set
[2022-11-20 04:56:37] val loss      : 0.4652
[2022-11-20 04:56:37] val acc       : 0.7827
[2022-11-20 04:56:37] val precision : 0.7846
[2022-11-20 04:56:37] val recall    : 0.7834
[2022-11-20 04:56:37] val f1        : 0.7794
[2022-11-20 04:56:37] val mcc       : 0.0000
[2022-11-20 05:07:29] Training loop. The ith epoch completed: 15
[2022-11-20 05:07:29] 
----------------------------------------------------------------------
[2022-11-20 05:07:29] Training loop.       Batches: 1750
[2022-11-20 05:11:00] test set
[2022-11-20 05:11:00] validation set
[2022-11-20 05:11:12] val loss      : 0.4656
[2022-11-20 05:11:12] val acc       : 0.7878
[2022-11-20 05:11:12] val precision : 0.7883
[2022-11-20 05:11:12] val recall    : 0.7897
[2022-11-20 05:11:12] val f1        : 0.7845
[2022-11-20 05:11:12] val mcc       : 0.0000
[2022-11-20 05:22:46] Training loop. The ith epoch completed: 16
[2022-11-20 05:22:46] 
----------------------------------------------------------------------
[2022-11-20 05:22:46] Training loop.       Batches: 1750
[2022-11-20 05:25:33] test set
[2022-11-20 05:25:33] validation set
[2022-11-20 05:25:46] val loss      : 0.4627
[2022-11-20 05:25:46] val acc       : 0.7928
[2022-11-20 05:25:46] val precision : 0.7915
[2022-11-20 05:25:46] val recall    : 0.7966
[2022-11-20 05:25:46] val f1        : 0.7883
[2022-11-20 05:25:46] val mcc       : 0.0000
[2022-11-20 05:25:46] Iteration completed: 28322, remained 21678
[2022-11-20 05:25:46] Saving model...
[2022-11-20 05:25:46] 
------------------------------------------------------
[2022-11-20 05:38:03] Training loop. The ith epoch completed: 17
[2022-11-20 05:38:03] 
----------------------------------------------------------------------
[2022-11-20 05:38:03] Training loop.       Batches: 1750
[2022-11-20 05:40:06] test set
[2022-11-20 05:40:06] validation set
[2022-11-20 05:40:18] val loss      : 0.4645
[2022-11-20 05:40:18] val acc       : 0.7838
[2022-11-20 05:40:18] val precision : 0.7848
[2022-11-20 05:40:18] val recall    : 0.7819
[2022-11-20 05:40:18] val f1        : 0.7801
[2022-11-20 05:40:18] val mcc       : 0.0000
[2022-11-20 05:53:21] Training loop. The ith epoch completed: 18
[2022-11-20 05:53:21] 
----------------------------------------------------------------------
[2022-11-20 05:53:21] Training loop.       Batches: 1750
[2022-11-20 05:54:41] test set
[2022-11-20 05:54:41] validation set
[2022-11-20 05:54:54] val loss      : 0.4639
[2022-11-20 05:54:54] val acc       : 0.7898
[2022-11-20 05:54:54] val precision : 0.7910
[2022-11-20 05:54:54] val recall    : 0.7898
[2022-11-20 05:54:54] val f1        : 0.7858
[2022-11-20 05:54:54] val mcc       : 0.0000
[2022-11-20 06:08:40] Training loop. The ith epoch completed: 19
[2022-11-20 06:08:40] 
----------------------------------------------------------------------
[2022-11-20 06:08:40] Training loop.       Batches: 1750
[2022-11-20 06:09:17] test set
[2022-11-20 06:09:17] validation set
[2022-11-20 06:09:30] val loss      : 0.4626
[2022-11-20 06:09:30] val acc       : 0.7938
[2022-11-20 06:09:30] val precision : 0.7941
[2022-11-20 06:09:30] val recall    : 0.7951
[2022-11-20 06:09:30] val f1        : 0.7897
[2022-11-20 06:09:30] val mcc       : 0.0000
[2022-11-20 06:09:30] Iteration completed: 33320, remained 16680
[2022-11-20 06:09:30] Saving model...
[2022-11-20 06:09:30] 
------------------------------------------------------
[2022-11-20 06:23:50] test set
[2022-11-20 06:23:50] validation set
[2022-11-20 06:24:03] val loss      : 0.4636
[2022-11-20 06:24:03] val acc       : 0.7848
[2022-11-20 06:24:03] val precision : 0.7842
[2022-11-20 06:24:03] val recall    : 0.7845
[2022-11-20 06:24:03] val f1        : 0.7811
[2022-11-20 06:24:03] val mcc       : 0.0000
[2022-11-20 06:24:10] Training loop. The ith epoch completed: 20
[2022-11-20 06:24:10] 
----------------------------------------------------------------------
[2022-11-20 06:24:10] Training loop.       Batches: 1750
[2022-11-20 06:38:24] test set
[2022-11-20 06:38:24] validation set
[2022-11-20 06:38:37] val loss      : 0.4639
[2022-11-20 06:38:37] val acc       : 0.7877
[2022-11-20 06:38:37] val precision : 0.7896
[2022-11-20 06:38:37] val recall    : 0.7870
[2022-11-20 06:38:37] val f1        : 0.7841
[2022-11-20 06:38:37] val mcc       : 0.0000
[2022-11-20 06:39:27] Training loop. The ith epoch completed: 21
[2022-11-20 06:39:27] 
----------------------------------------------------------------------
[2022-11-20 06:39:27] Training loop.       Batches: 1750
[2022-11-20 06:52:58] test set
[2022-11-20 06:52:58] validation set
[2022-11-20 06:53:11] val loss      : 0.4625
[2022-11-20 06:53:11] val acc       : 0.7878
[2022-11-20 06:53:11] val precision : 0.7889
[2022-11-20 06:53:11] val recall    : 0.7882
[2022-11-20 06:53:11] val f1        : 0.7837
[2022-11-20 06:53:11] val mcc       : 0.0000
[2022-11-20 06:54:45] Training loop. The ith epoch completed: 22
[2022-11-20 06:54:45] 
----------------------------------------------------------------------
[2022-11-20 06:54:45] Training loop.       Batches: 1750
[2022-11-20 07:07:32] test set
[2022-11-20 07:07:32] validation set
[2022-11-20 07:07:45] val loss      : 0.4626
[2022-11-20 07:07:45] val acc       : 0.7909
[2022-11-20 07:07:45] val precision : 0.7922
[2022-11-20 07:07:45] val recall    : 0.7909
[2022-11-20 07:07:45] val f1        : 0.7864
[2022-11-20 07:07:45] val mcc       : 0.0000
[2022-11-20 07:10:02] Training loop. The ith epoch completed: 23
[2022-11-20 07:10:02] 
----------------------------------------------------------------------
[2022-11-20 07:10:02] Training loop.       Batches: 1750
[2022-11-20 07:22:06] test set
[2022-11-20 07:22:06] validation set
[2022-11-20 07:22:19] val loss      : 0.4616
[2022-11-20 07:22:19] val acc       : 0.7937
[2022-11-20 07:22:19] val precision : 0.7931
[2022-11-20 07:22:19] val recall    : 0.7920
[2022-11-20 07:22:19] val f1        : 0.7884
[2022-11-20 07:22:19] val mcc       : 0.0000
[2022-11-20 07:25:19] Training loop. The ith epoch completed: 24
[2022-11-20 07:25:19] 
----------------------------------------------------------------------
[2022-11-20 07:25:19] Training loop.       Batches: 1750
[2022-11-20 07:36:40] test set
[2022-11-20 07:36:40] validation set
[2022-11-20 07:36:53] val loss      : 0.4621
[2022-11-20 07:36:53] val acc       : 0.7928
[2022-11-20 07:36:53] val precision : 0.7927
[2022-11-20 07:36:53] val recall    : 0.7937
[2022-11-20 07:36:53] val f1        : 0.7876
[2022-11-20 07:36:53] val mcc       : 0.0000
[2022-11-20 07:40:37] Training loop. The ith epoch completed: 25
[2022-11-20 07:40:37] 
----------------------------------------------------------------------
[2022-11-20 07:40:37] Training loop.       Batches: 1750
[2022-11-20 07:51:16] test set
[2022-11-20 07:51:16] validation set
[2022-11-20 07:51:29] val loss      : 0.4642
[2022-11-20 07:51:29] val acc       : 0.7858
[2022-11-20 07:51:29] val precision : 0.7872
[2022-11-20 07:51:29] val recall    : 0.7834
[2022-11-20 07:51:29] val f1        : 0.7804
[2022-11-20 07:51:29] val mcc       : 0.0000
[2022-11-20 07:55:56] Training loop. The ith epoch completed: 26
[2022-11-20 07:55:56] 
----------------------------------------------------------------------
[2022-11-20 07:55:56] Training loop.       Batches: 1750
[2022-11-20 08:05:49] test set
[2022-11-20 08:05:49] validation set
[2022-11-20 08:06:02] val loss      : 0.4625
[2022-11-20 08:06:02] val acc       : 0.7908
[2022-11-20 08:06:02] val precision : 0.7876
[2022-11-20 08:06:02] val recall    : 0.7915
[2022-11-20 08:06:02] val f1        : 0.7864
[2022-11-20 08:06:02] val mcc       : 0.0000
[2022-11-20 08:11:14] Training loop. The ith epoch completed: 27
[2022-11-20 08:11:14] 
----------------------------------------------------------------------
[2022-11-20 08:11:14] Training loop.       Batches: 1750
[2022-11-20 08:20:25] test set
[2022-11-20 08:20:25] validation set
[2022-11-20 08:20:38] val loss      : 0.4629
[2022-11-20 08:20:38] val acc       : 0.7908
[2022-11-20 08:20:38] val precision : 0.7899
[2022-11-20 08:20:38] val recall    : 0.7875
[2022-11-20 08:20:38] val f1        : 0.7862
[2022-11-20 08:20:38] val mcc       : 0.0000
[2022-11-20 08:26:32] Training loop. The ith epoch completed: 28
[2022-11-20 08:26:32] 
----------------------------------------------------------------------
[2022-11-20 08:26:32] Training loop.       Batches: 1750
[2022-11-20 08:34:58] test set
[2022-11-20 08:34:58] validation set
[2022-11-20 08:35:10] val loss      : 0.4630
[2022-11-20 08:35:10] val acc       : 0.7897
[2022-11-20 08:35:10] val precision : 0.7853
[2022-11-20 08:35:10] val recall    : 0.7880
[2022-11-20 08:35:10] val f1        : 0.7843
[2022-11-20 08:35:10] val mcc       : 0.0000
[2022-11-20 08:35:21] best loss      : 0.4626
[2022-11-20 08:35:21] best acc       : 0.7938
[2022-11-20 08:35:21] best precision : 0.7941
[2022-11-20 08:35:21] best recall    : 0.7951
[2022-11-20 08:35:21] best f1        : 0.7897
[2022-11-20 08:35:21] best mcc       : 0.0000
[2022-11-20 08:35:21] Training complete.
