[2022-11-20 15:52:40] model params: 97867523
[2022-11-20 15:52:40] model params with gradients:1538
[2022-11-20 15:52:40] Additional parameters 1538 / 97867523 = 0.0000
[2022-11-20 15:52:40] Setup data...
[2022-11-20 15:52:41] Done.
[2022-11-20 15:52:41] Batch schedule
[2022-11-20 15:52:41] [(40, 30)]
[2022-11-20 15:52:41] Wrapping models and optimizers...
[2022-11-20 15:52:41] Begin training iterations
[2022-11-20 15:52:41] Total iteration: 50000
[2022-11-20 15:52:41] 
----------------------------------------------------------------------
[2022-11-20 15:52:41] Training loop.       Batches: 1750
[2022-11-20 16:07:04] test set
[2022-11-20 16:07:04] validation set
[2022-11-20 16:07:17] val loss      : 0.5148
[2022-11-20 16:07:17] val acc       : 0.7547
[2022-11-20 16:07:17] val precision : 0.7534
[2022-11-20 16:07:17] val recall    : 0.7565
[2022-11-20 16:07:17] val f1        : 0.7498
[2022-11-20 16:07:17] val mcc       : 0.0000
[2022-11-20 16:07:17] Iteration completed: 1666, remained 48334
[2022-11-20 16:07:17] Saving model...
[2022-11-20 16:07:17] 
------------------------------------------------------
[2022-11-20 16:08:00] Training loop. The ith epoch completed: 1
[2022-11-20 16:08:00] 
----------------------------------------------------------------------
[2022-11-20 16:08:00] Training loop.       Batches: 1750
[2022-11-20 16:21:38] test set
[2022-11-20 16:21:38] validation set
[2022-11-20 16:21:51] val loss      : 0.4853
[2022-11-20 16:21:51] val acc       : 0.7767
[2022-11-20 16:21:51] val precision : 0.7756
[2022-11-20 16:21:51] val recall    : 0.7752
[2022-11-20 16:21:51] val f1        : 0.7720
[2022-11-20 16:21:51] val mcc       : 0.0000
[2022-11-20 16:21:51] Iteration completed: 3332, remained 46668
[2022-11-20 16:21:51] Saving model...
[2022-11-20 16:21:51] 
------------------------------------------------------
[2022-11-20 16:23:18] Training loop. The ith epoch completed: 2
[2022-11-20 16:23:18] 
----------------------------------------------------------------------
[2022-11-20 16:23:18] Training loop.       Batches: 1750
[2022-11-20 16:36:13] test set
[2022-11-20 16:36:13] validation set
[2022-11-20 16:36:25] val loss      : 0.4784
[2022-11-20 16:36:25] val acc       : 0.7719
[2022-11-20 16:36:25] val precision : 0.7743
[2022-11-20 16:36:25] val recall    : 0.7737
[2022-11-20 16:36:25] val f1        : 0.7680
[2022-11-20 16:36:25] val mcc       : 0.0000
[2022-11-20 16:38:36] Training loop. The ith epoch completed: 3
[2022-11-20 16:38:36] 
----------------------------------------------------------------------
[2022-11-20 16:38:36] Training loop.       Batches: 1750
[2022-11-20 16:50:49] test set
[2022-11-20 16:50:49] validation set
[2022-11-20 16:51:02] val loss      : 0.4723
[2022-11-20 16:51:02] val acc       : 0.7747
[2022-11-20 16:51:02] val precision : 0.7760
[2022-11-20 16:51:02] val recall    : 0.7776
[2022-11-20 16:51:02] val f1        : 0.7719
[2022-11-20 16:51:02] val mcc       : 0.0000
[2022-11-20 16:53:56] Training loop. The ith epoch completed: 4
[2022-11-20 16:53:56] 
----------------------------------------------------------------------
[2022-11-20 16:53:56] Training loop.       Batches: 1750
[2022-11-20 17:05:24] test set
[2022-11-20 17:05:24] validation set
[2022-11-20 17:05:36] val loss      : 0.4762
[2022-11-20 17:05:36] val acc       : 0.7768
[2022-11-20 17:05:36] val precision : 0.7793
[2022-11-20 17:05:36] val recall    : 0.7785
[2022-11-20 17:05:36] val f1        : 0.7729
[2022-11-20 17:05:36] val mcc       : 0.0000
[2022-11-20 17:05:36] Iteration completed: 8330, remained 41670
[2022-11-20 17:05:36] Saving model...
[2022-11-20 17:05:36] 
------------------------------------------------------
[2022-11-20 17:09:13] Training loop. The ith epoch completed: 5
[2022-11-20 17:09:13] 
----------------------------------------------------------------------
[2022-11-20 17:09:13] Training loop.       Batches: 1750
[2022-11-20 17:19:58] test set
[2022-11-20 17:19:58] validation set
[2022-11-20 17:20:11] val loss      : 0.4689
[2022-11-20 17:20:11] val acc       : 0.7858
[2022-11-20 17:20:11] val precision : 0.7878
[2022-11-20 17:20:11] val recall    : 0.7859
[2022-11-20 17:20:11] val f1        : 0.7820
[2022-11-20 17:20:11] val mcc       : 0.0000
[2022-11-20 17:20:11] Iteration completed: 9996, remained 40004
[2022-11-20 17:20:11] Saving model...
[2022-11-20 17:20:11] 
------------------------------------------------------
[2022-11-20 17:24:31] Training loop. The ith epoch completed: 6
[2022-11-20 17:24:31] 
----------------------------------------------------------------------
[2022-11-20 17:24:31] Training loop.       Batches: 1750
[2022-11-20 17:34:33] test set
[2022-11-20 17:34:33] validation set
[2022-11-20 17:34:46] val loss      : 0.4678
[2022-11-20 17:34:46] val acc       : 0.7827
[2022-11-20 17:34:46] val precision : 0.7857
[2022-11-20 17:34:46] val recall    : 0.7809
[2022-11-20 17:34:46] val f1        : 0.7783
[2022-11-20 17:34:46] val mcc       : 0.0000
[2022-11-20 17:39:50] Training loop. The ith epoch completed: 7
[2022-11-20 17:39:50] 
----------------------------------------------------------------------
[2022-11-20 17:39:50] Training loop.       Batches: 1750
[2022-11-20 17:49:09] test set
[2022-11-20 17:49:09] validation set
[2022-11-20 17:49:22] val loss      : 0.4685
[2022-11-20 17:49:22] val acc       : 0.7818
[2022-11-20 17:49:22] val precision : 0.7845
[2022-11-20 17:49:22] val recall    : 0.7796
[2022-11-20 17:49:22] val f1        : 0.7767
[2022-11-20 17:49:22] val mcc       : 0.0000
[2022-11-20 17:55:09] Training loop. The ith epoch completed: 8
[2022-11-20 17:55:09] 
----------------------------------------------------------------------
[2022-11-20 17:55:09] Training loop.       Batches: 1750
[2022-11-20 18:03:43] test set
[2022-11-20 18:03:43] validation set
[2022-11-20 18:03:56] val loss      : 0.4672
[2022-11-20 18:03:56] val acc       : 0.7918
[2022-11-20 18:03:56] val precision : 0.7890
[2022-11-20 18:03:56] val recall    : 0.7920
[2022-11-20 18:03:56] val f1        : 0.7853
[2022-11-20 18:03:56] val mcc       : 0.0000
[2022-11-20 18:03:56] Iteration completed: 14994, remained 35006
[2022-11-20 18:03:56] Saving model...
[2022-11-20 18:03:56] 
------------------------------------------------------
[2022-11-20 18:10:26] Training loop. The ith epoch completed: 9
[2022-11-20 18:10:26] 
----------------------------------------------------------------------
[2022-11-20 18:10:26] Training loop.       Batches: 1750
[2022-11-20 18:18:17] test set
[2022-11-20 18:18:17] validation set
[2022-11-20 18:18:30] val loss      : 0.4672
[2022-11-20 18:18:30] val acc       : 0.7868
[2022-11-20 18:18:30] val precision : 0.7875
[2022-11-20 18:18:30] val recall    : 0.7865
[2022-11-20 18:18:30] val f1        : 0.7822
[2022-11-20 18:18:30] val mcc       : 0.0000
[2022-11-20 18:25:44] Training loop. The ith epoch completed: 10
[2022-11-20 18:25:44] 
----------------------------------------------------------------------
[2022-11-20 18:25:44] Training loop.       Batches: 1750
[2022-11-20 18:32:52] test set
[2022-11-20 18:32:52] validation set
[2022-11-20 18:33:05] val loss      : 0.4695
[2022-11-20 18:33:05] val acc       : 0.7818
[2022-11-20 18:33:05] val precision : 0.7841
[2022-11-20 18:33:05] val recall    : 0.7865
[2022-11-20 18:33:05] val f1        : 0.7785
[2022-11-20 18:33:05] val mcc       : 0.0000
[2022-11-20 18:41:01] Training loop. The ith epoch completed: 11
[2022-11-20 18:41:01] 
----------------------------------------------------------------------
[2022-11-20 18:41:01] Training loop.       Batches: 1750
[2022-11-20 18:47:24] test set
[2022-11-20 18:47:24] validation set
[2022-11-20 18:47:37] val loss      : 0.4641
[2022-11-20 18:47:37] val acc       : 0.7918
[2022-11-20 18:47:37] val precision : 0.7952
[2022-11-20 18:47:37] val recall    : 0.7942
[2022-11-20 18:47:37] val f1        : 0.7899
[2022-11-20 18:47:37] val mcc       : 0.0000
[2022-11-20 18:47:37] Iteration completed: 19992, remained 30008
[2022-11-20 18:47:37] Saving model...
[2022-11-20 18:47:37] 
------------------------------------------------------
[2022-11-20 18:56:17] Training loop. The ith epoch completed: 12
[2022-11-20 18:56:17] 
----------------------------------------------------------------------
[2022-11-20 18:56:17] Training loop.       Batches: 1750
[2022-11-20 19:01:55] test set
[2022-11-20 19:01:55] validation set
[2022-11-20 19:02:08] val loss      : 0.4653
[2022-11-20 19:02:08] val acc       : 0.7878
[2022-11-20 19:02:08] val precision : 0.7884
[2022-11-20 19:02:08] val recall    : 0.7859
[2022-11-20 19:02:08] val f1        : 0.7824
[2022-11-20 19:02:08] val mcc       : 0.0000
[2022-11-20 19:11:32] Training loop. The ith epoch completed: 13
[2022-11-20 19:11:32] 
----------------------------------------------------------------------
[2022-11-20 19:11:32] Training loop.       Batches: 1750
[2022-11-20 19:16:28] test set
[2022-11-20 19:16:28] validation set
[2022-11-20 19:16:41] val loss      : 0.4690
[2022-11-20 19:16:41] val acc       : 0.7858
[2022-11-20 19:16:41] val precision : 0.7864
[2022-11-20 19:16:41] val recall    : 0.7871
[2022-11-20 19:16:41] val f1        : 0.7808
[2022-11-20 19:16:41] val mcc       : 0.0000
[2022-11-20 19:26:49] Training loop. The ith epoch completed: 14
[2022-11-20 19:26:49] 
----------------------------------------------------------------------
[2022-11-20 19:26:49] Training loop.       Batches: 1750
[2022-11-20 19:31:02] test set
[2022-11-20 19:31:02] validation set
[2022-11-20 19:31:14] val loss      : 0.4661
[2022-11-20 19:31:14] val acc       : 0.7828
[2022-11-20 19:31:14] val precision : 0.7831
[2022-11-20 19:31:14] val recall    : 0.7800
[2022-11-20 19:31:14] val f1        : 0.7772
[2022-11-20 19:31:14] val mcc       : 0.0000
[2022-11-20 19:42:07] Training loop. The ith epoch completed: 15
[2022-11-20 19:42:07] 
----------------------------------------------------------------------
[2022-11-20 19:42:07] Training loop.       Batches: 1750
[2022-11-20 19:45:38] test set
[2022-11-20 19:45:38] validation set
[2022-11-20 19:45:51] val loss      : 0.4675
[2022-11-20 19:45:51] val acc       : 0.7898
[2022-11-20 19:45:51] val precision : 0.7909
[2022-11-20 19:45:51] val recall    : 0.7903
[2022-11-20 19:45:51] val f1        : 0.7859
[2022-11-20 19:45:51] val mcc       : 0.0000
[2022-11-20 19:57:26] Training loop. The ith epoch completed: 16
[2022-11-20 19:57:26] 
----------------------------------------------------------------------
[2022-11-20 19:57:26] Training loop.       Batches: 1750
[2022-11-20 20:00:14] test set
[2022-11-20 20:00:14] validation set
[2022-11-20 20:00:27] val loss      : 0.4684
[2022-11-20 20:00:27] val acc       : 0.7808
[2022-11-20 20:00:27] val precision : 0.7811
[2022-11-20 20:00:27] val recall    : 0.7798
[2022-11-20 20:00:27] val f1        : 0.7769
[2022-11-20 20:00:27] val mcc       : 0.0000
[2022-11-20 20:12:46] Training loop. The ith epoch completed: 17
[2022-11-20 20:12:46] 
----------------------------------------------------------------------
[2022-11-20 20:12:46] Training loop.       Batches: 1750
[2022-11-20 20:14:50] test set
[2022-11-20 20:14:50] validation set
[2022-11-20 20:15:02] val loss      : 0.4629
[2022-11-20 20:15:02] val acc       : 0.7908
[2022-11-20 20:15:02] val precision : 0.7922
[2022-11-20 20:15:02] val recall    : 0.7927
[2022-11-20 20:15:02] val f1        : 0.7881
[2022-11-20 20:15:02] val mcc       : 0.0000
[2022-11-20 20:28:05] Training loop. The ith epoch completed: 18
[2022-11-20 20:28:05] 
----------------------------------------------------------------------
[2022-11-20 20:28:05] Training loop.       Batches: 1750
[2022-11-20 20:29:25] test set
[2022-11-20 20:29:25] validation set
[2022-11-20 20:29:38] val loss      : 0.4648
[2022-11-20 20:29:38] val acc       : 0.7857
[2022-11-20 20:29:38] val precision : 0.7858
[2022-11-20 20:29:38] val recall    : 0.7867
[2022-11-20 20:29:38] val f1        : 0.7832
[2022-11-20 20:29:38] val mcc       : 0.0000
[2022-11-20 20:43:22] Training loop. The ith epoch completed: 19
[2022-11-20 20:43:22] 
----------------------------------------------------------------------
[2022-11-20 20:43:22] Training loop.       Batches: 1750
[2022-11-20 20:43:59] test set
[2022-11-20 20:43:59] validation set
[2022-11-20 20:44:11] val loss      : 0.4630
[2022-11-20 20:44:11] val acc       : 0.7907
[2022-11-20 20:44:11] val precision : 0.7926
[2022-11-20 20:44:11] val recall    : 0.7865
[2022-11-20 20:44:11] val f1        : 0.7849
[2022-11-20 20:44:11] val mcc       : 0.0000
[2022-11-20 20:58:32] test set
[2022-11-20 20:58:32] validation set
[2022-11-20 20:58:44] val loss      : 0.4663
[2022-11-20 20:58:44] val acc       : 0.7877
[2022-11-20 20:58:44] val precision : 0.7864
[2022-11-20 20:58:44] val recall    : 0.7844
[2022-11-20 20:58:44] val f1        : 0.7822
[2022-11-20 20:58:44] val mcc       : 0.0000
[2022-11-20 20:58:51] Training loop. The ith epoch completed: 20
[2022-11-20 20:58:51] 
----------------------------------------------------------------------
[2022-11-20 20:58:51] Training loop.       Batches: 1750
[2022-11-20 21:13:05] test set
[2022-11-20 21:13:05] validation set
[2022-11-20 21:13:18] val loss      : 0.4654
[2022-11-20 21:13:18] val acc       : 0.7887
[2022-11-20 21:13:18] val precision : 0.7880
[2022-11-20 21:13:18] val recall    : 0.7920
[2022-11-20 21:13:18] val f1        : 0.7843
[2022-11-20 21:13:18] val mcc       : 0.0000
[2022-11-20 21:14:09] Training loop. The ith epoch completed: 21
[2022-11-20 21:14:09] 
----------------------------------------------------------------------
[2022-11-20 21:14:09] Training loop.       Batches: 1750
[2022-11-20 21:27:41] test set
[2022-11-20 21:27:41] validation set
[2022-11-20 21:27:53] val loss      : 0.4648
[2022-11-20 21:27:53] val acc       : 0.7877
[2022-11-20 21:27:53] val precision : 0.7885
[2022-11-20 21:27:53] val recall    : 0.7872
[2022-11-20 21:27:53] val f1        : 0.7827
[2022-11-20 21:27:53] val mcc       : 0.0000
[2022-11-20 21:29:27] Training loop. The ith epoch completed: 22
[2022-11-20 21:29:27] 
----------------------------------------------------------------------
[2022-11-20 21:29:27] Training loop.       Batches: 1750
[2022-11-20 21:42:15] test set
[2022-11-20 21:42:15] validation set
[2022-11-20 21:42:28] val loss      : 0.4646
[2022-11-20 21:42:28] val acc       : 0.7887
[2022-11-20 21:42:28] val precision : 0.7908
[2022-11-20 21:42:28] val recall    : 0.7918
[2022-11-20 21:42:28] val f1        : 0.7860
[2022-11-20 21:42:28] val mcc       : 0.0000
[2022-11-20 21:44:45] Training loop. The ith epoch completed: 23
[2022-11-20 21:44:45] 
----------------------------------------------------------------------
[2022-11-20 21:44:45] Training loop.       Batches: 1750
[2022-11-20 21:56:49] test set
[2022-11-20 21:56:49] validation set
[2022-11-20 21:57:02] val loss      : 0.4632
[2022-11-20 21:57:02] val acc       : 0.7859
[2022-11-20 21:57:02] val precision : 0.7870
[2022-11-20 21:57:02] val recall    : 0.7870
[2022-11-20 21:57:02] val f1        : 0.7829
[2022-11-20 21:57:02] val mcc       : 0.0000
[2022-11-20 22:00:02] Training loop. The ith epoch completed: 24
[2022-11-20 22:00:02] 
----------------------------------------------------------------------
[2022-11-20 22:00:02] Training loop.       Batches: 1750
[2022-11-20 22:11:20] test set
[2022-11-20 22:11:20] validation set
[2022-11-20 22:11:33] val loss      : 0.4637
[2022-11-20 22:11:33] val acc       : 0.7867
[2022-11-20 22:11:33] val precision : 0.7872
[2022-11-20 22:11:33] val recall    : 0.7898
[2022-11-20 22:11:33] val f1        : 0.7835
[2022-11-20 22:11:33] val mcc       : 0.0000
[2022-11-20 22:15:14] Training loop. The ith epoch completed: 25
[2022-11-20 22:15:14] 
----------------------------------------------------------------------
[2022-11-20 22:15:14] Training loop.       Batches: 1750
[2022-11-20 22:25:43] test set
[2022-11-20 22:25:43] validation set
[2022-11-20 22:25:56] val loss      : 0.4646
[2022-11-20 22:25:56] val acc       : 0.7889
[2022-11-20 22:25:56] val precision : 0.7895
[2022-11-20 22:25:56] val recall    : 0.7862
[2022-11-20 22:25:56] val f1        : 0.7823
[2022-11-20 22:25:56] val mcc       : 0.0000
[2022-11-20 22:30:21] Training loop. The ith epoch completed: 26
[2022-11-20 22:30:21] 
----------------------------------------------------------------------
[2022-11-20 22:30:21] Training loop.       Batches: 1750
[2022-11-20 22:40:07] test set
[2022-11-20 22:40:07] validation set
[2022-11-20 22:40:20] val loss      : 0.4640
[2022-11-20 22:40:20] val acc       : 0.7898
[2022-11-20 22:40:20] val precision : 0.7893
[2022-11-20 22:40:20] val recall    : 0.7887
[2022-11-20 22:40:20] val f1        : 0.7854
[2022-11-20 22:40:20] val mcc       : 0.0000
[2022-11-20 22:45:28] Training loop. The ith epoch completed: 27
[2022-11-20 22:45:28] 
----------------------------------------------------------------------
[2022-11-20 22:45:28] Training loop.       Batches: 1750
[2022-11-20 22:54:34] test set
[2022-11-20 22:54:34] validation set
[2022-11-20 22:54:46] val loss      : 0.4640
[2022-11-20 22:54:46] val acc       : 0.7908
[2022-11-20 22:54:46] val precision : 0.7896
[2022-11-20 22:54:46] val recall    : 0.7898
[2022-11-20 22:54:46] val f1        : 0.7866
[2022-11-20 22:54:46] val mcc       : 0.0000
[2022-11-20 23:00:36] Training loop. The ith epoch completed: 28
[2022-11-20 23:00:36] 
----------------------------------------------------------------------
[2022-11-20 23:00:36] Training loop.       Batches: 1750
[2022-11-20 23:09:02] test set
[2022-11-20 23:09:02] validation set
[2022-11-20 23:09:15] val loss      : 0.4636
[2022-11-20 23:09:15] val acc       : 0.7918
[2022-11-20 23:09:15] val precision : 0.7916
[2022-11-20 23:09:15] val recall    : 0.7892
[2022-11-20 23:09:15] val f1        : 0.7881
[2022-11-20 23:09:15] val mcc       : 0.0000
[2022-11-20 23:09:26] best loss      : 0.4641
[2022-11-20 23:09:26] best acc       : 0.7918
[2022-11-20 23:09:26] best precision : 0.7952
[2022-11-20 23:09:26] best recall    : 0.7942
[2022-11-20 23:09:26] best f1        : 0.7899
[2022-11-20 23:09:26] best mcc       : 0.0000
[2022-11-20 23:09:26] Training complete.
