[2022-11-20 08:35:27] model params: 97867523
[2022-11-20 08:35:27] model params with gradients:1538
[2022-11-20 08:35:27] Additional parameters 1538 / 97867523 = 0.0000
[2022-11-20 08:35:27] Setup data...
[2022-11-20 08:35:28] Done.
[2022-11-20 08:35:28] Batch schedule
[2022-11-20 08:35:28] [(40, 30)]
[2022-11-20 08:35:28] Wrapping models and optimizers...
[2022-11-20 08:35:28] Begin training iterations
[2022-11-20 08:35:28] Total iteration: 50000
[2022-11-20 08:35:28] 
----------------------------------------------------------------------
[2022-11-20 08:35:28] Training loop.       Batches: 1750
[2022-11-20 08:49:52] test set
[2022-11-20 08:49:52] validation set
[2022-11-20 08:50:05] val loss      : 0.5114
[2022-11-20 08:50:05] val acc       : 0.7618
[2022-11-20 08:50:05] val precision : 0.7599
[2022-11-20 08:50:05] val recall    : 0.7596
[2022-11-20 08:50:05] val f1        : 0.7571
[2022-11-20 08:50:05] val mcc       : 0.0000
[2022-11-20 08:50:05] Iteration completed: 1666, remained 48334
[2022-11-20 08:50:05] Saving model...
[2022-11-20 08:50:05] 
------------------------------------------------------
[2022-11-20 08:50:48] Training loop. The ith epoch completed: 1
[2022-11-20 08:50:48] 
----------------------------------------------------------------------
[2022-11-20 08:50:48] Training loop.       Batches: 1750
[2022-11-20 09:04:27] test set
[2022-11-20 09:04:27] validation set
[2022-11-20 09:04:39] val loss      : 0.4801
[2022-11-20 09:04:39] val acc       : 0.7897
[2022-11-20 09:04:39] val precision : 0.7887
[2022-11-20 09:04:39] val recall    : 0.7875
[2022-11-20 09:04:39] val f1        : 0.7852
[2022-11-20 09:04:39] val mcc       : 0.0000
[2022-11-20 09:04:39] Iteration completed: 3332, remained 46668
[2022-11-20 09:04:39] Saving model...
[2022-11-20 09:04:39] 
------------------------------------------------------
[2022-11-20 09:06:06] Training loop. The ith epoch completed: 2
[2022-11-20 09:06:06] 
----------------------------------------------------------------------
[2022-11-20 09:06:06] Training loop.       Batches: 1750
[2022-11-20 09:19:01] test set
[2022-11-20 09:19:01] validation set
[2022-11-20 09:19:13] val loss      : 0.4732
[2022-11-20 09:19:13] val acc       : 0.7878
[2022-11-20 09:19:13] val precision : 0.7871
[2022-11-20 09:19:13] val recall    : 0.7900
[2022-11-20 09:19:13] val f1        : 0.7838
[2022-11-20 09:19:13] val mcc       : 0.0000
[2022-11-20 09:21:23] Training loop. The ith epoch completed: 3
[2022-11-20 09:21:23] 
----------------------------------------------------------------------
[2022-11-20 09:21:23] Training loop.       Batches: 1750
[2022-11-20 09:33:35] test set
[2022-11-20 09:33:35] validation set
[2022-11-20 09:33:47] val loss      : 0.4695
[2022-11-20 09:33:47] val acc       : 0.7837
[2022-11-20 09:33:47] val precision : 0.7833
[2022-11-20 09:33:47] val recall    : 0.7824
[2022-11-20 09:33:47] val f1        : 0.7798
[2022-11-20 09:33:47] val mcc       : 0.0000
[2022-11-20 09:36:41] Training loop. The ith epoch completed: 4
[2022-11-20 09:36:41] 
----------------------------------------------------------------------
[2022-11-20 09:36:41] Training loop.       Batches: 1750
[2022-11-20 09:48:08] test set
[2022-11-20 09:48:08] validation set
[2022-11-20 09:48:20] val loss      : 0.4680
[2022-11-20 09:48:20] val acc       : 0.7888
[2022-11-20 09:48:20] val precision : 0.7958
[2022-11-20 09:48:20] val recall    : 0.7927
[2022-11-20 09:48:20] val f1        : 0.7854
[2022-11-20 09:48:20] val mcc       : 0.0000
[2022-11-20 09:51:57] Training loop. The ith epoch completed: 5
[2022-11-20 09:51:57] 
----------------------------------------------------------------------
[2022-11-20 09:51:57] Training loop.       Batches: 1750
[2022-11-20 10:02:42] test set
[2022-11-20 10:02:42] validation set
[2022-11-20 10:02:54] val loss      : 0.4697
[2022-11-20 10:02:54] val acc       : 0.7876
[2022-11-20 10:02:54] val precision : 0.7855
[2022-11-20 10:02:54] val recall    : 0.7891
[2022-11-20 10:02:54] val f1        : 0.7830
[2022-11-20 10:02:54] val mcc       : 0.0000
[2022-11-20 10:07:14] Training loop. The ith epoch completed: 6
[2022-11-20 10:07:14] 
----------------------------------------------------------------------
[2022-11-20 10:07:14] Training loop.       Batches: 1750
[2022-11-20 10:17:15] test set
[2022-11-20 10:17:15] validation set
[2022-11-20 10:17:28] val loss      : 0.4668
[2022-11-20 10:17:28] val acc       : 0.7868
[2022-11-20 10:17:28] val precision : 0.7906
[2022-11-20 10:17:28] val recall    : 0.7876
[2022-11-20 10:17:28] val f1        : 0.7839
[2022-11-20 10:17:28] val mcc       : 0.0000
[2022-11-20 10:22:31] Training loop. The ith epoch completed: 7
[2022-11-20 10:22:31] 
----------------------------------------------------------------------
[2022-11-20 10:22:31] Training loop.       Batches: 1750
[2022-11-20 10:31:48] test set
[2022-11-20 10:31:48] validation set
[2022-11-20 10:32:01] val loss      : 0.4646
[2022-11-20 10:32:01] val acc       : 0.7879
[2022-11-20 10:32:01] val precision : 0.7864
[2022-11-20 10:32:01] val recall    : 0.7837
[2022-11-20 10:32:01] val f1        : 0.7829
[2022-11-20 10:32:01] val mcc       : 0.0000
[2022-11-20 10:37:48] Training loop. The ith epoch completed: 8
[2022-11-20 10:37:48] 
----------------------------------------------------------------------
[2022-11-20 10:37:48] Training loop.       Batches: 1750
[2022-11-20 10:46:20] test set
[2022-11-20 10:46:20] validation set
[2022-11-20 10:46:33] val loss      : 0.4647
[2022-11-20 10:46:33] val acc       : 0.7838
[2022-11-20 10:46:33] val precision : 0.7849
[2022-11-20 10:46:33] val recall    : 0.7815
[2022-11-20 10:46:33] val f1        : 0.7791
[2022-11-20 10:46:33] val mcc       : 0.0000
[2022-11-20 10:53:05] Training loop. The ith epoch completed: 9
[2022-11-20 10:53:05] 
----------------------------------------------------------------------
[2022-11-20 10:53:05] Training loop.       Batches: 1750
[2022-11-20 11:00:54] test set
[2022-11-20 11:00:54] validation set
[2022-11-20 11:01:07] val loss      : 0.4661
[2022-11-20 11:01:07] val acc       : 0.7868
[2022-11-20 11:01:07] val precision : 0.7820
[2022-11-20 11:01:07] val recall    : 0.7901
[2022-11-20 11:01:07] val f1        : 0.7810
[2022-11-20 11:01:07] val mcc       : 0.0000
[2022-11-20 11:08:21] Training loop. The ith epoch completed: 10
[2022-11-20 11:08:21] 
----------------------------------------------------------------------
[2022-11-20 11:08:21] Training loop.       Batches: 1750
[2022-11-20 11:15:28] test set
[2022-11-20 11:15:28] validation set
[2022-11-20 11:15:41] val loss      : 0.4661
[2022-11-20 11:15:41] val acc       : 0.7878
[2022-11-20 11:15:41] val precision : 0.7885
[2022-11-20 11:15:41] val recall    : 0.7857
[2022-11-20 11:15:41] val f1        : 0.7824
[2022-11-20 11:15:41] val mcc       : 0.0000
[2022-11-20 11:23:39] Training loop. The ith epoch completed: 11
[2022-11-20 11:23:39] 
----------------------------------------------------------------------
[2022-11-20 11:23:39] Training loop.       Batches: 1750
[2022-11-20 11:30:03] test set
[2022-11-20 11:30:03] validation set
[2022-11-20 11:30:16] val loss      : 0.4676
[2022-11-20 11:30:16] val acc       : 0.7858
[2022-11-20 11:30:16] val precision : 0.7867
[2022-11-20 11:30:16] val recall    : 0.7893
[2022-11-20 11:30:16] val f1        : 0.7810
[2022-11-20 11:30:16] val mcc       : 0.0000
[2022-11-20 11:38:57] Training loop. The ith epoch completed: 12
[2022-11-20 11:38:57] 
----------------------------------------------------------------------
[2022-11-20 11:38:57] Training loop.       Batches: 1750
[2022-11-20 11:44:38] test set
[2022-11-20 11:44:38] validation set
[2022-11-20 11:44:51] val loss      : 0.4649
[2022-11-20 11:44:51] val acc       : 0.7887
[2022-11-20 11:44:51] val precision : 0.7909
[2022-11-20 11:44:51] val recall    : 0.7902
[2022-11-20 11:44:51] val f1        : 0.7870
[2022-11-20 11:44:51] val mcc       : 0.0000
[2022-11-20 11:54:15] Training loop. The ith epoch completed: 13
[2022-11-20 11:54:15] 
----------------------------------------------------------------------
[2022-11-20 11:54:15] Training loop.       Batches: 1750
[2022-11-20 11:59:12] test set
[2022-11-20 11:59:12] validation set
[2022-11-20 11:59:25] val loss      : 0.4651
[2022-11-20 11:59:25] val acc       : 0.7838
[2022-11-20 11:59:25] val precision : 0.7838
[2022-11-20 11:59:25] val recall    : 0.7830
[2022-11-20 11:59:25] val f1        : 0.7800
[2022-11-20 11:59:25] val mcc       : 0.0000
[2022-11-20 12:09:34] Training loop. The ith epoch completed: 14
[2022-11-20 12:09:34] 
----------------------------------------------------------------------
[2022-11-20 12:09:34] Training loop.       Batches: 1750
[2022-11-20 12:13:47] test set
[2022-11-20 12:13:47] validation set
[2022-11-20 12:13:59] val loss      : 0.4668
[2022-11-20 12:13:59] val acc       : 0.7867
[2022-11-20 12:13:59] val precision : 0.7867
[2022-11-20 12:13:59] val recall    : 0.7862
[2022-11-20 12:13:59] val f1        : 0.7806
[2022-11-20 12:13:59] val mcc       : 0.0000
[2022-11-20 12:24:52] Training loop. The ith epoch completed: 15
[2022-11-20 12:24:52] 
----------------------------------------------------------------------
[2022-11-20 12:24:52] Training loop.       Batches: 1750
[2022-11-20 12:28:23] test set
[2022-11-20 12:28:23] validation set
[2022-11-20 12:28:36] val loss      : 0.4648
[2022-11-20 12:28:36] val acc       : 0.7908
[2022-11-20 12:28:36] val precision : 0.7906
[2022-11-20 12:28:36] val recall    : 0.7894
[2022-11-20 12:28:36] val f1        : 0.7852
[2022-11-20 12:28:36] val mcc       : 0.0000
[2022-11-20 12:28:36] Iteration completed: 26656, remained 23344
[2022-11-20 12:28:36] Saving model...
[2022-11-20 12:28:36] 
------------------------------------------------------
[2022-11-20 12:40:11] Training loop. The ith epoch completed: 16
[2022-11-20 12:40:11] 
----------------------------------------------------------------------
[2022-11-20 12:40:11] Training loop.       Batches: 1750
[2022-11-20 12:42:56] test set
[2022-11-20 12:42:56] validation set
[2022-11-20 12:43:09] val loss      : 0.4692
[2022-11-20 12:43:09] val acc       : 0.7808
[2022-11-20 12:43:09] val precision : 0.7825
[2022-11-20 12:43:09] val recall    : 0.7788
[2022-11-20 12:43:09] val f1        : 0.7755
[2022-11-20 12:43:09] val mcc       : 0.0000
[2022-11-20 12:55:28] Training loop. The ith epoch completed: 17
[2022-11-20 12:55:28] 
----------------------------------------------------------------------
[2022-11-20 12:55:28] Training loop.       Batches: 1750
[2022-11-20 12:57:31] test set
[2022-11-20 12:57:31] validation set
[2022-11-20 12:57:44] val loss      : 0.4641
[2022-11-20 12:57:44] val acc       : 0.7917
[2022-11-20 12:57:44] val precision : 0.7908
[2022-11-20 12:57:44] val recall    : 0.7917
[2022-11-20 12:57:44] val f1        : 0.7875
[2022-11-20 12:57:44] val mcc       : 0.0000
[2022-11-20 12:57:44] Iteration completed: 29988, remained 20012
[2022-11-20 12:57:44] Saving model...
[2022-11-20 12:57:44] 
------------------------------------------------------
[2022-11-20 13:10:45] Training loop. The ith epoch completed: 18
[2022-11-20 13:10:45] 
----------------------------------------------------------------------
[2022-11-20 13:10:45] Training loop.       Batches: 1750
[2022-11-20 13:12:04] test set
[2022-11-20 13:12:04] validation set
[2022-11-20 13:12:17] val loss      : 0.4652
[2022-11-20 13:12:17] val acc       : 0.7869
[2022-11-20 13:12:17] val precision : 0.7892
[2022-11-20 13:12:17] val recall    : 0.7894
[2022-11-20 13:12:17] val f1        : 0.7851
[2022-11-20 13:12:17] val mcc       : 0.0000
[2022-11-20 13:26:01] Training loop. The ith epoch completed: 19
[2022-11-20 13:26:01] 
----------------------------------------------------------------------
[2022-11-20 13:26:01] Training loop.       Batches: 1750
[2022-11-20 13:26:38] test set
[2022-11-20 13:26:38] validation set
[2022-11-20 13:26:50] val loss      : 0.4672
[2022-11-20 13:26:50] val acc       : 0.7848
[2022-11-20 13:26:50] val precision : 0.7902
[2022-11-20 13:26:50] val recall    : 0.7839
[2022-11-20 13:26:50] val f1        : 0.7805
[2022-11-20 13:26:50] val mcc       : 0.0000
[2022-11-20 13:41:11] test set
[2022-11-20 13:41:11] validation set
[2022-11-20 13:41:24] val loss      : 0.4648
[2022-11-20 13:41:24] val acc       : 0.7897
[2022-11-20 13:41:24] val precision : 0.7910
[2022-11-20 13:41:24] val recall    : 0.7928
[2022-11-20 13:41:24] val f1        : 0.7835
[2022-11-20 13:41:24] val mcc       : 0.0000
[2022-11-20 13:41:31] Training loop. The ith epoch completed: 20
[2022-11-20 13:41:31] 
----------------------------------------------------------------------
[2022-11-20 13:41:31] Training loop.       Batches: 1750
[2022-11-20 13:55:44] test set
[2022-11-20 13:55:44] validation set
[2022-11-20 13:55:57] val loss      : 0.4639
[2022-11-20 13:55:57] val acc       : 0.7868
[2022-11-20 13:55:57] val precision : 0.7836
[2022-11-20 13:55:57] val recall    : 0.7830
[2022-11-20 13:55:57] val f1        : 0.7794
[2022-11-20 13:55:57] val mcc       : 0.0000
[2022-11-20 13:56:47] Training loop. The ith epoch completed: 21
[2022-11-20 13:56:47] 
----------------------------------------------------------------------
[2022-11-20 13:56:47] Training loop.       Batches: 1750
[2022-11-20 14:10:16] test set
[2022-11-20 14:10:16] validation set
[2022-11-20 14:10:28] val loss      : 0.4622
[2022-11-20 14:10:28] val acc       : 0.7948
[2022-11-20 14:10:28] val precision : 0.7986
[2022-11-20 14:10:28] val recall    : 0.7954
[2022-11-20 14:10:28] val f1        : 0.7904
[2022-11-20 14:10:28] val mcc       : 0.0000
[2022-11-20 14:10:28] Iteration completed: 38318, remained 11682
[2022-11-20 14:10:28] Saving model...
[2022-11-20 14:10:28] 
------------------------------------------------------
[2022-11-20 14:12:03] Training loop. The ith epoch completed: 22
[2022-11-20 14:12:03] 
----------------------------------------------------------------------
[2022-11-20 14:12:03] Training loop.       Batches: 1750
[2022-11-20 14:24:50] test set
[2022-11-20 14:24:50] validation set
[2022-11-20 14:25:03] val loss      : 0.4633
[2022-11-20 14:25:03] val acc       : 0.7877
[2022-11-20 14:25:03] val precision : 0.7895
[2022-11-20 14:25:03] val recall    : 0.7849
[2022-11-20 14:25:03] val f1        : 0.7826
[2022-11-20 14:25:03] val mcc       : 0.0000
[2022-11-20 14:27:20] Training loop. The ith epoch completed: 23
[2022-11-20 14:27:20] 
----------------------------------------------------------------------
[2022-11-20 14:27:20] Training loop.       Batches: 1750
[2022-11-20 14:39:23] test set
[2022-11-20 14:39:23] validation set
[2022-11-20 14:39:36] val loss      : 0.4628
[2022-11-20 14:39:36] val acc       : 0.7897
[2022-11-20 14:39:36] val precision : 0.7907
[2022-11-20 14:39:36] val recall    : 0.7874
[2022-11-20 14:39:36] val f1        : 0.7848
[2022-11-20 14:39:36] val mcc       : 0.0000
[2022-11-20 14:42:38] Training loop. The ith epoch completed: 24
[2022-11-20 14:42:38] 
----------------------------------------------------------------------
[2022-11-20 14:42:38] Training loop.       Batches: 1750
[2022-11-20 14:53:57] test set
[2022-11-20 14:53:57] validation set
[2022-11-20 14:54:10] val loss      : 0.4638
[2022-11-20 14:54:10] val acc       : 0.7878
[2022-11-20 14:54:10] val precision : 0.7911
[2022-11-20 14:54:10] val recall    : 0.7875
[2022-11-20 14:54:10] val f1        : 0.7833
[2022-11-20 14:54:10] val mcc       : 0.0000
[2022-11-20 14:57:55] Training loop. The ith epoch completed: 25
[2022-11-20 14:57:55] 
----------------------------------------------------------------------
[2022-11-20 14:57:55] Training loop.       Batches: 1750
[2022-11-20 15:08:33] test set
[2022-11-20 15:08:33] validation set
[2022-11-20 15:08:45] val loss      : 0.4619
[2022-11-20 15:08:45] val acc       : 0.7917
[2022-11-20 15:08:45] val precision : 0.7901
[2022-11-20 15:08:45] val recall    : 0.7914
[2022-11-20 15:08:45] val f1        : 0.7879
[2022-11-20 15:08:45] val mcc       : 0.0000
[2022-11-20 15:13:12] Training loop. The ith epoch completed: 26
[2022-11-20 15:13:12] 
----------------------------------------------------------------------
[2022-11-20 15:13:12] Training loop.       Batches: 1750
[2022-11-20 15:23:05] test set
[2022-11-20 15:23:05] validation set
[2022-11-20 15:23:18] val loss      : 0.4626
[2022-11-20 15:23:18] val acc       : 0.7908
[2022-11-20 15:23:18] val precision : 0.7874
[2022-11-20 15:23:18] val recall    : 0.7912
[2022-11-20 15:23:18] val f1        : 0.7863
[2022-11-20 15:23:18] val mcc       : 0.0000
[2022-11-20 15:28:29] Training loop. The ith epoch completed: 27
[2022-11-20 15:28:29] 
----------------------------------------------------------------------
[2022-11-20 15:28:29] Training loop.       Batches: 1750
[2022-11-20 15:37:39] test set
[2022-11-20 15:37:39] validation set
[2022-11-20 15:37:52] val loss      : 0.4626
[2022-11-20 15:37:52] val acc       : 0.7938
[2022-11-20 15:37:52] val precision : 0.7923
[2022-11-20 15:37:52] val recall    : 0.7919
[2022-11-20 15:37:52] val f1        : 0.7898
[2022-11-20 15:37:52] val mcc       : 0.0000
[2022-11-20 15:43:46] Training loop. The ith epoch completed: 28
[2022-11-20 15:43:46] 
----------------------------------------------------------------------
[2022-11-20 15:43:46] Training loop.       Batches: 1750
[2022-11-20 15:52:12] test set
[2022-11-20 15:52:12] validation set
[2022-11-20 15:52:24] val loss      : 0.4625
[2022-11-20 15:52:24] val acc       : 0.7909
[2022-11-20 15:52:24] val precision : 0.7907
[2022-11-20 15:52:24] val recall    : 0.7885
[2022-11-20 15:52:24] val f1        : 0.7867
[2022-11-20 15:52:24] val mcc       : 0.0000
[2022-11-20 15:52:35] best loss      : 0.4622
[2022-11-20 15:52:35] best acc       : 0.7948
[2022-11-20 15:52:35] best precision : 0.7986
[2022-11-20 15:52:35] best recall    : 0.7954
[2022-11-20 15:52:35] best f1        : 0.7904
[2022-11-20 15:52:35] best mcc       : 0.0000
[2022-11-20 15:52:35] Training complete.
