[2022-11-10 06:53:51] model params: 97719875
[2022-11-10 06:53:51] model params with gradients:1657667
[2022-11-10 06:53:51] Additional parameters 1657667 / 97719875 = 0.0173
[2022-11-10 06:53:51] Setup data...
[2022-11-10 06:53:53] Done.
[2022-11-10 06:53:53] Batch schedule
[2022-11-10 06:53:53] [(100, 30)]
[2022-11-10 06:53:53] Wrapping models and optimizers...
[2022-11-10 06:53:53] Begin training iterations
[2022-11-10 06:53:53] Total iteration: 9000
[2022-11-10 06:53:53] 
----------------------------------------------------------------------
[2022-11-10 06:53:53] Training loop.       Batches: 60
[2022-11-10 06:54:06] Training loop. The ith epoch completed: 1
[2022-11-10 06:54:06] 
----------------------------------------------------------------------
[2022-11-10 06:54:06] Training loop.       Batches: 60
[2022-11-10 06:54:18] Training loop. The ith epoch completed: 2
[2022-11-10 06:54:18] 
----------------------------------------------------------------------
[2022-11-10 06:54:18] Training loop.       Batches: 60
[2022-11-10 06:54:30] Training loop. The ith epoch completed: 3
[2022-11-10 06:54:30] 
----------------------------------------------------------------------
[2022-11-10 06:54:30] Training loop.       Batches: 60
[2022-11-10 06:54:42] Training loop. The ith epoch completed: 4
[2022-11-10 06:54:42] 
----------------------------------------------------------------------
[2022-11-10 06:54:42] Training loop.       Batches: 60
[2022-11-10 06:54:53] test set
[2022-11-10 06:54:53] validation set
[2022-11-10 06:54:55] val loss      : 0.2053
[2022-11-10 06:54:55] val acc       : 0.9170
[2022-11-10 06:54:55] val precision : 0.9169
[2022-11-10 06:54:55] val recall    : 0.9177
[2022-11-10 06:54:55] val f1        : 0.9166
[2022-11-10 06:54:55] val mcc       : 0.0000
[2022-11-10 06:54:55] Iteration completed: 300, remained 8700
[2022-11-10 06:54:55] Saving model...
[2022-11-10 06:54:55] 
------------------------------------------------------
[2022-11-10 06:54:55] Training loop. The ith epoch completed: 5
[2022-11-10 06:54:55] 
----------------------------------------------------------------------
[2022-11-10 06:54:55] Training loop.       Batches: 60
[2022-11-10 06:55:07] Training loop. The ith epoch completed: 6
[2022-11-10 06:55:07] 
----------------------------------------------------------------------
[2022-11-10 06:55:07] Training loop.       Batches: 60
[2022-11-10 06:55:18] Training loop. The ith epoch completed: 7
[2022-11-10 06:55:18] 
----------------------------------------------------------------------
[2022-11-10 06:55:18] Training loop.       Batches: 60
[2022-11-10 06:55:30] Training loop. The ith epoch completed: 8
[2022-11-10 06:55:30] 
----------------------------------------------------------------------
[2022-11-10 06:55:30] Training loop.       Batches: 60
[2022-11-10 06:55:42] Training loop. The ith epoch completed: 9
[2022-11-10 06:55:42] 
----------------------------------------------------------------------
[2022-11-10 06:55:42] Training loop.       Batches: 60
[2022-11-10 06:55:54] test set
[2022-11-10 06:55:54] validation set
[2022-11-10 06:55:55] val loss      : 0.1522
[2022-11-10 06:55:55] val acc       : 0.9460
[2022-11-10 06:55:55] val precision : 0.9458
[2022-11-10 06:55:55] val recall    : 0.9459
[2022-11-10 06:55:55] val f1        : 0.9451
[2022-11-10 06:55:55] val mcc       : 0.0000
[2022-11-10 06:55:55] Iteration completed: 600, remained 8400
[2022-11-10 06:55:55] Saving model...
[2022-11-10 06:55:55] 
------------------------------------------------------
[2022-11-10 06:55:55] Training loop. The ith epoch completed: 10
[2022-11-10 06:55:55] 
----------------------------------------------------------------------
[2022-11-10 06:55:55] Training loop.       Batches: 60
[2022-11-10 06:56:07] Training loop. The ith epoch completed: 11
[2022-11-10 06:56:07] 
----------------------------------------------------------------------
[2022-11-10 06:56:07] Training loop.       Batches: 60
[2022-11-10 06:56:19] Training loop. The ith epoch completed: 12
[2022-11-10 06:56:19] 
----------------------------------------------------------------------
[2022-11-10 06:56:19] Training loop.       Batches: 60
[2022-11-10 06:56:31] Training loop. The ith epoch completed: 13
[2022-11-10 06:56:31] 
----------------------------------------------------------------------
[2022-11-10 06:56:31] Training loop.       Batches: 60
[2022-11-10 06:56:43] Training loop. The ith epoch completed: 14
[2022-11-10 06:56:43] 
----------------------------------------------------------------------
[2022-11-10 06:56:43] Training loop.       Batches: 60
[2022-11-10 06:56:55] test set
[2022-11-10 06:56:55] validation set
[2022-11-10 06:56:56] val loss      : 0.1821
[2022-11-10 06:56:56] val acc       : 0.9430
[2022-11-10 06:56:56] val precision : 0.9442
[2022-11-10 06:56:56] val recall    : 0.9425
[2022-11-10 06:56:56] val f1        : 0.9426
[2022-11-10 06:56:56] val mcc       : 0.0000
[2022-11-10 06:56:56] Training loop. The ith epoch completed: 15
[2022-11-10 06:56:56] 
----------------------------------------------------------------------
[2022-11-10 06:56:56] Training loop.       Batches: 60
[2022-11-10 06:57:08] Training loop. The ith epoch completed: 16
[2022-11-10 06:57:08] 
----------------------------------------------------------------------
[2022-11-10 06:57:08] Training loop.       Batches: 60
[2022-11-10 06:57:20] Training loop. The ith epoch completed: 17
[2022-11-10 06:57:20] 
----------------------------------------------------------------------
[2022-11-10 06:57:20] Training loop.       Batches: 60
[2022-11-10 06:57:32] Training loop. The ith epoch completed: 18
[2022-11-10 06:57:32] 
----------------------------------------------------------------------
[2022-11-10 06:57:32] Training loop.       Batches: 60
[2022-11-10 06:57:44] Training loop. The ith epoch completed: 19
[2022-11-10 06:57:44] 
----------------------------------------------------------------------
[2022-11-10 06:57:44] Training loop.       Batches: 60
[2022-11-10 06:57:56] test set
[2022-11-10 06:57:56] validation set
[2022-11-10 06:57:57] val loss      : 0.1944
[2022-11-10 06:57:57] val acc       : 0.9480
[2022-11-10 06:57:57] val precision : 0.9489
[2022-11-10 06:57:57] val recall    : 0.9475
[2022-11-10 06:57:57] val f1        : 0.9477
[2022-11-10 06:57:57] val mcc       : 0.0000
[2022-11-10 06:57:57] Iteration completed: 1200, remained 7800
[2022-11-10 06:57:57] Saving model...
[2022-11-10 06:57:57] 
------------------------------------------------------
[2022-11-10 06:57:57] Training loop. The ith epoch completed: 20
[2022-11-10 06:57:57] 
----------------------------------------------------------------------
[2022-11-10 06:57:57] Training loop.       Batches: 60
[2022-11-10 06:58:09] Training loop. The ith epoch completed: 21
[2022-11-10 06:58:09] 
----------------------------------------------------------------------
[2022-11-10 06:58:09] Training loop.       Batches: 60
[2022-11-10 06:58:21] Training loop. The ith epoch completed: 22
[2022-11-10 06:58:21] 
----------------------------------------------------------------------
[2022-11-10 06:58:21] Training loop.       Batches: 60
[2022-11-10 06:58:33] Training loop. The ith epoch completed: 23
[2022-11-10 06:58:33] 
----------------------------------------------------------------------
[2022-11-10 06:58:33] Training loop.       Batches: 60
[2022-11-10 06:58:45] Training loop. The ith epoch completed: 24
[2022-11-10 06:58:45] 
----------------------------------------------------------------------
[2022-11-10 06:58:45] Training loop.       Batches: 60
[2022-11-10 06:58:57] test set
[2022-11-10 06:58:57] validation set
[2022-11-10 06:58:58] val loss      : 0.2652
[2022-11-10 06:58:58] val acc       : 0.9440
[2022-11-10 06:58:58] val precision : 0.9451
[2022-11-10 06:58:58] val recall    : 0.9439
[2022-11-10 06:58:58] val f1        : 0.9431
[2022-11-10 06:58:58] val mcc       : 0.0000
[2022-11-10 06:58:58] Training loop. The ith epoch completed: 25
[2022-11-10 06:58:58] 
----------------------------------------------------------------------
[2022-11-10 06:58:58] Training loop.       Batches: 60
[2022-11-10 06:59:10] Training loop. The ith epoch completed: 26
[2022-11-10 06:59:10] 
----------------------------------------------------------------------
[2022-11-10 06:59:10] Training loop.       Batches: 60
[2022-11-10 06:59:22] Training loop. The ith epoch completed: 27
[2022-11-10 06:59:22] 
----------------------------------------------------------------------
[2022-11-10 06:59:22] Training loop.       Batches: 60
[2022-11-10 06:59:34] Training loop. The ith epoch completed: 28
[2022-11-10 06:59:34] 
----------------------------------------------------------------------
[2022-11-10 06:59:34] Training loop.       Batches: 60
[2022-11-10 06:59:46] Training loop. The ith epoch completed: 29
[2022-11-10 06:59:46] 
----------------------------------------------------------------------
[2022-11-10 06:59:46] Training loop.       Batches: 60
[2022-11-10 06:59:57] test set
[2022-11-10 06:59:57] validation set
[2022-11-10 06:59:58] val loss      : 0.2916
[2022-11-10 06:59:58] val acc       : 0.9460
[2022-11-10 06:59:58] val precision : 0.9465
[2022-11-10 06:59:58] val recall    : 0.9463
[2022-11-10 06:59:58] val f1        : 0.9459
[2022-11-10 06:59:58] val mcc       : 0.0000
[2022-11-10 06:59:59] Training loop. The ith epoch completed: 30
[2022-11-10 06:59:59] 
----------------------------------------------------------------------
[2022-11-10 06:59:59] Training loop.       Batches: 60
[2022-11-10 07:00:11] Training loop. The ith epoch completed: 31
[2022-11-10 07:00:11] 
----------------------------------------------------------------------
[2022-11-10 07:00:11] Training loop.       Batches: 60
[2022-11-10 07:00:22] Training loop. The ith epoch completed: 32
[2022-11-10 07:00:22] 
----------------------------------------------------------------------
[2022-11-10 07:00:22] Training loop.       Batches: 60
[2022-11-10 07:00:34] Training loop. The ith epoch completed: 33
[2022-11-10 07:00:34] 
----------------------------------------------------------------------
[2022-11-10 07:00:34] Training loop.       Batches: 60
[2022-11-10 07:00:46] Training loop. The ith epoch completed: 34
[2022-11-10 07:00:46] 
----------------------------------------------------------------------
[2022-11-10 07:00:46] Training loop.       Batches: 60
[2022-11-10 07:00:58] test set
[2022-11-10 07:00:58] validation set
[2022-11-10 07:00:59] val loss      : 0.3955
[2022-11-10 07:00:59] val acc       : 0.9380
[2022-11-10 07:00:59] val precision : 0.9405
[2022-11-10 07:00:59] val recall    : 0.9377
[2022-11-10 07:00:59] val f1        : 0.9375
[2022-11-10 07:00:59] val mcc       : 0.0000
[2022-11-10 07:00:59] Training loop. The ith epoch completed: 35
[2022-11-10 07:00:59] 
----------------------------------------------------------------------
[2022-11-10 07:00:59] Training loop.       Batches: 60
[2022-11-10 07:01:11] Training loop. The ith epoch completed: 36
[2022-11-10 07:01:11] 
----------------------------------------------------------------------
[2022-11-10 07:01:11] Training loop.       Batches: 60
[2022-11-10 07:01:23] Training loop. The ith epoch completed: 37
[2022-11-10 07:01:23] 
----------------------------------------------------------------------
[2022-11-10 07:01:23] Training loop.       Batches: 60
[2022-11-10 07:01:35] Training loop. The ith epoch completed: 38
[2022-11-10 07:01:35] 
----------------------------------------------------------------------
[2022-11-10 07:01:35] Training loop.       Batches: 60
[2022-11-10 07:01:47] Training loop. The ith epoch completed: 39
[2022-11-10 07:01:47] 
----------------------------------------------------------------------
[2022-11-10 07:01:47] Training loop.       Batches: 60
[2022-11-10 07:01:59] test set
[2022-11-10 07:01:59] validation set
[2022-11-10 07:02:00] val loss      : 0.3686
[2022-11-10 07:02:00] val acc       : 0.9550
[2022-11-10 07:02:00] val precision : 0.9555
[2022-11-10 07:02:00] val recall    : 0.9546
[2022-11-10 07:02:00] val f1        : 0.9544
[2022-11-10 07:02:00] val mcc       : 0.0000
[2022-11-10 07:02:00] Iteration completed: 2400, remained 6600
[2022-11-10 07:02:00] Saving model...
[2022-11-10 07:02:00] 
------------------------------------------------------
[2022-11-10 07:02:00] Training loop. The ith epoch completed: 40
[2022-11-10 07:02:00] 
----------------------------------------------------------------------
[2022-11-10 07:02:00] Training loop.       Batches: 60
[2022-11-10 07:02:12] Training loop. The ith epoch completed: 41
[2022-11-10 07:02:12] 
----------------------------------------------------------------------
[2022-11-10 07:02:12] Training loop.       Batches: 60
[2022-11-10 07:02:24] Training loop. The ith epoch completed: 42
[2022-11-10 07:02:24] 
----------------------------------------------------------------------
[2022-11-10 07:02:24] Training loop.       Batches: 60
[2022-11-10 07:02:36] Training loop. The ith epoch completed: 43
[2022-11-10 07:02:36] 
----------------------------------------------------------------------
[2022-11-10 07:02:36] Training loop.       Batches: 60
[2022-11-10 07:02:48] Training loop. The ith epoch completed: 44
[2022-11-10 07:02:48] 
----------------------------------------------------------------------
[2022-11-10 07:02:48] Training loop.       Batches: 60
[2022-11-10 07:03:00] test set
[2022-11-10 07:03:00] validation set
[2022-11-10 07:03:01] val loss      : 0.3872
[2022-11-10 07:03:01] val acc       : 0.9530
[2022-11-10 07:03:01] val precision : 0.9526
[2022-11-10 07:03:01] val recall    : 0.9520
[2022-11-10 07:03:01] val f1        : 0.9520
[2022-11-10 07:03:01] val mcc       : 0.0000
[2022-11-10 07:03:01] Training loop. The ith epoch completed: 45
[2022-11-10 07:03:01] 
----------------------------------------------------------------------
[2022-11-10 07:03:01] Training loop.       Batches: 60
[2022-11-10 07:03:13] Training loop. The ith epoch completed: 46
[2022-11-10 07:03:13] 
----------------------------------------------------------------------
[2022-11-10 07:03:13] Training loop.       Batches: 60
[2022-11-10 07:03:25] Training loop. The ith epoch completed: 47
[2022-11-10 07:03:25] 
----------------------------------------------------------------------
[2022-11-10 07:03:25] Training loop.       Batches: 60
[2022-11-10 07:03:37] Training loop. The ith epoch completed: 48
[2022-11-10 07:03:37] 
----------------------------------------------------------------------
[2022-11-10 07:03:37] Training loop.       Batches: 60
[2022-11-10 07:03:49] Training loop. The ith epoch completed: 49
[2022-11-10 07:03:49] 
----------------------------------------------------------------------
[2022-11-10 07:03:49] Training loop.       Batches: 60
[2022-11-10 07:04:00] test set
[2022-11-10 07:04:00] validation set
[2022-11-10 07:04:01] val loss      : 0.3926
[2022-11-10 07:04:01] val acc       : 0.9540
[2022-11-10 07:04:01] val precision : 0.9549
[2022-11-10 07:04:01] val recall    : 0.9531
[2022-11-10 07:04:01] val f1        : 0.9535
[2022-11-10 07:04:01] val mcc       : 0.0000
[2022-11-10 07:04:02] Training loop. The ith epoch completed: 50
[2022-11-10 07:04:02] 
----------------------------------------------------------------------
[2022-11-10 07:04:02] Training loop.       Batches: 60
[2022-11-10 07:04:13] Training loop. The ith epoch completed: 51
[2022-11-10 07:04:13] 
----------------------------------------------------------------------
[2022-11-10 07:04:13] Training loop.       Batches: 60
[2022-11-10 07:04:25] Training loop. The ith epoch completed: 52
[2022-11-10 07:04:25] 
----------------------------------------------------------------------
[2022-11-10 07:04:25] Training loop.       Batches: 60
[2022-11-10 07:04:37] Training loop. The ith epoch completed: 53
[2022-11-10 07:04:37] 
----------------------------------------------------------------------
[2022-11-10 07:04:37] Training loop.       Batches: 60
[2022-11-10 07:04:49] Training loop. The ith epoch completed: 54
[2022-11-10 07:04:49] 
----------------------------------------------------------------------
[2022-11-10 07:04:49] Training loop.       Batches: 60
[2022-11-10 07:05:01] test set
[2022-11-10 07:05:01] validation set
[2022-11-10 07:05:02] val loss      : 0.4362
[2022-11-10 07:05:02] val acc       : 0.9540
[2022-11-10 07:05:02] val precision : 0.9540
[2022-11-10 07:05:02] val recall    : 0.9540
[2022-11-10 07:05:02] val f1        : 0.9538
[2022-11-10 07:05:02] val mcc       : 0.0000
[2022-11-10 07:05:02] Training loop. The ith epoch completed: 55
[2022-11-10 07:05:02] 
----------------------------------------------------------------------
[2022-11-10 07:05:02] Training loop.       Batches: 60
[2022-11-10 07:05:14] Training loop. The ith epoch completed: 56
[2022-11-10 07:05:14] 
----------------------------------------------------------------------
[2022-11-10 07:05:14] Training loop.       Batches: 60
[2022-11-10 07:05:26] Training loop. The ith epoch completed: 57
[2022-11-10 07:05:26] 
----------------------------------------------------------------------
[2022-11-10 07:05:26] Training loop.       Batches: 60
[2022-11-10 07:05:38] Training loop. The ith epoch completed: 58
[2022-11-10 07:05:38] 
----------------------------------------------------------------------
[2022-11-10 07:05:38] Training loop.       Batches: 60
[2022-11-10 07:05:50] Training loop. The ith epoch completed: 59
[2022-11-10 07:05:50] 
----------------------------------------------------------------------
[2022-11-10 07:05:50] Training loop.       Batches: 60
[2022-11-10 07:06:02] test set
[2022-11-10 07:06:02] validation set
[2022-11-10 07:06:03] val loss      : 0.4232
[2022-11-10 07:06:03] val acc       : 0.9520
[2022-11-10 07:06:03] val precision : 0.9535
[2022-11-10 07:06:03] val recall    : 0.9511
[2022-11-10 07:06:03] val f1        : 0.9516
[2022-11-10 07:06:03] val mcc       : 0.0000
[2022-11-10 07:06:03] Training loop. The ith epoch completed: 60
[2022-11-10 07:06:03] 
----------------------------------------------------------------------
[2022-11-10 07:06:03] Training loop.       Batches: 60
[2022-11-10 07:06:15] Training loop. The ith epoch completed: 61
[2022-11-10 07:06:15] 
----------------------------------------------------------------------
[2022-11-10 07:06:15] Training loop.       Batches: 60
[2022-11-10 07:06:27] Training loop. The ith epoch completed: 62
[2022-11-10 07:06:27] 
----------------------------------------------------------------------
[2022-11-10 07:06:27] Training loop.       Batches: 60
[2022-11-10 07:06:39] Training loop. The ith epoch completed: 63
[2022-11-10 07:06:39] 
----------------------------------------------------------------------
[2022-11-10 07:06:39] Training loop.       Batches: 60
[2022-11-10 07:06:51] Training loop. The ith epoch completed: 64
[2022-11-10 07:06:51] 
----------------------------------------------------------------------
[2022-11-10 07:06:51] Training loop.       Batches: 60
[2022-11-10 07:07:03] test set
[2022-11-10 07:07:03] validation set
[2022-11-10 07:07:04] val loss      : 0.4074
[2022-11-10 07:07:04] val acc       : 0.9550
[2022-11-10 07:07:04] val precision : 0.9562
[2022-11-10 07:07:04] val recall    : 0.9541
[2022-11-10 07:07:04] val f1        : 0.9545
[2022-11-10 07:07:04] val mcc       : 0.0000
[2022-11-10 07:07:04] Training loop. The ith epoch completed: 65
[2022-11-10 07:07:04] 
----------------------------------------------------------------------
[2022-11-10 07:07:04] Training loop.       Batches: 60
[2022-11-10 07:07:16] Training loop. The ith epoch completed: 66
[2022-11-10 07:07:16] 
----------------------------------------------------------------------
[2022-11-10 07:07:16] Training loop.       Batches: 60
[2022-11-10 07:07:28] Training loop. The ith epoch completed: 67
[2022-11-10 07:07:28] 
----------------------------------------------------------------------
[2022-11-10 07:07:28] Training loop.       Batches: 60
[2022-11-10 07:07:40] Training loop. The ith epoch completed: 68
[2022-11-10 07:07:40] 
----------------------------------------------------------------------
[2022-11-10 07:07:40] Training loop.       Batches: 60
[2022-11-10 07:07:52] Training loop. The ith epoch completed: 69
[2022-11-10 07:07:52] 
----------------------------------------------------------------------
[2022-11-10 07:07:52] Training loop.       Batches: 60
[2022-11-10 07:08:04] test set
[2022-11-10 07:08:04] validation set
[2022-11-10 07:08:05] val loss      : 0.4693
[2022-11-10 07:08:05] val acc       : 0.9480
[2022-11-10 07:08:05] val precision : 0.9487
[2022-11-10 07:08:05] val recall    : 0.9474
[2022-11-10 07:08:05] val f1        : 0.9476
[2022-11-10 07:08:05] val mcc       : 0.0000
[2022-11-10 07:08:05] Training loop. The ith epoch completed: 70
[2022-11-10 07:08:05] 
----------------------------------------------------------------------
[2022-11-10 07:08:05] Training loop.       Batches: 60
[2022-11-10 07:08:17] Training loop. The ith epoch completed: 71
[2022-11-10 07:08:17] 
----------------------------------------------------------------------
[2022-11-10 07:08:17] Training loop.       Batches: 60
[2022-11-10 07:08:29] Training loop. The ith epoch completed: 72
[2022-11-10 07:08:29] 
----------------------------------------------------------------------
[2022-11-10 07:08:29] Training loop.       Batches: 60
[2022-11-10 07:08:40] Training loop. The ith epoch completed: 73
[2022-11-10 07:08:40] 
----------------------------------------------------------------------
[2022-11-10 07:08:40] Training loop.       Batches: 60
[2022-11-10 07:08:52] Training loop. The ith epoch completed: 74
[2022-11-10 07:08:52] 
----------------------------------------------------------------------
[2022-11-10 07:08:52] Training loop.       Batches: 60
[2022-11-10 07:09:04] test set
[2022-11-10 07:09:04] validation set
[2022-11-10 07:09:05] val loss      : 0.5623
[2022-11-10 07:09:05] val acc       : 0.9500
[2022-11-10 07:09:05] val precision : 0.9511
[2022-11-10 07:09:05] val recall    : 0.9498
[2022-11-10 07:09:05] val f1        : 0.9493
[2022-11-10 07:09:05] val mcc       : 0.0000
[2022-11-10 07:09:05] Training loop. The ith epoch completed: 75
[2022-11-10 07:09:05] 
----------------------------------------------------------------------
[2022-11-10 07:09:05] Training loop.       Batches: 60
[2022-11-10 07:09:17] Training loop. The ith epoch completed: 76
[2022-11-10 07:09:17] 
----------------------------------------------------------------------
[2022-11-10 07:09:17] Training loop.       Batches: 60
[2022-11-10 07:09:29] Training loop. The ith epoch completed: 77
[2022-11-10 07:09:29] 
----------------------------------------------------------------------
[2022-11-10 07:09:29] Training loop.       Batches: 60
[2022-11-10 07:09:41] Training loop. The ith epoch completed: 78
[2022-11-10 07:09:41] 
----------------------------------------------------------------------
[2022-11-10 07:09:41] Training loop.       Batches: 60
[2022-11-10 07:09:53] Training loop. The ith epoch completed: 79
[2022-11-10 07:09:53] 
----------------------------------------------------------------------
[2022-11-10 07:09:53] Training loop.       Batches: 60
[2022-11-10 07:10:05] test set
[2022-11-10 07:10:05] validation set
[2022-11-10 07:10:06] val loss      : 0.4726
[2022-11-10 07:10:06] val acc       : 0.9510
[2022-11-10 07:10:06] val precision : 0.9520
[2022-11-10 07:10:06] val recall    : 0.9511
[2022-11-10 07:10:06] val f1        : 0.9507
[2022-11-10 07:10:06] val mcc       : 0.0000
[2022-11-10 07:10:06] Training loop. The ith epoch completed: 80
[2022-11-10 07:10:06] 
----------------------------------------------------------------------
[2022-11-10 07:10:06] Training loop.       Batches: 60
[2022-11-10 07:10:18] Training loop. The ith epoch completed: 81
[2022-11-10 07:10:18] 
----------------------------------------------------------------------
[2022-11-10 07:10:18] Training loop.       Batches: 60
[2022-11-10 07:10:30] Training loop. The ith epoch completed: 82
[2022-11-10 07:10:30] 
----------------------------------------------------------------------
[2022-11-10 07:10:30] Training loop.       Batches: 60
[2022-11-10 07:10:42] Training loop. The ith epoch completed: 83
[2022-11-10 07:10:42] 
----------------------------------------------------------------------
[2022-11-10 07:10:42] Training loop.       Batches: 60
[2022-11-10 07:10:54] Training loop. The ith epoch completed: 84
[2022-11-10 07:10:54] 
----------------------------------------------------------------------
[2022-11-10 07:10:54] Training loop.       Batches: 60
[2022-11-10 07:11:06] test set
[2022-11-10 07:11:06] validation set
[2022-11-10 07:11:07] val loss      : 0.4855
[2022-11-10 07:11:07] val acc       : 0.9510
[2022-11-10 07:11:07] val precision : 0.9510
[2022-11-10 07:11:07] val recall    : 0.9514
[2022-11-10 07:11:07] val f1        : 0.9507
[2022-11-10 07:11:07] val mcc       : 0.0000
[2022-11-10 07:11:07] Training loop. The ith epoch completed: 85
[2022-11-10 07:11:07] 
----------------------------------------------------------------------
[2022-11-10 07:11:07] Training loop.       Batches: 60
[2022-11-10 07:11:19] Training loop. The ith epoch completed: 86
[2022-11-10 07:11:19] 
----------------------------------------------------------------------
[2022-11-10 07:11:19] Training loop.       Batches: 60
[2022-11-10 07:11:31] Training loop. The ith epoch completed: 87
[2022-11-10 07:11:31] 
----------------------------------------------------------------------
[2022-11-10 07:11:31] Training loop.       Batches: 60
[2022-11-10 07:11:43] Training loop. The ith epoch completed: 88
[2022-11-10 07:11:43] 
----------------------------------------------------------------------
[2022-11-10 07:11:43] Training loop.       Batches: 60
[2022-11-10 07:11:55] Training loop. The ith epoch completed: 89
[2022-11-10 07:11:55] 
----------------------------------------------------------------------
[2022-11-10 07:11:55] Training loop.       Batches: 60
[2022-11-10 07:12:07] test set
[2022-11-10 07:12:07] validation set
[2022-11-10 07:12:08] val loss      : 0.4826
[2022-11-10 07:12:08] val acc       : 0.9510
[2022-11-10 07:12:08] val precision : 0.9510
[2022-11-10 07:12:08] val recall    : 0.9504
[2022-11-10 07:12:08] val f1        : 0.9502
[2022-11-10 07:12:08] val mcc       : 0.0000
[2022-11-10 07:12:08] Training loop. The ith epoch completed: 90
[2022-11-10 07:12:08] 
----------------------------------------------------------------------
[2022-11-10 07:12:08] Training loop.       Batches: 60
[2022-11-10 07:12:20] Training loop. The ith epoch completed: 91
[2022-11-10 07:12:20] 
----------------------------------------------------------------------
[2022-11-10 07:12:20] Training loop.       Batches: 60
[2022-11-10 07:12:32] Training loop. The ith epoch completed: 92
[2022-11-10 07:12:32] 
----------------------------------------------------------------------
[2022-11-10 07:12:32] Training loop.       Batches: 60
[2022-11-10 07:12:44] Training loop. The ith epoch completed: 93
[2022-11-10 07:12:44] 
----------------------------------------------------------------------
[2022-11-10 07:12:44] Training loop.       Batches: 60
[2022-11-10 07:12:56] Training loop. The ith epoch completed: 94
[2022-11-10 07:12:56] 
----------------------------------------------------------------------
[2022-11-10 07:12:56] Training loop.       Batches: 60
[2022-11-10 07:13:08] test set
[2022-11-10 07:13:08] validation set
[2022-11-10 07:13:09] val loss      : 0.4770
[2022-11-10 07:13:09] val acc       : 0.9530
[2022-11-10 07:13:09] val precision : 0.9538
[2022-11-10 07:13:09] val recall    : 0.9519
[2022-11-10 07:13:09] val f1        : 0.9524
[2022-11-10 07:13:09] val mcc       : 0.0000
[2022-11-10 07:13:09] Training loop. The ith epoch completed: 95
[2022-11-10 07:13:09] 
----------------------------------------------------------------------
[2022-11-10 07:13:09] Training loop.       Batches: 60
[2022-11-10 07:13:21] Training loop. The ith epoch completed: 96
[2022-11-10 07:13:21] 
----------------------------------------------------------------------
[2022-11-10 07:13:21] Training loop.       Batches: 60
[2022-11-10 07:13:33] Training loop. The ith epoch completed: 97
[2022-11-10 07:13:33] 
----------------------------------------------------------------------
[2022-11-10 07:13:33] Training loop.       Batches: 60
[2022-11-10 07:13:45] Training loop. The ith epoch completed: 98
[2022-11-10 07:13:45] 
----------------------------------------------------------------------
[2022-11-10 07:13:45] Training loop.       Batches: 60
[2022-11-10 07:13:57] Training loop. The ith epoch completed: 99
[2022-11-10 07:13:57] 
----------------------------------------------------------------------
[2022-11-10 07:13:57] Training loop.       Batches: 60
[2022-11-10 07:14:09] test set
[2022-11-10 07:14:09] validation set
[2022-11-10 07:14:10] val loss      : 0.5831
[2022-11-10 07:14:10] val acc       : 0.9490
[2022-11-10 07:14:10] val precision : 0.9500
[2022-11-10 07:14:10] val recall    : 0.9494
[2022-11-10 07:14:10] val f1        : 0.9487
[2022-11-10 07:14:10] val mcc       : 0.0000
[2022-11-10 07:14:10] Training loop. The ith epoch completed: 100
[2022-11-10 07:14:10] 
----------------------------------------------------------------------
[2022-11-10 07:14:10] Training loop.       Batches: 60
[2022-11-10 07:14:22] Training loop. The ith epoch completed: 101
[2022-11-10 07:14:22] 
----------------------------------------------------------------------
[2022-11-10 07:14:22] Training loop.       Batches: 60
[2022-11-10 07:14:34] Training loop. The ith epoch completed: 102
[2022-11-10 07:14:34] 
----------------------------------------------------------------------
[2022-11-10 07:14:34] Training loop.       Batches: 60
[2022-11-10 07:14:46] Training loop. The ith epoch completed: 103
[2022-11-10 07:14:46] 
----------------------------------------------------------------------
[2022-11-10 07:14:46] Training loop.       Batches: 60
[2022-11-10 07:14:57] Training loop. The ith epoch completed: 104
[2022-11-10 07:14:57] 
----------------------------------------------------------------------
[2022-11-10 07:14:57] Training loop.       Batches: 60
[2022-11-10 07:15:09] test set
[2022-11-10 07:15:09] validation set
[2022-11-10 07:15:10] val loss      : 0.5068
[2022-11-10 07:15:10] val acc       : 0.9480
[2022-11-10 07:15:10] val precision : 0.9481
[2022-11-10 07:15:10] val recall    : 0.9472
[2022-11-10 07:15:10] val f1        : 0.9472
[2022-11-10 07:15:10] val mcc       : 0.0000
[2022-11-10 07:15:11] Training loop. The ith epoch completed: 105
[2022-11-10 07:15:11] 
----------------------------------------------------------------------
[2022-11-10 07:15:11] Training loop.       Batches: 60
[2022-11-10 07:15:22] Training loop. The ith epoch completed: 106
[2022-11-10 07:15:22] 
----------------------------------------------------------------------
[2022-11-10 07:15:22] Training loop.       Batches: 60
[2022-11-10 07:15:34] Training loop. The ith epoch completed: 107
[2022-11-10 07:15:34] 
----------------------------------------------------------------------
[2022-11-10 07:15:34] Training loop.       Batches: 60
[2022-11-10 07:15:46] Training loop. The ith epoch completed: 108
[2022-11-10 07:15:46] 
----------------------------------------------------------------------
[2022-11-10 07:15:46] Training loop.       Batches: 60
[2022-11-10 07:15:58] Training loop. The ith epoch completed: 109
[2022-11-10 07:15:58] 
----------------------------------------------------------------------
[2022-11-10 07:15:58] Training loop.       Batches: 60
[2022-11-10 07:16:10] test set
[2022-11-10 07:16:10] validation set
[2022-11-10 07:16:11] val loss      : 0.5407
[2022-11-10 07:16:11] val acc       : 0.9500
[2022-11-10 07:16:11] val precision : 0.9499
[2022-11-10 07:16:11] val recall    : 0.9506
[2022-11-10 07:16:11] val f1        : 0.9494
[2022-11-10 07:16:11] val mcc       : 0.0000
[2022-11-10 07:16:11] Training loop. The ith epoch completed: 110
[2022-11-10 07:16:11] 
----------------------------------------------------------------------
[2022-11-10 07:16:11] Training loop.       Batches: 60
[2022-11-10 07:16:23] Training loop. The ith epoch completed: 111
[2022-11-10 07:16:23] 
----------------------------------------------------------------------
[2022-11-10 07:16:23] Training loop.       Batches: 60
[2022-11-10 07:16:35] Training loop. The ith epoch completed: 112
[2022-11-10 07:16:35] 
----------------------------------------------------------------------
[2022-11-10 07:16:35] Training loop.       Batches: 60
[2022-11-10 07:16:47] Training loop. The ith epoch completed: 113
[2022-11-10 07:16:47] 
----------------------------------------------------------------------
[2022-11-10 07:16:47] Training loop.       Batches: 60
[2022-11-10 07:16:59] Training loop. The ith epoch completed: 114
[2022-11-10 07:16:59] 
----------------------------------------------------------------------
[2022-11-10 07:16:59] Training loop.       Batches: 60
[2022-11-10 07:17:11] test set
[2022-11-10 07:17:11] validation set
[2022-11-10 07:17:12] val loss      : 0.5097
[2022-11-10 07:17:12] val acc       : 0.9510
[2022-11-10 07:17:12] val precision : 0.9520
[2022-11-10 07:17:12] val recall    : 0.9505
[2022-11-10 07:17:12] val f1        : 0.9507
[2022-11-10 07:17:12] val mcc       : 0.0000
[2022-11-10 07:17:12] Training loop. The ith epoch completed: 115
[2022-11-10 07:17:12] 
----------------------------------------------------------------------
[2022-11-10 07:17:12] Training loop.       Batches: 60
[2022-11-10 07:17:24] Training loop. The ith epoch completed: 116
[2022-11-10 07:17:24] 
----------------------------------------------------------------------
[2022-11-10 07:17:24] Training loop.       Batches: 60
[2022-11-10 07:17:36] Training loop. The ith epoch completed: 117
[2022-11-10 07:17:36] 
----------------------------------------------------------------------
[2022-11-10 07:17:36] Training loop.       Batches: 60
[2022-11-10 07:17:48] Training loop. The ith epoch completed: 118
[2022-11-10 07:17:48] 
----------------------------------------------------------------------
[2022-11-10 07:17:48] Training loop.       Batches: 60
[2022-11-10 07:18:00] Training loop. The ith epoch completed: 119
[2022-11-10 07:18:00] 
----------------------------------------------------------------------
[2022-11-10 07:18:00] Training loop.       Batches: 60
[2022-11-10 07:18:11] test set
[2022-11-10 07:18:11] validation set
[2022-11-10 07:18:13] val loss      : 0.5070
[2022-11-10 07:18:13] val acc       : 0.9510
[2022-11-10 07:18:13] val precision : 0.9505
[2022-11-10 07:18:13] val recall    : 0.9517
[2022-11-10 07:18:13] val f1        : 0.9503
[2022-11-10 07:18:13] val mcc       : 0.0000
[2022-11-10 07:18:13] Training loop. The ith epoch completed: 120
[2022-11-10 07:18:13] 
----------------------------------------------------------------------
[2022-11-10 07:18:13] Training loop.       Batches: 60
[2022-11-10 07:18:25] Training loop. The ith epoch completed: 121
[2022-11-10 07:18:25] 
----------------------------------------------------------------------
[2022-11-10 07:18:25] Training loop.       Batches: 60
[2022-11-10 07:18:37] Training loop. The ith epoch completed: 122
[2022-11-10 07:18:37] 
----------------------------------------------------------------------
[2022-11-10 07:18:37] Training loop.       Batches: 60
[2022-11-10 07:18:48] Training loop. The ith epoch completed: 123
[2022-11-10 07:18:48] 
----------------------------------------------------------------------
[2022-11-10 07:18:48] Training loop.       Batches: 60
[2022-11-10 07:19:00] Training loop. The ith epoch completed: 124
[2022-11-10 07:19:00] 
----------------------------------------------------------------------
[2022-11-10 07:19:00] Training loop.       Batches: 60
[2022-11-10 07:19:12] test set
[2022-11-10 07:19:12] validation set
[2022-11-10 07:19:13] val loss      : 0.5268
[2022-11-10 07:19:13] val acc       : 0.9530
[2022-11-10 07:19:13] val precision : 0.9532
[2022-11-10 07:19:13] val recall    : 0.9526
[2022-11-10 07:19:13] val f1        : 0.9525
[2022-11-10 07:19:13] val mcc       : 0.0000
[2022-11-10 07:19:13] Training loop. The ith epoch completed: 125
[2022-11-10 07:19:13] 
----------------------------------------------------------------------
[2022-11-10 07:19:13] Training loop.       Batches: 60
[2022-11-10 07:19:25] Training loop. The ith epoch completed: 126
[2022-11-10 07:19:25] 
----------------------------------------------------------------------
[2022-11-10 07:19:25] Training loop.       Batches: 60
[2022-11-10 07:19:37] Training loop. The ith epoch completed: 127
[2022-11-10 07:19:37] 
----------------------------------------------------------------------
[2022-11-10 07:19:37] Training loop.       Batches: 60
[2022-11-10 07:19:49] Training loop. The ith epoch completed: 128
[2022-11-10 07:19:49] 
----------------------------------------------------------------------
[2022-11-10 07:19:49] Training loop.       Batches: 60
[2022-11-10 07:20:01] Training loop. The ith epoch completed: 129
[2022-11-10 07:20:01] 
----------------------------------------------------------------------
[2022-11-10 07:20:01] Training loop.       Batches: 60
[2022-11-10 07:20:13] test set
[2022-11-10 07:20:13] validation set
[2022-11-10 07:20:14] val loss      : 0.5375
[2022-11-10 07:20:14] val acc       : 0.9550
[2022-11-10 07:20:14] val precision : 0.9553
[2022-11-10 07:20:14] val recall    : 0.9557
[2022-11-10 07:20:14] val f1        : 0.9549
[2022-11-10 07:20:14] val mcc       : 0.0000
[2022-11-10 07:20:14] Training loop. The ith epoch completed: 130
[2022-11-10 07:20:14] 
----------------------------------------------------------------------
[2022-11-10 07:20:14] Training loop.       Batches: 60
[2022-11-10 07:20:26] Training loop. The ith epoch completed: 131
[2022-11-10 07:20:26] 
----------------------------------------------------------------------
[2022-11-10 07:20:26] Training loop.       Batches: 60
[2022-11-10 07:20:38] Training loop. The ith epoch completed: 132
[2022-11-10 07:20:38] 
----------------------------------------------------------------------
[2022-11-10 07:20:38] Training loop.       Batches: 60
[2022-11-10 07:20:50] Training loop. The ith epoch completed: 133
[2022-11-10 07:20:50] 
----------------------------------------------------------------------
[2022-11-10 07:20:50] Training loop.       Batches: 60
[2022-11-10 07:21:01] Training loop. The ith epoch completed: 134
[2022-11-10 07:21:01] 
----------------------------------------------------------------------
[2022-11-10 07:21:01] Training loop.       Batches: 60
[2022-11-10 07:21:13] test set
[2022-11-10 07:21:13] validation set
[2022-11-10 07:21:14] val loss      : 0.5629
[2022-11-10 07:21:14] val acc       : 0.9490
[2022-11-10 07:21:14] val precision : 0.9482
[2022-11-10 07:21:14] val recall    : 0.9505
[2022-11-10 07:21:14] val f1        : 0.9486
[2022-11-10 07:21:14] val mcc       : 0.0000
[2022-11-10 07:21:15] Training loop. The ith epoch completed: 135
[2022-11-10 07:21:15] 
----------------------------------------------------------------------
[2022-11-10 07:21:15] Training loop.       Batches: 60
[2022-11-10 07:21:27] Training loop. The ith epoch completed: 136
[2022-11-10 07:21:27] 
----------------------------------------------------------------------
[2022-11-10 07:21:27] Training loop.       Batches: 60
[2022-11-10 07:21:38] Training loop. The ith epoch completed: 137
[2022-11-10 07:21:38] 
----------------------------------------------------------------------
[2022-11-10 07:21:38] Training loop.       Batches: 60
[2022-11-10 07:21:50] Training loop. The ith epoch completed: 138
[2022-11-10 07:21:50] 
----------------------------------------------------------------------
[2022-11-10 07:21:50] Training loop.       Batches: 60
[2022-11-10 07:22:02] Training loop. The ith epoch completed: 139
[2022-11-10 07:22:02] 
----------------------------------------------------------------------
[2022-11-10 07:22:02] Training loop.       Batches: 60
[2022-11-10 07:22:14] test set
[2022-11-10 07:22:14] validation set
[2022-11-10 07:22:15] val loss      : 0.5657
[2022-11-10 07:22:15] val acc       : 0.9500
[2022-11-10 07:22:15] val precision : 0.9504
[2022-11-10 07:22:15] val recall    : 0.9500
[2022-11-10 07:22:15] val f1        : 0.9496
[2022-11-10 07:22:15] val mcc       : 0.0000
[2022-11-10 07:22:15] Training loop. The ith epoch completed: 140
[2022-11-10 07:22:15] 
----------------------------------------------------------------------
[2022-11-10 07:22:15] Training loop.       Batches: 60
[2022-11-10 07:22:27] Training loop. The ith epoch completed: 141
[2022-11-10 07:22:27] 
----------------------------------------------------------------------
[2022-11-10 07:22:27] Training loop.       Batches: 60
[2022-11-10 07:22:39] Training loop. The ith epoch completed: 142
[2022-11-10 07:22:39] 
----------------------------------------------------------------------
[2022-11-10 07:22:39] Training loop.       Batches: 60
[2022-11-10 07:22:51] Training loop. The ith epoch completed: 143
[2022-11-10 07:22:51] 
----------------------------------------------------------------------
[2022-11-10 07:22:51] Training loop.       Batches: 60
[2022-11-10 07:23:03] Training loop. The ith epoch completed: 144
[2022-11-10 07:23:03] 
----------------------------------------------------------------------
[2022-11-10 07:23:03] Training loop.       Batches: 60
[2022-11-10 07:23:15] test set
[2022-11-10 07:23:15] validation set
[2022-11-10 07:23:16] val loss      : 0.5816
[2022-11-10 07:23:16] val acc       : 0.9490
[2022-11-10 07:23:16] val precision : 0.9494
[2022-11-10 07:23:16] val recall    : 0.9491
[2022-11-10 07:23:16] val f1        : 0.9485
[2022-11-10 07:23:16] val mcc       : 0.0000
[2022-11-10 07:23:16] Training loop. The ith epoch completed: 145
[2022-11-10 07:23:16] 
----------------------------------------------------------------------
[2022-11-10 07:23:16] Training loop.       Batches: 60
[2022-11-10 07:23:28] Training loop. The ith epoch completed: 146
[2022-11-10 07:23:28] 
----------------------------------------------------------------------
[2022-11-10 07:23:28] Training loop.       Batches: 60
[2022-11-10 07:23:40] Training loop. The ith epoch completed: 147
[2022-11-10 07:23:40] 
----------------------------------------------------------------------
[2022-11-10 07:23:40] Training loop.       Batches: 60
[2022-11-10 07:23:52] Training loop. The ith epoch completed: 148
[2022-11-10 07:23:52] 
----------------------------------------------------------------------
[2022-11-10 07:23:52] Training loop.       Batches: 60
[2022-11-10 07:24:04] Training loop. The ith epoch completed: 149
[2022-11-10 07:24:04] 
----------------------------------------------------------------------
[2022-11-10 07:24:04] Training loop.       Batches: 60
[2022-11-10 07:24:15] test set
[2022-11-10 07:24:15] validation set
[2022-11-10 07:24:16] val loss      : 0.6073
[2022-11-10 07:24:16] val acc       : 0.9490
[2022-11-10 07:24:16] val precision : 0.9499
[2022-11-10 07:24:16] val recall    : 0.9487
[2022-11-10 07:24:16] val f1        : 0.9485
[2022-11-10 07:24:16] val mcc       : 0.0000
[2022-11-10 07:24:16] Training loop. The ith epoch completed: 150
[2022-11-10 07:24:16] best loss      : 0.3686
[2022-11-10 07:24:16] best acc       : 0.9550
[2022-11-10 07:24:16] best precision : 0.9555
[2022-11-10 07:24:16] best recall    : 0.9546
[2022-11-10 07:24:16] best f1        : 0.9544
[2022-11-10 07:24:16] best mcc       : 0.0000
[2022-11-10 07:24:16] Training complete.
[2022-11-10 07:24:16] 
------------------------------------------------------
[2022-11-10 07:24:16] Avg. loss      : 0.4642
[2022-11-10 07:24:16] Avg. acc       : 0.9570
[2022-11-10 07:24:16] Avg. precision : 0.9572
[2022-11-10 07:24:16] Avg. recall    : 0.9568
[2022-11-10 07:24:16] Avg. f1        : 0.9566
