[2022-11-10 05:22:47] model params: 97719875
[2022-11-10 05:22:47] model params with gradients:1657667
[2022-11-10 05:22:47] Additional parameters 1657667 / 97719875 = 0.0173
[2022-11-10 05:22:47] Setup data...
[2022-11-10 05:22:49] Done.
[2022-11-10 05:22:49] Batch schedule
[2022-11-10 05:22:49] [(100, 30)]
[2022-11-10 05:22:49] Wrapping models and optimizers...
[2022-11-10 05:22:49] Begin training iterations
[2022-11-10 05:22:49] Total iteration: 9000
[2022-11-10 05:22:49] 
----------------------------------------------------------------------
[2022-11-10 05:22:49] Training loop.       Batches: 60
[2022-11-10 05:23:01] Training loop. The ith epoch completed: 1
[2022-11-10 05:23:01] 
----------------------------------------------------------------------
[2022-11-10 05:23:01] Training loop.       Batches: 60
[2022-11-10 05:23:13] Training loop. The ith epoch completed: 2
[2022-11-10 05:23:13] 
----------------------------------------------------------------------
[2022-11-10 05:23:13] Training loop.       Batches: 60
[2022-11-10 05:23:26] Training loop. The ith epoch completed: 3
[2022-11-10 05:23:26] 
----------------------------------------------------------------------
[2022-11-10 05:23:26] Training loop.       Batches: 60
[2022-11-10 05:23:38] Training loop. The ith epoch completed: 4
[2022-11-10 05:23:38] 
----------------------------------------------------------------------
[2022-11-10 05:23:38] Training loop.       Batches: 60
[2022-11-10 05:23:49] test set
[2022-11-10 05:23:49] validation set
[2022-11-10 05:23:51] val loss      : 0.2167
[2022-11-10 05:23:51] val acc       : 0.9100
[2022-11-10 05:23:51] val precision : 0.9097
[2022-11-10 05:23:51] val recall    : 0.9083
[2022-11-10 05:23:51] val f1        : 0.9086
[2022-11-10 05:23:51] val mcc       : 0.0000
[2022-11-10 05:23:51] Iteration completed: 300, remained 8700
[2022-11-10 05:23:51] Saving model...
[2022-11-10 05:23:51] 
------------------------------------------------------
[2022-11-10 05:23:51] Training loop. The ith epoch completed: 5
[2022-11-10 05:23:51] 
----------------------------------------------------------------------
[2022-11-10 05:23:51] Training loop.       Batches: 60
[2022-11-10 05:24:03] Training loop. The ith epoch completed: 6
[2022-11-10 05:24:03] 
----------------------------------------------------------------------
[2022-11-10 05:24:03] Training loop.       Batches: 60
[2022-11-10 05:24:14] Training loop. The ith epoch completed: 7
[2022-11-10 05:24:14] 
----------------------------------------------------------------------
[2022-11-10 05:24:14] Training loop.       Batches: 60
[2022-11-10 05:24:26] Training loop. The ith epoch completed: 8
[2022-11-10 05:24:26] 
----------------------------------------------------------------------
[2022-11-10 05:24:26] Training loop.       Batches: 60
[2022-11-10 05:24:38] Training loop. The ith epoch completed: 9
[2022-11-10 05:24:38] 
----------------------------------------------------------------------
[2022-11-10 05:24:38] Training loop.       Batches: 60
[2022-11-10 05:24:50] test set
[2022-11-10 05:24:50] validation set
[2022-11-10 05:24:51] val loss      : 0.1614
[2022-11-10 05:24:51] val acc       : 0.9340
[2022-11-10 05:24:51] val precision : 0.9349
[2022-11-10 05:24:51] val recall    : 0.9332
[2022-11-10 05:24:51] val f1        : 0.9328
[2022-11-10 05:24:51] val mcc       : 0.0000
[2022-11-10 05:24:51] Iteration completed: 600, remained 8400
[2022-11-10 05:24:51] Saving model...
[2022-11-10 05:24:51] 
------------------------------------------------------
[2022-11-10 05:24:52] Training loop. The ith epoch completed: 10
[2022-11-10 05:24:52] 
----------------------------------------------------------------------
[2022-11-10 05:24:52] Training loop.       Batches: 60
[2022-11-10 05:25:04] Training loop. The ith epoch completed: 11
[2022-11-10 05:25:04] 
----------------------------------------------------------------------
[2022-11-10 05:25:04] Training loop.       Batches: 60
[2022-11-10 05:25:15] Training loop. The ith epoch completed: 12
[2022-11-10 05:25:15] 
----------------------------------------------------------------------
[2022-11-10 05:25:15] Training loop.       Batches: 60
[2022-11-10 05:25:27] Training loop. The ith epoch completed: 13
[2022-11-10 05:25:27] 
----------------------------------------------------------------------
[2022-11-10 05:25:27] Training loop.       Batches: 60
[2022-11-10 05:25:39] Training loop. The ith epoch completed: 14
[2022-11-10 05:25:39] 
----------------------------------------------------------------------
[2022-11-10 05:25:39] Training loop.       Batches: 60
[2022-11-10 05:25:51] test set
[2022-11-10 05:25:51] validation set
[2022-11-10 05:25:52] val loss      : 0.1574
[2022-11-10 05:25:52] val acc       : 0.9450
[2022-11-10 05:25:52] val precision : 0.9443
[2022-11-10 05:25:52] val recall    : 0.9451
[2022-11-10 05:25:52] val f1        : 0.9443
[2022-11-10 05:25:52] val mcc       : 0.0000
[2022-11-10 05:25:52] Iteration completed: 900, remained 8100
[2022-11-10 05:25:52] Saving model...
[2022-11-10 05:25:52] 
------------------------------------------------------
[2022-11-10 05:25:52] Training loop. The ith epoch completed: 15
[2022-11-10 05:25:52] 
----------------------------------------------------------------------
[2022-11-10 05:25:52] Training loop.       Batches: 60
[2022-11-10 05:26:04] Training loop. The ith epoch completed: 16
[2022-11-10 05:26:04] 
----------------------------------------------------------------------
[2022-11-10 05:26:04] Training loop.       Batches: 60
[2022-11-10 05:26:16] Training loop. The ith epoch completed: 17
[2022-11-10 05:26:16] 
----------------------------------------------------------------------
[2022-11-10 05:26:16] Training loop.       Batches: 60
[2022-11-10 05:26:28] Training loop. The ith epoch completed: 18
[2022-11-10 05:26:28] 
----------------------------------------------------------------------
[2022-11-10 05:26:28] Training loop.       Batches: 60
[2022-11-10 05:26:40] Training loop. The ith epoch completed: 19
[2022-11-10 05:26:40] 
----------------------------------------------------------------------
[2022-11-10 05:26:40] Training loop.       Batches: 60
[2022-11-10 05:26:52] test set
[2022-11-10 05:26:52] validation set
[2022-11-10 05:26:53] val loss      : 0.1447
[2022-11-10 05:26:53] val acc       : 0.9550
[2022-11-10 05:26:53] val precision : 0.9548
[2022-11-10 05:26:53] val recall    : 0.9558
[2022-11-10 05:26:53] val f1        : 0.9549
[2022-11-10 05:26:53] val mcc       : 0.0000
[2022-11-10 05:26:53] Iteration completed: 1200, remained 7800
[2022-11-10 05:26:53] Saving model...
[2022-11-10 05:26:53] 
------------------------------------------------------
[2022-11-10 05:26:53] Training loop. The ith epoch completed: 20
[2022-11-10 05:26:53] 
----------------------------------------------------------------------
[2022-11-10 05:26:53] Training loop.       Batches: 60
[2022-11-10 05:27:05] Training loop. The ith epoch completed: 21
[2022-11-10 05:27:05] 
----------------------------------------------------------------------
[2022-11-10 05:27:05] Training loop.       Batches: 60
[2022-11-10 05:27:17] Training loop. The ith epoch completed: 22
[2022-11-10 05:27:17] 
----------------------------------------------------------------------
[2022-11-10 05:27:17] Training loop.       Batches: 60
[2022-11-10 05:27:29] Training loop. The ith epoch completed: 23
[2022-11-10 05:27:29] 
----------------------------------------------------------------------
[2022-11-10 05:27:29] Training loop.       Batches: 60
[2022-11-10 05:27:41] Training loop. The ith epoch completed: 24
[2022-11-10 05:27:41] 
----------------------------------------------------------------------
[2022-11-10 05:27:41] Training loop.       Batches: 60
[2022-11-10 05:27:53] test set
[2022-11-10 05:27:53] validation set
[2022-11-10 05:27:54] val loss      : 0.1975
[2022-11-10 05:27:54] val acc       : 0.9510
[2022-11-10 05:27:54] val precision : 0.9517
[2022-11-10 05:27:54] val recall    : 0.9505
[2022-11-10 05:27:54] val f1        : 0.9506
[2022-11-10 05:27:54] val mcc       : 0.0000
[2022-11-10 05:27:54] Training loop. The ith epoch completed: 25
[2022-11-10 05:27:54] 
----------------------------------------------------------------------
[2022-11-10 05:27:54] Training loop.       Batches: 60
[2022-11-10 05:28:06] Training loop. The ith epoch completed: 26
[2022-11-10 05:28:06] 
----------------------------------------------------------------------
[2022-11-10 05:28:06] Training loop.       Batches: 60
[2022-11-10 05:28:18] Training loop. The ith epoch completed: 27
[2022-11-10 05:28:18] 
----------------------------------------------------------------------
[2022-11-10 05:28:18] Training loop.       Batches: 60
[2022-11-10 05:28:30] Training loop. The ith epoch completed: 28
[2022-11-10 05:28:30] 
----------------------------------------------------------------------
[2022-11-10 05:28:30] Training loop.       Batches: 60
[2022-11-10 05:28:42] Training loop. The ith epoch completed: 29
[2022-11-10 05:28:42] 
----------------------------------------------------------------------
[2022-11-10 05:28:42] Training loop.       Batches: 60
[2022-11-10 05:28:54] test set
[2022-11-10 05:28:54] validation set
[2022-11-10 05:28:55] val loss      : 0.2559
[2022-11-10 05:28:55] val acc       : 0.9520
[2022-11-10 05:28:55] val precision : 0.9525
[2022-11-10 05:28:55] val recall    : 0.9528
[2022-11-10 05:28:55] val f1        : 0.9518
[2022-11-10 05:28:55] val mcc       : 0.0000
[2022-11-10 05:28:55] Training loop. The ith epoch completed: 30
[2022-11-10 05:28:55] 
----------------------------------------------------------------------
[2022-11-10 05:28:55] Training loop.       Batches: 60
[2022-11-10 05:29:07] Training loop. The ith epoch completed: 31
[2022-11-10 05:29:07] 
----------------------------------------------------------------------
[2022-11-10 05:29:07] Training loop.       Batches: 60
[2022-11-10 05:29:19] Training loop. The ith epoch completed: 32
[2022-11-10 05:29:19] 
----------------------------------------------------------------------
[2022-11-10 05:29:19] Training loop.       Batches: 60
[2022-11-10 05:29:30] Training loop. The ith epoch completed: 33
[2022-11-10 05:29:30] 
----------------------------------------------------------------------
[2022-11-10 05:29:30] Training loop.       Batches: 60
[2022-11-10 05:29:42] Training loop. The ith epoch completed: 34
[2022-11-10 05:29:42] 
----------------------------------------------------------------------
[2022-11-10 05:29:42] Training loop.       Batches: 60
[2022-11-10 05:29:54] test set
[2022-11-10 05:29:54] validation set
[2022-11-10 05:29:55] val loss      : 0.2836
[2022-11-10 05:29:55] val acc       : 0.9550
[2022-11-10 05:29:55] val precision : 0.9552
[2022-11-10 05:29:55] val recall    : 0.9549
[2022-11-10 05:29:55] val f1        : 0.9548
[2022-11-10 05:29:55] val mcc       : 0.0000
[2022-11-10 05:29:55] Training loop. The ith epoch completed: 35
[2022-11-10 05:29:55] 
----------------------------------------------------------------------
[2022-11-10 05:29:55] Training loop.       Batches: 60
[2022-11-10 05:30:07] Training loop. The ith epoch completed: 36
[2022-11-10 05:30:07] 
----------------------------------------------------------------------
[2022-11-10 05:30:07] Training loop.       Batches: 60
[2022-11-10 05:30:19] Training loop. The ith epoch completed: 37
[2022-11-10 05:30:19] 
----------------------------------------------------------------------
[2022-11-10 05:30:19] Training loop.       Batches: 60
[2022-11-10 05:30:31] Training loop. The ith epoch completed: 38
[2022-11-10 05:30:31] 
----------------------------------------------------------------------
[2022-11-10 05:30:31] Training loop.       Batches: 60
[2022-11-10 05:30:43] Training loop. The ith epoch completed: 39
[2022-11-10 05:30:43] 
----------------------------------------------------------------------
[2022-11-10 05:30:43] Training loop.       Batches: 60
[2022-11-10 05:30:55] test set
[2022-11-10 05:30:55] validation set
[2022-11-10 05:30:56] val loss      : 0.4278
[2022-11-10 05:30:56] val acc       : 0.9500
[2022-11-10 05:30:56] val precision : 0.9513
[2022-11-10 05:30:56] val recall    : 0.9507
[2022-11-10 05:30:56] val f1        : 0.9495
[2022-11-10 05:30:56] val mcc       : 0.0000
[2022-11-10 05:30:56] Training loop. The ith epoch completed: 40
[2022-11-10 05:30:56] 
----------------------------------------------------------------------
[2022-11-10 05:30:56] Training loop.       Batches: 60
[2022-11-10 05:31:08] Training loop. The ith epoch completed: 41
[2022-11-10 05:31:08] 
----------------------------------------------------------------------
[2022-11-10 05:31:08] Training loop.       Batches: 60
[2022-11-10 05:31:20] Training loop. The ith epoch completed: 42
[2022-11-10 05:31:20] 
----------------------------------------------------------------------
[2022-11-10 05:31:20] Training loop.       Batches: 60
[2022-11-10 05:31:32] Training loop. The ith epoch completed: 43
[2022-11-10 05:31:32] 
----------------------------------------------------------------------
[2022-11-10 05:31:32] Training loop.       Batches: 60
[2022-11-10 05:31:44] Training loop. The ith epoch completed: 44
[2022-11-10 05:31:44] 
----------------------------------------------------------------------
[2022-11-10 05:31:44] Training loop.       Batches: 60
[2022-11-10 05:31:55] test set
[2022-11-10 05:31:55] validation set
[2022-11-10 05:31:57] val loss      : 0.3964
[2022-11-10 05:31:57] val acc       : 0.9550
[2022-11-10 05:31:57] val precision : 0.9556
[2022-11-10 05:31:57] val recall    : 0.9549
[2022-11-10 05:31:57] val f1        : 0.9548
[2022-11-10 05:31:57] val mcc       : 0.0000
[2022-11-10 05:31:57] Training loop. The ith epoch completed: 45
[2022-11-10 05:31:57] 
----------------------------------------------------------------------
[2022-11-10 05:31:57] Training loop.       Batches: 60
[2022-11-10 05:32:09] Training loop. The ith epoch completed: 46
[2022-11-10 05:32:09] 
----------------------------------------------------------------------
[2022-11-10 05:32:09] Training loop.       Batches: 60
[2022-11-10 05:32:20] Training loop. The ith epoch completed: 47
[2022-11-10 05:32:20] 
----------------------------------------------------------------------
[2022-11-10 05:32:20] Training loop.       Batches: 60
[2022-11-10 05:32:32] Training loop. The ith epoch completed: 48
[2022-11-10 05:32:32] 
----------------------------------------------------------------------
[2022-11-10 05:32:32] Training loop.       Batches: 60
[2022-11-10 05:32:44] Training loop. The ith epoch completed: 49
[2022-11-10 05:32:44] 
----------------------------------------------------------------------
[2022-11-10 05:32:44] Training loop.       Batches: 60
[2022-11-10 05:32:56] test set
[2022-11-10 05:32:56] validation set
[2022-11-10 05:32:57] val loss      : 0.3328
[2022-11-10 05:32:57] val acc       : 0.9620
[2022-11-10 05:32:57] val precision : 0.9624
[2022-11-10 05:32:57] val recall    : 0.9612
[2022-11-10 05:32:57] val f1        : 0.9613
[2022-11-10 05:32:57] val mcc       : 0.0000
[2022-11-10 05:32:57] Iteration completed: 3000, remained 6000
[2022-11-10 05:32:57] Saving model...
[2022-11-10 05:32:57] 
------------------------------------------------------
[2022-11-10 05:32:57] Training loop. The ith epoch completed: 50
[2022-11-10 05:32:57] 
----------------------------------------------------------------------
[2022-11-10 05:32:57] Training loop.       Batches: 60
[2022-11-10 05:33:09] Training loop. The ith epoch completed: 51
[2022-11-10 05:33:09] 
----------------------------------------------------------------------
[2022-11-10 05:33:09] Training loop.       Batches: 60
[2022-11-10 05:33:21] Training loop. The ith epoch completed: 52
[2022-11-10 05:33:21] 
----------------------------------------------------------------------
[2022-11-10 05:33:21] Training loop.       Batches: 60
[2022-11-10 05:33:33] Training loop. The ith epoch completed: 53
[2022-11-10 05:33:33] 
----------------------------------------------------------------------
[2022-11-10 05:33:33] Training loop.       Batches: 60
[2022-11-10 05:33:45] Training loop. The ith epoch completed: 54
[2022-11-10 05:33:45] 
----------------------------------------------------------------------
[2022-11-10 05:33:45] Training loop.       Batches: 60
[2022-11-10 05:33:57] test set
[2022-11-10 05:33:57] validation set
[2022-11-10 05:33:58] val loss      : 0.4241
[2022-11-10 05:33:58] val acc       : 0.9540
[2022-11-10 05:33:58] val precision : 0.9539
[2022-11-10 05:33:58] val recall    : 0.9540
[2022-11-10 05:33:58] val f1        : 0.9537
[2022-11-10 05:33:58] val mcc       : 0.0000
[2022-11-10 05:33:58] Training loop. The ith epoch completed: 55
[2022-11-10 05:33:58] 
----------------------------------------------------------------------
[2022-11-10 05:33:58] Training loop.       Batches: 60
[2022-11-10 05:34:10] Training loop. The ith epoch completed: 56
[2022-11-10 05:34:10] 
----------------------------------------------------------------------
[2022-11-10 05:34:10] Training loop.       Batches: 60
[2022-11-10 05:34:22] Training loop. The ith epoch completed: 57
[2022-11-10 05:34:22] 
----------------------------------------------------------------------
[2022-11-10 05:34:22] Training loop.       Batches: 60
[2022-11-10 05:34:34] Training loop. The ith epoch completed: 58
[2022-11-10 05:34:34] 
----------------------------------------------------------------------
[2022-11-10 05:34:34] Training loop.       Batches: 60
[2022-11-10 05:34:46] Training loop. The ith epoch completed: 59
[2022-11-10 05:34:46] 
----------------------------------------------------------------------
[2022-11-10 05:34:46] Training loop.       Batches: 60
[2022-11-10 05:34:58] test set
[2022-11-10 05:34:58] validation set
[2022-11-10 05:34:59] val loss      : 0.3879
[2022-11-10 05:34:59] val acc       : 0.9600
[2022-11-10 05:34:59] val precision : 0.9596
[2022-11-10 05:34:59] val recall    : 0.9609
[2022-11-10 05:34:59] val f1        : 0.9598
[2022-11-10 05:34:59] val mcc       : 0.0000
[2022-11-10 05:34:59] Training loop. The ith epoch completed: 60
[2022-11-10 05:34:59] 
----------------------------------------------------------------------
[2022-11-10 05:34:59] Training loop.       Batches: 60
[2022-11-10 05:35:11] Training loop. The ith epoch completed: 61
[2022-11-10 05:35:11] 
----------------------------------------------------------------------
[2022-11-10 05:35:11] Training loop.       Batches: 60
[2022-11-10 05:35:23] Training loop. The ith epoch completed: 62
[2022-11-10 05:35:23] 
----------------------------------------------------------------------
[2022-11-10 05:35:23] Training loop.       Batches: 60
[2022-11-10 05:35:34] Training loop. The ith epoch completed: 63
[2022-11-10 05:35:34] 
----------------------------------------------------------------------
[2022-11-10 05:35:34] Training loop.       Batches: 60
[2022-11-10 05:35:46] Training loop. The ith epoch completed: 64
[2022-11-10 05:35:46] 
----------------------------------------------------------------------
[2022-11-10 05:35:46] Training loop.       Batches: 60
[2022-11-10 05:35:58] test set
[2022-11-10 05:35:58] validation set
[2022-11-10 05:35:59] val loss      : 0.4507
[2022-11-10 05:35:59] val acc       : 0.9530
[2022-11-10 05:35:59] val precision : 0.9531
[2022-11-10 05:35:59] val recall    : 0.9527
[2022-11-10 05:35:59] val f1        : 0.9527
[2022-11-10 05:35:59] val mcc       : 0.0000
[2022-11-10 05:35:59] Training loop. The ith epoch completed: 65
[2022-11-10 05:35:59] 
----------------------------------------------------------------------
[2022-11-10 05:35:59] Training loop.       Batches: 60
[2022-11-10 05:36:11] Training loop. The ith epoch completed: 66
[2022-11-10 05:36:11] 
----------------------------------------------------------------------
[2022-11-10 05:36:11] Training loop.       Batches: 60
[2022-11-10 05:36:23] Training loop. The ith epoch completed: 67
[2022-11-10 05:36:23] 
----------------------------------------------------------------------
[2022-11-10 05:36:23] Training loop.       Batches: 60
[2022-11-10 05:36:35] Training loop. The ith epoch completed: 68
[2022-11-10 05:36:35] 
----------------------------------------------------------------------
[2022-11-10 05:36:35] Training loop.       Batches: 60
[2022-11-10 05:36:47] Training loop. The ith epoch completed: 69
[2022-11-10 05:36:47] 
----------------------------------------------------------------------
[2022-11-10 05:36:47] Training loop.       Batches: 60
[2022-11-10 05:36:59] test set
[2022-11-10 05:36:59] validation set
[2022-11-10 05:37:00] val loss      : 0.3543
[2022-11-10 05:37:00] val acc       : 0.9580
[2022-11-10 05:37:00] val precision : 0.9582
[2022-11-10 05:37:00] val recall    : 0.9581
[2022-11-10 05:37:00] val f1        : 0.9579
[2022-11-10 05:37:00] val mcc       : 0.0000
[2022-11-10 05:37:00] Training loop. The ith epoch completed: 70
[2022-11-10 05:37:00] 
----------------------------------------------------------------------
[2022-11-10 05:37:00] Training loop.       Batches: 60
[2022-11-10 05:37:12] Training loop. The ith epoch completed: 71
[2022-11-10 05:37:12] 
----------------------------------------------------------------------
[2022-11-10 05:37:12] Training loop.       Batches: 60
[2022-11-10 05:37:24] Training loop. The ith epoch completed: 72
[2022-11-10 05:37:24] 
----------------------------------------------------------------------
[2022-11-10 05:37:24] Training loop.       Batches: 60
[2022-11-10 05:37:36] Training loop. The ith epoch completed: 73
[2022-11-10 05:37:36] 
----------------------------------------------------------------------
[2022-11-10 05:37:36] Training loop.       Batches: 60
[2022-11-10 05:37:48] Training loop. The ith epoch completed: 74
[2022-11-10 05:37:48] 
----------------------------------------------------------------------
[2022-11-10 05:37:48] Training loop.       Batches: 60
[2022-11-10 05:38:00] test set
[2022-11-10 05:38:00] validation set
[2022-11-10 05:38:01] val loss      : 0.3735
[2022-11-10 05:38:01] val acc       : 0.9540
[2022-11-10 05:38:01] val precision : 0.9538
[2022-11-10 05:38:01] val recall    : 0.9549
[2022-11-10 05:38:01] val f1        : 0.9536
[2022-11-10 05:38:01] val mcc       : 0.0000
[2022-11-10 05:38:01] Training loop. The ith epoch completed: 75
[2022-11-10 05:38:01] 
----------------------------------------------------------------------
[2022-11-10 05:38:01] Training loop.       Batches: 60
[2022-11-10 05:38:13] Training loop. The ith epoch completed: 76
[2022-11-10 05:38:13] 
----------------------------------------------------------------------
[2022-11-10 05:38:13] Training loop.       Batches: 60
[2022-11-10 05:38:25] Training loop. The ith epoch completed: 77
[2022-11-10 05:38:25] 
----------------------------------------------------------------------
[2022-11-10 05:38:25] Training loop.       Batches: 60
[2022-11-10 05:38:37] Training loop. The ith epoch completed: 78
[2022-11-10 05:38:37] 
----------------------------------------------------------------------
[2022-11-10 05:38:37] Training loop.       Batches: 60
[2022-11-10 05:38:49] Training loop. The ith epoch completed: 79
[2022-11-10 05:38:49] 
----------------------------------------------------------------------
[2022-11-10 05:38:49] Training loop.       Batches: 60
[2022-11-10 05:39:01] test set
[2022-11-10 05:39:01] validation set
[2022-11-10 05:39:02] val loss      : 0.4025
[2022-11-10 05:39:02] val acc       : 0.9540
[2022-11-10 05:39:02] val precision : 0.9542
[2022-11-10 05:39:02] val recall    : 0.9535
[2022-11-10 05:39:02] val f1        : 0.9537
[2022-11-10 05:39:02] val mcc       : 0.0000
[2022-11-10 05:39:02] Training loop. The ith epoch completed: 80
[2022-11-10 05:39:02] 
----------------------------------------------------------------------
[2022-11-10 05:39:02] Training loop.       Batches: 60
[2022-11-10 05:39:14] Training loop. The ith epoch completed: 81
[2022-11-10 05:39:14] 
----------------------------------------------------------------------
[2022-11-10 05:39:14] Training loop.       Batches: 60
[2022-11-10 05:39:26] Training loop. The ith epoch completed: 82
[2022-11-10 05:39:26] 
----------------------------------------------------------------------
[2022-11-10 05:39:26] Training loop.       Batches: 60
[2022-11-10 05:39:38] Training loop. The ith epoch completed: 83
[2022-11-10 05:39:38] 
----------------------------------------------------------------------
[2022-11-10 05:39:38] Training loop.       Batches: 60
[2022-11-10 05:39:50] Training loop. The ith epoch completed: 84
[2022-11-10 05:39:50] 
----------------------------------------------------------------------
[2022-11-10 05:39:50] Training loop.       Batches: 60
[2022-11-10 05:40:02] test set
[2022-11-10 05:40:02] validation set
[2022-11-10 05:40:03] val loss      : 0.4033
[2022-11-10 05:40:03] val acc       : 0.9550
[2022-11-10 05:40:03] val precision : 0.9561
[2022-11-10 05:40:03] val recall    : 0.9552
[2022-11-10 05:40:03] val f1        : 0.9548
[2022-11-10 05:40:03] val mcc       : 0.0000
[2022-11-10 05:40:03] Training loop. The ith epoch completed: 85
[2022-11-10 05:40:03] 
----------------------------------------------------------------------
[2022-11-10 05:40:03] Training loop.       Batches: 60
[2022-11-10 05:40:15] Training loop. The ith epoch completed: 86
[2022-11-10 05:40:15] 
----------------------------------------------------------------------
[2022-11-10 05:40:15] Training loop.       Batches: 60
[2022-11-10 05:40:27] Training loop. The ith epoch completed: 87
[2022-11-10 05:40:27] 
----------------------------------------------------------------------
[2022-11-10 05:40:27] Training loop.       Batches: 60
[2022-11-10 05:40:39] Training loop. The ith epoch completed: 88
[2022-11-10 05:40:39] 
----------------------------------------------------------------------
[2022-11-10 05:40:39] Training loop.       Batches: 60
[2022-11-10 05:40:51] Training loop. The ith epoch completed: 89
[2022-11-10 05:40:51] 
----------------------------------------------------------------------
[2022-11-10 05:40:51] Training loop.       Batches: 60
[2022-11-10 05:41:03] test set
[2022-11-10 05:41:03] validation set
[2022-11-10 05:41:04] val loss      : 0.3841
[2022-11-10 05:41:04] val acc       : 0.9570
[2022-11-10 05:41:04] val precision : 0.9564
[2022-11-10 05:41:04] val recall    : 0.9570
[2022-11-10 05:41:04] val f1        : 0.9564
[2022-11-10 05:41:04] val mcc       : 0.0000
[2022-11-10 05:41:04] Training loop. The ith epoch completed: 90
[2022-11-10 05:41:04] 
----------------------------------------------------------------------
[2022-11-10 05:41:04] Training loop.       Batches: 60
[2022-11-10 05:41:16] Training loop. The ith epoch completed: 91
[2022-11-10 05:41:16] 
----------------------------------------------------------------------
[2022-11-10 05:41:16] Training loop.       Batches: 60
[2022-11-10 05:41:28] Training loop. The ith epoch completed: 92
[2022-11-10 05:41:28] 
----------------------------------------------------------------------
[2022-11-10 05:41:28] Training loop.       Batches: 60
[2022-11-10 05:41:39] Training loop. The ith epoch completed: 93
[2022-11-10 05:41:39] 
----------------------------------------------------------------------
[2022-11-10 05:41:39] Training loop.       Batches: 60
[2022-11-10 05:41:51] Training loop. The ith epoch completed: 94
[2022-11-10 05:41:51] 
----------------------------------------------------------------------
[2022-11-10 05:41:51] Training loop.       Batches: 60
[2022-11-10 05:42:03] test set
[2022-11-10 05:42:03] validation set
[2022-11-10 05:42:04] val loss      : 0.3994
[2022-11-10 05:42:04] val acc       : 0.9580
[2022-11-10 05:42:04] val precision : 0.9562
[2022-11-10 05:42:04] val recall    : 0.9597
[2022-11-10 05:42:04] val f1        : 0.9574
[2022-11-10 05:42:04] val mcc       : 0.0000
[2022-11-10 05:42:04] Training loop. The ith epoch completed: 95
[2022-11-10 05:42:04] 
----------------------------------------------------------------------
[2022-11-10 05:42:04] Training loop.       Batches: 60
[2022-11-10 05:42:16] Training loop. The ith epoch completed: 96
[2022-11-10 05:42:16] 
----------------------------------------------------------------------
[2022-11-10 05:42:16] Training loop.       Batches: 60
[2022-11-10 05:42:28] Training loop. The ith epoch completed: 97
[2022-11-10 05:42:28] 
----------------------------------------------------------------------
[2022-11-10 05:42:28] Training loop.       Batches: 60
[2022-11-10 05:42:40] Training loop. The ith epoch completed: 98
[2022-11-10 05:42:40] 
----------------------------------------------------------------------
[2022-11-10 05:42:40] Training loop.       Batches: 60
[2022-11-10 05:42:52] Training loop. The ith epoch completed: 99
[2022-11-10 05:42:52] 
----------------------------------------------------------------------
[2022-11-10 05:42:52] Training loop.       Batches: 60
[2022-11-10 05:43:04] test set
[2022-11-10 05:43:04] validation set
[2022-11-10 05:43:05] val loss      : 0.4437
[2022-11-10 05:43:05] val acc       : 0.9580
[2022-11-10 05:43:05] val precision : 0.9580
[2022-11-10 05:43:05] val recall    : 0.9586
[2022-11-10 05:43:05] val f1        : 0.9579
[2022-11-10 05:43:05] val mcc       : 0.0000
[2022-11-10 05:43:05] Training loop. The ith epoch completed: 100
[2022-11-10 05:43:05] 
----------------------------------------------------------------------
[2022-11-10 05:43:05] Training loop.       Batches: 60
[2022-11-10 05:43:17] Training loop. The ith epoch completed: 101
[2022-11-10 05:43:17] 
----------------------------------------------------------------------
[2022-11-10 05:43:17] Training loop.       Batches: 60
[2022-11-10 05:43:29] Training loop. The ith epoch completed: 102
[2022-11-10 05:43:29] 
----------------------------------------------------------------------
[2022-11-10 05:43:29] Training loop.       Batches: 60
[2022-11-10 05:43:41] Training loop. The ith epoch completed: 103
[2022-11-10 05:43:41] 
----------------------------------------------------------------------
[2022-11-10 05:43:41] Training loop.       Batches: 60
[2022-11-10 05:43:53] Training loop. The ith epoch completed: 104
[2022-11-10 05:43:53] 
----------------------------------------------------------------------
[2022-11-10 05:43:53] Training loop.       Batches: 60
[2022-11-10 05:44:05] test set
[2022-11-10 05:44:05] validation set
[2022-11-10 05:44:06] val loss      : 0.4227
[2022-11-10 05:44:06] val acc       : 0.9580
[2022-11-10 05:44:06] val precision : 0.9575
[2022-11-10 05:44:06] val recall    : 0.9582
[2022-11-10 05:44:06] val f1        : 0.9576
[2022-11-10 05:44:06] val mcc       : 0.0000
[2022-11-10 05:44:06] Training loop. The ith epoch completed: 105
[2022-11-10 05:44:06] 
----------------------------------------------------------------------
[2022-11-10 05:44:06] Training loop.       Batches: 60
[2022-11-10 05:44:18] Training loop. The ith epoch completed: 106
[2022-11-10 05:44:18] 
----------------------------------------------------------------------
[2022-11-10 05:44:18] Training loop.       Batches: 60
[2022-11-10 05:44:30] Training loop. The ith epoch completed: 107
[2022-11-10 05:44:30] 
----------------------------------------------------------------------
[2022-11-10 05:44:30] Training loop.       Batches: 60
[2022-11-10 05:44:42] Training loop. The ith epoch completed: 108
[2022-11-10 05:44:42] 
----------------------------------------------------------------------
[2022-11-10 05:44:42] Training loop.       Batches: 60
[2022-11-10 05:44:54] Training loop. The ith epoch completed: 109
[2022-11-10 05:44:54] 
----------------------------------------------------------------------
[2022-11-10 05:44:54] Training loop.       Batches: 60
[2022-11-10 05:45:05] test set
[2022-11-10 05:45:05] validation set
[2022-11-10 05:45:07] val loss      : 0.4202
[2022-11-10 05:45:07] val acc       : 0.9570
[2022-11-10 05:45:07] val precision : 0.9565
[2022-11-10 05:45:07] val recall    : 0.9579
[2022-11-10 05:45:07] val f1        : 0.9566
[2022-11-10 05:45:07] val mcc       : 0.0000
[2022-11-10 05:45:07] Training loop. The ith epoch completed: 110
[2022-11-10 05:45:07] 
----------------------------------------------------------------------
[2022-11-10 05:45:07] Training loop.       Batches: 60
[2022-11-10 05:45:19] Training loop. The ith epoch completed: 111
[2022-11-10 05:45:19] 
----------------------------------------------------------------------
[2022-11-10 05:45:19] Training loop.       Batches: 60
[2022-11-10 05:45:30] Training loop. The ith epoch completed: 112
[2022-11-10 05:45:30] 
----------------------------------------------------------------------
[2022-11-10 05:45:30] Training loop.       Batches: 60
[2022-11-10 05:45:42] Training loop. The ith epoch completed: 113
[2022-11-10 05:45:42] 
----------------------------------------------------------------------
[2022-11-10 05:45:42] Training loop.       Batches: 60
[2022-11-10 05:45:54] Training loop. The ith epoch completed: 114
[2022-11-10 05:45:54] 
----------------------------------------------------------------------
[2022-11-10 05:45:54] Training loop.       Batches: 60
[2022-11-10 05:46:06] test set
[2022-11-10 05:46:06] validation set
[2022-11-10 05:46:07] val loss      : 0.4180
[2022-11-10 05:46:07] val acc       : 0.9550
[2022-11-10 05:46:07] val precision : 0.9550
[2022-11-10 05:46:07] val recall    : 0.9548
[2022-11-10 05:46:07] val f1        : 0.9544
[2022-11-10 05:46:07] val mcc       : 0.0000
[2022-11-10 05:46:07] Training loop. The ith epoch completed: 115
[2022-11-10 05:46:07] 
----------------------------------------------------------------------
[2022-11-10 05:46:07] Training loop.       Batches: 60
[2022-11-10 05:46:19] Training loop. The ith epoch completed: 116
[2022-11-10 05:46:19] 
----------------------------------------------------------------------
[2022-11-10 05:46:19] Training loop.       Batches: 60
[2022-11-10 05:46:31] Training loop. The ith epoch completed: 117
[2022-11-10 05:46:31] 
----------------------------------------------------------------------
[2022-11-10 05:46:31] Training loop.       Batches: 60
[2022-11-10 05:46:43] Training loop. The ith epoch completed: 118
[2022-11-10 05:46:43] 
----------------------------------------------------------------------
[2022-11-10 05:46:43] Training loop.       Batches: 60
[2022-11-10 05:46:55] Training loop. The ith epoch completed: 119
[2022-11-10 05:46:55] 
----------------------------------------------------------------------
[2022-11-10 05:46:55] Training loop.       Batches: 60
[2022-11-10 05:47:07] test set
[2022-11-10 05:47:07] validation set
[2022-11-10 05:47:08] val loss      : 0.4261
[2022-11-10 05:47:08] val acc       : 0.9530
[2022-11-10 05:47:08] val precision : 0.9537
[2022-11-10 05:47:08] val recall    : 0.9520
[2022-11-10 05:47:08] val f1        : 0.9521
[2022-11-10 05:47:08] val mcc       : 0.0000
[2022-11-10 05:47:08] Training loop. The ith epoch completed: 120
[2022-11-10 05:47:08] 
----------------------------------------------------------------------
[2022-11-10 05:47:08] Training loop.       Batches: 60
[2022-11-10 05:47:20] Training loop. The ith epoch completed: 121
[2022-11-10 05:47:20] 
----------------------------------------------------------------------
[2022-11-10 05:47:20] Training loop.       Batches: 60
[2022-11-10 05:47:32] Training loop. The ith epoch completed: 122
[2022-11-10 05:47:32] 
----------------------------------------------------------------------
[2022-11-10 05:47:32] Training loop.       Batches: 60
[2022-11-10 05:47:44] Training loop. The ith epoch completed: 123
[2022-11-10 05:47:44] 
----------------------------------------------------------------------
[2022-11-10 05:47:44] Training loop.       Batches: 60
[2022-11-10 05:47:56] Training loop. The ith epoch completed: 124
[2022-11-10 05:47:56] 
----------------------------------------------------------------------
[2022-11-10 05:47:56] Training loop.       Batches: 60
[2022-11-10 05:48:08] test set
[2022-11-10 05:48:08] validation set
[2022-11-10 05:48:09] val loss      : 0.4336
[2022-11-10 05:48:09] val acc       : 0.9510
[2022-11-10 05:48:09] val precision : 0.9508
[2022-11-10 05:48:09] val recall    : 0.9512
[2022-11-10 05:48:09] val f1        : 0.9507
[2022-11-10 05:48:09] val mcc       : 0.0000
[2022-11-10 05:48:09] Training loop. The ith epoch completed: 125
[2022-11-10 05:48:09] 
----------------------------------------------------------------------
[2022-11-10 05:48:09] Training loop.       Batches: 60
[2022-11-10 05:48:21] Training loop. The ith epoch completed: 126
[2022-11-10 05:48:21] 
----------------------------------------------------------------------
[2022-11-10 05:48:21] Training loop.       Batches: 60
[2022-11-10 05:48:33] Training loop. The ith epoch completed: 127
[2022-11-10 05:48:33] 
----------------------------------------------------------------------
[2022-11-10 05:48:33] Training loop.       Batches: 60
[2022-11-10 05:48:45] Training loop. The ith epoch completed: 128
[2022-11-10 05:48:45] 
----------------------------------------------------------------------
[2022-11-10 05:48:45] Training loop.       Batches: 60
[2022-11-10 05:48:56] Training loop. The ith epoch completed: 129
[2022-11-10 05:48:56] 
----------------------------------------------------------------------
[2022-11-10 05:48:56] Training loop.       Batches: 60
[2022-11-10 05:49:08] test set
[2022-11-10 05:49:08] validation set
[2022-11-10 05:49:09] val loss      : 0.4250
[2022-11-10 05:49:09] val acc       : 0.9550
[2022-11-10 05:49:09] val precision : 0.9549
[2022-11-10 05:49:09] val recall    : 0.9549
[2022-11-10 05:49:09] val f1        : 0.9545
[2022-11-10 05:49:09] val mcc       : 0.0000
[2022-11-10 05:49:10] Training loop. The ith epoch completed: 130
[2022-11-10 05:49:10] 
----------------------------------------------------------------------
[2022-11-10 05:49:10] Training loop.       Batches: 60
[2022-11-10 05:49:22] Training loop. The ith epoch completed: 131
[2022-11-10 05:49:22] 
----------------------------------------------------------------------
[2022-11-10 05:49:22] Training loop.       Batches: 60
[2022-11-10 05:49:34] Training loop. The ith epoch completed: 132
[2022-11-10 05:49:34] 
----------------------------------------------------------------------
[2022-11-10 05:49:34] Training loop.       Batches: 60
[2022-11-10 05:49:46] Training loop. The ith epoch completed: 133
[2022-11-10 05:49:46] 
----------------------------------------------------------------------
[2022-11-10 05:49:46] Training loop.       Batches: 60
[2022-11-10 05:49:57] Training loop. The ith epoch completed: 134
[2022-11-10 05:49:57] 
----------------------------------------------------------------------
[2022-11-10 05:49:57] Training loop.       Batches: 60
[2022-11-10 05:50:09] test set
[2022-11-10 05:50:09] validation set
[2022-11-10 05:50:11] val loss      : 0.4766
[2022-11-10 05:50:11] val acc       : 0.9550
[2022-11-10 05:50:11] val precision : 0.9548
[2022-11-10 05:50:11] val recall    : 0.9549
[2022-11-10 05:50:11] val f1        : 0.9546
[2022-11-10 05:50:11] val mcc       : 0.0000
[2022-11-10 05:50:11] Training loop. The ith epoch completed: 135
[2022-11-10 05:50:11] 
----------------------------------------------------------------------
[2022-11-10 05:50:11] Training loop.       Batches: 60
[2022-11-10 05:50:23] Training loop. The ith epoch completed: 136
[2022-11-10 05:50:23] 
----------------------------------------------------------------------
[2022-11-10 05:50:23] Training loop.       Batches: 60
[2022-11-10 05:50:34] Training loop. The ith epoch completed: 137
[2022-11-10 05:50:34] 
----------------------------------------------------------------------
[2022-11-10 05:50:34] Training loop.       Batches: 60
[2022-11-10 05:50:46] Training loop. The ith epoch completed: 138
[2022-11-10 05:50:46] 
----------------------------------------------------------------------
[2022-11-10 05:50:46] Training loop.       Batches: 60
[2022-11-10 05:50:58] Training loop. The ith epoch completed: 139
[2022-11-10 05:50:58] 
----------------------------------------------------------------------
[2022-11-10 05:50:58] Training loop.       Batches: 60
[2022-11-10 05:51:10] test set
[2022-11-10 05:51:10] validation set
[2022-11-10 05:51:11] val loss      : 0.4524
[2022-11-10 05:51:11] val acc       : 0.9570
[2022-11-10 05:51:11] val precision : 0.9582
[2022-11-10 05:51:11] val recall    : 0.9558
[2022-11-10 05:51:11] val f1        : 0.9566
[2022-11-10 05:51:11] val mcc       : 0.0000
[2022-11-10 05:51:11] Training loop. The ith epoch completed: 140
[2022-11-10 05:51:11] 
----------------------------------------------------------------------
[2022-11-10 05:51:11] Training loop.       Batches: 60
[2022-11-10 05:51:23] Training loop. The ith epoch completed: 141
[2022-11-10 05:51:23] 
----------------------------------------------------------------------
[2022-11-10 05:51:23] Training loop.       Batches: 60
[2022-11-10 05:51:35] Training loop. The ith epoch completed: 142
[2022-11-10 05:51:35] 
----------------------------------------------------------------------
[2022-11-10 05:51:35] Training loop.       Batches: 60
[2022-11-10 05:51:47] Training loop. The ith epoch completed: 143
[2022-11-10 05:51:47] 
----------------------------------------------------------------------
[2022-11-10 05:51:47] Training loop.       Batches: 60
[2022-11-10 05:51:59] Training loop. The ith epoch completed: 144
[2022-11-10 05:51:59] 
----------------------------------------------------------------------
[2022-11-10 05:51:59] Training loop.       Batches: 60
[2022-11-10 05:52:11] test set
[2022-11-10 05:52:11] validation set
[2022-11-10 05:52:12] val loss      : 0.4497
[2022-11-10 05:52:12] val acc       : 0.9560
[2022-11-10 05:52:12] val precision : 0.9572
[2022-11-10 05:52:12] val recall    : 0.9557
[2022-11-10 05:52:12] val f1        : 0.9556
[2022-11-10 05:52:12] val mcc       : 0.0000
[2022-11-10 05:52:12] Training loop. The ith epoch completed: 145
[2022-11-10 05:52:12] 
----------------------------------------------------------------------
[2022-11-10 05:52:12] Training loop.       Batches: 60
[2022-11-10 05:52:24] Training loop. The ith epoch completed: 146
[2022-11-10 05:52:24] 
----------------------------------------------------------------------
[2022-11-10 05:52:24] Training loop.       Batches: 60
[2022-11-10 05:52:36] Training loop. The ith epoch completed: 147
[2022-11-10 05:52:36] 
----------------------------------------------------------------------
[2022-11-10 05:52:36] Training loop.       Batches: 60
[2022-11-10 05:52:48] Training loop. The ith epoch completed: 148
[2022-11-10 05:52:48] 
----------------------------------------------------------------------
[2022-11-10 05:52:48] Training loop.       Batches: 60
[2022-11-10 05:53:00] Training loop. The ith epoch completed: 149
[2022-11-10 05:53:00] 
----------------------------------------------------------------------
[2022-11-10 05:53:00] Training loop.       Batches: 60
[2022-11-10 05:53:12] test set
[2022-11-10 05:53:12] validation set
[2022-11-10 05:53:13] val loss      : 0.4470
[2022-11-10 05:53:13] val acc       : 0.9560
[2022-11-10 05:53:13] val precision : 0.9561
[2022-11-10 05:53:13] val recall    : 0.9564
[2022-11-10 05:53:13] val f1        : 0.9558
[2022-11-10 05:53:13] val mcc       : 0.0000
[2022-11-10 05:53:13] Training loop. The ith epoch completed: 150
[2022-11-10 05:53:13] best loss      : 0.3328
[2022-11-10 05:53:13] best acc       : 0.9620
[2022-11-10 05:53:13] best precision : 0.9624
[2022-11-10 05:53:13] best recall    : 0.9612
[2022-11-10 05:53:13] best f1        : 0.9613
[2022-11-10 05:53:13] best mcc       : 0.0000
[2022-11-10 05:53:13] Training complete.
