[2022-11-10 04:52:40] model params: 97719875
[2022-11-10 04:52:40] model params with gradients:1657667
[2022-11-10 04:52:40] Additional parameters 1657667 / 97719875 = 0.0173
[2022-11-10 04:52:40] Setup data...
[2022-11-10 04:52:43] Done.
[2022-11-10 04:52:43] Batch schedule
[2022-11-10 04:52:43] [(100, 30)]
[2022-11-10 04:52:43] Wrapping models and optimizers...
[2022-11-10 04:52:43] Begin training iterations
[2022-11-10 04:52:43] Total iteration: 9000
[2022-11-10 04:52:43] 
----------------------------------------------------------------------
[2022-11-10 04:52:43] Training loop.       Batches: 60
[2022-11-10 04:52:57] Training loop. The ith epoch completed: 1
[2022-11-10 04:52:57] 
----------------------------------------------------------------------
[2022-11-10 04:52:57] Training loop.       Batches: 60
[2022-11-10 04:53:08] Training loop. The ith epoch completed: 2
[2022-11-10 04:53:08] 
----------------------------------------------------------------------
[2022-11-10 04:53:08] Training loop.       Batches: 60
[2022-11-10 04:53:20] Training loop. The ith epoch completed: 3
[2022-11-10 04:53:20] 
----------------------------------------------------------------------
[2022-11-10 04:53:20] Training loop.       Batches: 60
[2022-11-10 04:53:31] Training loop. The ith epoch completed: 4
[2022-11-10 04:53:31] 
----------------------------------------------------------------------
[2022-11-10 04:53:31] Training loop.       Batches: 60
[2022-11-10 04:53:42] test set
[2022-11-10 04:53:42] validation set
[2022-11-10 04:53:43] val loss      : 0.1897
[2022-11-10 04:53:43] val acc       : 0.9260
[2022-11-10 04:53:43] val precision : 0.9280
[2022-11-10 04:53:43] val recall    : 0.9271
[2022-11-10 04:53:43] val f1        : 0.9255
[2022-11-10 04:53:43] val mcc       : 0.0000
[2022-11-10 04:53:43] Iteration completed: 300, remained 8700
[2022-11-10 04:53:43] Saving model...
[2022-11-10 04:53:43] 
------------------------------------------------------
[2022-11-10 04:53:43] Training loop. The ith epoch completed: 5
[2022-11-10 04:53:43] 
----------------------------------------------------------------------
[2022-11-10 04:53:43] Training loop.       Batches: 60
[2022-11-10 04:53:54] Training loop. The ith epoch completed: 6
[2022-11-10 04:53:54] 
----------------------------------------------------------------------
[2022-11-10 04:53:54] Training loop.       Batches: 60
[2022-11-10 04:54:06] Training loop. The ith epoch completed: 7
[2022-11-10 04:54:06] 
----------------------------------------------------------------------
[2022-11-10 04:54:06] Training loop.       Batches: 60
[2022-11-10 04:54:17] Training loop. The ith epoch completed: 8
[2022-11-10 04:54:17] 
----------------------------------------------------------------------
[2022-11-10 04:54:17] Training loop.       Batches: 60
[2022-11-10 04:54:29] Training loop. The ith epoch completed: 9
[2022-11-10 04:54:29] 
----------------------------------------------------------------------
[2022-11-10 04:54:29] Training loop.       Batches: 60
[2022-11-10 04:54:41] test set
[2022-11-10 04:54:41] validation set
[2022-11-10 04:54:42] val loss      : 0.1305
[2022-11-10 04:54:42] val acc       : 0.9460
[2022-11-10 04:54:42] val precision : 0.9468
[2022-11-10 04:54:42] val recall    : 0.9462
[2022-11-10 04:54:42] val f1        : 0.9456
[2022-11-10 04:54:42] val mcc       : 0.0000
[2022-11-10 04:54:42] Iteration completed: 600, remained 8400
[2022-11-10 04:54:42] Saving model...
[2022-11-10 04:54:42] 
------------------------------------------------------
[2022-11-10 04:54:42] Training loop. The ith epoch completed: 10
[2022-11-10 04:54:42] 
----------------------------------------------------------------------
[2022-11-10 04:54:42] Training loop.       Batches: 60
[2022-11-10 04:54:54] Training loop. The ith epoch completed: 11
[2022-11-10 04:54:54] 
----------------------------------------------------------------------
[2022-11-10 04:54:54] Training loop.       Batches: 60
[2022-11-10 04:55:06] Training loop. The ith epoch completed: 12
[2022-11-10 04:55:06] 
----------------------------------------------------------------------
[2022-11-10 04:55:06] Training loop.       Batches: 60
[2022-11-10 04:55:17] Training loop. The ith epoch completed: 13
[2022-11-10 04:55:17] 
----------------------------------------------------------------------
[2022-11-10 04:55:17] Training loop.       Batches: 60
[2022-11-10 04:55:29] Training loop. The ith epoch completed: 14
[2022-11-10 04:55:29] 
----------------------------------------------------------------------
[2022-11-10 04:55:29] Training loop.       Batches: 60
[2022-11-10 04:55:41] test set
[2022-11-10 04:55:41] validation set
[2022-11-10 04:55:42] val loss      : 0.1301
[2022-11-10 04:55:42] val acc       : 0.9490
[2022-11-10 04:55:42] val precision : 0.9495
[2022-11-10 04:55:42] val recall    : 0.9490
[2022-11-10 04:55:42] val f1        : 0.9486
[2022-11-10 04:55:42] val mcc       : 0.0000
[2022-11-10 04:55:42] Iteration completed: 900, remained 8100
[2022-11-10 04:55:42] Saving model...
[2022-11-10 04:55:42] 
------------------------------------------------------
[2022-11-10 04:55:42] Training loop. The ith epoch completed: 15
[2022-11-10 04:55:42] 
----------------------------------------------------------------------
[2022-11-10 04:55:42] Training loop.       Batches: 60
[2022-11-10 04:55:54] Training loop. The ith epoch completed: 16
[2022-11-10 04:55:54] 
----------------------------------------------------------------------
[2022-11-10 04:55:54] Training loop.       Batches: 60
[2022-11-10 04:56:06] Training loop. The ith epoch completed: 17
[2022-11-10 04:56:06] 
----------------------------------------------------------------------
[2022-11-10 04:56:06] Training loop.       Batches: 60
[2022-11-10 04:56:17] Training loop. The ith epoch completed: 18
[2022-11-10 04:56:17] 
----------------------------------------------------------------------
[2022-11-10 04:56:17] Training loop.       Batches: 60
[2022-11-10 04:56:29] Training loop. The ith epoch completed: 19
[2022-11-10 04:56:29] 
----------------------------------------------------------------------
[2022-11-10 04:56:29] Training loop.       Batches: 60
[2022-11-10 04:56:41] test set
[2022-11-10 04:56:41] validation set
[2022-11-10 04:56:42] val loss      : 0.1677
[2022-11-10 04:56:42] val acc       : 0.9520
[2022-11-10 04:56:42] val precision : 0.9530
[2022-11-10 04:56:42] val recall    : 0.9513
[2022-11-10 04:56:42] val f1        : 0.9515
[2022-11-10 04:56:42] val mcc       : 0.0000
[2022-11-10 04:56:42] Iteration completed: 1200, remained 7800
[2022-11-10 04:56:42] Saving model...
[2022-11-10 04:56:42] 
------------------------------------------------------
[2022-11-10 04:56:42] Training loop. The ith epoch completed: 20
[2022-11-10 04:56:42] 
----------------------------------------------------------------------
[2022-11-10 04:56:42] Training loop.       Batches: 60
[2022-11-10 04:56:54] Training loop. The ith epoch completed: 21
[2022-11-10 04:56:54] 
----------------------------------------------------------------------
[2022-11-10 04:56:54] Training loop.       Batches: 60
[2022-11-10 04:57:06] Training loop. The ith epoch completed: 22
[2022-11-10 04:57:06] 
----------------------------------------------------------------------
[2022-11-10 04:57:06] Training loop.       Batches: 60
[2022-11-10 04:57:17] Training loop. The ith epoch completed: 23
[2022-11-10 04:57:17] 
----------------------------------------------------------------------
[2022-11-10 04:57:17] Training loop.       Batches: 60
[2022-11-10 04:57:29] Training loop. The ith epoch completed: 24
[2022-11-10 04:57:29] 
----------------------------------------------------------------------
[2022-11-10 04:57:29] Training loop.       Batches: 60
[2022-11-10 04:57:41] test set
[2022-11-10 04:57:41] validation set
[2022-11-10 04:57:42] val loss      : 0.1942
[2022-11-10 04:57:42] val acc       : 0.9550
[2022-11-10 04:57:42] val precision : 0.9547
[2022-11-10 04:57:42] val recall    : 0.9556
[2022-11-10 04:57:42] val f1        : 0.9547
[2022-11-10 04:57:42] val mcc       : 0.0000
[2022-11-10 04:57:42] Iteration completed: 1500, remained 7500
[2022-11-10 04:57:42] Saving model...
[2022-11-10 04:57:42] 
------------------------------------------------------
[2022-11-10 04:57:42] Training loop. The ith epoch completed: 25
[2022-11-10 04:57:42] 
----------------------------------------------------------------------
[2022-11-10 04:57:42] Training loop.       Batches: 60
[2022-11-10 04:57:54] Training loop. The ith epoch completed: 26
[2022-11-10 04:57:54] 
----------------------------------------------------------------------
[2022-11-10 04:57:54] Training loop.       Batches: 60
[2022-11-10 04:58:06] Training loop. The ith epoch completed: 27
[2022-11-10 04:58:06] 
----------------------------------------------------------------------
[2022-11-10 04:58:06] Training loop.       Batches: 60
[2022-11-10 04:58:17] Training loop. The ith epoch completed: 28
[2022-11-10 04:58:17] 
----------------------------------------------------------------------
[2022-11-10 04:58:17] Training loop.       Batches: 60
[2022-11-10 04:58:29] Training loop. The ith epoch completed: 29
[2022-11-10 04:58:29] 
----------------------------------------------------------------------
[2022-11-10 04:58:29] Training loop.       Batches: 60
[2022-11-10 04:58:41] test set
[2022-11-10 04:58:41] validation set
[2022-11-10 04:58:42] val loss      : 0.2043
[2022-11-10 04:58:42] val acc       : 0.9580
[2022-11-10 04:58:42] val precision : 0.9585
[2022-11-10 04:58:42] val recall    : 0.9578
[2022-11-10 04:58:42] val f1        : 0.9577
[2022-11-10 04:58:42] val mcc       : 0.0000
[2022-11-10 04:58:42] Iteration completed: 1800, remained 7200
[2022-11-10 04:58:42] Saving model...
[2022-11-10 04:58:42] 
------------------------------------------------------
[2022-11-10 04:58:42] Training loop. The ith epoch completed: 30
[2022-11-10 04:58:42] 
----------------------------------------------------------------------
[2022-11-10 04:58:42] Training loop.       Batches: 60
[2022-11-10 04:58:54] Training loop. The ith epoch completed: 31
[2022-11-10 04:58:54] 
----------------------------------------------------------------------
[2022-11-10 04:58:54] Training loop.       Batches: 60
[2022-11-10 04:59:05] Training loop. The ith epoch completed: 32
[2022-11-10 04:59:05] 
----------------------------------------------------------------------
[2022-11-10 04:59:05] Training loop.       Batches: 60
[2022-11-10 04:59:17] Training loop. The ith epoch completed: 33
[2022-11-10 04:59:17] 
----------------------------------------------------------------------
[2022-11-10 04:59:17] Training loop.       Batches: 60
[2022-11-10 04:59:29] Training loop. The ith epoch completed: 34
[2022-11-10 04:59:29] 
----------------------------------------------------------------------
[2022-11-10 04:59:29] Training loop.       Batches: 60
[2022-11-10 04:59:41] test set
[2022-11-10 04:59:41] validation set
[2022-11-10 04:59:42] val loss      : 0.2845
[2022-11-10 04:59:42] val acc       : 0.9610
[2022-11-10 04:59:42] val precision : 0.9620
[2022-11-10 04:59:42] val recall    : 0.9586
[2022-11-10 04:59:42] val f1        : 0.9597
[2022-11-10 04:59:42] val mcc       : 0.0000
[2022-11-10 04:59:42] Iteration completed: 2100, remained 6900
[2022-11-10 04:59:42] Saving model...
[2022-11-10 04:59:42] 
------------------------------------------------------
[2022-11-10 04:59:42] Training loop. The ith epoch completed: 35
[2022-11-10 04:59:42] 
----------------------------------------------------------------------
[2022-11-10 04:59:42] Training loop.       Batches: 60
[2022-11-10 04:59:54] Training loop. The ith epoch completed: 36
[2022-11-10 04:59:54] 
----------------------------------------------------------------------
[2022-11-10 04:59:54] Training loop.       Batches: 60
[2022-11-10 05:00:05] Training loop. The ith epoch completed: 37
[2022-11-10 05:00:05] 
----------------------------------------------------------------------
[2022-11-10 05:00:05] Training loop.       Batches: 60
[2022-11-10 05:00:17] Training loop. The ith epoch completed: 38
[2022-11-10 05:00:17] 
----------------------------------------------------------------------
[2022-11-10 05:00:17] Training loop.       Batches: 60
[2022-11-10 05:00:29] Training loop. The ith epoch completed: 39
[2022-11-10 05:00:29] 
----------------------------------------------------------------------
[2022-11-10 05:00:29] Training loop.       Batches: 60
[2022-11-10 05:00:41] test set
[2022-11-10 05:00:41] validation set
[2022-11-10 05:00:42] val loss      : 0.3775
[2022-11-10 05:00:42] val acc       : 0.9470
[2022-11-10 05:00:42] val precision : 0.9490
[2022-11-10 05:00:42] val recall    : 0.9484
[2022-11-10 05:00:42] val f1        : 0.9466
[2022-11-10 05:00:42] val mcc       : 0.0000
[2022-11-10 05:00:42] Training loop. The ith epoch completed: 40
[2022-11-10 05:00:42] 
----------------------------------------------------------------------
[2022-11-10 05:00:42] Training loop.       Batches: 60
[2022-11-10 05:00:54] Training loop. The ith epoch completed: 41
[2022-11-10 05:00:54] 
----------------------------------------------------------------------
[2022-11-10 05:00:54] Training loop.       Batches: 60
[2022-11-10 05:01:05] Training loop. The ith epoch completed: 42
[2022-11-10 05:01:05] 
----------------------------------------------------------------------
[2022-11-10 05:01:05] Training loop.       Batches: 60
[2022-11-10 05:01:17] Training loop. The ith epoch completed: 43
[2022-11-10 05:01:17] 
----------------------------------------------------------------------
[2022-11-10 05:01:17] Training loop.       Batches: 60
[2022-11-10 05:01:29] Training loop. The ith epoch completed: 44
[2022-11-10 05:01:29] 
----------------------------------------------------------------------
[2022-11-10 05:01:29] Training loop.       Batches: 60
[2022-11-10 05:01:40] test set
[2022-11-10 05:01:40] validation set
[2022-11-10 05:01:42] val loss      : 0.2975
[2022-11-10 05:01:42] val acc       : 0.9570
[2022-11-10 05:01:42] val precision : 0.9587
[2022-11-10 05:01:42] val recall    : 0.9568
[2022-11-10 05:01:42] val f1        : 0.9568
[2022-11-10 05:01:42] val mcc       : 0.0000
[2022-11-10 05:01:42] Training loop. The ith epoch completed: 45
[2022-11-10 05:01:42] 
----------------------------------------------------------------------
[2022-11-10 05:01:42] Training loop.       Batches: 60
[2022-11-10 05:01:53] Training loop. The ith epoch completed: 46
[2022-11-10 05:01:53] 
----------------------------------------------------------------------
[2022-11-10 05:01:53] Training loop.       Batches: 60
[2022-11-10 05:02:05] Training loop. The ith epoch completed: 47
[2022-11-10 05:02:05] 
----------------------------------------------------------------------
[2022-11-10 05:02:05] Training loop.       Batches: 60
[2022-11-10 05:02:17] Training loop. The ith epoch completed: 48
[2022-11-10 05:02:17] 
----------------------------------------------------------------------
[2022-11-10 05:02:17] Training loop.       Batches: 60
[2022-11-10 05:02:29] Training loop. The ith epoch completed: 49
[2022-11-10 05:02:29] 
----------------------------------------------------------------------
[2022-11-10 05:02:29] Training loop.       Batches: 60
[2022-11-10 05:02:41] test set
[2022-11-10 05:02:41] validation set
[2022-11-10 05:02:42] val loss      : 0.2989
[2022-11-10 05:02:42] val acc       : 0.9620
[2022-11-10 05:02:42] val precision : 0.9610
[2022-11-10 05:02:42] val recall    : 0.9630
[2022-11-10 05:02:42] val f1        : 0.9615
[2022-11-10 05:02:42] val mcc       : 0.0000
[2022-11-10 05:02:42] Iteration completed: 3000, remained 6000
[2022-11-10 05:02:42] Saving model...
[2022-11-10 05:02:42] 
------------------------------------------------------
[2022-11-10 05:02:42] Training loop. The ith epoch completed: 50
[2022-11-10 05:02:42] 
----------------------------------------------------------------------
[2022-11-10 05:02:42] Training loop.       Batches: 60
[2022-11-10 05:02:54] Training loop. The ith epoch completed: 51
[2022-11-10 05:02:54] 
----------------------------------------------------------------------
[2022-11-10 05:02:54] Training loop.       Batches: 60
[2022-11-10 05:03:05] Training loop. The ith epoch completed: 52
[2022-11-10 05:03:05] 
----------------------------------------------------------------------
[2022-11-10 05:03:05] Training loop.       Batches: 60
[2022-11-10 05:03:17] Training loop. The ith epoch completed: 53
[2022-11-10 05:03:17] 
----------------------------------------------------------------------
[2022-11-10 05:03:17] Training loop.       Batches: 60
[2022-11-10 05:03:29] Training loop. The ith epoch completed: 54
[2022-11-10 05:03:29] 
----------------------------------------------------------------------
[2022-11-10 05:03:29] Training loop.       Batches: 60
[2022-11-10 05:03:41] test set
[2022-11-10 05:03:41] validation set
[2022-11-10 05:03:42] val loss      : 0.4021
[2022-11-10 05:03:42] val acc       : 0.9580
[2022-11-10 05:03:42] val precision : 0.9586
[2022-11-10 05:03:42] val recall    : 0.9576
[2022-11-10 05:03:42] val f1        : 0.9576
[2022-11-10 05:03:42] val mcc       : 0.0000
[2022-11-10 05:03:42] Training loop. The ith epoch completed: 55
[2022-11-10 05:03:42] 
----------------------------------------------------------------------
[2022-11-10 05:03:42] Training loop.       Batches: 60
[2022-11-10 05:03:54] Training loop. The ith epoch completed: 56
[2022-11-10 05:03:54] 
----------------------------------------------------------------------
[2022-11-10 05:03:54] Training loop.       Batches: 60
[2022-11-10 05:04:05] Training loop. The ith epoch completed: 57
[2022-11-10 05:04:05] 
----------------------------------------------------------------------
[2022-11-10 05:04:05] Training loop.       Batches: 60
[2022-11-10 05:04:17] Training loop. The ith epoch completed: 58
[2022-11-10 05:04:17] 
----------------------------------------------------------------------
[2022-11-10 05:04:17] Training loop.       Batches: 60
[2022-11-10 05:04:29] Training loop. The ith epoch completed: 59
[2022-11-10 05:04:29] 
----------------------------------------------------------------------
[2022-11-10 05:04:29] Training loop.       Batches: 60
[2022-11-10 05:04:40] test set
[2022-11-10 05:04:40] validation set
[2022-11-10 05:04:42] val loss      : 0.4240
[2022-11-10 05:04:42] val acc       : 0.9600
[2022-11-10 05:04:42] val precision : 0.9608
[2022-11-10 05:04:42] val recall    : 0.9597
[2022-11-10 05:04:42] val f1        : 0.9598
[2022-11-10 05:04:42] val mcc       : 0.0000
[2022-11-10 05:04:42] Training loop. The ith epoch completed: 60
[2022-11-10 05:04:42] 
----------------------------------------------------------------------
[2022-11-10 05:04:42] Training loop.       Batches: 60
[2022-11-10 05:04:53] Training loop. The ith epoch completed: 61
[2022-11-10 05:04:53] 
----------------------------------------------------------------------
[2022-11-10 05:04:53] Training loop.       Batches: 60
[2022-11-10 05:05:05] Training loop. The ith epoch completed: 62
[2022-11-10 05:05:05] 
----------------------------------------------------------------------
[2022-11-10 05:05:05] Training loop.       Batches: 60
[2022-11-10 05:05:17] Training loop. The ith epoch completed: 63
[2022-11-10 05:05:17] 
----------------------------------------------------------------------
[2022-11-10 05:05:17] Training loop.       Batches: 60
[2022-11-10 05:05:29] Training loop. The ith epoch completed: 64
[2022-11-10 05:05:29] 
----------------------------------------------------------------------
[2022-11-10 05:05:29] Training loop.       Batches: 60
[2022-11-10 05:05:41] test set
[2022-11-10 05:05:41] validation set
[2022-11-10 05:05:42] val loss      : 0.4288
[2022-11-10 05:05:42] val acc       : 0.9540
[2022-11-10 05:05:42] val precision : 0.9551
[2022-11-10 05:05:42] val recall    : 0.9540
[2022-11-10 05:05:42] val f1        : 0.9537
[2022-11-10 05:05:42] val mcc       : 0.0000
[2022-11-10 05:05:42] Training loop. The ith epoch completed: 65
[2022-11-10 05:05:42] 
----------------------------------------------------------------------
[2022-11-10 05:05:42] Training loop.       Batches: 60
[2022-11-10 05:05:54] Training loop. The ith epoch completed: 66
[2022-11-10 05:05:54] 
----------------------------------------------------------------------
[2022-11-10 05:05:54] Training loop.       Batches: 60
[2022-11-10 05:06:05] Training loop. The ith epoch completed: 67
[2022-11-10 05:06:05] 
----------------------------------------------------------------------
[2022-11-10 05:06:05] Training loop.       Batches: 60
[2022-11-10 05:06:17] Training loop. The ith epoch completed: 68
[2022-11-10 05:06:17] 
----------------------------------------------------------------------
[2022-11-10 05:06:17] Training loop.       Batches: 60
[2022-11-10 05:06:29] Training loop. The ith epoch completed: 69
[2022-11-10 05:06:29] 
----------------------------------------------------------------------
[2022-11-10 05:06:29] Training loop.       Batches: 60
[2022-11-10 05:06:41] test set
[2022-11-10 05:06:41] validation set
[2022-11-10 05:06:42] val loss      : 0.3832
[2022-11-10 05:06:42] val acc       : 0.9600
[2022-11-10 05:06:42] val precision : 0.9606
[2022-11-10 05:06:42] val recall    : 0.9606
[2022-11-10 05:06:42] val f1        : 0.9598
[2022-11-10 05:06:42] val mcc       : 0.0000
[2022-11-10 05:06:42] Training loop. The ith epoch completed: 70
[2022-11-10 05:06:42] 
----------------------------------------------------------------------
[2022-11-10 05:06:42] Training loop.       Batches: 60
[2022-11-10 05:06:54] Training loop. The ith epoch completed: 71
[2022-11-10 05:06:54] 
----------------------------------------------------------------------
[2022-11-10 05:06:54] Training loop.       Batches: 60
[2022-11-10 05:07:06] Training loop. The ith epoch completed: 72
[2022-11-10 05:07:06] 
----------------------------------------------------------------------
[2022-11-10 05:07:06] Training loop.       Batches: 60
[2022-11-10 05:07:17] Training loop. The ith epoch completed: 73
[2022-11-10 05:07:17] 
----------------------------------------------------------------------
[2022-11-10 05:07:17] Training loop.       Batches: 60
[2022-11-10 05:07:29] Training loop. The ith epoch completed: 74
[2022-11-10 05:07:29] 
----------------------------------------------------------------------
[2022-11-10 05:07:29] Training loop.       Batches: 60
[2022-11-10 05:07:41] test set
[2022-11-10 05:07:41] validation set
[2022-11-10 05:07:42] val loss      : 0.4140
[2022-11-10 05:07:42] val acc       : 0.9570
[2022-11-10 05:07:42] val precision : 0.9582
[2022-11-10 05:07:42] val recall    : 0.9568
[2022-11-10 05:07:42] val f1        : 0.9566
[2022-11-10 05:07:42] val mcc       : 0.0000
[2022-11-10 05:07:42] Training loop. The ith epoch completed: 75
[2022-11-10 05:07:42] 
----------------------------------------------------------------------
[2022-11-10 05:07:42] Training loop.       Batches: 60
[2022-11-10 05:07:54] Training loop. The ith epoch completed: 76
[2022-11-10 05:07:54] 
----------------------------------------------------------------------
[2022-11-10 05:07:54] Training loop.       Batches: 60
[2022-11-10 05:08:06] Training loop. The ith epoch completed: 77
[2022-11-10 05:08:06] 
----------------------------------------------------------------------
[2022-11-10 05:08:06] Training loop.       Batches: 60
[2022-11-10 05:08:17] Training loop. The ith epoch completed: 78
[2022-11-10 05:08:17] 
----------------------------------------------------------------------
[2022-11-10 05:08:17] Training loop.       Batches: 60
[2022-11-10 05:08:29] Training loop. The ith epoch completed: 79
[2022-11-10 05:08:29] 
----------------------------------------------------------------------
[2022-11-10 05:08:29] Training loop.       Batches: 60
[2022-11-10 05:08:41] test set
[2022-11-10 05:08:41] validation set
[2022-11-10 05:08:42] val loss      : 0.3444
[2022-11-10 05:08:42] val acc       : 0.9640
[2022-11-10 05:08:42] val precision : 0.9637
[2022-11-10 05:08:42] val recall    : 0.9643
[2022-11-10 05:08:42] val f1        : 0.9638
[2022-11-10 05:08:42] val mcc       : 0.0000
[2022-11-10 05:08:42] Iteration completed: 4800, remained 4200
[2022-11-10 05:08:42] Saving model...
[2022-11-10 05:08:42] 
------------------------------------------------------
[2022-11-10 05:08:42] Training loop. The ith epoch completed: 80
[2022-11-10 05:08:42] 
----------------------------------------------------------------------
[2022-11-10 05:08:42] Training loop.       Batches: 60
[2022-11-10 05:08:54] Training loop. The ith epoch completed: 81
[2022-11-10 05:08:54] 
----------------------------------------------------------------------
[2022-11-10 05:08:54] Training loop.       Batches: 60
[2022-11-10 05:09:06] Training loop. The ith epoch completed: 82
[2022-11-10 05:09:06] 
----------------------------------------------------------------------
[2022-11-10 05:09:06] Training loop.       Batches: 60
[2022-11-10 05:09:18] Training loop. The ith epoch completed: 83
[2022-11-10 05:09:18] 
----------------------------------------------------------------------
[2022-11-10 05:09:18] Training loop.       Batches: 60
[2022-11-10 05:09:29] Training loop. The ith epoch completed: 84
[2022-11-10 05:09:29] 
----------------------------------------------------------------------
[2022-11-10 05:09:29] Training loop.       Batches: 60
[2022-11-10 05:09:41] test set
[2022-11-10 05:09:41] validation set
[2022-11-10 05:09:42] val loss      : 0.4084
[2022-11-10 05:09:42] val acc       : 0.9620
[2022-11-10 05:09:42] val precision : 0.9625
[2022-11-10 05:09:42] val recall    : 0.9621
[2022-11-10 05:09:42] val f1        : 0.9619
[2022-11-10 05:09:42] val mcc       : 0.0000
[2022-11-10 05:09:42] Training loop. The ith epoch completed: 85
[2022-11-10 05:09:42] 
----------------------------------------------------------------------
[2022-11-10 05:09:42] Training loop.       Batches: 60
[2022-11-10 05:09:54] Training loop. The ith epoch completed: 86
[2022-11-10 05:09:54] 
----------------------------------------------------------------------
[2022-11-10 05:09:54] Training loop.       Batches: 60
[2022-11-10 05:10:06] Training loop. The ith epoch completed: 87
[2022-11-10 05:10:06] 
----------------------------------------------------------------------
[2022-11-10 05:10:06] Training loop.       Batches: 60
[2022-11-10 05:10:17] Training loop. The ith epoch completed: 88
[2022-11-10 05:10:17] 
----------------------------------------------------------------------
[2022-11-10 05:10:17] Training loop.       Batches: 60
[2022-11-10 05:10:29] Training loop. The ith epoch completed: 89
[2022-11-10 05:10:29] 
----------------------------------------------------------------------
[2022-11-10 05:10:29] Training loop.       Batches: 60
[2022-11-10 05:10:41] test set
[2022-11-10 05:10:41] validation set
[2022-11-10 05:10:42] val loss      : 0.3967
[2022-11-10 05:10:42] val acc       : 0.9590
[2022-11-10 05:10:42] val precision : 0.9600
[2022-11-10 05:10:42] val recall    : 0.9587
[2022-11-10 05:10:42] val f1        : 0.9588
[2022-11-10 05:10:42] val mcc       : 0.0000
[2022-11-10 05:10:42] Training loop. The ith epoch completed: 90
[2022-11-10 05:10:42] 
----------------------------------------------------------------------
[2022-11-10 05:10:42] Training loop.       Batches: 60
[2022-11-10 05:10:54] Training loop. The ith epoch completed: 91
[2022-11-10 05:10:54] 
----------------------------------------------------------------------
[2022-11-10 05:10:54] Training loop.       Batches: 60
[2022-11-10 05:11:05] Training loop. The ith epoch completed: 92
[2022-11-10 05:11:05] 
----------------------------------------------------------------------
[2022-11-10 05:11:05] Training loop.       Batches: 60
[2022-11-10 05:11:17] Training loop. The ith epoch completed: 93
[2022-11-10 05:11:17] 
----------------------------------------------------------------------
[2022-11-10 05:11:17] Training loop.       Batches: 60
[2022-11-10 05:11:29] Training loop. The ith epoch completed: 94
[2022-11-10 05:11:29] 
----------------------------------------------------------------------
[2022-11-10 05:11:29] Training loop.       Batches: 60
[2022-11-10 05:11:41] test set
[2022-11-10 05:11:41] validation set
[2022-11-10 05:11:42] val loss      : 0.3695
[2022-11-10 05:11:42] val acc       : 0.9580
[2022-11-10 05:11:42] val precision : 0.9577
[2022-11-10 05:11:42] val recall    : 0.9581
[2022-11-10 05:11:42] val f1        : 0.9577
[2022-11-10 05:11:42] val mcc       : 0.0000
[2022-11-10 05:11:42] Training loop. The ith epoch completed: 95
[2022-11-10 05:11:42] 
----------------------------------------------------------------------
[2022-11-10 05:11:42] Training loop.       Batches: 60
[2022-11-10 05:11:54] Training loop. The ith epoch completed: 96
[2022-11-10 05:11:54] 
----------------------------------------------------------------------
[2022-11-10 05:11:54] Training loop.       Batches: 60
[2022-11-10 05:12:05] Training loop. The ith epoch completed: 97
[2022-11-10 05:12:05] 
----------------------------------------------------------------------
[2022-11-10 05:12:05] Training loop.       Batches: 60
[2022-11-10 05:12:17] Training loop. The ith epoch completed: 98
[2022-11-10 05:12:17] 
----------------------------------------------------------------------
[2022-11-10 05:12:17] Training loop.       Batches: 60
[2022-11-10 05:12:29] Training loop. The ith epoch completed: 99
[2022-11-10 05:12:29] 
----------------------------------------------------------------------
[2022-11-10 05:12:29] Training loop.       Batches: 60
[2022-11-10 05:12:41] test set
[2022-11-10 05:12:41] validation set
[2022-11-10 05:12:42] val loss      : 0.5703
[2022-11-10 05:12:42] val acc       : 0.9520
[2022-11-10 05:12:42] val precision : 0.9545
[2022-11-10 05:12:42] val recall    : 0.9525
[2022-11-10 05:12:42] val f1        : 0.9517
[2022-11-10 05:12:42] val mcc       : 0.0000
[2022-11-10 05:12:42] Training loop. The ith epoch completed: 100
[2022-11-10 05:12:42] 
----------------------------------------------------------------------
[2022-11-10 05:12:42] Training loop.       Batches: 60
[2022-11-10 05:12:54] Training loop. The ith epoch completed: 101
[2022-11-10 05:12:54] 
----------------------------------------------------------------------
[2022-11-10 05:12:54] Training loop.       Batches: 60
[2022-11-10 05:13:05] Training loop. The ith epoch completed: 102
[2022-11-10 05:13:05] 
----------------------------------------------------------------------
[2022-11-10 05:13:05] Training loop.       Batches: 60
[2022-11-10 05:13:17] Training loop. The ith epoch completed: 103
[2022-11-10 05:13:17] 
----------------------------------------------------------------------
[2022-11-10 05:13:17] Training loop.       Batches: 60
[2022-11-10 05:13:29] Training loop. The ith epoch completed: 104
[2022-11-10 05:13:29] 
----------------------------------------------------------------------
[2022-11-10 05:13:29] Training loop.       Batches: 60
[2022-11-10 05:13:41] test set
[2022-11-10 05:13:41] validation set
[2022-11-10 05:13:42] val loss      : 0.4684
[2022-11-10 05:13:42] val acc       : 0.9540
[2022-11-10 05:13:42] val precision : 0.9563
[2022-11-10 05:13:42] val recall    : 0.9520
[2022-11-10 05:13:42] val f1        : 0.9533
[2022-11-10 05:13:42] val mcc       : 0.0000
[2022-11-10 05:13:42] Training loop. The ith epoch completed: 105
[2022-11-10 05:13:42] 
----------------------------------------------------------------------
[2022-11-10 05:13:42] Training loop.       Batches: 60
[2022-11-10 05:13:53] Training loop. The ith epoch completed: 106
[2022-11-10 05:13:53] 
----------------------------------------------------------------------
[2022-11-10 05:13:53] Training loop.       Batches: 60
[2022-11-10 05:14:05] Training loop. The ith epoch completed: 107
[2022-11-10 05:14:05] 
----------------------------------------------------------------------
[2022-11-10 05:14:05] Training loop.       Batches: 60
[2022-11-10 05:14:17] Training loop. The ith epoch completed: 108
[2022-11-10 05:14:17] 
----------------------------------------------------------------------
[2022-11-10 05:14:17] Training loop.       Batches: 60
[2022-11-10 05:14:29] Training loop. The ith epoch completed: 109
[2022-11-10 05:14:29] 
----------------------------------------------------------------------
[2022-11-10 05:14:29] Training loop.       Batches: 60
[2022-11-10 05:14:41] test set
[2022-11-10 05:14:41] validation set
[2022-11-10 05:14:42] val loss      : 0.4121
[2022-11-10 05:14:42] val acc       : 0.9570
[2022-11-10 05:14:42] val precision : 0.9573
[2022-11-10 05:14:42] val recall    : 0.9552
[2022-11-10 05:14:42] val f1        : 0.9558
[2022-11-10 05:14:42] val mcc       : 0.0000
[2022-11-10 05:14:42] Training loop. The ith epoch completed: 110
[2022-11-10 05:14:42] 
----------------------------------------------------------------------
[2022-11-10 05:14:42] Training loop.       Batches: 60
[2022-11-10 05:14:53] Training loop. The ith epoch completed: 111
[2022-11-10 05:14:53] 
----------------------------------------------------------------------
[2022-11-10 05:14:53] Training loop.       Batches: 60
[2022-11-10 05:15:05] Training loop. The ith epoch completed: 112
[2022-11-10 05:15:05] 
----------------------------------------------------------------------
[2022-11-10 05:15:05] Training loop.       Batches: 60
[2022-11-10 05:15:17] Training loop. The ith epoch completed: 113
[2022-11-10 05:15:17] 
----------------------------------------------------------------------
[2022-11-10 05:15:17] Training loop.       Batches: 60
[2022-11-10 05:15:29] Training loop. The ith epoch completed: 114
[2022-11-10 05:15:29] 
----------------------------------------------------------------------
[2022-11-10 05:15:29] Training loop.       Batches: 60
[2022-11-10 05:15:40] test set
[2022-11-10 05:15:40] validation set
[2022-11-10 05:15:41] val loss      : 0.3989
[2022-11-10 05:15:41] val acc       : 0.9620
[2022-11-10 05:15:41] val precision : 0.9623
[2022-11-10 05:15:41] val recall    : 0.9619
[2022-11-10 05:15:41] val f1        : 0.9616
[2022-11-10 05:15:41] val mcc       : 0.0000
[2022-11-10 05:15:41] Training loop. The ith epoch completed: 115
[2022-11-10 05:15:41] 
----------------------------------------------------------------------
[2022-11-10 05:15:41] Training loop.       Batches: 60
[2022-11-10 05:15:53] Training loop. The ith epoch completed: 116
[2022-11-10 05:15:53] 
----------------------------------------------------------------------
[2022-11-10 05:15:53] Training loop.       Batches: 60
[2022-11-10 05:16:05] Training loop. The ith epoch completed: 117
[2022-11-10 05:16:05] 
----------------------------------------------------------------------
[2022-11-10 05:16:05] Training loop.       Batches: 60
[2022-11-10 05:16:16] Training loop. The ith epoch completed: 118
[2022-11-10 05:16:16] 
----------------------------------------------------------------------
[2022-11-10 05:16:16] Training loop.       Batches: 60
[2022-11-10 05:16:28] Training loop. The ith epoch completed: 119
[2022-11-10 05:16:28] 
----------------------------------------------------------------------
[2022-11-10 05:16:28] Training loop.       Batches: 60
[2022-11-10 05:16:40] test set
[2022-11-10 05:16:40] validation set
[2022-11-10 05:16:41] val loss      : 0.4494
[2022-11-10 05:16:41] val acc       : 0.9600
[2022-11-10 05:16:41] val precision : 0.9610
[2022-11-10 05:16:41] val recall    : 0.9606
[2022-11-10 05:16:41] val f1        : 0.9599
[2022-11-10 05:16:41] val mcc       : 0.0000
[2022-11-10 05:16:41] Training loop. The ith epoch completed: 120
[2022-11-10 05:16:41] 
----------------------------------------------------------------------
[2022-11-10 05:16:41] Training loop.       Batches: 60
[2022-11-10 05:16:53] Training loop. The ith epoch completed: 121
[2022-11-10 05:16:53] 
----------------------------------------------------------------------
[2022-11-10 05:16:53] Training loop.       Batches: 60
[2022-11-10 05:17:04] Training loop. The ith epoch completed: 122
[2022-11-10 05:17:05] 
----------------------------------------------------------------------
[2022-11-10 05:17:05] Training loop.       Batches: 60
[2022-11-10 05:17:16] Training loop. The ith epoch completed: 123
[2022-11-10 05:17:16] 
----------------------------------------------------------------------
[2022-11-10 05:17:16] Training loop.       Batches: 60
[2022-11-10 05:17:28] Training loop. The ith epoch completed: 124
[2022-11-10 05:17:28] 
----------------------------------------------------------------------
[2022-11-10 05:17:28] Training loop.       Batches: 60
[2022-11-10 05:17:40] test set
[2022-11-10 05:17:40] validation set
[2022-11-10 05:17:41] val loss      : 0.4163
[2022-11-10 05:17:41] val acc       : 0.9640
[2022-11-10 05:17:41] val precision : 0.9646
[2022-11-10 05:17:41] val recall    : 0.9646
[2022-11-10 05:17:41] val f1        : 0.9638
[2022-11-10 05:17:41] val mcc       : 0.0000
[2022-11-10 05:17:41] Training loop. The ith epoch completed: 125
[2022-11-10 05:17:41] 
----------------------------------------------------------------------
[2022-11-10 05:17:41] Training loop.       Batches: 60
[2022-11-10 05:17:53] Training loop. The ith epoch completed: 126
[2022-11-10 05:17:53] 
----------------------------------------------------------------------
[2022-11-10 05:17:53] Training loop.       Batches: 60
[2022-11-10 05:18:04] Training loop. The ith epoch completed: 127
[2022-11-10 05:18:04] 
----------------------------------------------------------------------
[2022-11-10 05:18:04] Training loop.       Batches: 60
[2022-11-10 05:18:16] Training loop. The ith epoch completed: 128
[2022-11-10 05:18:16] 
----------------------------------------------------------------------
[2022-11-10 05:18:16] Training loop.       Batches: 60
[2022-11-10 05:18:28] Training loop. The ith epoch completed: 129
[2022-11-10 05:18:28] 
----------------------------------------------------------------------
[2022-11-10 05:18:28] Training loop.       Batches: 60
[2022-11-10 05:18:40] test set
[2022-11-10 05:18:40] validation set
[2022-11-10 05:18:41] val loss      : 0.4027
[2022-11-10 05:18:41] val acc       : 0.9650
[2022-11-10 05:18:41] val precision : 0.9655
[2022-11-10 05:18:41] val recall    : 0.9653
[2022-11-10 05:18:41] val f1        : 0.9646
[2022-11-10 05:18:41] val mcc       : 0.0000
[2022-11-10 05:18:41] Iteration completed: 7800, remained 1200
[2022-11-10 05:18:41] Saving model...
[2022-11-10 05:18:41] 
------------------------------------------------------
[2022-11-10 05:18:41] Training loop. The ith epoch completed: 130
[2022-11-10 05:18:41] 
----------------------------------------------------------------------
[2022-11-10 05:18:41] Training loop.       Batches: 60
[2022-11-10 05:18:53] Training loop. The ith epoch completed: 131
[2022-11-10 05:18:53] 
----------------------------------------------------------------------
[2022-11-10 05:18:53] Training loop.       Batches: 60
[2022-11-10 05:19:05] Training loop. The ith epoch completed: 132
[2022-11-10 05:19:05] 
----------------------------------------------------------------------
[2022-11-10 05:19:05] Training loop.       Batches: 60
[2022-11-10 05:19:16] Training loop. The ith epoch completed: 133
[2022-11-10 05:19:16] 
----------------------------------------------------------------------
[2022-11-10 05:19:16] Training loop.       Batches: 60
[2022-11-10 05:19:28] Training loop. The ith epoch completed: 134
[2022-11-10 05:19:28] 
----------------------------------------------------------------------
[2022-11-10 05:19:28] Training loop.       Batches: 60
[2022-11-10 05:19:40] test set
[2022-11-10 05:19:40] validation set
[2022-11-10 05:19:41] val loss      : 0.4020
[2022-11-10 05:19:41] val acc       : 0.9640
[2022-11-10 05:19:41] val precision : 0.9646
[2022-11-10 05:19:41] val recall    : 0.9646
[2022-11-10 05:19:41] val f1        : 0.9636
[2022-11-10 05:19:41] val mcc       : 0.0000
[2022-11-10 05:19:41] Training loop. The ith epoch completed: 135
[2022-11-10 05:19:41] 
----------------------------------------------------------------------
[2022-11-10 05:19:41] Training loop.       Batches: 60
[2022-11-10 05:19:53] Training loop. The ith epoch completed: 136
[2022-11-10 05:19:53] 
----------------------------------------------------------------------
[2022-11-10 05:19:53] Training loop.       Batches: 60
[2022-11-10 05:20:04] Training loop. The ith epoch completed: 137
[2022-11-10 05:20:04] 
----------------------------------------------------------------------
[2022-11-10 05:20:04] Training loop.       Batches: 60
[2022-11-10 05:20:16] Training loop. The ith epoch completed: 138
[2022-11-10 05:20:16] 
----------------------------------------------------------------------
[2022-11-10 05:20:16] Training loop.       Batches: 60
[2022-11-10 05:20:28] Training loop. The ith epoch completed: 139
[2022-11-10 05:20:28] 
----------------------------------------------------------------------
[2022-11-10 05:20:28] Training loop.       Batches: 60
[2022-11-10 05:20:40] test set
[2022-11-10 05:20:40] validation set
[2022-11-10 05:20:41] val loss      : 0.3810
[2022-11-10 05:20:41] val acc       : 0.9670
[2022-11-10 05:20:41] val precision : 0.9673
[2022-11-10 05:20:41] val recall    : 0.9666
[2022-11-10 05:20:41] val f1        : 0.9668
[2022-11-10 05:20:41] val mcc       : 0.0000
[2022-11-10 05:20:41] Iteration completed: 8400, remained 600
[2022-11-10 05:20:41] Saving model...
[2022-11-10 05:20:41] 
------------------------------------------------------
[2022-11-10 05:20:41] Training loop. The ith epoch completed: 140
[2022-11-10 05:20:41] 
----------------------------------------------------------------------
[2022-11-10 05:20:41] Training loop.       Batches: 60
[2022-11-10 05:20:52] Training loop. The ith epoch completed: 141
[2022-11-10 05:20:52] 
----------------------------------------------------------------------
[2022-11-10 05:20:52] Training loop.       Batches: 60
[2022-11-10 05:21:04] Training loop. The ith epoch completed: 142
[2022-11-10 05:21:04] 
----------------------------------------------------------------------
[2022-11-10 05:21:04] Training loop.       Batches: 60
[2022-11-10 05:21:16] Training loop. The ith epoch completed: 143
[2022-11-10 05:21:16] 
----------------------------------------------------------------------
[2022-11-10 05:21:16] Training loop.       Batches: 60
[2022-11-10 05:21:28] Training loop. The ith epoch completed: 144
[2022-11-10 05:21:28] 
----------------------------------------------------------------------
[2022-11-10 05:21:28] Training loop.       Batches: 60
[2022-11-10 05:21:40] test set
[2022-11-10 05:21:40] validation set
[2022-11-10 05:21:41] val loss      : 0.3828
[2022-11-10 05:21:41] val acc       : 0.9660
[2022-11-10 05:21:41] val precision : 0.9651
[2022-11-10 05:21:41] val recall    : 0.9667
[2022-11-10 05:21:41] val f1        : 0.9655
[2022-11-10 05:21:41] val mcc       : 0.0000
[2022-11-10 05:21:41] Training loop. The ith epoch completed: 145
[2022-11-10 05:21:41] 
----------------------------------------------------------------------
[2022-11-10 05:21:41] Training loop.       Batches: 60
[2022-11-10 05:21:52] Training loop. The ith epoch completed: 146
[2022-11-10 05:21:52] 
----------------------------------------------------------------------
[2022-11-10 05:21:52] Training loop.       Batches: 60
[2022-11-10 05:22:04] Training loop. The ith epoch completed: 147
[2022-11-10 05:22:04] 
----------------------------------------------------------------------
[2022-11-10 05:22:04] Training loop.       Batches: 60
[2022-11-10 05:22:16] Training loop. The ith epoch completed: 148
[2022-11-10 05:22:16] 
----------------------------------------------------------------------
[2022-11-10 05:22:16] Training loop.       Batches: 60
[2022-11-10 05:22:28] Training loop. The ith epoch completed: 149
[2022-11-10 05:22:28] 
----------------------------------------------------------------------
[2022-11-10 05:22:28] Training loop.       Batches: 60
[2022-11-10 05:22:39] test set
[2022-11-10 05:22:39] validation set
[2022-11-10 05:22:41] val loss      : 0.3822
[2022-11-10 05:22:41] val acc       : 0.9640
[2022-11-10 05:22:41] val precision : 0.9648
[2022-11-10 05:22:41] val recall    : 0.9636
[2022-11-10 05:22:41] val f1        : 0.9637
[2022-11-10 05:22:41] val mcc       : 0.0000
[2022-11-10 05:22:41] Training loop. The ith epoch completed: 150
[2022-11-10 05:22:41] best loss      : 0.3810
[2022-11-10 05:22:41] best acc       : 0.9670
[2022-11-10 05:22:41] best precision : 0.9673
[2022-11-10 05:22:41] best recall    : 0.9666
[2022-11-10 05:22:41] best f1        : 0.9668
[2022-11-10 05:22:41] best mcc       : 0.0000
[2022-11-10 05:22:41] Training complete.
