[2022-11-10 05:53:19] model params: 97719875
[2022-11-10 05:53:19] model params with gradients:1657667
[2022-11-10 05:53:19] Additional parameters 1657667 / 97719875 = 0.0173
[2022-11-10 05:53:19] Setup data...
[2022-11-10 05:53:21] Done.
[2022-11-10 05:53:21] Batch schedule
[2022-11-10 05:53:21] [(100, 30)]
[2022-11-10 05:53:21] Wrapping models and optimizers...
[2022-11-10 05:53:21] Begin training iterations
[2022-11-10 05:53:21] Total iteration: 9000
[2022-11-10 05:53:21] 
----------------------------------------------------------------------
[2022-11-10 05:53:21] Training loop.       Batches: 60
[2022-11-10 05:53:33] Training loop. The ith epoch completed: 1
[2022-11-10 05:53:33] 
----------------------------------------------------------------------
[2022-11-10 05:53:33] Training loop.       Batches: 60
[2022-11-10 05:53:45] Training loop. The ith epoch completed: 2
[2022-11-10 05:53:45] 
----------------------------------------------------------------------
[2022-11-10 05:53:45] Training loop.       Batches: 60
[2022-11-10 05:53:57] Training loop. The ith epoch completed: 3
[2022-11-10 05:53:57] 
----------------------------------------------------------------------
[2022-11-10 05:53:57] Training loop.       Batches: 60
[2022-11-10 05:54:09] Training loop. The ith epoch completed: 4
[2022-11-10 05:54:09] 
----------------------------------------------------------------------
[2022-11-10 05:54:09] Training loop.       Batches: 60
[2022-11-10 05:54:20] test set
[2022-11-10 05:54:20] validation set
[2022-11-10 05:54:22] val loss      : 0.2296
[2022-11-10 05:54:22] val acc       : 0.9110
[2022-11-10 05:54:22] val precision : 0.9123
[2022-11-10 05:54:22] val recall    : 0.9103
[2022-11-10 05:54:22] val f1        : 0.9104
[2022-11-10 05:54:22] val mcc       : 0.0000
[2022-11-10 05:54:22] Iteration completed: 300, remained 8700
[2022-11-10 05:54:22] Saving model...
[2022-11-10 05:54:22] 
------------------------------------------------------
[2022-11-10 05:54:22] Training loop. The ith epoch completed: 5
[2022-11-10 05:54:22] 
----------------------------------------------------------------------
[2022-11-10 05:54:22] Training loop.       Batches: 60
[2022-11-10 05:54:34] Training loop. The ith epoch completed: 6
[2022-11-10 05:54:34] 
----------------------------------------------------------------------
[2022-11-10 05:54:34] Training loop.       Batches: 60
[2022-11-10 05:54:45] Training loop. The ith epoch completed: 7
[2022-11-10 05:54:45] 
----------------------------------------------------------------------
[2022-11-10 05:54:45] Training loop.       Batches: 60
[2022-11-10 05:54:57] Training loop. The ith epoch completed: 8
[2022-11-10 05:54:57] 
----------------------------------------------------------------------
[2022-11-10 05:54:57] Training loop.       Batches: 60
[2022-11-10 05:55:09] Training loop. The ith epoch completed: 9
[2022-11-10 05:55:09] 
----------------------------------------------------------------------
[2022-11-10 05:55:09] Training loop.       Batches: 60
[2022-11-10 05:55:21] test set
[2022-11-10 05:55:21] validation set
[2022-11-10 05:55:22] val loss      : 0.1764
[2022-11-10 05:55:22] val acc       : 0.9430
[2022-11-10 05:55:22] val precision : 0.9445
[2022-11-10 05:55:22] val recall    : 0.9429
[2022-11-10 05:55:22] val f1        : 0.9425
[2022-11-10 05:55:22] val mcc       : 0.0000
[2022-11-10 05:55:22] Iteration completed: 600, remained 8400
[2022-11-10 05:55:22] Saving model...
[2022-11-10 05:55:22] 
------------------------------------------------------
[2022-11-10 05:55:22] Training loop. The ith epoch completed: 10
[2022-11-10 05:55:22] 
----------------------------------------------------------------------
[2022-11-10 05:55:22] Training loop.       Batches: 60
[2022-11-10 05:55:34] Training loop. The ith epoch completed: 11
[2022-11-10 05:55:34] 
----------------------------------------------------------------------
[2022-11-10 05:55:34] Training loop.       Batches: 60
[2022-11-10 05:55:46] Training loop. The ith epoch completed: 12
[2022-11-10 05:55:46] 
----------------------------------------------------------------------
[2022-11-10 05:55:46] Training loop.       Batches: 60
[2022-11-10 05:55:58] Training loop. The ith epoch completed: 13
[2022-11-10 05:55:58] 
----------------------------------------------------------------------
[2022-11-10 05:55:58] Training loop.       Batches: 60
[2022-11-10 05:56:09] Training loop. The ith epoch completed: 14
[2022-11-10 05:56:09] 
----------------------------------------------------------------------
[2022-11-10 05:56:09] Training loop.       Batches: 60
[2022-11-10 05:56:21] test set
[2022-11-10 05:56:21] validation set
[2022-11-10 05:56:22] val loss      : 0.1678
[2022-11-10 05:56:22] val acc       : 0.9440
[2022-11-10 05:56:22] val precision : 0.9450
[2022-11-10 05:56:22] val recall    : 0.9434
[2022-11-10 05:56:22] val f1        : 0.9433
[2022-11-10 05:56:22] val mcc       : 0.0000
[2022-11-10 05:56:22] Iteration completed: 900, remained 8100
[2022-11-10 05:56:22] Saving model...
[2022-11-10 05:56:22] 
------------------------------------------------------
[2022-11-10 05:56:23] Training loop. The ith epoch completed: 15
[2022-11-10 05:56:23] 
----------------------------------------------------------------------
[2022-11-10 05:56:23] Training loop.       Batches: 60
[2022-11-10 05:56:34] Training loop. The ith epoch completed: 16
[2022-11-10 05:56:34] 
----------------------------------------------------------------------
[2022-11-10 05:56:34] Training loop.       Batches: 60
[2022-11-10 05:56:46] Training loop. The ith epoch completed: 17
[2022-11-10 05:56:46] 
----------------------------------------------------------------------
[2022-11-10 05:56:46] Training loop.       Batches: 60
[2022-11-10 05:56:58] Training loop. The ith epoch completed: 18
[2022-11-10 05:56:58] 
----------------------------------------------------------------------
[2022-11-10 05:56:58] Training loop.       Batches: 60
[2022-11-10 05:57:10] Training loop. The ith epoch completed: 19
[2022-11-10 05:57:10] 
----------------------------------------------------------------------
[2022-11-10 05:57:10] Training loop.       Batches: 60
[2022-11-10 05:57:22] test set
[2022-11-10 05:57:22] validation set
[2022-11-10 05:57:23] val loss      : 0.1915
[2022-11-10 05:57:23] val acc       : 0.9430
[2022-11-10 05:57:23] val precision : 0.9422
[2022-11-10 05:57:23] val recall    : 0.9438
[2022-11-10 05:57:23] val f1        : 0.9425
[2022-11-10 05:57:23] val mcc       : 0.0000
[2022-11-10 05:57:23] Training loop. The ith epoch completed: 20
[2022-11-10 05:57:23] 
----------------------------------------------------------------------
[2022-11-10 05:57:23] Training loop.       Batches: 60
[2022-11-10 05:57:35] Training loop. The ith epoch completed: 21
[2022-11-10 05:57:35] 
----------------------------------------------------------------------
[2022-11-10 05:57:35] Training loop.       Batches: 60
[2022-11-10 05:57:47] Training loop. The ith epoch completed: 22
[2022-11-10 05:57:47] 
----------------------------------------------------------------------
[2022-11-10 05:57:47] Training loop.       Batches: 60
[2022-11-10 05:57:58] Training loop. The ith epoch completed: 23
[2022-11-10 05:57:58] 
----------------------------------------------------------------------
[2022-11-10 05:57:58] Training loop.       Batches: 60
[2022-11-10 05:58:10] Training loop. The ith epoch completed: 24
[2022-11-10 05:58:10] 
----------------------------------------------------------------------
[2022-11-10 05:58:10] Training loop.       Batches: 60
[2022-11-10 05:58:22] test set
[2022-11-10 05:58:22] validation set
[2022-11-10 05:58:23] val loss      : 0.2287
[2022-11-10 05:58:23] val acc       : 0.9460
[2022-11-10 05:58:23] val precision : 0.9469
[2022-11-10 05:58:23] val recall    : 0.9454
[2022-11-10 05:58:23] val f1        : 0.9455
[2022-11-10 05:58:23] val mcc       : 0.0000
[2022-11-10 05:58:23] Iteration completed: 1500, remained 7500
[2022-11-10 05:58:23] Saving model...
[2022-11-10 05:58:23] 
------------------------------------------------------
[2022-11-10 05:58:23] Training loop. The ith epoch completed: 25
[2022-11-10 05:58:23] 
----------------------------------------------------------------------
[2022-11-10 05:58:23] Training loop.       Batches: 60
[2022-11-10 05:58:35] Training loop. The ith epoch completed: 26
[2022-11-10 05:58:35] 
----------------------------------------------------------------------
[2022-11-10 05:58:35] Training loop.       Batches: 60
[2022-11-10 05:58:47] Training loop. The ith epoch completed: 27
[2022-11-10 05:58:47] 
----------------------------------------------------------------------
[2022-11-10 05:58:47] Training loop.       Batches: 60
[2022-11-10 05:58:59] Training loop. The ith epoch completed: 28
[2022-11-10 05:58:59] 
----------------------------------------------------------------------
[2022-11-10 05:58:59] Training loop.       Batches: 60
[2022-11-10 05:59:10] Training loop. The ith epoch completed: 29
[2022-11-10 05:59:10] 
----------------------------------------------------------------------
[2022-11-10 05:59:10] Training loop.       Batches: 60
[2022-11-10 05:59:22] test set
[2022-11-10 05:59:22] validation set
[2022-11-10 05:59:23] val loss      : 0.2623
[2022-11-10 05:59:23] val acc       : 0.9460
[2022-11-10 05:59:23] val precision : 0.9470
[2022-11-10 05:59:23] val recall    : 0.9450
[2022-11-10 05:59:23] val f1        : 0.9454
[2022-11-10 05:59:23] val mcc       : 0.0000
[2022-11-10 05:59:23] Iteration completed: 1800, remained 7200
[2022-11-10 05:59:23] Saving model...
[2022-11-10 05:59:23] 
------------------------------------------------------
[2022-11-10 05:59:23] Training loop. The ith epoch completed: 30
[2022-11-10 05:59:23] 
----------------------------------------------------------------------
[2022-11-10 05:59:23] Training loop.       Batches: 60
[2022-11-10 05:59:35] Training loop. The ith epoch completed: 31
[2022-11-10 05:59:35] 
----------------------------------------------------------------------
[2022-11-10 05:59:35] Training loop.       Batches: 60
[2022-11-10 05:59:47] Training loop. The ith epoch completed: 32
[2022-11-10 05:59:47] 
----------------------------------------------------------------------
[2022-11-10 05:59:47] Training loop.       Batches: 60
[2022-11-10 05:59:59] Training loop. The ith epoch completed: 33
[2022-11-10 05:59:59] 
----------------------------------------------------------------------
[2022-11-10 05:59:59] Training loop.       Batches: 60
[2022-11-10 06:00:11] Training loop. The ith epoch completed: 34
[2022-11-10 06:00:11] 
----------------------------------------------------------------------
[2022-11-10 06:00:11] Training loop.       Batches: 60
[2022-11-10 06:00:22] test set
[2022-11-10 06:00:22] validation set
[2022-11-10 06:00:24] val loss      : 0.3371
[2022-11-10 06:00:24] val acc       : 0.9430
[2022-11-10 06:00:24] val precision : 0.9425
[2022-11-10 06:00:24] val recall    : 0.9436
[2022-11-10 06:00:24] val f1        : 0.9426
[2022-11-10 06:00:24] val mcc       : 0.0000
[2022-11-10 06:00:24] Training loop. The ith epoch completed: 35
[2022-11-10 06:00:24] 
----------------------------------------------------------------------
[2022-11-10 06:00:24] Training loop.       Batches: 60
[2022-11-10 06:00:36] Training loop. The ith epoch completed: 36
[2022-11-10 06:00:36] 
----------------------------------------------------------------------
[2022-11-10 06:00:36] Training loop.       Batches: 60
[2022-11-10 06:00:47] Training loop. The ith epoch completed: 37
[2022-11-10 06:00:47] 
----------------------------------------------------------------------
[2022-11-10 06:00:47] Training loop.       Batches: 60
[2022-11-10 06:00:59] Training loop. The ith epoch completed: 38
[2022-11-10 06:00:59] 
----------------------------------------------------------------------
[2022-11-10 06:00:59] Training loop.       Batches: 60
[2022-11-10 06:01:11] Training loop. The ith epoch completed: 39
[2022-11-10 06:01:11] 
----------------------------------------------------------------------
[2022-11-10 06:01:11] Training loop.       Batches: 60
[2022-11-10 06:01:23] test set
[2022-11-10 06:01:23] validation set
[2022-11-10 06:01:24] val loss      : 0.3669
[2022-11-10 06:01:24] val acc       : 0.9490
[2022-11-10 06:01:24] val precision : 0.9492
[2022-11-10 06:01:24] val recall    : 0.9475
[2022-11-10 06:01:24] val f1        : 0.9480
[2022-11-10 06:01:24] val mcc       : 0.0000
[2022-11-10 06:01:24] Iteration completed: 2400, remained 6600
[2022-11-10 06:01:24] Saving model...
[2022-11-10 06:01:24] 
------------------------------------------------------
[2022-11-10 06:01:24] Training loop. The ith epoch completed: 40
[2022-11-10 06:01:24] 
----------------------------------------------------------------------
[2022-11-10 06:01:24] Training loop.       Batches: 60
[2022-11-10 06:01:36] Training loop. The ith epoch completed: 41
[2022-11-10 06:01:36] 
----------------------------------------------------------------------
[2022-11-10 06:01:36] Training loop.       Batches: 60
[2022-11-10 06:01:47] Training loop. The ith epoch completed: 42
[2022-11-10 06:01:47] 
----------------------------------------------------------------------
[2022-11-10 06:01:47] Training loop.       Batches: 60
[2022-11-10 06:01:59] Training loop. The ith epoch completed: 43
[2022-11-10 06:01:59] 
----------------------------------------------------------------------
[2022-11-10 06:01:59] Training loop.       Batches: 60
[2022-11-10 06:02:11] Training loop. The ith epoch completed: 44
[2022-11-10 06:02:11] 
----------------------------------------------------------------------
[2022-11-10 06:02:11] Training loop.       Batches: 60
[2022-11-10 06:02:23] test set
[2022-11-10 06:02:23] validation set
[2022-11-10 06:02:24] val loss      : 0.3699
[2022-11-10 06:02:24] val acc       : 0.9500
[2022-11-10 06:02:24] val precision : 0.9503
[2022-11-10 06:02:24] val recall    : 0.9498
[2022-11-10 06:02:24] val f1        : 0.9498
[2022-11-10 06:02:24] val mcc       : 0.0000
[2022-11-10 06:02:24] Iteration completed: 2700, remained 6300
[2022-11-10 06:02:24] Saving model...
[2022-11-10 06:02:24] 
------------------------------------------------------
[2022-11-10 06:02:24] Training loop. The ith epoch completed: 45
[2022-11-10 06:02:24] 
----------------------------------------------------------------------
[2022-11-10 06:02:24] Training loop.       Batches: 60
[2022-11-10 06:02:36] Training loop. The ith epoch completed: 46
[2022-11-10 06:02:36] 
----------------------------------------------------------------------
[2022-11-10 06:02:36] Training loop.       Batches: 60
[2022-11-10 06:02:48] Training loop. The ith epoch completed: 47
[2022-11-10 06:02:48] 
----------------------------------------------------------------------
[2022-11-10 06:02:48] Training loop.       Batches: 60
[2022-11-10 06:03:00] Training loop. The ith epoch completed: 48
[2022-11-10 06:03:00] 
----------------------------------------------------------------------
[2022-11-10 06:03:00] Training loop.       Batches: 60
[2022-11-10 06:03:11] Training loop. The ith epoch completed: 49
[2022-11-10 06:03:11] 
----------------------------------------------------------------------
[2022-11-10 06:03:11] Training loop.       Batches: 60
[2022-11-10 06:03:23] test set
[2022-11-10 06:03:23] validation set
[2022-11-10 06:03:24] val loss      : 0.4221
[2022-11-10 06:03:24] val acc       : 0.9420
[2022-11-10 06:03:24] val precision : 0.9423
[2022-11-10 06:03:24] val recall    : 0.9406
[2022-11-10 06:03:24] val f1        : 0.9411
[2022-11-10 06:03:24] val mcc       : 0.0000
[2022-11-10 06:03:24] Training loop. The ith epoch completed: 50
[2022-11-10 06:03:24] 
----------------------------------------------------------------------
[2022-11-10 06:03:24] Training loop.       Batches: 60
[2022-11-10 06:03:36] Training loop. The ith epoch completed: 51
[2022-11-10 06:03:36] 
----------------------------------------------------------------------
[2022-11-10 06:03:36] Training loop.       Batches: 60
[2022-11-10 06:03:48] Training loop. The ith epoch completed: 52
[2022-11-10 06:03:48] 
----------------------------------------------------------------------
[2022-11-10 06:03:48] Training loop.       Batches: 60
[2022-11-10 06:04:00] Training loop. The ith epoch completed: 53
[2022-11-10 06:04:00] 
----------------------------------------------------------------------
[2022-11-10 06:04:00] Training loop.       Batches: 60
[2022-11-10 06:04:12] Training loop. The ith epoch completed: 54
[2022-11-10 06:04:12] 
----------------------------------------------------------------------
[2022-11-10 06:04:12] Training loop.       Batches: 60
[2022-11-10 06:04:23] test set
[2022-11-10 06:04:23] validation set
[2022-11-10 06:04:24] val loss      : 0.4674
[2022-11-10 06:04:24] val acc       : 0.9420
[2022-11-10 06:04:24] val precision : 0.9433
[2022-11-10 06:04:24] val recall    : 0.9409
[2022-11-10 06:04:24] val f1        : 0.9415
[2022-11-10 06:04:24] val mcc       : 0.0000
[2022-11-10 06:04:24] Training loop. The ith epoch completed: 55
[2022-11-10 06:04:24] 
----------------------------------------------------------------------
[2022-11-10 06:04:24] Training loop.       Batches: 60
[2022-11-10 06:04:36] Training loop. The ith epoch completed: 56
[2022-11-10 06:04:36] 
----------------------------------------------------------------------
[2022-11-10 06:04:36] Training loop.       Batches: 60
[2022-11-10 06:04:48] Training loop. The ith epoch completed: 57
[2022-11-10 06:04:48] 
----------------------------------------------------------------------
[2022-11-10 06:04:48] Training loop.       Batches: 60
[2022-11-10 06:05:00] Training loop. The ith epoch completed: 58
[2022-11-10 06:05:00] 
----------------------------------------------------------------------
[2022-11-10 06:05:00] Training loop.       Batches: 60
[2022-11-10 06:05:12] Training loop. The ith epoch completed: 59
[2022-11-10 06:05:12] 
----------------------------------------------------------------------
[2022-11-10 06:05:12] Training loop.       Batches: 60
[2022-11-10 06:05:23] test set
[2022-11-10 06:05:23] validation set
[2022-11-10 06:05:25] val loss      : 0.4615
[2022-11-10 06:05:25] val acc       : 0.9430
[2022-11-10 06:05:25] val precision : 0.9434
[2022-11-10 06:05:25] val recall    : 0.9425
[2022-11-10 06:05:25] val f1        : 0.9426
[2022-11-10 06:05:25] val mcc       : 0.0000
[2022-11-10 06:05:25] Training loop. The ith epoch completed: 60
[2022-11-10 06:05:25] 
----------------------------------------------------------------------
[2022-11-10 06:05:25] Training loop.       Batches: 60
[2022-11-10 06:05:36] Training loop. The ith epoch completed: 61
[2022-11-10 06:05:36] 
----------------------------------------------------------------------
[2022-11-10 06:05:36] Training loop.       Batches: 60
[2022-11-10 06:05:48] Training loop. The ith epoch completed: 62
[2022-11-10 06:05:48] 
----------------------------------------------------------------------
[2022-11-10 06:05:48] Training loop.       Batches: 60
[2022-11-10 06:06:00] Training loop. The ith epoch completed: 63
[2022-11-10 06:06:00] 
----------------------------------------------------------------------
[2022-11-10 06:06:00] Training loop.       Batches: 60
[2022-11-10 06:06:12] Training loop. The ith epoch completed: 64
[2022-11-10 06:06:12] 
----------------------------------------------------------------------
[2022-11-10 06:06:12] Training loop.       Batches: 60
[2022-11-10 06:06:23] test set
[2022-11-10 06:06:23] validation set
[2022-11-10 06:06:25] val loss      : 0.4849
[2022-11-10 06:06:25] val acc       : 0.9410
[2022-11-10 06:06:25] val precision : 0.9418
[2022-11-10 06:06:25] val recall    : 0.9405
[2022-11-10 06:06:25] val f1        : 0.9406
[2022-11-10 06:06:25] val mcc       : 0.0000
[2022-11-10 06:06:25] Training loop. The ith epoch completed: 65
[2022-11-10 06:06:25] 
----------------------------------------------------------------------
[2022-11-10 06:06:25] Training loop.       Batches: 60
[2022-11-10 06:06:36] Training loop. The ith epoch completed: 66
[2022-11-10 06:06:36] 
----------------------------------------------------------------------
[2022-11-10 06:06:36] Training loop.       Batches: 60
[2022-11-10 06:06:48] Training loop. The ith epoch completed: 67
[2022-11-10 06:06:48] 
----------------------------------------------------------------------
[2022-11-10 06:06:48] Training loop.       Batches: 60
[2022-11-10 06:07:00] Training loop. The ith epoch completed: 68
[2022-11-10 06:07:00] 
----------------------------------------------------------------------
[2022-11-10 06:07:00] Training loop.       Batches: 60
[2022-11-10 06:07:12] Training loop. The ith epoch completed: 69
[2022-11-10 06:07:12] 
----------------------------------------------------------------------
[2022-11-10 06:07:12] Training loop.       Batches: 60
[2022-11-10 06:07:23] test set
[2022-11-10 06:07:23] validation set
[2022-11-10 06:07:25] val loss      : 0.4651
[2022-11-10 06:07:25] val acc       : 0.9440
[2022-11-10 06:07:25] val precision : 0.9453
[2022-11-10 06:07:25] val recall    : 0.9432
[2022-11-10 06:07:25] val f1        : 0.9436
[2022-11-10 06:07:25] val mcc       : 0.0000
[2022-11-10 06:07:25] Training loop. The ith epoch completed: 70
[2022-11-10 06:07:25] 
----------------------------------------------------------------------
[2022-11-10 06:07:25] Training loop.       Batches: 60
[2022-11-10 06:07:37] Training loop. The ith epoch completed: 71
[2022-11-10 06:07:37] 
----------------------------------------------------------------------
[2022-11-10 06:07:37] Training loop.       Batches: 60
[2022-11-10 06:07:48] Training loop. The ith epoch completed: 72
[2022-11-10 06:07:48] 
----------------------------------------------------------------------
[2022-11-10 06:07:48] Training loop.       Batches: 60
[2022-11-10 06:08:00] Training loop. The ith epoch completed: 73
[2022-11-10 06:08:00] 
----------------------------------------------------------------------
[2022-11-10 06:08:00] Training loop.       Batches: 60
[2022-11-10 06:08:12] Training loop. The ith epoch completed: 74
[2022-11-10 06:08:12] 
----------------------------------------------------------------------
[2022-11-10 06:08:12] Training loop.       Batches: 60
[2022-11-10 06:08:24] test set
[2022-11-10 06:08:24] validation set
[2022-11-10 06:08:25] val loss      : 0.4834
[2022-11-10 06:08:25] val acc       : 0.9410
[2022-11-10 06:08:25] val precision : 0.9416
[2022-11-10 06:08:25] val recall    : 0.9417
[2022-11-10 06:08:25] val f1        : 0.9408
[2022-11-10 06:08:25] val mcc       : 0.0000
[2022-11-10 06:08:25] Training loop. The ith epoch completed: 75
[2022-11-10 06:08:25] 
----------------------------------------------------------------------
[2022-11-10 06:08:25] Training loop.       Batches: 60
[2022-11-10 06:08:37] Training loop. The ith epoch completed: 76
[2022-11-10 06:08:37] 
----------------------------------------------------------------------
[2022-11-10 06:08:37] Training loop.       Batches: 60
[2022-11-10 06:08:48] Training loop. The ith epoch completed: 77
[2022-11-10 06:08:48] 
----------------------------------------------------------------------
[2022-11-10 06:08:48] Training loop.       Batches: 60
[2022-11-10 06:09:00] Training loop. The ith epoch completed: 78
[2022-11-10 06:09:00] 
----------------------------------------------------------------------
[2022-11-10 06:09:00] Training loop.       Batches: 60
[2022-11-10 06:09:12] Training loop. The ith epoch completed: 79
[2022-11-10 06:09:12] 
----------------------------------------------------------------------
[2022-11-10 06:09:12] Training loop.       Batches: 60
[2022-11-10 06:09:24] test set
[2022-11-10 06:09:24] validation set
[2022-11-10 06:09:25] val loss      : 0.5293
[2022-11-10 06:09:25] val acc       : 0.9400
[2022-11-10 06:09:25] val precision : 0.9400
[2022-11-10 06:09:25] val recall    : 0.9403
[2022-11-10 06:09:25] val f1        : 0.9392
[2022-11-10 06:09:25] val mcc       : 0.0000
[2022-11-10 06:09:25] Training loop. The ith epoch completed: 80
[2022-11-10 06:09:25] 
----------------------------------------------------------------------
[2022-11-10 06:09:25] Training loop.       Batches: 60
[2022-11-10 06:09:37] Training loop. The ith epoch completed: 81
[2022-11-10 06:09:37] 
----------------------------------------------------------------------
[2022-11-10 06:09:37] Training loop.       Batches: 60
[2022-11-10 06:09:48] Training loop. The ith epoch completed: 82
[2022-11-10 06:09:48] 
----------------------------------------------------------------------
[2022-11-10 06:09:48] Training loop.       Batches: 60
[2022-11-10 06:10:00] Training loop. The ith epoch completed: 83
[2022-11-10 06:10:00] 
----------------------------------------------------------------------
[2022-11-10 06:10:00] Training loop.       Batches: 60
[2022-11-10 06:10:12] Training loop. The ith epoch completed: 84
[2022-11-10 06:10:12] 
----------------------------------------------------------------------
[2022-11-10 06:10:12] Training loop.       Batches: 60
[2022-11-10 06:10:24] test set
[2022-11-10 06:10:24] validation set
[2022-11-10 06:10:25] val loss      : 0.6295
[2022-11-10 06:10:25] val acc       : 0.9430
[2022-11-10 06:10:25] val precision : 0.9433
[2022-11-10 06:10:25] val recall    : 0.9430
[2022-11-10 06:10:25] val f1        : 0.9426
[2022-11-10 06:10:25] val mcc       : 0.0000
[2022-11-10 06:10:25] Training loop. The ith epoch completed: 85
[2022-11-10 06:10:25] 
----------------------------------------------------------------------
[2022-11-10 06:10:25] Training loop.       Batches: 60
[2022-11-10 06:10:37] Training loop. The ith epoch completed: 86
[2022-11-10 06:10:37] 
----------------------------------------------------------------------
[2022-11-10 06:10:37] Training loop.       Batches: 60
[2022-11-10 06:10:49] Training loop. The ith epoch completed: 87
[2022-11-10 06:10:49] 
----------------------------------------------------------------------
[2022-11-10 06:10:49] Training loop.       Batches: 60
[2022-11-10 06:11:00] Training loop. The ith epoch completed: 88
[2022-11-10 06:11:00] 
----------------------------------------------------------------------
[2022-11-10 06:11:00] Training loop.       Batches: 60
[2022-11-10 06:11:12] Training loop. The ith epoch completed: 89
[2022-11-10 06:11:12] 
----------------------------------------------------------------------
[2022-11-10 06:11:12] Training loop.       Batches: 60
[2022-11-10 06:11:24] test set
[2022-11-10 06:11:24] validation set
[2022-11-10 06:11:25] val loss      : 0.5283
[2022-11-10 06:11:25] val acc       : 0.9520
[2022-11-10 06:11:25] val precision : 0.9519
[2022-11-10 06:11:25] val recall    : 0.9521
[2022-11-10 06:11:25] val f1        : 0.9518
[2022-11-10 06:11:25] val mcc       : 0.0000
[2022-11-10 06:11:25] Iteration completed: 5400, remained 3600
[2022-11-10 06:11:25] Saving model...
[2022-11-10 06:11:25] 
------------------------------------------------------
[2022-11-10 06:11:25] Training loop. The ith epoch completed: 90
[2022-11-10 06:11:25] 
----------------------------------------------------------------------
[2022-11-10 06:11:25] Training loop.       Batches: 60
[2022-11-10 06:11:37] Training loop. The ith epoch completed: 91
[2022-11-10 06:11:37] 
----------------------------------------------------------------------
[2022-11-10 06:11:37] Training loop.       Batches: 60
[2022-11-10 06:11:49] Training loop. The ith epoch completed: 92
[2022-11-10 06:11:49] 
----------------------------------------------------------------------
[2022-11-10 06:11:49] Training loop.       Batches: 60
[2022-11-10 06:12:01] Training loop. The ith epoch completed: 93
[2022-11-10 06:12:01] 
----------------------------------------------------------------------
[2022-11-10 06:12:01] Training loop.       Batches: 60
[2022-11-10 06:12:12] Training loop. The ith epoch completed: 94
[2022-11-10 06:12:12] 
----------------------------------------------------------------------
[2022-11-10 06:12:12] Training loop.       Batches: 60
[2022-11-10 06:12:24] test set
[2022-11-10 06:12:24] validation set
[2022-11-10 06:12:25] val loss      : 0.5872
[2022-11-10 06:12:25] val acc       : 0.9420
[2022-11-10 06:12:25] val precision : 0.9424
[2022-11-10 06:12:25] val recall    : 0.9424
[2022-11-10 06:12:25] val f1        : 0.9417
[2022-11-10 06:12:25] val mcc       : 0.0000
[2022-11-10 06:12:25] Training loop. The ith epoch completed: 95
[2022-11-10 06:12:25] 
----------------------------------------------------------------------
[2022-11-10 06:12:25] Training loop.       Batches: 60
[2022-11-10 06:12:37] Training loop. The ith epoch completed: 96
[2022-11-10 06:12:37] 
----------------------------------------------------------------------
[2022-11-10 06:12:37] Training loop.       Batches: 60
[2022-11-10 06:12:49] Training loop. The ith epoch completed: 97
[2022-11-10 06:12:49] 
----------------------------------------------------------------------
[2022-11-10 06:12:49] Training loop.       Batches: 60
[2022-11-10 06:13:01] Training loop. The ith epoch completed: 98
[2022-11-10 06:13:01] 
----------------------------------------------------------------------
[2022-11-10 06:13:01] Training loop.       Batches: 60
[2022-11-10 06:13:12] Training loop. The ith epoch completed: 99
[2022-11-10 06:13:12] 
----------------------------------------------------------------------
[2022-11-10 06:13:12] Training loop.       Batches: 60
[2022-11-10 06:13:24] test set
[2022-11-10 06:13:24] validation set
[2022-11-10 06:13:25] val loss      : 0.5539
[2022-11-10 06:13:25] val acc       : 0.9470
[2022-11-10 06:13:25] val precision : 0.9473
[2022-11-10 06:13:25] val recall    : 0.9463
[2022-11-10 06:13:25] val f1        : 0.9464
[2022-11-10 06:13:25] val mcc       : 0.0000
[2022-11-10 06:13:25] Training loop. The ith epoch completed: 100
[2022-11-10 06:13:25] 
----------------------------------------------------------------------
[2022-11-10 06:13:25] Training loop.       Batches: 60
[2022-11-10 06:13:37] Training loop. The ith epoch completed: 101
[2022-11-10 06:13:37] 
----------------------------------------------------------------------
[2022-11-10 06:13:37] Training loop.       Batches: 60
[2022-11-10 06:13:49] Training loop. The ith epoch completed: 102
[2022-11-10 06:13:49] 
----------------------------------------------------------------------
[2022-11-10 06:13:49] Training loop.       Batches: 60
[2022-11-10 06:14:01] Training loop. The ith epoch completed: 103
[2022-11-10 06:14:01] 
----------------------------------------------------------------------
[2022-11-10 06:14:01] Training loop.       Batches: 60
[2022-11-10 06:14:12] Training loop. The ith epoch completed: 104
[2022-11-10 06:14:12] 
----------------------------------------------------------------------
[2022-11-10 06:14:12] Training loop.       Batches: 60
[2022-11-10 06:14:24] test set
[2022-11-10 06:14:24] validation set
[2022-11-10 06:14:25] val loss      : 0.5177
[2022-11-10 06:14:25] val acc       : 0.9470
[2022-11-10 06:14:25] val precision : 0.9467
[2022-11-10 06:14:25] val recall    : 0.9466
[2022-11-10 06:14:25] val f1        : 0.9463
[2022-11-10 06:14:25] val mcc       : 0.0000
[2022-11-10 06:14:25] Training loop. The ith epoch completed: 105
[2022-11-10 06:14:25] 
----------------------------------------------------------------------
[2022-11-10 06:14:25] Training loop.       Batches: 60
[2022-11-10 06:14:37] Training loop. The ith epoch completed: 106
[2022-11-10 06:14:37] 
----------------------------------------------------------------------
[2022-11-10 06:14:37] Training loop.       Batches: 60
[2022-11-10 06:14:49] Training loop. The ith epoch completed: 107
[2022-11-10 06:14:49] 
----------------------------------------------------------------------
[2022-11-10 06:14:49] Training loop.       Batches: 60
[2022-11-10 06:15:01] Training loop. The ith epoch completed: 108
[2022-11-10 06:15:01] 
----------------------------------------------------------------------
[2022-11-10 06:15:01] Training loop.       Batches: 60
[2022-11-10 06:15:13] Training loop. The ith epoch completed: 109
[2022-11-10 06:15:13] 
----------------------------------------------------------------------
[2022-11-10 06:15:13] Training loop.       Batches: 60
[2022-11-10 06:15:24] test set
[2022-11-10 06:15:24] validation set
[2022-11-10 06:15:25] val loss      : 0.5833
[2022-11-10 06:15:25] val acc       : 0.9390
[2022-11-10 06:15:25] val precision : 0.9418
[2022-11-10 06:15:25] val recall    : 0.9388
[2022-11-10 06:15:25] val f1        : 0.9388
[2022-11-10 06:15:25] val mcc       : 0.0000
[2022-11-10 06:15:25] Training loop. The ith epoch completed: 110
[2022-11-10 06:15:26] 
----------------------------------------------------------------------
[2022-11-10 06:15:26] Training loop.       Batches: 60
[2022-11-10 06:15:37] Training loop. The ith epoch completed: 111
[2022-11-10 06:15:37] 
----------------------------------------------------------------------
[2022-11-10 06:15:37] Training loop.       Batches: 60
[2022-11-10 06:15:49] Training loop. The ith epoch completed: 112
[2022-11-10 06:15:49] 
----------------------------------------------------------------------
[2022-11-10 06:15:49] Training loop.       Batches: 60
[2022-11-10 06:16:01] Training loop. The ith epoch completed: 113
[2022-11-10 06:16:01] 
----------------------------------------------------------------------
[2022-11-10 06:16:01] Training loop.       Batches: 60
[2022-11-10 06:16:13] Training loop. The ith epoch completed: 114
[2022-11-10 06:16:13] 
----------------------------------------------------------------------
[2022-11-10 06:16:13] Training loop.       Batches: 60
[2022-11-10 06:16:24] test set
[2022-11-10 06:16:24] validation set
[2022-11-10 06:16:26] val loss      : 0.5358
[2022-11-10 06:16:26] val acc       : 0.9440
[2022-11-10 06:16:26] val precision : 0.9435
[2022-11-10 06:16:26] val recall    : 0.9435
[2022-11-10 06:16:26] val f1        : 0.9433
[2022-11-10 06:16:26] val mcc       : 0.0000
[2022-11-10 06:16:26] Training loop. The ith epoch completed: 115
[2022-11-10 06:16:26] 
----------------------------------------------------------------------
[2022-11-10 06:16:26] Training loop.       Batches: 60
[2022-11-10 06:16:37] Training loop. The ith epoch completed: 116
[2022-11-10 06:16:37] 
----------------------------------------------------------------------
[2022-11-10 06:16:37] Training loop.       Batches: 60
[2022-11-10 06:16:49] Training loop. The ith epoch completed: 117
[2022-11-10 06:16:49] 
----------------------------------------------------------------------
[2022-11-10 06:16:49] Training loop.       Batches: 60
[2022-11-10 06:17:01] Training loop. The ith epoch completed: 118
[2022-11-10 06:17:01] 
----------------------------------------------------------------------
[2022-11-10 06:17:01] Training loop.       Batches: 60
[2022-11-10 06:17:13] Training loop. The ith epoch completed: 119
[2022-11-10 06:17:13] 
----------------------------------------------------------------------
[2022-11-10 06:17:13] Training loop.       Batches: 60
[2022-11-10 06:17:25] test set
[2022-11-10 06:17:25] validation set
[2022-11-10 06:17:26] val loss      : 0.5446
[2022-11-10 06:17:26] val acc       : 0.9500
[2022-11-10 06:17:26] val precision : 0.9497
[2022-11-10 06:17:26] val recall    : 0.9505
[2022-11-10 06:17:26] val f1        : 0.9497
[2022-11-10 06:17:26] val mcc       : 0.0000
[2022-11-10 06:17:26] Training loop. The ith epoch completed: 120
[2022-11-10 06:17:26] 
----------------------------------------------------------------------
[2022-11-10 06:17:26] Training loop.       Batches: 60
[2022-11-10 06:17:38] Training loop. The ith epoch completed: 121
[2022-11-10 06:17:38] 
----------------------------------------------------------------------
[2022-11-10 06:17:38] Training loop.       Batches: 60
[2022-11-10 06:17:50] Training loop. The ith epoch completed: 122
[2022-11-10 06:17:50] 
----------------------------------------------------------------------
[2022-11-10 06:17:50] Training loop.       Batches: 60
[2022-11-10 06:18:02] Training loop. The ith epoch completed: 123
[2022-11-10 06:18:02] 
----------------------------------------------------------------------
[2022-11-10 06:18:02] Training loop.       Batches: 60
[2022-11-10 06:18:13] Training loop. The ith epoch completed: 124
[2022-11-10 06:18:13] 
----------------------------------------------------------------------
[2022-11-10 06:18:13] Training loop.       Batches: 60
[2022-11-10 06:18:25] test set
[2022-11-10 06:18:25] validation set
[2022-11-10 06:18:26] val loss      : 0.5597
[2022-11-10 06:18:26] val acc       : 0.9480
[2022-11-10 06:18:26] val precision : 0.9488
[2022-11-10 06:18:26] val recall    : 0.9469
[2022-11-10 06:18:26] val f1        : 0.9475
[2022-11-10 06:18:26] val mcc       : 0.0000
[2022-11-10 06:18:26] Training loop. The ith epoch completed: 125
[2022-11-10 06:18:26] 
----------------------------------------------------------------------
[2022-11-10 06:18:26] Training loop.       Batches: 60
[2022-11-10 06:18:38] Training loop. The ith epoch completed: 126
[2022-11-10 06:18:38] 
----------------------------------------------------------------------
[2022-11-10 06:18:38] Training loop.       Batches: 60
[2022-11-10 06:18:50] Training loop. The ith epoch completed: 127
[2022-11-10 06:18:50] 
----------------------------------------------------------------------
[2022-11-10 06:18:50] Training loop.       Batches: 60
[2022-11-10 06:19:02] Training loop. The ith epoch completed: 128
[2022-11-10 06:19:02] 
----------------------------------------------------------------------
[2022-11-10 06:19:02] Training loop.       Batches: 60
[2022-11-10 06:19:13] Training loop. The ith epoch completed: 129
[2022-11-10 06:19:13] 
----------------------------------------------------------------------
[2022-11-10 06:19:13] Training loop.       Batches: 60
[2022-11-10 06:19:25] test set
[2022-11-10 06:19:25] validation set
[2022-11-10 06:19:26] val loss      : 0.5803
[2022-11-10 06:19:26] val acc       : 0.9470
[2022-11-10 06:19:26] val precision : 0.9475
[2022-11-10 06:19:26] val recall    : 0.9464
[2022-11-10 06:19:26] val f1        : 0.9466
[2022-11-10 06:19:26] val mcc       : 0.0000
[2022-11-10 06:19:26] Training loop. The ith epoch completed: 130
[2022-11-10 06:19:26] 
----------------------------------------------------------------------
[2022-11-10 06:19:26] Training loop.       Batches: 60
[2022-11-10 06:19:38] Training loop. The ith epoch completed: 131
[2022-11-10 06:19:38] 
----------------------------------------------------------------------
[2022-11-10 06:19:38] Training loop.       Batches: 60
[2022-11-10 06:19:50] Training loop. The ith epoch completed: 132
[2022-11-10 06:19:50] 
----------------------------------------------------------------------
[2022-11-10 06:19:50] Training loop.       Batches: 60
[2022-11-10 06:20:02] Training loop. The ith epoch completed: 133
[2022-11-10 06:20:02] 
----------------------------------------------------------------------
[2022-11-10 06:20:02] Training loop.       Batches: 60
[2022-11-10 06:20:14] Training loop. The ith epoch completed: 134
[2022-11-10 06:20:14] 
----------------------------------------------------------------------
[2022-11-10 06:20:14] Training loop.       Batches: 60
[2022-11-10 06:20:25] test set
[2022-11-10 06:20:25] validation set
[2022-11-10 06:20:27] val loss      : 0.5599
[2022-11-10 06:20:27] val acc       : 0.9480
[2022-11-10 06:20:27] val precision : 0.9485
[2022-11-10 06:20:27] val recall    : 0.9480
[2022-11-10 06:20:27] val f1        : 0.9478
[2022-11-10 06:20:27] val mcc       : 0.0000
[2022-11-10 06:20:27] Training loop. The ith epoch completed: 135
[2022-11-10 06:20:27] 
----------------------------------------------------------------------
[2022-11-10 06:20:27] Training loop.       Batches: 60
[2022-11-10 06:20:38] Training loop. The ith epoch completed: 136
[2022-11-10 06:20:38] 
----------------------------------------------------------------------
[2022-11-10 06:20:38] Training loop.       Batches: 60
[2022-11-10 06:20:50] Training loop. The ith epoch completed: 137
[2022-11-10 06:20:50] 
----------------------------------------------------------------------
[2022-11-10 06:20:50] Training loop.       Batches: 60
[2022-11-10 06:21:02] Training loop. The ith epoch completed: 138
[2022-11-10 06:21:02] 
----------------------------------------------------------------------
[2022-11-10 06:21:02] Training loop.       Batches: 60
[2022-11-10 06:21:14] Training loop. The ith epoch completed: 139
[2022-11-10 06:21:14] 
----------------------------------------------------------------------
[2022-11-10 06:21:14] Training loop.       Batches: 60
[2022-11-10 06:21:26] test set
[2022-11-10 06:21:26] validation set
[2022-11-10 06:21:27] val loss      : 0.5505
[2022-11-10 06:21:27] val acc       : 0.9490
[2022-11-10 06:21:27] val precision : 0.9484
[2022-11-10 06:21:27] val recall    : 0.9488
[2022-11-10 06:21:27] val f1        : 0.9484
[2022-11-10 06:21:27] val mcc       : 0.0000
[2022-11-10 06:21:27] Training loop. The ith epoch completed: 140
[2022-11-10 06:21:27] 
----------------------------------------------------------------------
[2022-11-10 06:21:27] Training loop.       Batches: 60
[2022-11-10 06:21:39] Training loop. The ith epoch completed: 141
[2022-11-10 06:21:39] 
----------------------------------------------------------------------
[2022-11-10 06:21:39] Training loop.       Batches: 60
[2022-11-10 06:21:51] Training loop. The ith epoch completed: 142
[2022-11-10 06:21:51] 
----------------------------------------------------------------------
[2022-11-10 06:21:51] Training loop.       Batches: 60
[2022-11-10 06:22:02] Training loop. The ith epoch completed: 143
[2022-11-10 06:22:02] 
----------------------------------------------------------------------
[2022-11-10 06:22:02] Training loop.       Batches: 60
[2022-11-10 06:22:14] Training loop. The ith epoch completed: 144
[2022-11-10 06:22:14] 
----------------------------------------------------------------------
[2022-11-10 06:22:14] Training loop.       Batches: 60
[2022-11-10 06:22:26] test set
[2022-11-10 06:22:26] validation set
[2022-11-10 06:22:27] val loss      : 0.5524
[2022-11-10 06:22:27] val acc       : 0.9470
[2022-11-10 06:22:27] val precision : 0.9473
[2022-11-10 06:22:27] val recall    : 0.9468
[2022-11-10 06:22:27] val f1        : 0.9468
[2022-11-10 06:22:27] val mcc       : 0.0000
[2022-11-10 06:22:27] Training loop. The ith epoch completed: 145
[2022-11-10 06:22:27] 
----------------------------------------------------------------------
[2022-11-10 06:22:27] Training loop.       Batches: 60
[2022-11-10 06:22:39] Training loop. The ith epoch completed: 146
[2022-11-10 06:22:39] 
----------------------------------------------------------------------
[2022-11-10 06:22:39] Training loop.       Batches: 60
[2022-11-10 06:22:51] Training loop. The ith epoch completed: 147
[2022-11-10 06:22:51] 
----------------------------------------------------------------------
[2022-11-10 06:22:51] Training loop.       Batches: 60
[2022-11-10 06:23:02] Training loop. The ith epoch completed: 148
[2022-11-10 06:23:02] 
----------------------------------------------------------------------
[2022-11-10 06:23:02] Training loop.       Batches: 60
[2022-11-10 06:23:14] Training loop. The ith epoch completed: 149
[2022-11-10 06:23:14] 
----------------------------------------------------------------------
[2022-11-10 06:23:14] Training loop.       Batches: 60
[2022-11-10 06:23:26] test set
[2022-11-10 06:23:26] validation set
[2022-11-10 06:23:27] val loss      : 0.5469
[2022-11-10 06:23:27] val acc       : 0.9470
[2022-11-10 06:23:27] val precision : 0.9454
[2022-11-10 06:23:27] val recall    : 0.9488
[2022-11-10 06:23:27] val f1        : 0.9462
[2022-11-10 06:23:27] val mcc       : 0.0000
[2022-11-10 06:23:27] Training loop. The ith epoch completed: 150
[2022-11-10 06:23:27] best loss      : 0.5283
[2022-11-10 06:23:27] best acc       : 0.9520
[2022-11-10 06:23:27] best precision : 0.9519
[2022-11-10 06:23:27] best recall    : 0.9521
[2022-11-10 06:23:27] best f1        : 0.9518
[2022-11-10 06:23:27] best mcc       : 0.0000
[2022-11-10 06:23:27] Training complete.
