[2022-11-10 06:23:33] model params: 97719875
[2022-11-10 06:23:33] model params with gradients:1657667
[2022-11-10 06:23:33] Additional parameters 1657667 / 97719875 = 0.0173
[2022-11-10 06:23:33] Setup data...
[2022-11-10 06:23:36] Done.
[2022-11-10 06:23:36] Batch schedule
[2022-11-10 06:23:36] [(100, 30)]
[2022-11-10 06:23:36] Wrapping models and optimizers...
[2022-11-10 06:23:36] Begin training iterations
[2022-11-10 06:23:36] Total iteration: 9000
[2022-11-10 06:23:36] 
----------------------------------------------------------------------
[2022-11-10 06:23:36] Training loop.       Batches: 60
[2022-11-10 06:23:48] Training loop. The ith epoch completed: 1
[2022-11-10 06:23:48] 
----------------------------------------------------------------------
[2022-11-10 06:23:48] Training loop.       Batches: 60
[2022-11-10 06:24:00] Training loop. The ith epoch completed: 2
[2022-11-10 06:24:00] 
----------------------------------------------------------------------
[2022-11-10 06:24:00] Training loop.       Batches: 60
[2022-11-10 06:24:12] Training loop. The ith epoch completed: 3
[2022-11-10 06:24:12] 
----------------------------------------------------------------------
[2022-11-10 06:24:12] Training loop.       Batches: 60
[2022-11-10 06:24:24] Training loop. The ith epoch completed: 4
[2022-11-10 06:24:24] 
----------------------------------------------------------------------
[2022-11-10 06:24:24] Training loop.       Batches: 60
[2022-11-10 06:24:36] test set
[2022-11-10 06:24:36] validation set
[2022-11-10 06:24:37] val loss      : 0.2347
[2022-11-10 06:24:37] val acc       : 0.9100
[2022-11-10 06:24:37] val precision : 0.9097
[2022-11-10 06:24:37] val recall    : 0.9112
[2022-11-10 06:24:37] val f1        : 0.9095
[2022-11-10 06:24:37] val mcc       : 0.0000
[2022-11-10 06:24:37] Iteration completed: 300, remained 8700
[2022-11-10 06:24:37] Saving model...
[2022-11-10 06:24:37] 
------------------------------------------------------
[2022-11-10 06:24:37] Training loop. The ith epoch completed: 5
[2022-11-10 06:24:37] 
----------------------------------------------------------------------
[2022-11-10 06:24:37] Training loop.       Batches: 60
[2022-11-10 06:24:49] Training loop. The ith epoch completed: 6
[2022-11-10 06:24:49] 
----------------------------------------------------------------------
[2022-11-10 06:24:49] Training loop.       Batches: 60
[2022-11-10 06:25:00] Training loop. The ith epoch completed: 7
[2022-11-10 06:25:00] 
----------------------------------------------------------------------
[2022-11-10 06:25:00] Training loop.       Batches: 60
[2022-11-10 06:25:12] Training loop. The ith epoch completed: 8
[2022-11-10 06:25:12] 
----------------------------------------------------------------------
[2022-11-10 06:25:12] Training loop.       Batches: 60
[2022-11-10 06:25:24] Training loop. The ith epoch completed: 9
[2022-11-10 06:25:24] 
----------------------------------------------------------------------
[2022-11-10 06:25:24] Training loop.       Batches: 60
[2022-11-10 06:25:36] test set
[2022-11-10 06:25:36] validation set
[2022-11-10 06:25:37] val loss      : 0.1849
[2022-11-10 06:25:37] val acc       : 0.9310
[2022-11-10 06:25:37] val precision : 0.9318
[2022-11-10 06:25:37] val recall    : 0.9312
[2022-11-10 06:25:37] val f1        : 0.9307
[2022-11-10 06:25:37] val mcc       : 0.0000
[2022-11-10 06:25:37] Iteration completed: 600, remained 8400
[2022-11-10 06:25:37] Saving model...
[2022-11-10 06:25:37] 
------------------------------------------------------
[2022-11-10 06:25:37] Training loop. The ith epoch completed: 10
[2022-11-10 06:25:37] 
----------------------------------------------------------------------
[2022-11-10 06:25:37] Training loop.       Batches: 60
[2022-11-10 06:25:49] Training loop. The ith epoch completed: 11
[2022-11-10 06:25:49] 
----------------------------------------------------------------------
[2022-11-10 06:25:49] Training loop.       Batches: 60
[2022-11-10 06:26:01] Training loop. The ith epoch completed: 12
[2022-11-10 06:26:01] 
----------------------------------------------------------------------
[2022-11-10 06:26:01] Training loop.       Batches: 60
[2022-11-10 06:26:13] Training loop. The ith epoch completed: 13
[2022-11-10 06:26:13] 
----------------------------------------------------------------------
[2022-11-10 06:26:13] Training loop.       Batches: 60
[2022-11-10 06:26:25] Training loop. The ith epoch completed: 14
[2022-11-10 06:26:25] 
----------------------------------------------------------------------
[2022-11-10 06:26:25] Training loop.       Batches: 60
[2022-11-10 06:26:36] test set
[2022-11-10 06:26:36] validation set
[2022-11-10 06:26:37] val loss      : 0.1917
[2022-11-10 06:26:37] val acc       : 0.9440
[2022-11-10 06:26:37] val precision : 0.9437
[2022-11-10 06:26:37] val recall    : 0.9447
[2022-11-10 06:26:37] val f1        : 0.9434
[2022-11-10 06:26:37] val mcc       : 0.0000
[2022-11-10 06:26:37] Iteration completed: 900, remained 8100
[2022-11-10 06:26:37] Saving model...
[2022-11-10 06:26:37] 
------------------------------------------------------
[2022-11-10 06:26:38] Training loop. The ith epoch completed: 15
[2022-11-10 06:26:38] 
----------------------------------------------------------------------
[2022-11-10 06:26:38] Training loop.       Batches: 60
[2022-11-10 06:26:49] Training loop. The ith epoch completed: 16
[2022-11-10 06:26:49] 
----------------------------------------------------------------------
[2022-11-10 06:26:49] Training loop.       Batches: 60
[2022-11-10 06:27:01] Training loop. The ith epoch completed: 17
[2022-11-10 06:27:01] 
----------------------------------------------------------------------
[2022-11-10 06:27:01] Training loop.       Batches: 60
[2022-11-10 06:27:13] Training loop. The ith epoch completed: 18
[2022-11-10 06:27:13] 
----------------------------------------------------------------------
[2022-11-10 06:27:13] Training loop.       Batches: 60
[2022-11-10 06:27:25] Training loop. The ith epoch completed: 19
[2022-11-10 06:27:25] 
----------------------------------------------------------------------
[2022-11-10 06:27:25] Training loop.       Batches: 60
[2022-11-10 06:27:37] test set
[2022-11-10 06:27:37] validation set
[2022-11-10 06:27:38] val loss      : 0.2235
[2022-11-10 06:27:38] val acc       : 0.9440
[2022-11-10 06:27:38] val precision : 0.9443
[2022-11-10 06:27:38] val recall    : 0.9443
[2022-11-10 06:27:38] val f1        : 0.9438
[2022-11-10 06:27:38] val mcc       : 0.0000
[2022-11-10 06:27:38] Training loop. The ith epoch completed: 20
[2022-11-10 06:27:38] 
----------------------------------------------------------------------
[2022-11-10 06:27:38] Training loop.       Batches: 60
[2022-11-10 06:27:50] Training loop. The ith epoch completed: 21
[2022-11-10 06:27:50] 
----------------------------------------------------------------------
[2022-11-10 06:27:50] Training loop.       Batches: 60
[2022-11-10 06:28:02] Training loop. The ith epoch completed: 22
[2022-11-10 06:28:02] 
----------------------------------------------------------------------
[2022-11-10 06:28:02] Training loop.       Batches: 60
[2022-11-10 06:28:13] Training loop. The ith epoch completed: 23
[2022-11-10 06:28:13] 
----------------------------------------------------------------------
[2022-11-10 06:28:13] Training loop.       Batches: 60
[2022-11-10 06:28:25] Training loop. The ith epoch completed: 24
[2022-11-10 06:28:25] 
----------------------------------------------------------------------
[2022-11-10 06:28:25] Training loop.       Batches: 60
[2022-11-10 06:28:37] test set
[2022-11-10 06:28:37] validation set
[2022-11-10 06:28:38] val loss      : 0.3574
[2022-11-10 06:28:38] val acc       : 0.9250
[2022-11-10 06:28:38] val precision : 0.9288
[2022-11-10 06:28:38] val recall    : 0.9253
[2022-11-10 06:28:38] val f1        : 0.9246
[2022-11-10 06:28:38] val mcc       : 0.0000
[2022-11-10 06:28:38] Training loop. The ith epoch completed: 25
[2022-11-10 06:28:38] 
----------------------------------------------------------------------
[2022-11-10 06:28:38] Training loop.       Batches: 60
[2022-11-10 06:28:50] Training loop. The ith epoch completed: 26
[2022-11-10 06:28:50] 
----------------------------------------------------------------------
[2022-11-10 06:28:50] Training loop.       Batches: 60
[2022-11-10 06:29:02] Training loop. The ith epoch completed: 27
[2022-11-10 06:29:02] 
----------------------------------------------------------------------
[2022-11-10 06:29:02] Training loop.       Batches: 60
[2022-11-10 06:29:14] Training loop. The ith epoch completed: 28
[2022-11-10 06:29:14] 
----------------------------------------------------------------------
[2022-11-10 06:29:14] Training loop.       Batches: 60
[2022-11-10 06:29:25] Training loop. The ith epoch completed: 29
[2022-11-10 06:29:25] 
----------------------------------------------------------------------
[2022-11-10 06:29:25] Training loop.       Batches: 60
[2022-11-10 06:29:37] test set
[2022-11-10 06:29:37] validation set
[2022-11-10 06:29:38] val loss      : 0.3502
[2022-11-10 06:29:38] val acc       : 0.9350
[2022-11-10 06:29:38] val precision : 0.9358
[2022-11-10 06:29:38] val recall    : 0.9341
[2022-11-10 06:29:38] val f1        : 0.9344
[2022-11-10 06:29:38] val mcc       : 0.0000
[2022-11-10 06:29:38] Training loop. The ith epoch completed: 30
[2022-11-10 06:29:38] 
----------------------------------------------------------------------
[2022-11-10 06:29:38] Training loop.       Batches: 60
[2022-11-10 06:29:50] Training loop. The ith epoch completed: 31
[2022-11-10 06:29:50] 
----------------------------------------------------------------------
[2022-11-10 06:29:50] Training loop.       Batches: 60
[2022-11-10 06:30:02] Training loop. The ith epoch completed: 32
[2022-11-10 06:30:02] 
----------------------------------------------------------------------
[2022-11-10 06:30:02] Training loop.       Batches: 60
[2022-11-10 06:30:14] Training loop. The ith epoch completed: 33
[2022-11-10 06:30:14] 
----------------------------------------------------------------------
[2022-11-10 06:30:14] Training loop.       Batches: 60
[2022-11-10 06:30:26] Training loop. The ith epoch completed: 34
[2022-11-10 06:30:26] 
----------------------------------------------------------------------
[2022-11-10 06:30:26] Training loop.       Batches: 60
[2022-11-10 06:30:38] test set
[2022-11-10 06:30:38] validation set
[2022-11-10 06:30:39] val loss      : 0.4131
[2022-11-10 06:30:39] val acc       : 0.9420
[2022-11-10 06:30:39] val precision : 0.9420
[2022-11-10 06:30:39] val recall    : 0.9427
[2022-11-10 06:30:39] val f1        : 0.9416
[2022-11-10 06:30:39] val mcc       : 0.0000
[2022-11-10 06:30:39] Training loop. The ith epoch completed: 35
[2022-11-10 06:30:39] 
----------------------------------------------------------------------
[2022-11-10 06:30:39] Training loop.       Batches: 60
[2022-11-10 06:30:51] Training loop. The ith epoch completed: 36
[2022-11-10 06:30:51] 
----------------------------------------------------------------------
[2022-11-10 06:30:51] Training loop.       Batches: 60
[2022-11-10 06:31:02] Training loop. The ith epoch completed: 37
[2022-11-10 06:31:02] 
----------------------------------------------------------------------
[2022-11-10 06:31:02] Training loop.       Batches: 60
[2022-11-10 06:31:14] Training loop. The ith epoch completed: 38
[2022-11-10 06:31:14] 
----------------------------------------------------------------------
[2022-11-10 06:31:14] Training loop.       Batches: 60
[2022-11-10 06:31:26] Training loop. The ith epoch completed: 39
[2022-11-10 06:31:26] 
----------------------------------------------------------------------
[2022-11-10 06:31:26] Training loop.       Batches: 60
[2022-11-10 06:31:38] test set
[2022-11-10 06:31:38] validation set
[2022-11-10 06:31:39] val loss      : 0.5349
[2022-11-10 06:31:39] val acc       : 0.9280
[2022-11-10 06:31:39] val precision : 0.9294
[2022-11-10 06:31:39] val recall    : 0.9285
[2022-11-10 06:31:39] val f1        : 0.9274
[2022-11-10 06:31:39] val mcc       : 0.0000
[2022-11-10 06:31:39] Training loop. The ith epoch completed: 40
[2022-11-10 06:31:39] 
----------------------------------------------------------------------
[2022-11-10 06:31:39] Training loop.       Batches: 60
[2022-11-10 06:31:51] Training loop. The ith epoch completed: 41
[2022-11-10 06:31:51] 
----------------------------------------------------------------------
[2022-11-10 06:31:51] Training loop.       Batches: 60
[2022-11-10 06:32:03] Training loop. The ith epoch completed: 42
[2022-11-10 06:32:03] 
----------------------------------------------------------------------
[2022-11-10 06:32:03] Training loop.       Batches: 60
[2022-11-10 06:32:14] Training loop. The ith epoch completed: 43
[2022-11-10 06:32:14] 
----------------------------------------------------------------------
[2022-11-10 06:32:14] Training loop.       Batches: 60
[2022-11-10 06:32:26] Training loop. The ith epoch completed: 44
[2022-11-10 06:32:26] 
----------------------------------------------------------------------
[2022-11-10 06:32:26] Training loop.       Batches: 60
[2022-11-10 06:32:38] test set
[2022-11-10 06:32:38] validation set
[2022-11-10 06:32:39] val loss      : 0.4856
[2022-11-10 06:32:39] val acc       : 0.9370
[2022-11-10 06:32:39] val precision : 0.9372
[2022-11-10 06:32:39] val recall    : 0.9375
[2022-11-10 06:32:39] val f1        : 0.9367
[2022-11-10 06:32:39] val mcc       : 0.0000
[2022-11-10 06:32:39] Training loop. The ith epoch completed: 45
[2022-11-10 06:32:39] 
----------------------------------------------------------------------
[2022-11-10 06:32:39] Training loop.       Batches: 60
[2022-11-10 06:32:51] Training loop. The ith epoch completed: 46
[2022-11-10 06:32:51] 
----------------------------------------------------------------------
[2022-11-10 06:32:51] Training loop.       Batches: 60
[2022-11-10 06:33:03] Training loop. The ith epoch completed: 47
[2022-11-10 06:33:03] 
----------------------------------------------------------------------
[2022-11-10 06:33:03] Training loop.       Batches: 60
[2022-11-10 06:33:15] Training loop. The ith epoch completed: 48
[2022-11-10 06:33:15] 
----------------------------------------------------------------------
[2022-11-10 06:33:15] Training loop.       Batches: 60
[2022-11-10 06:33:27] Training loop. The ith epoch completed: 49
[2022-11-10 06:33:27] 
----------------------------------------------------------------------
[2022-11-10 06:33:27] Training loop.       Batches: 60
[2022-11-10 06:33:38] test set
[2022-11-10 06:33:38] validation set
[2022-11-10 06:33:39] val loss      : 0.5720
[2022-11-10 06:33:39] val acc       : 0.9410
[2022-11-10 06:33:39] val precision : 0.9418
[2022-11-10 06:33:39] val recall    : 0.9413
[2022-11-10 06:33:39] val f1        : 0.9407
[2022-11-10 06:33:39] val mcc       : 0.0000
[2022-11-10 06:33:39] Training loop. The ith epoch completed: 50
[2022-11-10 06:33:39] 
----------------------------------------------------------------------
[2022-11-10 06:33:39] Training loop.       Batches: 60
[2022-11-10 06:33:51] Training loop. The ith epoch completed: 51
[2022-11-10 06:33:51] 
----------------------------------------------------------------------
[2022-11-10 06:33:51] Training loop.       Batches: 60
[2022-11-10 06:34:03] Training loop. The ith epoch completed: 52
[2022-11-10 06:34:03] 
----------------------------------------------------------------------
[2022-11-10 06:34:03] Training loop.       Batches: 60
[2022-11-10 06:34:15] Training loop. The ith epoch completed: 53
[2022-11-10 06:34:15] 
----------------------------------------------------------------------
[2022-11-10 06:34:15] Training loop.       Batches: 60
[2022-11-10 06:34:27] Training loop. The ith epoch completed: 54
[2022-11-10 06:34:27] 
----------------------------------------------------------------------
[2022-11-10 06:34:27] Training loop.       Batches: 60
[2022-11-10 06:34:38] test set
[2022-11-10 06:34:38] validation set
[2022-11-10 06:34:39] val loss      : 0.6166
[2022-11-10 06:34:39] val acc       : 0.9350
[2022-11-10 06:34:39] val precision : 0.9359
[2022-11-10 06:34:39] val recall    : 0.9357
[2022-11-10 06:34:39] val f1        : 0.9344
[2022-11-10 06:34:39] val mcc       : 0.0000
[2022-11-10 06:34:40] Training loop. The ith epoch completed: 55
[2022-11-10 06:34:40] 
----------------------------------------------------------------------
[2022-11-10 06:34:40] Training loop.       Batches: 60
[2022-11-10 06:34:51] Training loop. The ith epoch completed: 56
[2022-11-10 06:34:51] 
----------------------------------------------------------------------
[2022-11-10 06:34:51] Training loop.       Batches: 60
[2022-11-10 06:35:03] Training loop. The ith epoch completed: 57
[2022-11-10 06:35:03] 
----------------------------------------------------------------------
[2022-11-10 06:35:03] Training loop.       Batches: 60
[2022-11-10 06:35:15] Training loop. The ith epoch completed: 58
[2022-11-10 06:35:15] 
----------------------------------------------------------------------
[2022-11-10 06:35:15] Training loop.       Batches: 60
[2022-11-10 06:35:27] Training loop. The ith epoch completed: 59
[2022-11-10 06:35:27] 
----------------------------------------------------------------------
[2022-11-10 06:35:27] Training loop.       Batches: 60
[2022-11-10 06:35:39] test set
[2022-11-10 06:35:39] validation set
[2022-11-10 06:35:40] val loss      : 0.5972
[2022-11-10 06:35:40] val acc       : 0.9430
[2022-11-10 06:35:40] val precision : 0.9428
[2022-11-10 06:35:40] val recall    : 0.9434
[2022-11-10 06:35:40] val f1        : 0.9426
[2022-11-10 06:35:40] val mcc       : 0.0000
[2022-11-10 06:35:40] Training loop. The ith epoch completed: 60
[2022-11-10 06:35:40] 
----------------------------------------------------------------------
[2022-11-10 06:35:40] Training loop.       Batches: 60
[2022-11-10 06:35:52] Training loop. The ith epoch completed: 61
[2022-11-10 06:35:52] 
----------------------------------------------------------------------
[2022-11-10 06:35:52] Training loop.       Batches: 60
[2022-11-10 06:36:04] Training loop. The ith epoch completed: 62
[2022-11-10 06:36:04] 
----------------------------------------------------------------------
[2022-11-10 06:36:04] Training loop.       Batches: 60
[2022-11-10 06:36:16] Training loop. The ith epoch completed: 63
[2022-11-10 06:36:16] 
----------------------------------------------------------------------
[2022-11-10 06:36:16] Training loop.       Batches: 60
[2022-11-10 06:36:27] Training loop. The ith epoch completed: 64
[2022-11-10 06:36:27] 
----------------------------------------------------------------------
[2022-11-10 06:36:27] Training loop.       Batches: 60
[2022-11-10 06:36:39] test set
[2022-11-10 06:36:39] validation set
[2022-11-10 06:36:40] val loss      : 0.5028
[2022-11-10 06:36:40] val acc       : 0.9480
[2022-11-10 06:36:40] val precision : 0.9477
[2022-11-10 06:36:40] val recall    : 0.9482
[2022-11-10 06:36:40] val f1        : 0.9475
[2022-11-10 06:36:40] val mcc       : 0.0000
[2022-11-10 06:36:40] Iteration completed: 3900, remained 5100
[2022-11-10 06:36:40] Saving model...
[2022-11-10 06:36:40] 
------------------------------------------------------
[2022-11-10 06:36:40] Training loop. The ith epoch completed: 65
[2022-11-10 06:36:40] 
----------------------------------------------------------------------
[2022-11-10 06:36:40] Training loop.       Batches: 60
[2022-11-10 06:36:52] Training loop. The ith epoch completed: 66
[2022-11-10 06:36:52] 
----------------------------------------------------------------------
[2022-11-10 06:36:52] Training loop.       Batches: 60
[2022-11-10 06:37:04] Training loop. The ith epoch completed: 67
[2022-11-10 06:37:04] 
----------------------------------------------------------------------
[2022-11-10 06:37:04] Training loop.       Batches: 60
[2022-11-10 06:37:16] Training loop. The ith epoch completed: 68
[2022-11-10 06:37:16] 
----------------------------------------------------------------------
[2022-11-10 06:37:16] Training loop.       Batches: 60
[2022-11-10 06:37:28] Training loop. The ith epoch completed: 69
[2022-11-10 06:37:28] 
----------------------------------------------------------------------
[2022-11-10 06:37:28] Training loop.       Batches: 60
[2022-11-10 06:37:39] test set
[2022-11-10 06:37:39] validation set
[2022-11-10 06:37:40] val loss      : 0.5734
[2022-11-10 06:37:40] val acc       : 0.9430
[2022-11-10 06:37:40] val precision : 0.9439
[2022-11-10 06:37:40] val recall    : 0.9417
[2022-11-10 06:37:40] val f1        : 0.9420
[2022-11-10 06:37:40] val mcc       : 0.0000
[2022-11-10 06:37:41] Training loop. The ith epoch completed: 70
[2022-11-10 06:37:41] 
----------------------------------------------------------------------
[2022-11-10 06:37:41] Training loop.       Batches: 60
[2022-11-10 06:37:52] Training loop. The ith epoch completed: 71
[2022-11-10 06:37:52] 
----------------------------------------------------------------------
[2022-11-10 06:37:52] Training loop.       Batches: 60
[2022-11-10 06:38:04] Training loop. The ith epoch completed: 72
[2022-11-10 06:38:04] 
----------------------------------------------------------------------
[2022-11-10 06:38:04] Training loop.       Batches: 60
[2022-11-10 06:38:16] Training loop. The ith epoch completed: 73
[2022-11-10 06:38:16] 
----------------------------------------------------------------------
[2022-11-10 06:38:16] Training loop.       Batches: 60
[2022-11-10 06:38:28] Training loop. The ith epoch completed: 74
[2022-11-10 06:38:28] 
----------------------------------------------------------------------
[2022-11-10 06:38:28] Training loop.       Batches: 60
[2022-11-10 06:38:39] test set
[2022-11-10 06:38:39] validation set
[2022-11-10 06:38:41] val loss      : 0.6449
[2022-11-10 06:38:41] val acc       : 0.9410
[2022-11-10 06:38:41] val precision : 0.9396
[2022-11-10 06:38:41] val recall    : 0.9397
[2022-11-10 06:38:41] val f1        : 0.9390
[2022-11-10 06:38:41] val mcc       : 0.0000
[2022-11-10 06:38:41] Training loop. The ith epoch completed: 75
[2022-11-10 06:38:41] 
----------------------------------------------------------------------
[2022-11-10 06:38:41] Training loop.       Batches: 60
[2022-11-10 06:38:53] Training loop. The ith epoch completed: 76
[2022-11-10 06:38:53] 
----------------------------------------------------------------------
[2022-11-10 06:38:53] Training loop.       Batches: 60
[2022-11-10 06:39:04] Training loop. The ith epoch completed: 77
[2022-11-10 06:39:04] 
----------------------------------------------------------------------
[2022-11-10 06:39:04] Training loop.       Batches: 60
[2022-11-10 06:39:16] Training loop. The ith epoch completed: 78
[2022-11-10 06:39:16] 
----------------------------------------------------------------------
[2022-11-10 06:39:16] Training loop.       Batches: 60
[2022-11-10 06:39:28] Training loop. The ith epoch completed: 79
[2022-11-10 06:39:28] 
----------------------------------------------------------------------
[2022-11-10 06:39:28] Training loop.       Batches: 60
[2022-11-10 06:39:40] test set
[2022-11-10 06:39:40] validation set
[2022-11-10 06:39:41] val loss      : 0.7248
[2022-11-10 06:39:41] val acc       : 0.9340
[2022-11-10 06:39:41] val precision : 0.9358
[2022-11-10 06:39:41] val recall    : 0.9358
[2022-11-10 06:39:41] val f1        : 0.9331
[2022-11-10 06:39:41] val mcc       : 0.0000
[2022-11-10 06:39:41] Training loop. The ith epoch completed: 80
[2022-11-10 06:39:41] 
----------------------------------------------------------------------
[2022-11-10 06:39:41] Training loop.       Batches: 60
[2022-11-10 06:39:53] Training loop. The ith epoch completed: 81
[2022-11-10 06:39:53] 
----------------------------------------------------------------------
[2022-11-10 06:39:53] Training loop.       Batches: 60
[2022-11-10 06:40:05] Training loop. The ith epoch completed: 82
[2022-11-10 06:40:05] 
----------------------------------------------------------------------
[2022-11-10 06:40:05] Training loop.       Batches: 60
[2022-11-10 06:40:16] Training loop. The ith epoch completed: 83
[2022-11-10 06:40:16] 
----------------------------------------------------------------------
[2022-11-10 06:40:16] Training loop.       Batches: 60
[2022-11-10 06:40:28] Training loop. The ith epoch completed: 84
[2022-11-10 06:40:28] 
----------------------------------------------------------------------
[2022-11-10 06:40:28] Training loop.       Batches: 60
[2022-11-10 06:40:40] test set
[2022-11-10 06:40:40] validation set
[2022-11-10 06:40:41] val loss      : 0.6065
[2022-11-10 06:40:41] val acc       : 0.9410
[2022-11-10 06:40:41] val precision : 0.9407
[2022-11-10 06:40:41] val recall    : 0.9417
[2022-11-10 06:40:41] val f1        : 0.9405
[2022-11-10 06:40:41] val mcc       : 0.0000
[2022-11-10 06:40:41] Training loop. The ith epoch completed: 85
[2022-11-10 06:40:41] 
----------------------------------------------------------------------
[2022-11-10 06:40:41] Training loop.       Batches: 60
[2022-11-10 06:40:53] Training loop. The ith epoch completed: 86
[2022-11-10 06:40:53] 
----------------------------------------------------------------------
[2022-11-10 06:40:53] Training loop.       Batches: 60
[2022-11-10 06:41:05] Training loop. The ith epoch completed: 87
[2022-11-10 06:41:05] 
----------------------------------------------------------------------
[2022-11-10 06:41:05] Training loop.       Batches: 60
[2022-11-10 06:41:17] Training loop. The ith epoch completed: 88
[2022-11-10 06:41:17] 
----------------------------------------------------------------------
[2022-11-10 06:41:17] Training loop.       Batches: 60
[2022-11-10 06:41:29] Training loop. The ith epoch completed: 89
[2022-11-10 06:41:29] 
----------------------------------------------------------------------
[2022-11-10 06:41:29] Training loop.       Batches: 60
[2022-11-10 06:41:41] test set
[2022-11-10 06:41:41] validation set
[2022-11-10 06:41:42] val loss      : 0.6624
[2022-11-10 06:41:42] val acc       : 0.9400
[2022-11-10 06:41:42] val precision : 0.9398
[2022-11-10 06:41:42] val recall    : 0.9404
[2022-11-10 06:41:42] val f1        : 0.9395
[2022-11-10 06:41:42] val mcc       : 0.0000
[2022-11-10 06:41:42] Training loop. The ith epoch completed: 90
[2022-11-10 06:41:42] 
----------------------------------------------------------------------
[2022-11-10 06:41:42] Training loop.       Batches: 60
[2022-11-10 06:41:54] Training loop. The ith epoch completed: 91
[2022-11-10 06:41:54] 
----------------------------------------------------------------------
[2022-11-10 06:41:54] Training loop.       Batches: 60
[2022-11-10 06:42:05] Training loop. The ith epoch completed: 92
[2022-11-10 06:42:05] 
----------------------------------------------------------------------
[2022-11-10 06:42:05] Training loop.       Batches: 60
[2022-11-10 06:42:17] Training loop. The ith epoch completed: 93
[2022-11-10 06:42:17] 
----------------------------------------------------------------------
[2022-11-10 06:42:17] Training loop.       Batches: 60
[2022-11-10 06:42:29] Training loop. The ith epoch completed: 94
[2022-11-10 06:42:29] 
----------------------------------------------------------------------
[2022-11-10 06:42:29] Training loop.       Batches: 60
[2022-11-10 06:42:41] test set
[2022-11-10 06:42:41] validation set
[2022-11-10 06:42:42] val loss      : 0.6926
[2022-11-10 06:42:42] val acc       : 0.9460
[2022-11-10 06:42:42] val precision : 0.9474
[2022-11-10 06:42:42] val recall    : 0.9452
[2022-11-10 06:42:42] val f1        : 0.9455
[2022-11-10 06:42:42] val mcc       : 0.0000
[2022-11-10 06:42:42] Training loop. The ith epoch completed: 95
[2022-11-10 06:42:42] 
----------------------------------------------------------------------
[2022-11-10 06:42:42] Training loop.       Batches: 60
[2022-11-10 06:42:54] Training loop. The ith epoch completed: 96
[2022-11-10 06:42:54] 
----------------------------------------------------------------------
[2022-11-10 06:42:54] Training loop.       Batches: 60
[2022-11-10 06:43:06] Training loop. The ith epoch completed: 97
[2022-11-10 06:43:06] 
----------------------------------------------------------------------
[2022-11-10 06:43:06] Training loop.       Batches: 60
[2022-11-10 06:43:17] Training loop. The ith epoch completed: 98
[2022-11-10 06:43:17] 
----------------------------------------------------------------------
[2022-11-10 06:43:17] Training loop.       Batches: 60
[2022-11-10 06:43:29] Training loop. The ith epoch completed: 99
[2022-11-10 06:43:29] 
----------------------------------------------------------------------
[2022-11-10 06:43:29] Training loop.       Batches: 60
[2022-11-10 06:43:41] test set
[2022-11-10 06:43:41] validation set
[2022-11-10 06:43:42] val loss      : 0.6413
[2022-11-10 06:43:42] val acc       : 0.9480
[2022-11-10 06:43:42] val precision : 0.9481
[2022-11-10 06:43:42] val recall    : 0.9474
[2022-11-10 06:43:42] val f1        : 0.9472
[2022-11-10 06:43:42] val mcc       : 0.0000
[2022-11-10 06:43:42] Training loop. The ith epoch completed: 100
[2022-11-10 06:43:42] 
----------------------------------------------------------------------
[2022-11-10 06:43:42] Training loop.       Batches: 60
[2022-11-10 06:43:54] Training loop. The ith epoch completed: 101
[2022-11-10 06:43:54] 
----------------------------------------------------------------------
[2022-11-10 06:43:54] Training loop.       Batches: 60
[2022-11-10 06:44:06] Training loop. The ith epoch completed: 102
[2022-11-10 06:44:06] 
----------------------------------------------------------------------
[2022-11-10 06:44:06] Training loop.       Batches: 60
[2022-11-10 06:44:18] Training loop. The ith epoch completed: 103
[2022-11-10 06:44:18] 
----------------------------------------------------------------------
[2022-11-10 06:44:18] Training loop.       Batches: 60
[2022-11-10 06:44:29] Training loop. The ith epoch completed: 104
[2022-11-10 06:44:29] 
----------------------------------------------------------------------
[2022-11-10 06:44:29] Training loop.       Batches: 60
[2022-11-10 06:44:41] test set
[2022-11-10 06:44:41] validation set
[2022-11-10 06:44:42] val loss      : 0.6895
[2022-11-10 06:44:42] val acc       : 0.9460
[2022-11-10 06:44:42] val precision : 0.9471
[2022-11-10 06:44:42] val recall    : 0.9456
[2022-11-10 06:44:42] val f1        : 0.9456
[2022-11-10 06:44:42] val mcc       : 0.0000
[2022-11-10 06:44:42] Training loop. The ith epoch completed: 105
[2022-11-10 06:44:42] 
----------------------------------------------------------------------
[2022-11-10 06:44:42] Training loop.       Batches: 60
[2022-11-10 06:44:54] Training loop. The ith epoch completed: 106
[2022-11-10 06:44:54] 
----------------------------------------------------------------------
[2022-11-10 06:44:54] Training loop.       Batches: 60
[2022-11-10 06:45:06] Training loop. The ith epoch completed: 107
[2022-11-10 06:45:06] 
----------------------------------------------------------------------
[2022-11-10 06:45:06] Training loop.       Batches: 60
[2022-11-10 06:45:18] Training loop. The ith epoch completed: 108
[2022-11-10 06:45:18] 
----------------------------------------------------------------------
[2022-11-10 06:45:18] Training loop.       Batches: 60
[2022-11-10 06:45:29] Training loop. The ith epoch completed: 109
[2022-11-10 06:45:29] 
----------------------------------------------------------------------
[2022-11-10 06:45:29] Training loop.       Batches: 60
[2022-11-10 06:45:41] test set
[2022-11-10 06:45:41] validation set
[2022-11-10 06:45:42] val loss      : 0.6726
[2022-11-10 06:45:42] val acc       : 0.9470
[2022-11-10 06:45:42] val precision : 0.9472
[2022-11-10 06:45:42] val recall    : 0.9470
[2022-11-10 06:45:42] val f1        : 0.9466
[2022-11-10 06:45:42] val mcc       : 0.0000
[2022-11-10 06:45:43] Training loop. The ith epoch completed: 110
[2022-11-10 06:45:43] 
----------------------------------------------------------------------
[2022-11-10 06:45:43] Training loop.       Batches: 60
[2022-11-10 06:45:54] Training loop. The ith epoch completed: 111
[2022-11-10 06:45:54] 
----------------------------------------------------------------------
[2022-11-10 06:45:54] Training loop.       Batches: 60
[2022-11-10 06:46:06] Training loop. The ith epoch completed: 112
[2022-11-10 06:46:06] 
----------------------------------------------------------------------
[2022-11-10 06:46:06] Training loop.       Batches: 60
[2022-11-10 06:46:18] Training loop. The ith epoch completed: 113
[2022-11-10 06:46:18] 
----------------------------------------------------------------------
[2022-11-10 06:46:18] Training loop.       Batches: 60
[2022-11-10 06:46:30] Training loop. The ith epoch completed: 114
[2022-11-10 06:46:30] 
----------------------------------------------------------------------
[2022-11-10 06:46:30] Training loop.       Batches: 60
[2022-11-10 06:46:42] test set
[2022-11-10 06:46:42] validation set
[2022-11-10 06:46:43] val loss      : 0.6306
[2022-11-10 06:46:43] val acc       : 0.9470
[2022-11-10 06:46:43] val precision : 0.9483
[2022-11-10 06:46:43] val recall    : 0.9466
[2022-11-10 06:46:43] val f1        : 0.9467
[2022-11-10 06:46:43] val mcc       : 0.0000
[2022-11-10 06:46:43] Training loop. The ith epoch completed: 115
[2022-11-10 06:46:43] 
----------------------------------------------------------------------
[2022-11-10 06:46:43] Training loop.       Batches: 60
[2022-11-10 06:46:55] Training loop. The ith epoch completed: 116
[2022-11-10 06:46:55] 
----------------------------------------------------------------------
[2022-11-10 06:46:55] Training loop.       Batches: 60
[2022-11-10 06:47:07] Training loop. The ith epoch completed: 117
[2022-11-10 06:47:07] 
----------------------------------------------------------------------
[2022-11-10 06:47:07] Training loop.       Batches: 60
[2022-11-10 06:47:18] Training loop. The ith epoch completed: 118
[2022-11-10 06:47:18] 
----------------------------------------------------------------------
[2022-11-10 06:47:18] Training loop.       Batches: 60
[2022-11-10 06:47:30] Training loop. The ith epoch completed: 119
[2022-11-10 06:47:30] 
----------------------------------------------------------------------
[2022-11-10 06:47:30] Training loop.       Batches: 60
[2022-11-10 06:47:42] test set
[2022-11-10 06:47:42] validation set
[2022-11-10 06:47:43] val loss      : 0.7310
[2022-11-10 06:47:43] val acc       : 0.9450
[2022-11-10 06:47:43] val precision : 0.9450
[2022-11-10 06:47:43] val recall    : 0.9446
[2022-11-10 06:47:43] val f1        : 0.9444
[2022-11-10 06:47:43] val mcc       : 0.0000
[2022-11-10 06:47:43] Training loop. The ith epoch completed: 120
[2022-11-10 06:47:43] 
----------------------------------------------------------------------
[2022-11-10 06:47:43] Training loop.       Batches: 60
[2022-11-10 06:47:55] Training loop. The ith epoch completed: 121
[2022-11-10 06:47:55] 
----------------------------------------------------------------------
[2022-11-10 06:47:55] Training loop.       Batches: 60
[2022-11-10 06:48:07] Training loop. The ith epoch completed: 122
[2022-11-10 06:48:07] 
----------------------------------------------------------------------
[2022-11-10 06:48:07] Training loop.       Batches: 60
[2022-11-10 06:48:18] Training loop. The ith epoch completed: 123
[2022-11-10 06:48:18] 
----------------------------------------------------------------------
[2022-11-10 06:48:18] Training loop.       Batches: 60
[2022-11-10 06:48:30] Training loop. The ith epoch completed: 124
[2022-11-10 06:48:30] 
----------------------------------------------------------------------
[2022-11-10 06:48:30] Training loop.       Batches: 60
[2022-11-10 06:48:42] test set
[2022-11-10 06:48:42] validation set
[2022-11-10 06:48:43] val loss      : 0.6984
[2022-11-10 06:48:43] val acc       : 0.9460
[2022-11-10 06:48:43] val precision : 0.9464
[2022-11-10 06:48:43] val recall    : 0.9469
[2022-11-10 06:48:43] val f1        : 0.9458
[2022-11-10 06:48:43] val mcc       : 0.0000
[2022-11-10 06:48:43] Training loop. The ith epoch completed: 125
[2022-11-10 06:48:43] 
----------------------------------------------------------------------
[2022-11-10 06:48:43] Training loop.       Batches: 60
[2022-11-10 06:48:55] Training loop. The ith epoch completed: 126
[2022-11-10 06:48:55] 
----------------------------------------------------------------------
[2022-11-10 06:48:55] Training loop.       Batches: 60
[2022-11-10 06:49:07] Training loop. The ith epoch completed: 127
[2022-11-10 06:49:07] 
----------------------------------------------------------------------
[2022-11-10 06:49:07] Training loop.       Batches: 60
[2022-11-10 06:49:19] Training loop. The ith epoch completed: 128
[2022-11-10 06:49:19] 
----------------------------------------------------------------------
[2022-11-10 06:49:19] Training loop.       Batches: 60
[2022-11-10 06:49:31] Training loop. The ith epoch completed: 129
[2022-11-10 06:49:31] 
----------------------------------------------------------------------
[2022-11-10 06:49:31] Training loop.       Batches: 60
[2022-11-10 06:49:42] test set
[2022-11-10 06:49:42] validation set
[2022-11-10 06:49:44] val loss      : 0.7332
[2022-11-10 06:49:44] val acc       : 0.9470
[2022-11-10 06:49:44] val precision : 0.9464
[2022-11-10 06:49:44] val recall    : 0.9470
[2022-11-10 06:49:44] val f1        : 0.9463
[2022-11-10 06:49:44] val mcc       : 0.0000
[2022-11-10 06:49:44] Training loop. The ith epoch completed: 130
[2022-11-10 06:49:44] 
----------------------------------------------------------------------
[2022-11-10 06:49:44] Training loop.       Batches: 60
[2022-11-10 06:49:56] Training loop. The ith epoch completed: 131
[2022-11-10 06:49:56] 
----------------------------------------------------------------------
[2022-11-10 06:49:56] Training loop.       Batches: 60
[2022-11-10 06:50:07] Training loop. The ith epoch completed: 132
[2022-11-10 06:50:07] 
----------------------------------------------------------------------
[2022-11-10 06:50:07] Training loop.       Batches: 60
[2022-11-10 06:50:19] Training loop. The ith epoch completed: 133
[2022-11-10 06:50:19] 
----------------------------------------------------------------------
[2022-11-10 06:50:19] Training loop.       Batches: 60
[2022-11-10 06:50:31] Training loop. The ith epoch completed: 134
[2022-11-10 06:50:31] 
----------------------------------------------------------------------
[2022-11-10 06:50:31] Training loop.       Batches: 60
[2022-11-10 06:50:43] test set
[2022-11-10 06:50:43] validation set
[2022-11-10 06:50:44] val loss      : 0.7422
[2022-11-10 06:50:44] val acc       : 0.9470
[2022-11-10 06:50:44] val precision : 0.9466
[2022-11-10 06:50:44] val recall    : 0.9478
[2022-11-10 06:50:44] val f1        : 0.9465
[2022-11-10 06:50:44] val mcc       : 0.0000
[2022-11-10 06:50:44] Training loop. The ith epoch completed: 135
[2022-11-10 06:50:44] 
----------------------------------------------------------------------
[2022-11-10 06:50:44] Training loop.       Batches: 60
[2022-11-10 06:50:56] Training loop. The ith epoch completed: 136
[2022-11-10 06:50:56] 
----------------------------------------------------------------------
[2022-11-10 06:50:56] Training loop.       Batches: 60
[2022-11-10 06:51:07] Training loop. The ith epoch completed: 137
[2022-11-10 06:51:07] 
----------------------------------------------------------------------
[2022-11-10 06:51:07] Training loop.       Batches: 60
[2022-11-10 06:51:19] Training loop. The ith epoch completed: 138
[2022-11-10 06:51:19] 
----------------------------------------------------------------------
[2022-11-10 06:51:19] Training loop.       Batches: 60
[2022-11-10 06:51:31] Training loop. The ith epoch completed: 139
[2022-11-10 06:51:31] 
----------------------------------------------------------------------
[2022-11-10 06:51:31] Training loop.       Batches: 60
[2022-11-10 06:51:43] test set
[2022-11-10 06:51:43] validation set
[2022-11-10 06:51:44] val loss      : 0.6975
[2022-11-10 06:51:44] val acc       : 0.9480
[2022-11-10 06:51:44] val precision : 0.9486
[2022-11-10 06:51:44] val recall    : 0.9476
[2022-11-10 06:51:44] val f1        : 0.9478
[2022-11-10 06:51:44] val mcc       : 0.0000
[2022-11-10 06:51:44] Training loop. The ith epoch completed: 140
[2022-11-10 06:51:44] 
----------------------------------------------------------------------
[2022-11-10 06:51:44] Training loop.       Batches: 60
[2022-11-10 06:51:56] Training loop. The ith epoch completed: 141
[2022-11-10 06:51:56] 
----------------------------------------------------------------------
[2022-11-10 06:51:56] Training loop.       Batches: 60
[2022-11-10 06:52:08] Training loop. The ith epoch completed: 142
[2022-11-10 06:52:08] 
----------------------------------------------------------------------
[2022-11-10 06:52:08] Training loop.       Batches: 60
[2022-11-10 06:52:20] Training loop. The ith epoch completed: 143
[2022-11-10 06:52:20] 
----------------------------------------------------------------------
[2022-11-10 06:52:20] Training loop.       Batches: 60
[2022-11-10 06:52:31] Training loop. The ith epoch completed: 144
[2022-11-10 06:52:31] 
----------------------------------------------------------------------
[2022-11-10 06:52:31] Training loop.       Batches: 60
[2022-11-10 06:52:43] test set
[2022-11-10 06:52:43] validation set
[2022-11-10 06:52:44] val loss      : 0.6968
[2022-11-10 06:52:44] val acc       : 0.9480
[2022-11-10 06:52:44] val precision : 0.9480
[2022-11-10 06:52:44] val recall    : 0.9482
[2022-11-10 06:52:44] val f1        : 0.9478
[2022-11-10 06:52:44] val mcc       : 0.0000
[2022-11-10 06:52:44] Training loop. The ith epoch completed: 145
[2022-11-10 06:52:44] 
----------------------------------------------------------------------
[2022-11-10 06:52:44] Training loop.       Batches: 60
[2022-11-10 06:52:56] Training loop. The ith epoch completed: 146
[2022-11-10 06:52:56] 
----------------------------------------------------------------------
[2022-11-10 06:52:56] Training loop.       Batches: 60
[2022-11-10 06:53:08] Training loop. The ith epoch completed: 147
[2022-11-10 06:53:08] 
----------------------------------------------------------------------
[2022-11-10 06:53:08] Training loop.       Batches: 60
[2022-11-10 06:53:20] Training loop. The ith epoch completed: 148
[2022-11-10 06:53:20] 
----------------------------------------------------------------------
[2022-11-10 06:53:20] Training loop.       Batches: 60
[2022-11-10 06:53:32] Training loop. The ith epoch completed: 149
[2022-11-10 06:53:32] 
----------------------------------------------------------------------
[2022-11-10 06:53:32] Training loop.       Batches: 60
[2022-11-10 06:53:43] test set
[2022-11-10 06:53:43] validation set
[2022-11-10 06:53:45] val loss      : 0.7104
[2022-11-10 06:53:45] val acc       : 0.9490
[2022-11-10 06:53:45] val precision : 0.9488
[2022-11-10 06:53:45] val recall    : 0.9493
[2022-11-10 06:53:45] val f1        : 0.9487
[2022-11-10 06:53:45] val mcc       : 0.0000
[2022-11-10 06:53:45] Iteration completed: 9000, remained 0
[2022-11-10 06:53:45] Saving model...
[2022-11-10 06:53:45] 
------------------------------------------------------
[2022-11-10 06:53:45] Training loop. The ith epoch completed: 150
[2022-11-10 06:53:45] best loss      : 0.7104
[2022-11-10 06:53:45] best acc       : 0.9490
[2022-11-10 06:53:45] best precision : 0.9488
[2022-11-10 06:53:45] best recall    : 0.9493
[2022-11-10 06:53:45] best f1        : 0.9487
[2022-11-10 06:53:45] best mcc       : 0.0000
[2022-11-10 06:53:45] Training complete.
