[2022-11-17 17:29:39] model params: 97867523
[2022-11-17 17:29:39] model params with gradients:1805315
[2022-11-17 17:29:39] Additional parameters 1805315 / 97867523 = 0.0188
[2022-11-17 17:29:39] Setup data...
[2022-11-17 17:29:44] Done.
[2022-11-17 17:29:44] Batch schedule
[2022-11-17 17:29:44] [(40, 30)]
[2022-11-17 17:29:44] Wrapping models and optimizers...
[2022-11-17 17:29:44] Begin training iterations
[2022-11-17 17:29:44] Total iteration: 9000
[2022-11-17 17:29:44] 
----------------------------------------------------------------------
[2022-11-17 17:29:44] Training loop.       Batches: 1750
[2022-11-17 17:35:22] test set
[2022-11-17 17:35:22] validation set
[2022-11-17 17:35:35] val loss      : 0.4815
[2022-11-17 17:35:35] val acc       : 0.7767
[2022-11-17 17:35:35] val precision : 0.7751
[2022-11-17 17:35:35] val recall    : 0.7746
[2022-11-17 17:35:35] val f1        : 0.7713
[2022-11-17 17:35:35] val mcc       : 0.0000
[2022-11-17 17:35:35] Iteration completed: 300, remained 8700
[2022-11-17 17:35:35] Saving model...
[2022-11-17 17:35:35] 
------------------------------------------------------
[2022-11-17 17:41:17] test set
[2022-11-17 17:41:17] validation set
[2022-11-17 17:41:31] val loss      : 0.4879
[2022-11-17 17:41:31] val acc       : 0.7707
[2022-11-17 17:41:31] val precision : 0.7804
[2022-11-17 17:41:31] val recall    : 0.7674
[2022-11-17 17:41:31] val f1        : 0.7619
[2022-11-17 17:41:31] val mcc       : 0.0000
[2022-11-17 17:47:11] test set
[2022-11-17 17:47:11] validation set
[2022-11-17 17:47:25] val loss      : 0.4762
[2022-11-17 17:47:25] val acc       : 0.7858
[2022-11-17 17:47:25] val precision : 0.7910
[2022-11-17 17:47:25] val recall    : 0.7826
[2022-11-17 17:47:25] val f1        : 0.7785
[2022-11-17 17:47:25] val mcc       : 0.0000
[2022-11-17 17:47:25] Iteration completed: 900, remained 8100
[2022-11-17 17:47:25] Saving model...
[2022-11-17 17:47:25] 
------------------------------------------------------
[2022-11-17 17:53:05] test set
[2022-11-17 17:53:05] validation set
[2022-11-17 17:53:18] val loss      : 0.4716
[2022-11-17 17:53:18] val acc       : 0.7898
[2022-11-17 17:53:18] val precision : 0.7964
[2022-11-17 17:53:18] val recall    : 0.7898
[2022-11-17 17:53:18] val f1        : 0.7867
[2022-11-17 17:53:18] val mcc       : 0.0000
[2022-11-17 17:53:18] Iteration completed: 1200, remained 7800
[2022-11-17 17:53:18] Saving model...
[2022-11-17 17:53:18] 
------------------------------------------------------
[2022-11-17 17:58:58] test set
[2022-11-17 17:58:58] validation set
[2022-11-17 17:59:12] val loss      : 0.4596
[2022-11-17 17:59:12] val acc       : 0.7879
[2022-11-17 17:59:12] val precision : 0.7858
[2022-11-17 17:59:12] val recall    : 0.7859
[2022-11-17 17:59:12] val f1        : 0.7833
[2022-11-17 17:59:12] val mcc       : 0.0000
[2022-11-17 18:03:57] Training loop. The ith epoch completed: 1
[2022-11-17 18:03:57] 
----------------------------------------------------------------------
[2022-11-17 18:03:57] Training loop.       Batches: 1750
[2022-11-17 18:04:53] test set
[2022-11-17 18:04:53] validation set
[2022-11-17 18:05:07] val loss      : 0.4603
[2022-11-17 18:05:07] val acc       : 0.7918
[2022-11-17 18:05:07] val precision : 0.7914
[2022-11-17 18:05:07] val recall    : 0.7896
[2022-11-17 18:05:07] val f1        : 0.7866
[2022-11-17 18:05:07] val mcc       : 0.0000
[2022-11-17 18:05:07] Iteration completed: 1800, remained 7200
[2022-11-17 18:05:07] Saving model...
[2022-11-17 18:05:07] 
------------------------------------------------------
[2022-11-17 18:10:49] test set
[2022-11-17 18:10:49] validation set
[2022-11-17 18:11:02] val loss      : 0.4882
[2022-11-17 18:11:02] val acc       : 0.7647
[2022-11-17 18:11:02] val precision : 0.7766
[2022-11-17 18:11:02] val recall    : 0.7596
[2022-11-17 18:11:02] val f1        : 0.7554
[2022-11-17 18:11:02] val mcc       : 0.0000
[2022-11-17 18:16:41] test set
[2022-11-17 18:16:41] validation set
[2022-11-17 18:16:55] val loss      : 0.4553
[2022-11-17 18:16:55] val acc       : 0.7929
[2022-11-17 18:16:55] val precision : 0.7909
[2022-11-17 18:16:55] val recall    : 0.7906
[2022-11-17 18:16:55] val f1        : 0.7872
[2022-11-17 18:16:55] val mcc       : 0.0000
[2022-11-17 18:16:55] Iteration completed: 2400, remained 6600
[2022-11-17 18:16:55] Saving model...
[2022-11-17 18:16:55] 
------------------------------------------------------
[2022-11-17 18:22:35] test set
[2022-11-17 18:22:35] validation set
[2022-11-17 18:22:48] val loss      : 0.4514
[2022-11-17 18:22:48] val acc       : 0.7968
[2022-11-17 18:22:48] val precision : 0.7993
[2022-11-17 18:22:48] val recall    : 0.7939
[2022-11-17 18:22:48] val f1        : 0.7914
[2022-11-17 18:22:48] val mcc       : 0.0000
[2022-11-17 18:22:48] Iteration completed: 2700, remained 6300
[2022-11-17 18:22:48] Saving model...
[2022-11-17 18:22:48] 
------------------------------------------------------
[2022-11-17 18:28:27] test set
[2022-11-17 18:28:27] validation set
[2022-11-17 18:28:41] val loss      : 0.4519
[2022-11-17 18:28:41] val acc       : 0.8058
[2022-11-17 18:28:41] val precision : 0.8074
[2022-11-17 18:28:41] val recall    : 0.8083
[2022-11-17 18:28:41] val f1        : 0.8024
[2022-11-17 18:28:41] val mcc       : 0.0000
[2022-11-17 18:28:41] Iteration completed: 3000, remained 6000
[2022-11-17 18:28:41] Saving model...
[2022-11-17 18:28:41] 
------------------------------------------------------
[2022-11-17 18:34:21] test set
[2022-11-17 18:34:21] validation set
[2022-11-17 18:34:34] val loss      : 0.4508
[2022-11-17 18:34:34] val acc       : 0.7968
[2022-11-17 18:34:34] val precision : 0.7969
[2022-11-17 18:34:34] val recall    : 0.7961
[2022-11-17 18:34:34] val f1        : 0.7917
[2022-11-17 18:34:34] val mcc       : 0.0000
[2022-11-17 18:38:21] Training loop. The ith epoch completed: 2
[2022-11-17 18:38:21] 
----------------------------------------------------------------------
[2022-11-17 18:38:21] Training loop.       Batches: 1750
[2022-11-17 18:40:14] test set
[2022-11-17 18:40:14] validation set
[2022-11-17 18:40:28] val loss      : 0.4599
[2022-11-17 18:40:28] val acc       : 0.7978
[2022-11-17 18:40:28] val precision : 0.8025
[2022-11-17 18:40:28] val recall    : 0.8024
[2022-11-17 18:40:28] val f1        : 0.7955
[2022-11-17 18:40:28] val mcc       : 0.0000
[2022-11-17 18:46:08] test set
[2022-11-17 18:46:08] validation set
[2022-11-17 18:46:21] val loss      : 0.4548
[2022-11-17 18:46:21] val acc       : 0.7878
[2022-11-17 18:46:21] val precision : 0.7943
[2022-11-17 18:46:21] val recall    : 0.7854
[2022-11-17 18:46:21] val f1        : 0.7813
[2022-11-17 18:46:21] val mcc       : 0.0000
[2022-11-17 18:52:01] test set
[2022-11-17 18:52:01] validation set
[2022-11-17 18:52:14] val loss      : 0.4497
[2022-11-17 18:52:14] val acc       : 0.7918
[2022-11-17 18:52:14] val precision : 0.7944
[2022-11-17 18:52:14] val recall    : 0.7948
[2022-11-17 18:52:14] val f1        : 0.7883
[2022-11-17 18:52:14] val mcc       : 0.0000
[2022-11-17 18:57:54] test set
[2022-11-17 18:57:54] validation set
[2022-11-17 18:58:07] val loss      : 0.4923
[2022-11-17 18:58:07] val acc       : 0.7799
[2022-11-17 18:58:07] val precision : 0.7969
[2022-11-17 18:58:07] val recall    : 0.7836
[2022-11-17 18:58:07] val f1        : 0.7746
[2022-11-17 18:58:07] val mcc       : 0.0000
[2022-11-17 19:03:48] test set
[2022-11-17 19:03:48] validation set
[2022-11-17 19:04:02] val loss      : 0.4587
[2022-11-17 19:04:02] val acc       : 0.8069
[2022-11-17 19:04:02] val precision : 0.8070
[2022-11-17 19:04:02] val recall    : 0.8061
[2022-11-17 19:04:02] val f1        : 0.8024
[2022-11-17 19:04:02] val mcc       : 0.0000
[2022-11-17 19:04:02] Iteration completed: 4800, remained 4200
[2022-11-17 19:04:02] Saving model...
[2022-11-17 19:04:02] 
------------------------------------------------------
[2022-11-17 19:09:43] test set
[2022-11-17 19:09:43] validation set
[2022-11-17 19:09:56] val loss      : 0.4527
[2022-11-17 19:09:56] val acc       : 0.8108
[2022-11-17 19:09:56] val precision : 0.8094
[2022-11-17 19:09:56] val recall    : 0.8120
[2022-11-17 19:09:56] val f1        : 0.8066
[2022-11-17 19:09:56] val mcc       : 0.0000
[2022-11-17 19:09:56] Iteration completed: 5100, remained 3900
[2022-11-17 19:09:56] Saving model...
[2022-11-17 19:09:56] 
------------------------------------------------------
[2022-11-17 19:12:47] Training loop. The ith epoch completed: 3
[2022-11-17 19:12:47] 
----------------------------------------------------------------------
[2022-11-17 19:12:47] Training loop.       Batches: 1750
[2022-11-17 19:15:37] test set
[2022-11-17 19:15:37] validation set
[2022-11-17 19:15:50] val loss      : 0.4592
[2022-11-17 19:15:50] val acc       : 0.8068
[2022-11-17 19:15:50] val precision : 0.8087
[2022-11-17 19:15:50] val recall    : 0.8068
[2022-11-17 19:15:50] val f1        : 0.8037
[2022-11-17 19:15:50] val mcc       : 0.0000
[2022-11-17 19:21:31] test set
[2022-11-17 19:21:31] validation set
[2022-11-17 19:21:44] val loss      : 0.4551
[2022-11-17 19:21:44] val acc       : 0.7947
[2022-11-17 19:21:44] val precision : 0.7918
[2022-11-17 19:21:44] val recall    : 0.7906
[2022-11-17 19:21:44] val f1        : 0.7867
[2022-11-17 19:21:44] val mcc       : 0.0000
[2022-11-17 19:27:24] test set
[2022-11-17 19:27:24] validation set
[2022-11-17 19:27:38] val loss      : 0.4546
[2022-11-17 19:27:38] val acc       : 0.7938
[2022-11-17 19:27:38] val precision : 0.7967
[2022-11-17 19:27:38] val recall    : 0.7931
[2022-11-17 19:27:38] val f1        : 0.7903
[2022-11-17 19:27:38] val mcc       : 0.0000
[2022-11-17 19:33:19] test set
[2022-11-17 19:33:19] validation set
[2022-11-17 19:33:33] val loss      : 0.4510
[2022-11-17 19:33:33] val acc       : 0.8007
[2022-11-17 19:33:33] val precision : 0.8000
[2022-11-17 19:33:33] val recall    : 0.8018
[2022-11-17 19:33:33] val f1        : 0.7973
[2022-11-17 19:33:33] val mcc       : 0.0000
[2022-11-17 19:39:16] test set
[2022-11-17 19:39:16] validation set
[2022-11-17 19:39:29] val loss      : 0.4524
[2022-11-17 19:39:29] val acc       : 0.7987
[2022-11-17 19:39:29] val precision : 0.7967
[2022-11-17 19:39:29] val recall    : 0.7934
[2022-11-17 19:39:29] val f1        : 0.7915
[2022-11-17 19:39:29] val mcc       : 0.0000
[2022-11-17 19:45:09] test set
[2022-11-17 19:45:09] validation set
[2022-11-17 19:45:22] val loss      : 0.4499
[2022-11-17 19:45:22] val acc       : 0.8067
[2022-11-17 19:45:22] val precision : 0.8094
[2022-11-17 19:45:22] val recall    : 0.8074
[2022-11-17 19:45:22] val f1        : 0.8028
[2022-11-17 19:45:22] val mcc       : 0.0000
[2022-11-17 19:47:16] Training loop. The ith epoch completed: 4
[2022-11-17 19:47:16] 
----------------------------------------------------------------------
[2022-11-17 19:47:16] Training loop.       Batches: 1750
[2022-11-17 19:51:03] test set
[2022-11-17 19:51:03] validation set
[2022-11-17 19:51:16] val loss      : 0.4581
[2022-11-17 19:51:16] val acc       : 0.8039
[2022-11-17 19:51:16] val precision : 0.8047
[2022-11-17 19:51:16] val recall    : 0.8055
[2022-11-17 19:51:16] val f1        : 0.8013
[2022-11-17 19:51:16] val mcc       : 0.0000
[2022-11-17 19:56:57] test set
[2022-11-17 19:56:57] validation set
[2022-11-17 19:57:10] val loss      : 0.4617
[2022-11-17 19:57:10] val acc       : 0.7808
[2022-11-17 19:57:10] val precision : 0.7857
[2022-11-17 19:57:10] val recall    : 0.7805
[2022-11-17 19:57:10] val f1        : 0.7764
[2022-11-17 19:57:10] val mcc       : 0.0000
[2022-11-17 20:02:51] test set
[2022-11-17 20:02:51] validation set
[2022-11-17 20:03:04] val loss      : 0.4574
[2022-11-17 20:03:04] val acc       : 0.8038
[2022-11-17 20:03:04] val precision : 0.8027
[2022-11-17 20:03:04] val recall    : 0.8029
[2022-11-17 20:03:04] val f1        : 0.7988
[2022-11-17 20:03:04] val mcc       : 0.0000
[2022-11-17 20:08:45] test set
[2022-11-17 20:08:45] validation set
[2022-11-17 20:08:58] val loss      : 0.4484
[2022-11-17 20:08:58] val acc       : 0.8109
[2022-11-17 20:08:58] val precision : 0.8123
[2022-11-17 20:08:58] val recall    : 0.8133
[2022-11-17 20:08:58] val f1        : 0.8079
[2022-11-17 20:08:58] val mcc       : 0.0000
[2022-11-17 20:08:58] Iteration completed: 8100, remained 900
[2022-11-17 20:08:58] Saving model...
[2022-11-17 20:08:58] 
------------------------------------------------------
[2022-11-17 20:14:40] test set
[2022-11-17 20:14:40] validation set
[2022-11-17 20:14:53] val loss      : 0.4526
[2022-11-17 20:14:53] val acc       : 0.8108
[2022-11-17 20:14:53] val precision : 0.8076
[2022-11-17 20:14:53] val recall    : 0.8107
[2022-11-17 20:14:53] val f1        : 0.8050
[2022-11-17 20:14:53] val mcc       : 0.0000
[2022-11-17 20:20:35] test set
[2022-11-17 20:20:35] validation set
[2022-11-17 20:20:48] val loss      : 0.4517
[2022-11-17 20:20:48] val acc       : 0.8109
[2022-11-17 20:20:48] val precision : 0.8101
[2022-11-17 20:20:48] val recall    : 0.8120
[2022-11-17 20:20:48] val f1        : 0.8055
[2022-11-17 20:20:48] val mcc       : 0.0000
[2022-11-17 20:21:45] Training loop. The ith epoch completed: 5
[2022-11-17 20:21:45] 
----------------------------------------------------------------------
[2022-11-17 20:21:45] Training loop.       Batches: 1750
[2022-11-17 20:26:29] test set
[2022-11-17 20:26:29] validation set
[2022-11-17 20:26:42] val loss      : 0.4514
[2022-11-17 20:26:42] val acc       : 0.8068
[2022-11-17 20:26:42] val precision : 0.8080
[2022-11-17 20:26:42] val recall    : 0.8058
[2022-11-17 20:26:42] val f1        : 0.8039
[2022-11-17 20:26:42] val mcc       : 0.0000
[2022-11-17 20:26:44] best loss      : 0.4484
[2022-11-17 20:26:44] best acc       : 0.8109
[2022-11-17 20:26:44] best precision : 0.8123
[2022-11-17 20:26:44] best recall    : 0.8133
[2022-11-17 20:26:44] best f1        : 0.8079
[2022-11-17 20:26:44] best mcc       : 0.0000
[2022-11-17 20:26:44] Training complete.
