[2022-11-18 02:21:58] model params: 97867523
[2022-11-18 02:21:58] model params with gradients:1805315
[2022-11-18 02:21:58] Additional parameters 1805315 / 97867523 = 0.0188
[2022-11-18 02:21:58] Setup data...
[2022-11-18 02:21:59] Done.
[2022-11-18 02:21:59] Batch schedule
[2022-11-18 02:21:59] [(40, 30)]
[2022-11-18 02:21:59] Wrapping models and optimizers...
[2022-11-18 02:21:59] Begin training iterations
[2022-11-18 02:21:59] Total iteration: 9000
[2022-11-18 02:21:59] 
----------------------------------------------------------------------
[2022-11-18 02:21:59] Training loop.       Batches: 1750
[2022-11-18 02:27:40] test set
[2022-11-18 02:27:40] validation set
[2022-11-18 02:27:54] val loss      : 0.4925
[2022-11-18 02:27:54] val acc       : 0.7597
[2022-11-18 02:27:54] val precision : 0.7635
[2022-11-18 02:27:54] val recall    : 0.7606
[2022-11-18 02:27:54] val f1        : 0.7556
[2022-11-18 02:27:54] val mcc       : 0.0000
[2022-11-18 02:27:54] Iteration completed: 300, remained 8700
[2022-11-18 02:27:54] Saving model...
[2022-11-18 02:27:54] 
------------------------------------------------------
[2022-11-18 02:33:34] test set
[2022-11-18 02:33:34] validation set
[2022-11-18 02:33:48] val loss      : 0.4830
[2022-11-18 02:33:48] val acc       : 0.7687
[2022-11-18 02:33:48] val precision : 0.7718
[2022-11-18 02:33:48] val recall    : 0.7683
[2022-11-18 02:33:48] val f1        : 0.7649
[2022-11-18 02:33:48] val mcc       : 0.0000
[2022-11-18 02:33:48] Iteration completed: 600, remained 8400
[2022-11-18 02:33:48] Saving model...
[2022-11-18 02:33:48] 
------------------------------------------------------
[2022-11-18 02:39:30] test set
[2022-11-18 02:39:30] validation set
[2022-11-18 02:39:44] val loss      : 0.4816
[2022-11-18 02:39:44] val acc       : 0.7848
[2022-11-18 02:39:44] val precision : 0.7856
[2022-11-18 02:39:44] val recall    : 0.7830
[2022-11-18 02:39:44] val f1        : 0.7769
[2022-11-18 02:39:44] val mcc       : 0.0000
[2022-11-18 02:39:44] Iteration completed: 900, remained 8100
[2022-11-18 02:39:44] Saving model...
[2022-11-18 02:39:44] 
------------------------------------------------------
[2022-11-18 02:45:25] test set
[2022-11-18 02:45:25] validation set
[2022-11-18 02:45:39] val loss      : 0.5199
[2022-11-18 02:45:39] val acc       : 0.7527
[2022-11-18 02:45:39] val precision : 0.7783
[2022-11-18 02:45:39] val recall    : 0.7562
[2022-11-18 02:45:39] val f1        : 0.7440
[2022-11-18 02:45:39] val mcc       : 0.0000
[2022-11-18 02:51:21] test set
[2022-11-18 02:51:21] validation set
[2022-11-18 02:51:34] val loss      : 0.4632
[2022-11-18 02:51:34] val acc       : 0.7818
[2022-11-18 02:51:34] val precision : 0.7836
[2022-11-18 02:51:34] val recall    : 0.7830
[2022-11-18 02:51:34] val f1        : 0.7759
[2022-11-18 02:51:34] val mcc       : 0.0000
[2022-11-18 02:56:18] Training loop. The ith epoch completed: 1
[2022-11-18 02:56:18] 
----------------------------------------------------------------------
[2022-11-18 02:56:18] Training loop.       Batches: 1750
[2022-11-18 02:57:15] test set
[2022-11-18 02:57:15] validation set
[2022-11-18 02:57:28] val loss      : 0.4529
[2022-11-18 02:57:28] val acc       : 0.8008
[2022-11-18 02:57:28] val precision : 0.8040
[2022-11-18 02:57:28] val recall    : 0.8024
[2022-11-18 02:57:28] val f1        : 0.7979
[2022-11-18 02:57:28] val mcc       : 0.0000
[2022-11-18 02:57:28] Iteration completed: 1800, remained 7200
[2022-11-18 02:57:28] Saving model...
[2022-11-18 02:57:28] 
------------------------------------------------------
[2022-11-18 03:03:09] test set
[2022-11-18 03:03:09] validation set
[2022-11-18 03:03:22] val loss      : 0.4642
[2022-11-18 03:03:22] val acc       : 0.7927
[2022-11-18 03:03:22] val precision : 0.7965
[2022-11-18 03:03:22] val recall    : 0.7963
[2022-11-18 03:03:22] val f1        : 0.7863
[2022-11-18 03:03:22] val mcc       : 0.0000
[2022-11-18 03:09:04] test set
[2022-11-18 03:09:04] validation set
[2022-11-18 03:09:18] val loss      : 0.4570
[2022-11-18 03:09:18] val acc       : 0.7908
[2022-11-18 03:09:18] val precision : 0.7916
[2022-11-18 03:09:18] val recall    : 0.7911
[2022-11-18 03:09:18] val f1        : 0.7873
[2022-11-18 03:09:18] val mcc       : 0.0000
[2022-11-18 03:14:58] test set
[2022-11-18 03:14:58] validation set
[2022-11-18 03:15:12] val loss      : 0.4504
[2022-11-18 03:15:12] val acc       : 0.8038
[2022-11-18 03:15:12] val precision : 0.8075
[2022-11-18 03:15:12] val recall    : 0.8046
[2022-11-18 03:15:12] val f1        : 0.7990
[2022-11-18 03:15:12] val mcc       : 0.0000
[2022-11-18 03:15:12] Iteration completed: 2700, remained 6300
[2022-11-18 03:15:12] Saving model...
[2022-11-18 03:15:12] 
------------------------------------------------------
[2022-11-18 03:20:52] test set
[2022-11-18 03:20:52] validation set
[2022-11-18 03:21:06] val loss      : 0.4531
[2022-11-18 03:21:06] val acc       : 0.7948
[2022-11-18 03:21:06] val precision : 0.8016
[2022-11-18 03:21:06] val recall    : 0.8018
[2022-11-18 03:21:06] val f1        : 0.7928
[2022-11-18 03:21:06] val mcc       : 0.0000
[2022-11-18 03:26:48] test set
[2022-11-18 03:26:48] validation set
[2022-11-18 03:27:02] val loss      : 0.4519
[2022-11-18 03:27:02] val acc       : 0.8037
[2022-11-18 03:27:02] val precision : 0.8066
[2022-11-18 03:27:02] val recall    : 0.8061
[2022-11-18 03:27:02] val f1        : 0.8007
[2022-11-18 03:27:02] val mcc       : 0.0000
[2022-11-18 03:30:48] Training loop. The ith epoch completed: 2
[2022-11-18 03:30:48] 
----------------------------------------------------------------------
[2022-11-18 03:30:48] Training loop.       Batches: 1750
[2022-11-18 03:32:42] test set
[2022-11-18 03:32:42] validation set
[2022-11-18 03:32:55] val loss      : 0.4656
[2022-11-18 03:32:55] val acc       : 0.7928
[2022-11-18 03:32:55] val precision : 0.7983
[2022-11-18 03:32:55] val recall    : 0.7944
[2022-11-18 03:32:55] val f1        : 0.7887
[2022-11-18 03:32:55] val mcc       : 0.0000
[2022-11-18 03:38:37] test set
[2022-11-18 03:38:37] validation set
[2022-11-18 03:38:51] val loss      : 0.4624
[2022-11-18 03:38:51] val acc       : 0.7936
[2022-11-18 03:38:51] val precision : 0.8004
[2022-11-18 03:38:51] val recall    : 0.7971
[2022-11-18 03:38:51] val f1        : 0.7904
[2022-11-18 03:38:51] val mcc       : 0.0000
[2022-11-18 03:44:32] test set
[2022-11-18 03:44:32] validation set
[2022-11-18 03:44:45] val loss      : 0.4384
[2022-11-18 03:44:45] val acc       : 0.8119
[2022-11-18 03:44:45] val precision : 0.8123
[2022-11-18 03:44:45] val recall    : 0.8119
[2022-11-18 03:44:45] val f1        : 0.8089
[2022-11-18 03:44:45] val mcc       : 0.0000
[2022-11-18 03:44:45] Iteration completed: 4200, remained 4800
[2022-11-18 03:44:45] Saving model...
[2022-11-18 03:44:45] 
------------------------------------------------------
[2022-11-18 03:50:26] test set
[2022-11-18 03:50:26] validation set
[2022-11-18 03:50:40] val loss      : 0.4474
[2022-11-18 03:50:40] val acc       : 0.7998
[2022-11-18 03:50:40] val precision : 0.8006
[2022-11-18 03:50:40] val recall    : 0.8008
[2022-11-18 03:50:40] val f1        : 0.7952
[2022-11-18 03:50:40] val mcc       : 0.0000
[2022-11-18 03:56:20] test set
[2022-11-18 03:56:20] validation set
[2022-11-18 03:56:33] val loss      : 0.4402
[2022-11-18 03:56:33] val acc       : 0.8088
[2022-11-18 03:56:33] val precision : 0.8068
[2022-11-18 03:56:33] val recall    : 0.8067
[2022-11-18 03:56:33] val f1        : 0.8036
[2022-11-18 03:56:33] val mcc       : 0.0000
[2022-11-18 04:02:13] test set
[2022-11-18 04:02:13] validation set
[2022-11-18 04:02:27] val loss      : 0.4441
[2022-11-18 04:02:27] val acc       : 0.7988
[2022-11-18 04:02:27] val precision : 0.8029
[2022-11-18 04:02:27] val recall    : 0.7991
[2022-11-18 04:02:27] val f1        : 0.7955
[2022-11-18 04:02:27] val mcc       : 0.0000
[2022-11-18 04:05:17] Training loop. The ith epoch completed: 3
[2022-11-18 04:05:17] 
----------------------------------------------------------------------
[2022-11-18 04:05:17] Training loop.       Batches: 1750
[2022-11-18 04:08:07] test set
[2022-11-18 04:08:07] validation set
[2022-11-18 04:08:20] val loss      : 0.4412
[2022-11-18 04:08:20] val acc       : 0.8069
[2022-11-18 04:08:20] val precision : 0.8085
[2022-11-18 04:08:20] val recall    : 0.8098
[2022-11-18 04:08:20] val f1        : 0.8032
[2022-11-18 04:08:20] val mcc       : 0.0000
[2022-11-18 04:14:00] test set
[2022-11-18 04:14:00] validation set
[2022-11-18 04:14:14] val loss      : 0.4472
[2022-11-18 04:14:14] val acc       : 0.8158
[2022-11-18 04:14:14] val precision : 0.8157
[2022-11-18 04:14:14] val recall    : 0.8145
[2022-11-18 04:14:14] val f1        : 0.8110
[2022-11-18 04:14:14] val mcc       : 0.0000
[2022-11-18 04:14:14] Iteration completed: 5700, remained 3300
[2022-11-18 04:14:14] Saving model...
[2022-11-18 04:14:14] 
------------------------------------------------------
[2022-11-18 04:19:54] test set
[2022-11-18 04:19:54] validation set
[2022-11-18 04:20:07] val loss      : 0.4547
[2022-11-18 04:20:07] val acc       : 0.8168
[2022-11-18 04:20:07] val precision : 0.8191
[2022-11-18 04:20:07] val recall    : 0.8207
[2022-11-18 04:20:07] val f1        : 0.8123
[2022-11-18 04:20:07] val mcc       : 0.0000
[2022-11-18 04:20:07] Iteration completed: 6000, remained 3000
[2022-11-18 04:20:07] Saving model...
[2022-11-18 04:20:07] 
------------------------------------------------------
[2022-11-18 04:25:48] test set
[2022-11-18 04:25:48] validation set
[2022-11-18 04:26:01] val loss      : 0.4459
[2022-11-18 04:26:01] val acc       : 0.7966
[2022-11-18 04:26:01] val precision : 0.7955
[2022-11-18 04:26:01] val recall    : 0.7954
[2022-11-18 04:26:01] val f1        : 0.7927
[2022-11-18 04:26:01] val mcc       : 0.0000
[2022-11-18 04:31:42] test set
[2022-11-18 04:31:42] validation set
[2022-11-18 04:31:56] val loss      : 0.4482
[2022-11-18 04:31:56] val acc       : 0.8147
[2022-11-18 04:31:56] val precision : 0.8173
[2022-11-18 04:31:56] val recall    : 0.8156
[2022-11-18 04:31:56] val f1        : 0.8115
[2022-11-18 04:31:56] val mcc       : 0.0000
[2022-11-18 04:37:39] test set
[2022-11-18 04:37:39] validation set
[2022-11-18 04:37:52] val loss      : 0.4639
[2022-11-18 04:37:52] val acc       : 0.7978
[2022-11-18 04:37:52] val precision : 0.8056
[2022-11-18 04:37:52] val recall    : 0.7988
[2022-11-18 04:37:52] val f1        : 0.7933
[2022-11-18 04:37:52] val mcc       : 0.0000
[2022-11-18 04:39:46] Training loop. The ith epoch completed: 4
[2022-11-18 04:39:46] 
----------------------------------------------------------------------
[2022-11-18 04:39:46] Training loop.       Batches: 1750
[2022-11-18 04:43:34] test set
[2022-11-18 04:43:34] validation set
[2022-11-18 04:43:48] val loss      : 0.4474
[2022-11-18 04:43:48] val acc       : 0.8098
[2022-11-18 04:43:48] val precision : 0.8132
[2022-11-18 04:43:48] val recall    : 0.8111
[2022-11-18 04:43:48] val f1        : 0.8070
[2022-11-18 04:43:48] val mcc       : 0.0000
[2022-11-18 04:49:29] test set
[2022-11-18 04:49:29] validation set
[2022-11-18 04:49:42] val loss      : 0.4439
[2022-11-18 04:49:42] val acc       : 0.8128
[2022-11-18 04:49:42] val precision : 0.8151
[2022-11-18 04:49:42] val recall    : 0.8146
[2022-11-18 04:49:42] val f1        : 0.8100
[2022-11-18 04:49:42] val mcc       : 0.0000
[2022-11-18 04:55:23] test set
[2022-11-18 04:55:23] validation set
[2022-11-18 04:55:37] val loss      : 0.4474
[2022-11-18 04:55:37] val acc       : 0.8118
[2022-11-18 04:55:37] val precision : 0.8123
[2022-11-18 04:55:37] val recall    : 0.8154
[2022-11-18 04:55:37] val f1        : 0.8097
[2022-11-18 04:55:37] val mcc       : 0.0000
[2022-11-18 05:01:19] test set
[2022-11-18 05:01:19] validation set
[2022-11-18 05:01:32] val loss      : 0.4512
[2022-11-18 05:01:32] val acc       : 0.8148
[2022-11-18 05:01:32] val precision : 0.8207
[2022-11-18 05:01:32] val recall    : 0.8169
[2022-11-18 05:01:32] val f1        : 0.8114
[2022-11-18 05:01:32] val mcc       : 0.0000
[2022-11-18 05:07:13] test set
[2022-11-18 05:07:13] validation set
[2022-11-18 05:07:26] val loss      : 0.4490
[2022-11-18 05:07:26] val acc       : 0.8128
[2022-11-18 05:07:26] val precision : 0.8148
[2022-11-18 05:07:26] val recall    : 0.8142
[2022-11-18 05:07:26] val f1        : 0.8107
[2022-11-18 05:07:26] val mcc       : 0.0000
[2022-11-18 05:13:06] test set
[2022-11-18 05:13:06] validation set
[2022-11-18 05:13:20] val loss      : 0.4495
[2022-11-18 05:13:20] val acc       : 0.8108
[2022-11-18 05:13:20] val precision : 0.8136
[2022-11-18 05:13:20] val recall    : 0.8118
[2022-11-18 05:13:20] val f1        : 0.8057
[2022-11-18 05:13:20] val mcc       : 0.0000
[2022-11-18 05:14:16] Training loop. The ith epoch completed: 5
[2022-11-18 05:14:16] 
----------------------------------------------------------------------
[2022-11-18 05:14:16] Training loop.       Batches: 1750
[2022-11-18 05:19:01] test set
[2022-11-18 05:19:01] validation set
[2022-11-18 05:19:15] val loss      : 0.4499
[2022-11-18 05:19:15] val acc       : 0.8118
[2022-11-18 05:19:15] val precision : 0.8161
[2022-11-18 05:19:15] val recall    : 0.8154
[2022-11-18 05:19:15] val f1        : 0.8093
[2022-11-18 05:19:15] val mcc       : 0.0000
[2022-11-18 05:19:16] best loss      : 0.4547
[2022-11-18 05:19:16] best acc       : 0.8168
[2022-11-18 05:19:16] best precision : 0.8191
[2022-11-18 05:19:16] best recall    : 0.8207
[2022-11-18 05:19:16] best f1        : 0.8123
[2022-11-18 05:19:16] best mcc       : 0.0000
[2022-11-18 05:19:16] Training complete.
