[2022-11-17 23:24:30] model params: 97867523
[2022-11-17 23:24:30] model params with gradients:1805315
[2022-11-17 23:24:30] Additional parameters 1805315 / 97867523 = 0.0188
[2022-11-17 23:24:30] Setup data...
[2022-11-17 23:24:32] Done.
[2022-11-17 23:24:32] Batch schedule
[2022-11-17 23:24:32] [(40, 30)]
[2022-11-17 23:24:32] Wrapping models and optimizers...
[2022-11-17 23:24:32] Begin training iterations
[2022-11-17 23:24:32] Total iteration: 9000
[2022-11-17 23:24:32] 
----------------------------------------------------------------------
[2022-11-17 23:24:32] Training loop.       Batches: 1750
[2022-11-17 23:30:14] test set
[2022-11-17 23:30:14] validation set
[2022-11-17 23:30:27] val loss      : 0.4863
[2022-11-17 23:30:27] val acc       : 0.7757
[2022-11-17 23:30:27] val precision : 0.7745
[2022-11-17 23:30:27] val recall    : 0.7788
[2022-11-17 23:30:27] val f1        : 0.7717
[2022-11-17 23:30:27] val mcc       : 0.0000
[2022-11-17 23:30:27] Iteration completed: 300, remained 8700
[2022-11-17 23:30:27] Saving model...
[2022-11-17 23:30:27] 
------------------------------------------------------
[2022-11-17 23:36:09] test set
[2022-11-17 23:36:09] validation set
[2022-11-17 23:36:22] val loss      : 0.4715
[2022-11-17 23:36:22] val acc       : 0.7807
[2022-11-17 23:36:22] val precision : 0.7799
[2022-11-17 23:36:22] val recall    : 0.7775
[2022-11-17 23:36:22] val f1        : 0.7747
[2022-11-17 23:36:22] val mcc       : 0.0000
[2022-11-17 23:36:22] Iteration completed: 600, remained 8400
[2022-11-17 23:36:22] Saving model...
[2022-11-17 23:36:22] 
------------------------------------------------------
[2022-11-17 23:42:05] test set
[2022-11-17 23:42:05] validation set
[2022-11-17 23:42:18] val loss      : 0.4675
[2022-11-17 23:42:18] val acc       : 0.7828
[2022-11-17 23:42:18] val precision : 0.7811
[2022-11-17 23:42:18] val recall    : 0.7812
[2022-11-17 23:42:18] val f1        : 0.7780
[2022-11-17 23:42:18] val mcc       : 0.0000
[2022-11-17 23:42:18] Iteration completed: 900, remained 8100
[2022-11-17 23:42:18] Saving model...
[2022-11-17 23:42:18] 
------------------------------------------------------
[2022-11-17 23:47:59] test set
[2022-11-17 23:47:59] validation set
[2022-11-17 23:48:13] val loss      : 0.4717
[2022-11-17 23:48:13] val acc       : 0.7778
[2022-11-17 23:48:13] val precision : 0.7783
[2022-11-17 23:48:13] val recall    : 0.7792
[2022-11-17 23:48:13] val f1        : 0.7736
[2022-11-17 23:48:13] val mcc       : 0.0000
[2022-11-17 23:53:53] test set
[2022-11-17 23:53:53] validation set
[2022-11-17 23:54:07] val loss      : 0.4669
[2022-11-17 23:54:07] val acc       : 0.7838
[2022-11-17 23:54:07] val precision : 0.7896
[2022-11-17 23:54:07] val recall    : 0.7875
[2022-11-17 23:54:07] val f1        : 0.7798
[2022-11-17 23:54:07] val mcc       : 0.0000
[2022-11-17 23:54:07] Iteration completed: 1500, remained 7500
[2022-11-17 23:54:07] Saving model...
[2022-11-17 23:54:07] 
------------------------------------------------------
[2022-11-17 23:58:53] Training loop. The ith epoch completed: 1
[2022-11-17 23:58:53] 
----------------------------------------------------------------------
[2022-11-17 23:58:53] Training loop.       Batches: 1750
[2022-11-17 23:59:50] test set
[2022-11-17 23:59:50] validation set
[2022-11-18 00:00:03] val loss      : 0.4811
[2022-11-18 00:00:03] val acc       : 0.7718
[2022-11-18 00:00:03] val precision : 0.7812
[2022-11-18 00:00:03] val recall    : 0.7757
[2022-11-18 00:00:03] val f1        : 0.7677
[2022-11-18 00:00:03] val mcc       : 0.0000
[2022-11-18 00:05:46] test set
[2022-11-18 00:05:46] validation set
[2022-11-18 00:05:59] val loss      : 0.4747
[2022-11-18 00:05:59] val acc       : 0.7898
[2022-11-18 00:05:59] val precision : 0.7877
[2022-11-18 00:05:59] val recall    : 0.7907
[2022-11-18 00:05:59] val f1        : 0.7852
[2022-11-18 00:05:59] val mcc       : 0.0000
[2022-11-18 00:05:59] Iteration completed: 2100, remained 6900
[2022-11-18 00:05:59] Saving model...
[2022-11-18 00:05:59] 
------------------------------------------------------
[2022-11-18 00:11:40] test set
[2022-11-18 00:11:40] validation set
[2022-11-18 00:11:53] val loss      : 0.4574
[2022-11-18 00:11:53] val acc       : 0.7908
[2022-11-18 00:11:53] val precision : 0.7928
[2022-11-18 00:11:53] val recall    : 0.7916
[2022-11-18 00:11:53] val f1        : 0.7872
[2022-11-18 00:11:53] val mcc       : 0.0000
[2022-11-18 00:11:53] Iteration completed: 2400, remained 6600
[2022-11-18 00:11:53] Saving model...
[2022-11-18 00:11:53] 
------------------------------------------------------
[2022-11-18 00:17:33] test set
[2022-11-18 00:17:33] validation set
[2022-11-18 00:17:47] val loss      : 0.4727
[2022-11-18 00:17:47] val acc       : 0.7918
[2022-11-18 00:17:47] val precision : 0.7971
[2022-11-18 00:17:47] val recall    : 0.7924
[2022-11-18 00:17:47] val f1        : 0.7856
[2022-11-18 00:17:47] val mcc       : 0.0000
[2022-11-18 00:17:47] Iteration completed: 2700, remained 6300
[2022-11-18 00:17:47] Saving model...
[2022-11-18 00:17:47] 
------------------------------------------------------
[2022-11-18 00:23:27] test set
[2022-11-18 00:23:27] validation set
[2022-11-18 00:23:40] val loss      : 0.4487
[2022-11-18 00:23:40] val acc       : 0.8038
[2022-11-18 00:23:40] val precision : 0.8057
[2022-11-18 00:23:40] val recall    : 0.8036
[2022-11-18 00:23:40] val f1        : 0.8003
[2022-11-18 00:23:40] val mcc       : 0.0000
[2022-11-18 00:23:40] Iteration completed: 3000, remained 6000
[2022-11-18 00:23:40] Saving model...
[2022-11-18 00:23:40] 
------------------------------------------------------
[2022-11-18 00:29:21] test set
[2022-11-18 00:29:21] validation set
[2022-11-18 00:29:34] val loss      : 0.4603
[2022-11-18 00:29:34] val acc       : 0.7927
[2022-11-18 00:29:34] val precision : 0.7977
[2022-11-18 00:29:34] val recall    : 0.7885
[2022-11-18 00:29:34] val f1        : 0.7850
[2022-11-18 00:29:34] val mcc       : 0.0000
[2022-11-18 00:33:22] Training loop. The ith epoch completed: 2
[2022-11-18 00:33:22] 
----------------------------------------------------------------------
[2022-11-18 00:33:22] Training loop.       Batches: 1750
[2022-11-18 00:35:16] test set
[2022-11-18 00:35:16] validation set
[2022-11-18 00:35:29] val loss      : 0.4723
[2022-11-18 00:35:29] val acc       : 0.7998
[2022-11-18 00:35:29] val precision : 0.8078
[2022-11-18 00:35:29] val recall    : 0.8009
[2022-11-18 00:35:29] val f1        : 0.7954
[2022-11-18 00:35:29] val mcc       : 0.0000
[2022-11-18 00:41:10] test set
[2022-11-18 00:41:10] validation set
[2022-11-18 00:41:24] val loss      : 0.4492
[2022-11-18 00:41:24] val acc       : 0.8008
[2022-11-18 00:41:24] val precision : 0.8017
[2022-11-18 00:41:24] val recall    : 0.7977
[2022-11-18 00:41:24] val f1        : 0.7960
[2022-11-18 00:41:24] val mcc       : 0.0000
[2022-11-18 00:47:06] test set
[2022-11-18 00:47:06] validation set
[2022-11-18 00:47:19] val loss      : 0.4516
[2022-11-18 00:47:19] val acc       : 0.7989
[2022-11-18 00:47:19] val precision : 0.8009
[2022-11-18 00:47:19] val recall    : 0.7971
[2022-11-18 00:47:19] val f1        : 0.7938
[2022-11-18 00:47:19] val mcc       : 0.0000
[2022-11-18 00:53:00] test set
[2022-11-18 00:53:00] validation set
[2022-11-18 00:53:13] val loss      : 0.4712
[2022-11-18 00:53:13] val acc       : 0.7848
[2022-11-18 00:53:13] val precision : 0.7923
[2022-11-18 00:53:13] val recall    : 0.7887
[2022-11-18 00:53:13] val f1        : 0.7786
[2022-11-18 00:53:13] val mcc       : 0.0000
[2022-11-18 00:58:55] test set
[2022-11-18 00:58:55] validation set
[2022-11-18 00:59:09] val loss      : 0.4559
[2022-11-18 00:59:09] val acc       : 0.8038
[2022-11-18 00:59:09] val precision : 0.8104
[2022-11-18 00:59:09] val recall    : 0.8029
[2022-11-18 00:59:09] val f1        : 0.7989
[2022-11-18 00:59:09] val mcc       : 0.0000
[2022-11-18 01:04:49] test set
[2022-11-18 01:04:49] validation set
[2022-11-18 01:05:03] val loss      : 0.4495
[2022-11-18 01:05:03] val acc       : 0.7998
[2022-11-18 01:05:03] val precision : 0.7985
[2022-11-18 01:05:03] val recall    : 0.8005
[2022-11-18 01:05:03] val f1        : 0.7958
[2022-11-18 01:05:03] val mcc       : 0.0000
[2022-11-18 01:07:53] Training loop. The ith epoch completed: 3
[2022-11-18 01:07:53] 
----------------------------------------------------------------------
[2022-11-18 01:07:53] Training loop.       Batches: 1750
[2022-11-18 01:10:44] test set
[2022-11-18 01:10:44] validation set
[2022-11-18 01:10:58] val loss      : 0.4531
[2022-11-18 01:10:58] val acc       : 0.8078
[2022-11-18 01:10:58] val precision : 0.8077
[2022-11-18 01:10:58] val recall    : 0.8085
[2022-11-18 01:10:58] val f1        : 0.8039
[2022-11-18 01:10:58] val mcc       : 0.0000
[2022-11-18 01:10:58] Iteration completed: 5400, remained 3600
[2022-11-18 01:10:58] Saving model...
[2022-11-18 01:10:58] 
------------------------------------------------------
[2022-11-18 01:16:40] test set
[2022-11-18 01:16:40] validation set
[2022-11-18 01:16:53] val loss      : 0.4482
[2022-11-18 01:16:53] val acc       : 0.8118
[2022-11-18 01:16:53] val precision : 0.8124
[2022-11-18 01:16:53] val recall    : 0.8110
[2022-11-18 01:16:53] val f1        : 0.8085
[2022-11-18 01:16:53] val mcc       : 0.0000
[2022-11-18 01:16:53] Iteration completed: 5700, remained 3300
[2022-11-18 01:16:53] Saving model...
[2022-11-18 01:16:53] 
------------------------------------------------------
[2022-11-18 01:22:33] test set
[2022-11-18 01:22:33] validation set
[2022-11-18 01:22:47] val loss      : 0.4502
[2022-11-18 01:22:47] val acc       : 0.8018
[2022-11-18 01:22:47] val precision : 0.8029
[2022-11-18 01:22:47] val recall    : 0.8021
[2022-11-18 01:22:47] val f1        : 0.7997
[2022-11-18 01:22:47] val mcc       : 0.0000
[2022-11-18 01:28:27] test set
[2022-11-18 01:28:27] validation set
[2022-11-18 01:28:41] val loss      : 0.4521
[2022-11-18 01:28:41] val acc       : 0.8168
[2022-11-18 01:28:41] val precision : 0.8132
[2022-11-18 01:28:41] val recall    : 0.8139
[2022-11-18 01:28:41] val f1        : 0.8106
[2022-11-18 01:28:41] val mcc       : 0.0000
[2022-11-18 01:28:41] Iteration completed: 6300, remained 2700
[2022-11-18 01:28:41] Saving model...
[2022-11-18 01:28:41] 
------------------------------------------------------
[2022-11-18 01:34:21] test set
[2022-11-18 01:34:21] validation set
[2022-11-18 01:34:35] val loss      : 0.4555
[2022-11-18 01:34:35] val acc       : 0.8098
[2022-11-18 01:34:35] val precision : 0.8091
[2022-11-18 01:34:35] val recall    : 0.8103
[2022-11-18 01:34:35] val f1        : 0.8059
[2022-11-18 01:34:35] val mcc       : 0.0000
[2022-11-18 01:40:15] test set
[2022-11-18 01:40:15] validation set
[2022-11-18 01:40:29] val loss      : 0.4544
[2022-11-18 01:40:29] val acc       : 0.8068
[2022-11-18 01:40:29] val precision : 0.8068
[2022-11-18 01:40:29] val recall    : 0.8064
[2022-11-18 01:40:29] val f1        : 0.8042
[2022-11-18 01:40:29] val mcc       : 0.0000
[2022-11-18 01:42:22] Training loop. The ith epoch completed: 4
[2022-11-18 01:42:22] 
----------------------------------------------------------------------
[2022-11-18 01:42:22] Training loop.       Batches: 1750
[2022-11-18 01:46:10] test set
[2022-11-18 01:46:10] validation set
[2022-11-18 01:46:23] val loss      : 0.4573
[2022-11-18 01:46:23] val acc       : 0.8069
[2022-11-18 01:46:23] val precision : 0.8060
[2022-11-18 01:46:23] val recall    : 0.8085
[2022-11-18 01:46:23] val f1        : 0.8015
[2022-11-18 01:46:23] val mcc       : 0.0000
[2022-11-18 01:52:06] test set
[2022-11-18 01:52:06] validation set
[2022-11-18 01:52:20] val loss      : 0.4499
[2022-11-18 01:52:20] val acc       : 0.8058
[2022-11-18 01:52:20] val precision : 0.8094
[2022-11-18 01:52:20] val recall    : 0.8047
[2022-11-18 01:52:20] val f1        : 0.8010
[2022-11-18 01:52:20] val mcc       : 0.0000
[2022-11-18 01:58:00] test set
[2022-11-18 01:58:00] validation set
[2022-11-18 01:58:13] val loss      : 0.4519
[2022-11-18 01:58:13] val acc       : 0.8017
[2022-11-18 01:58:13] val precision : 0.7989
[2022-11-18 01:58:13] val recall    : 0.8058
[2022-11-18 01:58:13] val f1        : 0.7968
[2022-11-18 01:58:13] val mcc       : 0.0000
[2022-11-18 02:03:53] test set
[2022-11-18 02:03:53] validation set
[2022-11-18 02:04:07] val loss      : 0.4479
[2022-11-18 02:04:07] val acc       : 0.8078
[2022-11-18 02:04:07] val precision : 0.8082
[2022-11-18 02:04:07] val recall    : 0.8068
[2022-11-18 02:04:07] val f1        : 0.8034
[2022-11-18 02:04:07] val mcc       : 0.0000
[2022-11-18 02:09:47] test set
[2022-11-18 02:09:47] validation set
[2022-11-18 02:10:00] val loss      : 0.4551
[2022-11-18 02:10:00] val acc       : 0.8008
[2022-11-18 02:10:00] val precision : 0.8017
[2022-11-18 02:10:00] val recall    : 0.8008
[2022-11-18 02:10:00] val f1        : 0.7963
[2022-11-18 02:10:00] val mcc       : 0.0000
[2022-11-18 02:15:40] test set
[2022-11-18 02:15:40] validation set
[2022-11-18 02:15:54] val loss      : 0.4576
[2022-11-18 02:15:54] val acc       : 0.7959
[2022-11-18 02:15:54] val precision : 0.7974
[2022-11-18 02:15:54] val recall    : 0.7959
[2022-11-18 02:15:54] val f1        : 0.7928
[2022-11-18 02:15:54] val mcc       : 0.0000
[2022-11-18 02:16:51] Training loop. The ith epoch completed: 5
[2022-11-18 02:16:51] 
----------------------------------------------------------------------
[2022-11-18 02:16:51] Training loop.       Batches: 1750
[2022-11-18 02:21:36] test set
[2022-11-18 02:21:36] validation set
[2022-11-18 02:21:49] val loss      : 0.4568
[2022-11-18 02:21:49] val acc       : 0.7989
[2022-11-18 02:21:49] val precision : 0.7999
[2022-11-18 02:21:49] val recall    : 0.7997
[2022-11-18 02:21:49] val f1        : 0.7959
[2022-11-18 02:21:49] val mcc       : 0.0000
[2022-11-18 02:21:50] best loss      : 0.4521
[2022-11-18 02:21:50] best acc       : 0.8168
[2022-11-18 02:21:50] best precision : 0.8132
[2022-11-18 02:21:50] best recall    : 0.8139
[2022-11-18 02:21:50] best f1        : 0.8106
[2022-11-18 02:21:50] best mcc       : 0.0000
[2022-11-18 02:21:50] Training complete.
