[2022-11-18 05:19:24] model params: 97867523
[2022-11-18 05:19:24] model params with gradients:1805315
[2022-11-18 05:19:24] Additional parameters 1805315 / 97867523 = 0.0188
[2022-11-18 05:19:24] Setup data...
[2022-11-18 05:19:25] Done.
[2022-11-18 05:19:25] Batch schedule
[2022-11-18 05:19:25] [(40, 30)]
[2022-11-18 05:19:25] Wrapping models and optimizers...
[2022-11-18 05:19:25] Begin training iterations
[2022-11-18 05:19:25] Total iteration: 9000
[2022-11-18 05:19:25] 
----------------------------------------------------------------------
[2022-11-18 05:19:25] Training loop.       Batches: 1750
[2022-11-18 05:25:07] test set
[2022-11-18 05:25:07] validation set
[2022-11-18 05:25:21] val loss      : 0.4963
[2022-11-18 05:25:21] val acc       : 0.7627
[2022-11-18 05:25:21] val precision : 0.7646
[2022-11-18 05:25:21] val recall    : 0.7680
[2022-11-18 05:25:21] val f1        : 0.7605
[2022-11-18 05:25:21] val mcc       : 0.0000
[2022-11-18 05:25:21] Iteration completed: 300, remained 8700
[2022-11-18 05:25:21] Saving model...
[2022-11-18 05:25:21] 
------------------------------------------------------
[2022-11-18 05:31:01] test set
[2022-11-18 05:31:01] validation set
[2022-11-18 05:31:15] val loss      : 0.4779
[2022-11-18 05:31:15] val acc       : 0.7748
[2022-11-18 05:31:15] val precision : 0.7759
[2022-11-18 05:31:15] val recall    : 0.7783
[2022-11-18 05:31:15] val f1        : 0.7728
[2022-11-18 05:31:15] val mcc       : 0.0000
[2022-11-18 05:31:15] Iteration completed: 600, remained 8400
[2022-11-18 05:31:15] Saving model...
[2022-11-18 05:31:15] 
------------------------------------------------------
[2022-11-18 05:36:56] test set
[2022-11-18 05:36:56] validation set
[2022-11-18 05:37:09] val loss      : 0.4868
[2022-11-18 05:37:09] val acc       : 0.7678
[2022-11-18 05:37:09] val precision : 0.7724
[2022-11-18 05:37:09] val recall    : 0.7674
[2022-11-18 05:37:09] val f1        : 0.7619
[2022-11-18 05:37:09] val mcc       : 0.0000
[2022-11-18 05:42:49] test set
[2022-11-18 05:42:49] validation set
[2022-11-18 05:43:03] val loss      : 0.4905
[2022-11-18 05:43:03] val acc       : 0.7697
[2022-11-18 05:43:03] val precision : 0.7792
[2022-11-18 05:43:03] val recall    : 0.7692
[2022-11-18 05:43:03] val f1        : 0.7611
[2022-11-18 05:43:03] val mcc       : 0.0000
[2022-11-18 05:48:46] test set
[2022-11-18 05:48:46] validation set
[2022-11-18 05:48:59] val loss      : 0.4655
[2022-11-18 05:48:59] val acc       : 0.7808
[2022-11-18 05:48:59] val precision : 0.7829
[2022-11-18 05:48:59] val recall    : 0.7821
[2022-11-18 05:48:59] val f1        : 0.7741
[2022-11-18 05:48:59] val mcc       : 0.0000
[2022-11-18 05:48:59] Iteration completed: 1500, remained 7500
[2022-11-18 05:48:59] Saving model...
[2022-11-18 05:48:59] 
------------------------------------------------------
[2022-11-18 05:53:43] Training loop. The ith epoch completed: 1
[2022-11-18 05:53:43] 
----------------------------------------------------------------------
[2022-11-18 05:53:43] Training loop.       Batches: 1750
[2022-11-18 05:54:40] test set
[2022-11-18 05:54:40] validation set
[2022-11-18 05:54:54] val loss      : 0.4765
[2022-11-18 05:54:54] val acc       : 0.7827
[2022-11-18 05:54:54] val precision : 0.7815
[2022-11-18 05:54:54] val recall    : 0.7803
[2022-11-18 05:54:54] val f1        : 0.7764
[2022-11-18 05:54:54] val mcc       : 0.0000
[2022-11-18 05:54:54] Iteration completed: 1800, remained 7200
[2022-11-18 05:54:54] Saving model...
[2022-11-18 05:54:54] 
------------------------------------------------------
[2022-11-18 06:00:36] test set
[2022-11-18 06:00:36] validation set
[2022-11-18 06:00:50] val loss      : 0.4583
[2022-11-18 06:00:50] val acc       : 0.7987
[2022-11-18 06:00:50] val precision : 0.8009
[2022-11-18 06:00:50] val recall    : 0.7976
[2022-11-18 06:00:50] val f1        : 0.7935
[2022-11-18 06:00:50] val mcc       : 0.0000
[2022-11-18 06:00:50] Iteration completed: 2100, remained 6900
[2022-11-18 06:00:50] Saving model...
[2022-11-18 06:00:50] 
------------------------------------------------------
[2022-11-18 06:06:29] test set
[2022-11-18 06:06:29] validation set
[2022-11-18 06:06:43] val loss      : 0.4754
[2022-11-18 06:06:43] val acc       : 0.7797
[2022-11-18 06:06:43] val precision : 0.7769
[2022-11-18 06:06:43] val recall    : 0.7766
[2022-11-18 06:06:43] val f1        : 0.7705
[2022-11-18 06:06:43] val mcc       : 0.0000
[2022-11-18 06:12:23] test set
[2022-11-18 06:12:23] validation set
[2022-11-18 06:12:36] val loss      : 0.4661
[2022-11-18 06:12:36] val acc       : 0.7938
[2022-11-18 06:12:36] val precision : 0.7976
[2022-11-18 06:12:36] val recall    : 0.7945
[2022-11-18 06:12:36] val f1        : 0.7911
[2022-11-18 06:12:36] val mcc       : 0.0000
[2022-11-18 06:18:16] test set
[2022-11-18 06:18:16] validation set
[2022-11-18 06:18:30] val loss      : 0.4564
[2022-11-18 06:18:30] val acc       : 0.7907
[2022-11-18 06:18:30] val precision : 0.7884
[2022-11-18 06:18:30] val recall    : 0.7913
[2022-11-18 06:18:30] val f1        : 0.7865
[2022-11-18 06:18:30] val mcc       : 0.0000
[2022-11-18 06:24:10] test set
[2022-11-18 06:24:10] validation set
[2022-11-18 06:24:23] val loss      : 0.4504
[2022-11-18 06:24:23] val acc       : 0.7979
[2022-11-18 06:24:23] val precision : 0.7990
[2022-11-18 06:24:23] val recall    : 0.8003
[2022-11-18 06:24:23] val f1        : 0.7934
[2022-11-18 06:24:23] val mcc       : 0.0000
[2022-11-18 06:28:10] Training loop. The ith epoch completed: 2
[2022-11-18 06:28:10] 
----------------------------------------------------------------------
[2022-11-18 06:28:10] Training loop.       Batches: 1750
[2022-11-18 06:30:03] test set
[2022-11-18 06:30:03] validation set
[2022-11-18 06:30:17] val loss      : 0.4560
[2022-11-18 06:30:17] val acc       : 0.7939
[2022-11-18 06:30:17] val precision : 0.7985
[2022-11-18 06:30:17] val recall    : 0.7978
[2022-11-18 06:30:17] val f1        : 0.7905
[2022-11-18 06:30:17] val mcc       : 0.0000
[2022-11-18 06:35:56] test set
[2022-11-18 06:35:56] validation set
[2022-11-18 06:36:10] val loss      : 0.4694
[2022-11-18 06:36:10] val acc       : 0.7888
[2022-11-18 06:36:10] val precision : 0.7967
[2022-11-18 06:36:10] val recall    : 0.7917
[2022-11-18 06:36:10] val f1        : 0.7837
[2022-11-18 06:36:10] val mcc       : 0.0000
[2022-11-18 06:41:50] test set
[2022-11-18 06:41:50] validation set
[2022-11-18 06:42:03] val loss      : 0.4535
[2022-11-18 06:42:03] val acc       : 0.8077
[2022-11-18 06:42:03] val precision : 0.8095
[2022-11-18 06:42:03] val recall    : 0.8100
[2022-11-18 06:42:03] val f1        : 0.8041
[2022-11-18 06:42:03] val mcc       : 0.0000
[2022-11-18 06:42:03] Iteration completed: 4200, remained 4800
[2022-11-18 06:42:03] Saving model...
[2022-11-18 06:42:03] 
------------------------------------------------------
[2022-11-18 06:47:43] test set
[2022-11-18 06:47:43] validation set
[2022-11-18 06:47:57] val loss      : 0.4467
[2022-11-18 06:47:57] val acc       : 0.8067
[2022-11-18 06:47:57] val precision : 0.8074
[2022-11-18 06:47:57] val recall    : 0.8057
[2022-11-18 06:47:57] val f1        : 0.8018
[2022-11-18 06:47:57] val mcc       : 0.0000
[2022-11-18 06:53:38] test set
[2022-11-18 06:53:38] validation set
[2022-11-18 06:53:52] val loss      : 0.4535
[2022-11-18 06:53:52] val acc       : 0.8028
[2022-11-18 06:53:52] val precision : 0.8034
[2022-11-18 06:53:52] val recall    : 0.8044
[2022-11-18 06:53:52] val f1        : 0.7993
[2022-11-18 06:53:52] val mcc       : 0.0000
[2022-11-18 06:59:33] test set
[2022-11-18 06:59:33] validation set
[2022-11-18 06:59:46] val loss      : 0.4657
[2022-11-18 06:59:46] val acc       : 0.8048
[2022-11-18 06:59:46] val precision : 0.8086
[2022-11-18 06:59:46] val recall    : 0.8089
[2022-11-18 06:59:46] val f1        : 0.8019
[2022-11-18 06:59:46] val mcc       : 0.0000
[2022-11-18 07:02:36] Training loop. The ith epoch completed: 3
[2022-11-18 07:02:36] 
----------------------------------------------------------------------
[2022-11-18 07:02:36] Training loop.       Batches: 1750
[2022-11-18 07:05:26] test set
[2022-11-18 07:05:26] validation set
[2022-11-18 07:05:40] val loss      : 0.4450
[2022-11-18 07:05:40] val acc       : 0.8128
[2022-11-18 07:05:40] val precision : 0.8156
[2022-11-18 07:05:40] val recall    : 0.8119
[2022-11-18 07:05:40] val f1        : 0.8088
[2022-11-18 07:05:40] val mcc       : 0.0000
[2022-11-18 07:05:40] Iteration completed: 5400, remained 3600
[2022-11-18 07:05:40] Saving model...
[2022-11-18 07:05:40] 
------------------------------------------------------
[2022-11-18 07:11:20] test set
[2022-11-18 07:11:20] validation set
[2022-11-18 07:11:34] val loss      : 0.4500
[2022-11-18 07:11:34] val acc       : 0.7908
[2022-11-18 07:11:34] val precision : 0.7936
[2022-11-18 07:11:34] val recall    : 0.7898
[2022-11-18 07:11:34] val f1        : 0.7864
[2022-11-18 07:11:34] val mcc       : 0.0000
[2022-11-18 07:17:14] test set
[2022-11-18 07:17:14] validation set
[2022-11-18 07:17:28] val loss      : 0.4701
[2022-11-18 07:17:28] val acc       : 0.7979
[2022-11-18 07:17:28] val precision : 0.8072
[2022-11-18 07:17:28] val recall    : 0.8033
[2022-11-18 07:17:28] val f1        : 0.7946
[2022-11-18 07:17:28] val mcc       : 0.0000
[2022-11-18 07:23:09] test set
[2022-11-18 07:23:09] validation set
[2022-11-18 07:23:22] val loss      : 0.4512
[2022-11-18 07:23:22] val acc       : 0.8087
[2022-11-18 07:23:22] val precision : 0.8081
[2022-11-18 07:23:22] val recall    : 0.8131
[2022-11-18 07:23:22] val f1        : 0.8054
[2022-11-18 07:23:22] val mcc       : 0.0000
[2022-11-18 07:29:02] test set
[2022-11-18 07:29:02] validation set
[2022-11-18 07:29:15] val loss      : 0.4503
[2022-11-18 07:29:15] val acc       : 0.8118
[2022-11-18 07:29:15] val precision : 0.8119
[2022-11-18 07:29:15] val recall    : 0.8120
[2022-11-18 07:29:15] val f1        : 0.8087
[2022-11-18 07:29:15] val mcc       : 0.0000
[2022-11-18 07:34:58] test set
[2022-11-18 07:34:58] validation set
[2022-11-18 07:35:12] val loss      : 0.4488
[2022-11-18 07:35:12] val acc       : 0.8068
[2022-11-18 07:35:12] val precision : 0.8061
[2022-11-18 07:35:12] val recall    : 0.8077
[2022-11-18 07:35:12] val f1        : 0.8037
[2022-11-18 07:35:12] val mcc       : 0.0000
[2022-11-18 07:37:05] Training loop. The ith epoch completed: 4
[2022-11-18 07:37:05] 
----------------------------------------------------------------------
[2022-11-18 07:37:05] Training loop.       Batches: 1750
[2022-11-18 07:40:54] test set
[2022-11-18 07:40:54] validation set
[2022-11-18 07:41:08] val loss      : 0.4508
[2022-11-18 07:41:08] val acc       : 0.8018
[2022-11-18 07:41:08] val precision : 0.8014
[2022-11-18 07:41:08] val recall    : 0.8020
[2022-11-18 07:41:08] val f1        : 0.7982
[2022-11-18 07:41:08] val mcc       : 0.0000
[2022-11-18 07:46:48] test set
[2022-11-18 07:46:48] validation set
[2022-11-18 07:47:01] val loss      : 0.4475
[2022-11-18 07:47:01] val acc       : 0.8118
[2022-11-18 07:47:01] val precision : 0.8104
[2022-11-18 07:47:01] val recall    : 0.8113
[2022-11-18 07:47:01] val f1        : 0.8085
[2022-11-18 07:47:01] val mcc       : 0.0000
[2022-11-18 07:52:42] test set
[2022-11-18 07:52:42] validation set
[2022-11-18 07:52:55] val loss      : 0.4510
[2022-11-18 07:52:55] val acc       : 0.8007
[2022-11-18 07:52:55] val precision : 0.8024
[2022-11-18 07:52:55] val recall    : 0.8050
[2022-11-18 07:52:55] val f1        : 0.7975
[2022-11-18 07:52:55] val mcc       : 0.0000
[2022-11-18 07:58:36] test set
[2022-11-18 07:58:36] validation set
[2022-11-18 07:58:49] val loss      : 0.4534
[2022-11-18 07:58:49] val acc       : 0.8088
[2022-11-18 07:58:49] val precision : 0.8109
[2022-11-18 07:58:49] val recall    : 0.8091
[2022-11-18 07:58:49] val f1        : 0.8051
[2022-11-18 07:58:49] val mcc       : 0.0000
[2022-11-18 08:04:29] test set
[2022-11-18 08:04:29] validation set
[2022-11-18 08:04:43] val loss      : 0.4577
[2022-11-18 08:04:43] val acc       : 0.8078
[2022-11-18 08:04:43] val precision : 0.8063
[2022-11-18 08:04:43] val recall    : 0.8079
[2022-11-18 08:04:43] val f1        : 0.8043
[2022-11-18 08:04:43] val mcc       : 0.0000
[2022-11-18 08:10:24] test set
[2022-11-18 08:10:24] validation set
[2022-11-18 08:10:37] val loss      : 0.4513
[2022-11-18 08:10:37] val acc       : 0.8087
[2022-11-18 08:10:37] val precision : 0.8074
[2022-11-18 08:10:37] val recall    : 0.8078
[2022-11-18 08:10:37] val f1        : 0.8027
[2022-11-18 08:10:37] val mcc       : 0.0000
[2022-11-18 08:11:34] Training loop. The ith epoch completed: 5
[2022-11-18 08:11:34] 
----------------------------------------------------------------------
[2022-11-18 08:11:34] Training loop.       Batches: 1750
[2022-11-18 08:16:18] test set
[2022-11-18 08:16:18] validation set
[2022-11-18 08:16:32] val loss      : 0.4526
[2022-11-18 08:16:32] val acc       : 0.8068
[2022-11-18 08:16:32] val precision : 0.8084
[2022-11-18 08:16:32] val recall    : 0.8074
[2022-11-18 08:16:32] val f1        : 0.8039
[2022-11-18 08:16:32] val mcc       : 0.0000
[2022-11-18 08:16:33] best loss      : 0.4450
[2022-11-18 08:16:33] best acc       : 0.8128
[2022-11-18 08:16:33] best precision : 0.8156
[2022-11-18 08:16:33] best recall    : 0.8119
[2022-11-18 08:16:33] best f1        : 0.8088
[2022-11-18 08:16:33] best mcc       : 0.0000
[2022-11-18 08:16:33] Training complete.
[2022-11-18 08:16:33] 
------------------------------------------------------
[2022-11-18 08:16:33] Avg. loss      : 0.4492
[2022-11-18 08:16:33] Avg. acc       : 0.8140
[2022-11-18 08:16:33] Avg. precision : 0.8150
[2022-11-18 08:16:33] Avg. recall    : 0.8148
[2022-11-18 08:16:33] Avg. f1        : 0.8099
