[2022-11-17 20:26:53] model params: 97867523
[2022-11-17 20:26:53] model params with gradients:1805315
[2022-11-17 20:26:53] Additional parameters 1805315 / 97867523 = 0.0188
[2022-11-17 20:26:53] Setup data...
[2022-11-17 20:26:54] Done.
[2022-11-17 20:26:54] Batch schedule
[2022-11-17 20:26:54] [(40, 30)]
[2022-11-17 20:26:54] Wrapping models and optimizers...
[2022-11-17 20:26:54] Begin training iterations
[2022-11-17 20:26:54] Total iteration: 9000
[2022-11-17 20:26:54] 
----------------------------------------------------------------------
[2022-11-17 20:26:54] Training loop.       Batches: 1750
[2022-11-17 20:32:36] test set
[2022-11-17 20:32:36] validation set
[2022-11-17 20:32:50] val loss      : 0.4934
[2022-11-17 20:32:50] val acc       : 0.7628
[2022-11-17 20:32:50] val precision : 0.7646
[2022-11-17 20:32:50] val recall    : 0.7604
[2022-11-17 20:32:50] val f1        : 0.7568
[2022-11-17 20:32:50] val mcc       : 0.0000
[2022-11-17 20:32:50] Iteration completed: 300, remained 8700
[2022-11-17 20:32:50] Saving model...
[2022-11-17 20:32:50] 
------------------------------------------------------
[2022-11-17 20:38:32] test set
[2022-11-17 20:38:32] validation set
[2022-11-17 20:38:46] val loss      : 0.4722
[2022-11-17 20:38:46] val acc       : 0.7838
[2022-11-17 20:38:46] val precision : 0.7894
[2022-11-17 20:38:46] val recall    : 0.7848
[2022-11-17 20:38:46] val f1        : 0.7794
[2022-11-17 20:38:46] val mcc       : 0.0000
[2022-11-17 20:38:46] Iteration completed: 600, remained 8400
[2022-11-17 20:38:46] Saving model...
[2022-11-17 20:38:46] 
------------------------------------------------------
[2022-11-17 20:44:26] test set
[2022-11-17 20:44:26] validation set
[2022-11-17 20:44:39] val loss      : 0.4659
[2022-11-17 20:44:39] val acc       : 0.7898
[2022-11-17 20:44:39] val precision : 0.7907
[2022-11-17 20:44:39] val recall    : 0.7884
[2022-11-17 20:44:39] val f1        : 0.7853
[2022-11-17 20:44:39] val mcc       : 0.0000
[2022-11-17 20:44:39] Iteration completed: 900, remained 8100
[2022-11-17 20:44:39] Saving model...
[2022-11-17 20:44:39] 
------------------------------------------------------
[2022-11-17 20:50:21] test set
[2022-11-17 20:50:21] validation set
[2022-11-17 20:50:34] val loss      : 0.4850
[2022-11-17 20:50:34] val acc       : 0.7798
[2022-11-17 20:50:34] val precision : 0.7824
[2022-11-17 20:50:34] val recall    : 0.7779
[2022-11-17 20:50:34] val f1        : 0.7730
[2022-11-17 20:50:34] val mcc       : 0.0000
[2022-11-17 20:56:15] test set
[2022-11-17 20:56:15] validation set
[2022-11-17 20:56:29] val loss      : 0.4960
[2022-11-17 20:56:29] val acc       : 0.7676
[2022-11-17 20:56:29] val precision : 0.7869
[2022-11-17 20:56:29] val recall    : 0.7750
[2022-11-17 20:56:29] val f1        : 0.7618
[2022-11-17 20:56:29] val mcc       : 0.0000
[2022-11-17 21:01:14] Training loop. The ith epoch completed: 1
[2022-11-17 21:01:14] 
----------------------------------------------------------------------
[2022-11-17 21:01:14] Training loop.       Batches: 1750
[2022-11-17 21:02:11] test set
[2022-11-17 21:02:11] validation set
[2022-11-17 21:02:25] val loss      : 0.4676
[2022-11-17 21:02:25] val acc       : 0.7907
[2022-11-17 21:02:25] val precision : 0.7936
[2022-11-17 21:02:25] val recall    : 0.7910
[2022-11-17 21:02:25] val f1        : 0.7874
[2022-11-17 21:02:25] val mcc       : 0.0000
[2022-11-17 21:02:25] Iteration completed: 1800, remained 7200
[2022-11-17 21:02:25] Saving model...
[2022-11-17 21:02:25] 
------------------------------------------------------
[2022-11-17 21:08:05] test set
[2022-11-17 21:08:05] validation set
[2022-11-17 21:08:19] val loss      : 0.4619
[2022-11-17 21:08:19] val acc       : 0.7908
[2022-11-17 21:08:19] val precision : 0.7942
[2022-11-17 21:08:19] val recall    : 0.7908
[2022-11-17 21:08:19] val f1        : 0.7865
[2022-11-17 21:08:19] val mcc       : 0.0000
[2022-11-17 21:08:19] Iteration completed: 2100, remained 6900
[2022-11-17 21:08:19] Saving model...
[2022-11-17 21:08:19] 
------------------------------------------------------
[2022-11-17 21:14:01] test set
[2022-11-17 21:14:01] validation set
[2022-11-17 21:14:14] val loss      : 0.4735
[2022-11-17 21:14:14] val acc       : 0.7788
[2022-11-17 21:14:14] val precision : 0.7916
[2022-11-17 21:14:14] val recall    : 0.7783
[2022-11-17 21:14:14] val f1        : 0.7719
[2022-11-17 21:14:14] val mcc       : 0.0000
[2022-11-17 21:19:56] test set
[2022-11-17 21:19:56] validation set
[2022-11-17 21:20:10] val loss      : 0.4562
[2022-11-17 21:20:10] val acc       : 0.7959
[2022-11-17 21:20:10] val precision : 0.7996
[2022-11-17 21:20:10] val recall    : 0.8005
[2022-11-17 21:20:10] val f1        : 0.7923
[2022-11-17 21:20:10] val mcc       : 0.0000
[2022-11-17 21:20:10] Iteration completed: 2700, remained 6300
[2022-11-17 21:20:10] Saving model...
[2022-11-17 21:20:10] 
------------------------------------------------------
[2022-11-17 21:25:50] test set
[2022-11-17 21:25:50] validation set
[2022-11-17 21:26:04] val loss      : 0.4639
[2022-11-17 21:26:04] val acc       : 0.7756
[2022-11-17 21:26:04] val precision : 0.7841
[2022-11-17 21:26:04] val recall    : 0.7723
[2022-11-17 21:26:04] val f1        : 0.7667
[2022-11-17 21:26:04] val mcc       : 0.0000
[2022-11-17 21:31:44] test set
[2022-11-17 21:31:44] validation set
[2022-11-17 21:31:58] val loss      : 0.4410
[2022-11-17 21:31:58] val acc       : 0.8099
[2022-11-17 21:31:58] val precision : 0.8091
[2022-11-17 21:31:58] val recall    : 0.8100
[2022-11-17 21:31:58] val f1        : 0.8027
[2022-11-17 21:31:58] val mcc       : 0.0000
[2022-11-17 21:31:58] Iteration completed: 3300, remained 5700
[2022-11-17 21:31:58] Saving model...
[2022-11-17 21:31:58] 
------------------------------------------------------
[2022-11-17 21:35:45] Training loop. The ith epoch completed: 2
[2022-11-17 21:35:45] 
----------------------------------------------------------------------
[2022-11-17 21:35:45] Training loop.       Batches: 1750
[2022-11-17 21:37:39] test set
[2022-11-17 21:37:39] validation set
[2022-11-17 21:37:52] val loss      : 0.4488
[2022-11-17 21:37:52] val acc       : 0.7977
[2022-11-17 21:37:52] val precision : 0.8010
[2022-11-17 21:37:52] val recall    : 0.7968
[2022-11-17 21:37:52] val f1        : 0.7914
[2022-11-17 21:37:52] val mcc       : 0.0000
[2022-11-17 21:43:33] test set
[2022-11-17 21:43:33] validation set
[2022-11-17 21:43:46] val loss      : 0.4987
[2022-11-17 21:43:46] val acc       : 0.7748
[2022-11-17 21:43:46] val precision : 0.7910
[2022-11-17 21:43:46] val recall    : 0.7766
[2022-11-17 21:43:46] val f1        : 0.7685
[2022-11-17 21:43:46] val mcc       : 0.0000
[2022-11-17 21:49:28] test set
[2022-11-17 21:49:28] validation set
[2022-11-17 21:49:42] val loss      : 0.4472
[2022-11-17 21:49:42] val acc       : 0.8038
[2022-11-17 21:49:42] val precision : 0.8065
[2022-11-17 21:49:42] val recall    : 0.8027
[2022-11-17 21:49:42] val f1        : 0.8007
[2022-11-17 21:49:42] val mcc       : 0.0000
[2022-11-17 21:55:23] test set
[2022-11-17 21:55:23] validation set
[2022-11-17 21:55:36] val loss      : 0.4608
[2022-11-17 21:55:36] val acc       : 0.7858
[2022-11-17 21:55:36] val precision : 0.7991
[2022-11-17 21:55:36] val recall    : 0.7814
[2022-11-17 21:55:36] val f1        : 0.7777
[2022-11-17 21:55:36] val mcc       : 0.0000
[2022-11-17 22:01:17] test set
[2022-11-17 22:01:17] validation set
[2022-11-17 22:01:31] val loss      : 0.4450
[2022-11-17 22:01:31] val acc       : 0.8028
[2022-11-17 22:01:31] val precision : 0.8068
[2022-11-17 22:01:31] val recall    : 0.8026
[2022-11-17 22:01:31] val f1        : 0.7987
[2022-11-17 22:01:31] val mcc       : 0.0000
[2022-11-17 22:07:13] test set
[2022-11-17 22:07:13] validation set
[2022-11-17 22:07:26] val loss      : 0.4667
[2022-11-17 22:07:26] val acc       : 0.7938
[2022-11-17 22:07:26] val precision : 0.7979
[2022-11-17 22:07:26] val recall    : 0.7978
[2022-11-17 22:07:26] val f1        : 0.7878
[2022-11-17 22:07:26] val mcc       : 0.0000
[2022-11-17 22:10:16] Training loop. The ith epoch completed: 3
[2022-11-17 22:10:16] 
----------------------------------------------------------------------
[2022-11-17 22:10:16] Training loop.       Batches: 1750
[2022-11-17 22:13:06] test set
[2022-11-17 22:13:06] validation set
[2022-11-17 22:13:20] val loss      : 0.4587
[2022-11-17 22:13:20] val acc       : 0.7998
[2022-11-17 22:13:20] val precision : 0.8049
[2022-11-17 22:13:20] val recall    : 0.7970
[2022-11-17 22:13:20] val f1        : 0.7945
[2022-11-17 22:13:20] val mcc       : 0.0000
[2022-11-17 22:19:00] test set
[2022-11-17 22:19:00] validation set
[2022-11-17 22:19:14] val loss      : 0.4459
[2022-11-17 22:19:14] val acc       : 0.8119
[2022-11-17 22:19:14] val precision : 0.8137
[2022-11-17 22:19:14] val recall    : 0.8124
[2022-11-17 22:19:14] val f1        : 0.8096
[2022-11-17 22:19:14] val mcc       : 0.0000
[2022-11-17 22:19:14] Iteration completed: 5700, remained 3300
[2022-11-17 22:19:14] Saving model...
[2022-11-17 22:19:14] 
------------------------------------------------------
[2022-11-17 22:24:55] test set
[2022-11-17 22:24:55] validation set
[2022-11-17 22:25:08] val loss      : 0.4604
[2022-11-17 22:25:08] val acc       : 0.7918
[2022-11-17 22:25:08] val precision : 0.7940
[2022-11-17 22:25:08] val recall    : 0.7943
[2022-11-17 22:25:08] val f1        : 0.7868
[2022-11-17 22:25:08] val mcc       : 0.0000
[2022-11-17 22:30:51] test set
[2022-11-17 22:30:51] validation set
[2022-11-17 22:31:05] val loss      : 0.4476
[2022-11-17 22:31:05] val acc       : 0.8038
[2022-11-17 22:31:05] val precision : 0.8035
[2022-11-17 22:31:05] val recall    : 0.8071
[2022-11-17 22:31:05] val f1        : 0.8019
[2022-11-17 22:31:05] val mcc       : 0.0000
[2022-11-17 22:36:48] test set
[2022-11-17 22:36:48] validation set
[2022-11-17 22:37:02] val loss      : 0.4463
[2022-11-17 22:37:02] val acc       : 0.7997
[2022-11-17 22:37:02] val precision : 0.8028
[2022-11-17 22:37:02] val recall    : 0.8012
[2022-11-17 22:37:02] val f1        : 0.7980
[2022-11-17 22:37:02] val mcc       : 0.0000
[2022-11-17 22:42:42] test set
[2022-11-17 22:42:42] validation set
[2022-11-17 22:42:55] val loss      : 0.4458
[2022-11-17 22:42:55] val acc       : 0.8128
[2022-11-17 22:42:55] val precision : 0.8147
[2022-11-17 22:42:55] val recall    : 0.8141
[2022-11-17 22:42:55] val f1        : 0.8102
[2022-11-17 22:42:55] val mcc       : 0.0000
[2022-11-17 22:42:55] Iteration completed: 6900, remained 2100
[2022-11-17 22:42:55] Saving model...
[2022-11-17 22:42:55] 
------------------------------------------------------
[2022-11-17 22:44:50] Training loop. The ith epoch completed: 4
[2022-11-17 22:44:50] 
----------------------------------------------------------------------
[2022-11-17 22:44:50] Training loop.       Batches: 1750
[2022-11-17 22:48:39] test set
[2022-11-17 22:48:39] validation set
[2022-11-17 22:48:52] val loss      : 0.4535
[2022-11-17 22:48:52] val acc       : 0.8048
[2022-11-17 22:48:52] val precision : 0.8059
[2022-11-17 22:48:52] val recall    : 0.8068
[2022-11-17 22:48:52] val f1        : 0.8015
[2022-11-17 22:48:52] val mcc       : 0.0000
[2022-11-17 22:54:34] test set
[2022-11-17 22:54:34] validation set
[2022-11-17 22:54:47] val loss      : 0.4448
[2022-11-17 22:54:47] val acc       : 0.7987
[2022-11-17 22:54:47] val precision : 0.7966
[2022-11-17 22:54:47] val recall    : 0.7967
[2022-11-17 22:54:47] val f1        : 0.7925
[2022-11-17 22:54:47] val mcc       : 0.0000
[2022-11-17 23:00:28] test set
[2022-11-17 23:00:28] validation set
[2022-11-17 23:00:41] val loss      : 0.4440
[2022-11-17 23:00:41] val acc       : 0.8008
[2022-11-17 23:00:41] val precision : 0.8022
[2022-11-17 23:00:41] val recall    : 0.7980
[2022-11-17 23:00:41] val f1        : 0.7970
[2022-11-17 23:00:41] val mcc       : 0.0000
[2022-11-17 23:06:24] test set
[2022-11-17 23:06:24] validation set
[2022-11-17 23:06:37] val loss      : 0.4467
[2022-11-17 23:06:37] val acc       : 0.8028
[2022-11-17 23:06:37] val precision : 0.8005
[2022-11-17 23:06:37] val recall    : 0.8034
[2022-11-17 23:06:37] val f1        : 0.7985
[2022-11-17 23:06:37] val mcc       : 0.0000
[2022-11-17 23:12:18] test set
[2022-11-17 23:12:18] validation set
[2022-11-17 23:12:32] val loss      : 0.4483
[2022-11-17 23:12:32] val acc       : 0.8029
[2022-11-17 23:12:32] val precision : 0.8015
[2022-11-17 23:12:32] val recall    : 0.8005
[2022-11-17 23:12:32] val f1        : 0.7983
[2022-11-17 23:12:32] val mcc       : 0.0000
[2022-11-17 23:18:13] test set
[2022-11-17 23:18:13] validation set
[2022-11-17 23:18:26] val loss      : 0.4452
[2022-11-17 23:18:26] val acc       : 0.8008
[2022-11-17 23:18:26] val precision : 0.8029
[2022-11-17 23:18:26] val recall    : 0.7978
[2022-11-17 23:18:26] val f1        : 0.7959
[2022-11-17 23:18:26] val mcc       : 0.0000
[2022-11-17 23:19:23] Training loop. The ith epoch completed: 5
[2022-11-17 23:19:23] 
----------------------------------------------------------------------
[2022-11-17 23:19:23] Training loop.       Batches: 1750
[2022-11-17 23:24:07] test set
[2022-11-17 23:24:07] validation set
[2022-11-17 23:24:21] val loss      : 0.4475
[2022-11-17 23:24:21] val acc       : 0.8017
[2022-11-17 23:24:21] val precision : 0.8001
[2022-11-17 23:24:21] val recall    : 0.8024
[2022-11-17 23:24:21] val f1        : 0.7982
[2022-11-17 23:24:21] val mcc       : 0.0000
[2022-11-17 23:24:22] best loss      : 0.4458
[2022-11-17 23:24:22] best acc       : 0.8128
[2022-11-17 23:24:22] best precision : 0.8147
[2022-11-17 23:24:22] best recall    : 0.8141
[2022-11-17 23:24:22] best f1        : 0.8102
[2022-11-17 23:24:22] best mcc       : 0.0000
[2022-11-17 23:24:22] Training complete.
