[2022-11-11 00:16:03] model params: 97867523
[2022-11-11 00:16:03] model params with gradients:1805315
[2022-11-11 00:16:03] Additional parameters 1805315 / 97867523 = 0.0188
[2022-11-11 00:16:03] Setup data...
[2022-11-11 00:16:05] Done.
[2022-11-11 00:16:05] Batch schedule
[2022-11-11 00:16:05] [(40, 30)]
[2022-11-11 00:16:05] Wrapping models and optimizers...
[2022-11-11 00:16:05] Begin training iterations
[2022-11-11 00:16:05] Total iteration: 9000
[2022-11-11 00:16:05] 
----------------------------------------------------------------------
[2022-11-11 00:16:05] Training loop.       Batches: 150
[2022-11-11 00:18:41] Training loop. The ith epoch completed: 1
[2022-11-11 00:18:41] 
----------------------------------------------------------------------
[2022-11-11 00:18:41] Training loop.       Batches: 150
[2022-11-11 00:21:17] test set
[2022-11-11 00:21:17] validation set
[2022-11-11 00:21:29] val loss      : 0.4834
[2022-11-11 00:21:29] val acc       : 0.7748
[2022-11-11 00:21:29] val precision : 0.7756
[2022-11-11 00:21:29] val recall    : 0.7719
[2022-11-11 00:21:29] val f1        : 0.7668
[2022-11-11 00:21:29] val mcc       : 0.0000
[2022-11-11 00:21:29] Iteration completed: 300, remained 8700
[2022-11-11 00:21:29] Saving model...
[2022-11-11 00:21:29] 
------------------------------------------------------
[2022-11-11 00:21:29] Training loop. The ith epoch completed: 2
[2022-11-11 00:21:29] 
----------------------------------------------------------------------
[2022-11-11 00:21:29] Training loop.       Batches: 150
[2022-11-11 00:24:05] Training loop. The ith epoch completed: 3
[2022-11-11 00:24:05] 
----------------------------------------------------------------------
[2022-11-11 00:24:05] Training loop.       Batches: 150
[2022-11-11 00:26:40] test set
[2022-11-11 00:26:40] validation set
[2022-11-11 00:26:53] val loss      : 0.4861
[2022-11-11 00:26:53] val acc       : 0.7747
[2022-11-11 00:26:53] val precision : 0.7852
[2022-11-11 00:26:53] val recall    : 0.7737
[2022-11-11 00:26:53] val f1        : 0.7682
[2022-11-11 00:26:53] val mcc       : 0.0000
[2022-11-11 00:26:53] Training loop. The ith epoch completed: 4
[2022-11-11 00:26:53] 
----------------------------------------------------------------------
[2022-11-11 00:26:53] Training loop.       Batches: 150
[2022-11-11 00:29:28] Training loop. The ith epoch completed: 5
[2022-11-11 00:29:28] 
----------------------------------------------------------------------
[2022-11-11 00:29:28] Training loop.       Batches: 150
[2022-11-11 00:32:04] test set
[2022-11-11 00:32:04] validation set
[2022-11-11 00:32:16] val loss      : 0.5156
[2022-11-11 00:32:16] val acc       : 0.7527
[2022-11-11 00:32:16] val precision : 0.7736
[2022-11-11 00:32:16] val recall    : 0.7595
[2022-11-11 00:32:16] val f1        : 0.7448
[2022-11-11 00:32:16] val mcc       : 0.0000
[2022-11-11 00:32:16] Training loop. The ith epoch completed: 6
[2022-11-11 00:32:16] 
----------------------------------------------------------------------
[2022-11-11 00:32:16] Training loop.       Batches: 150
[2022-11-11 00:34:52] Training loop. The ith epoch completed: 7
[2022-11-11 00:34:52] 
----------------------------------------------------------------------
[2022-11-11 00:34:52] Training loop.       Batches: 150
[2022-11-11 00:37:28] test set
[2022-11-11 00:37:28] validation set
[2022-11-11 00:37:40] val loss      : 0.4643
[2022-11-11 00:37:40] val acc       : 0.7907
[2022-11-11 00:37:40] val precision : 0.7897
[2022-11-11 00:37:40] val recall    : 0.7922
[2022-11-11 00:37:40] val f1        : 0.7869
[2022-11-11 00:37:40] val mcc       : 0.0000
[2022-11-11 00:37:40] Iteration completed: 1200, remained 7800
[2022-11-11 00:37:40] Saving model...
[2022-11-11 00:37:40] 
------------------------------------------------------
[2022-11-11 00:37:40] Training loop. The ith epoch completed: 8
[2022-11-11 00:37:40] 
----------------------------------------------------------------------
[2022-11-11 00:37:40] Training loop.       Batches: 150
[2022-11-11 00:40:16] Training loop. The ith epoch completed: 9
[2022-11-11 00:40:16] 
----------------------------------------------------------------------
[2022-11-11 00:40:16] Training loop.       Batches: 150
[2022-11-11 00:42:51] test set
[2022-11-11 00:42:51] validation set
[2022-11-11 00:43:04] val loss      : 0.5369
[2022-11-11 00:43:04] val acc       : 0.7578
[2022-11-11 00:43:04] val precision : 0.7780
[2022-11-11 00:43:04] val recall    : 0.7620
[2022-11-11 00:43:04] val f1        : 0.7514
[2022-11-11 00:43:04] val mcc       : 0.0000
[2022-11-11 00:43:04] Training loop. The ith epoch completed: 10
[2022-11-11 00:43:04] 
----------------------------------------------------------------------
[2022-11-11 00:43:04] Training loop.       Batches: 150
[2022-11-11 00:45:40] Training loop. The ith epoch completed: 11
[2022-11-11 00:45:40] 
----------------------------------------------------------------------
[2022-11-11 00:45:40] Training loop.       Batches: 150
[2022-11-11 00:48:15] test set
[2022-11-11 00:48:15] validation set
[2022-11-11 00:48:27] val loss      : 0.5253
[2022-11-11 00:48:27] val acc       : 0.7637
[2022-11-11 00:48:27] val precision : 0.7710
[2022-11-11 00:48:27] val recall    : 0.7625
[2022-11-11 00:48:27] val f1        : 0.7578
[2022-11-11 00:48:27] val mcc       : 0.0000
[2022-11-11 00:48:27] Training loop. The ith epoch completed: 12
[2022-11-11 00:48:27] 
----------------------------------------------------------------------
[2022-11-11 00:48:27] Training loop.       Batches: 150
[2022-11-11 00:51:03] Training loop. The ith epoch completed: 13
[2022-11-11 00:51:03] 
----------------------------------------------------------------------
[2022-11-11 00:51:03] Training loop.       Batches: 150
[2022-11-11 00:53:39] test set
[2022-11-11 00:53:39] validation set
[2022-11-11 00:53:51] val loss      : 0.6179
[2022-11-11 00:53:51] val acc       : 0.7687
[2022-11-11 00:53:51] val precision : 0.7679
[2022-11-11 00:53:51] val recall    : 0.7629
[2022-11-11 00:53:51] val f1        : 0.7606
[2022-11-11 00:53:51] val mcc       : 0.0000
[2022-11-11 00:53:51] Training loop. The ith epoch completed: 14
[2022-11-11 00:53:51] 
----------------------------------------------------------------------
[2022-11-11 00:53:51] Training loop.       Batches: 150
[2022-11-11 00:56:27] Training loop. The ith epoch completed: 15
[2022-11-11 00:56:27] 
----------------------------------------------------------------------
[2022-11-11 00:56:27] Training loop.       Batches: 150
[2022-11-11 00:59:02] test set
[2022-11-11 00:59:02] validation set
[2022-11-11 00:59:15] val loss      : 0.7645
[2022-11-11 00:59:15] val acc       : 0.7618
[2022-11-11 00:59:15] val precision : 0.7657
[2022-11-11 00:59:15] val recall    : 0.7665
[2022-11-11 00:59:15] val f1        : 0.7578
[2022-11-11 00:59:15] val mcc       : 0.0000
[2022-11-11 00:59:15] Training loop. The ith epoch completed: 16
[2022-11-11 00:59:15] 
----------------------------------------------------------------------
[2022-11-11 00:59:15] Training loop.       Batches: 150
[2022-11-11 01:01:50] Training loop. The ith epoch completed: 17
[2022-11-11 01:01:50] 
----------------------------------------------------------------------
[2022-11-11 01:01:50] Training loop.       Batches: 150
[2022-11-11 01:04:26] test set
[2022-11-11 01:04:26] validation set
[2022-11-11 01:04:38] val loss      : 1.0605
[2022-11-11 01:04:38] val acc       : 0.7438
[2022-11-11 01:04:38] val precision : 0.7440
[2022-11-11 01:04:38] val recall    : 0.7444
[2022-11-11 01:04:38] val f1        : 0.7390
[2022-11-11 01:04:38] val mcc       : 0.0000
[2022-11-11 01:04:38] Training loop. The ith epoch completed: 18
[2022-11-11 01:04:38] 
----------------------------------------------------------------------
[2022-11-11 01:04:38] Training loop.       Batches: 150
[2022-11-11 01:07:14] Training loop. The ith epoch completed: 19
[2022-11-11 01:07:14] 
----------------------------------------------------------------------
[2022-11-11 01:07:14] Training loop.       Batches: 150
[2022-11-11 01:09:50] test set
[2022-11-11 01:09:50] validation set
[2022-11-11 01:10:02] val loss      : 1.2649
[2022-11-11 01:10:02] val acc       : 0.7397
[2022-11-11 01:10:02] val precision : 0.7421
[2022-11-11 01:10:02] val recall    : 0.7393
[2022-11-11 01:10:02] val f1        : 0.7348
[2022-11-11 01:10:02] val mcc       : 0.0000
[2022-11-11 01:10:02] Training loop. The ith epoch completed: 20
[2022-11-11 01:10:02] 
----------------------------------------------------------------------
[2022-11-11 01:10:02] Training loop.       Batches: 150
[2022-11-11 01:12:37] Training loop. The ith epoch completed: 21
[2022-11-11 01:12:37] 
----------------------------------------------------------------------
[2022-11-11 01:12:37] Training loop.       Batches: 150
[2022-11-11 01:15:13] test set
[2022-11-11 01:15:13] validation set
[2022-11-11 01:15:25] val loss      : 1.6296
[2022-11-11 01:15:25] val acc       : 0.7477
[2022-11-11 01:15:25] val precision : 0.7477
[2022-11-11 01:15:25] val recall    : 0.7465
[2022-11-11 01:15:25] val f1        : 0.7433
[2022-11-11 01:15:25] val mcc       : 0.0000
[2022-11-11 01:15:25] Training loop. The ith epoch completed: 22
[2022-11-11 01:15:25] 
----------------------------------------------------------------------
[2022-11-11 01:15:25] Training loop.       Batches: 150
[2022-11-11 01:18:01] Training loop. The ith epoch completed: 23
[2022-11-11 01:18:01] 
----------------------------------------------------------------------
[2022-11-11 01:18:01] Training loop.       Batches: 150
[2022-11-11 01:20:36] test set
[2022-11-11 01:20:36] validation set
[2022-11-11 01:20:48] val loss      : 1.9451
[2022-11-11 01:20:48] val acc       : 0.7298
[2022-11-11 01:20:48] val precision : 0.7312
[2022-11-11 01:20:48] val recall    : 0.7309
[2022-11-11 01:20:48] val f1        : 0.7262
[2022-11-11 01:20:48] val mcc       : 0.0000
[2022-11-11 01:20:49] Training loop. The ith epoch completed: 24
[2022-11-11 01:20:49] 
----------------------------------------------------------------------
[2022-11-11 01:20:49] Training loop.       Batches: 150
[2022-11-11 01:23:24] Training loop. The ith epoch completed: 25
[2022-11-11 01:23:24] 
----------------------------------------------------------------------
[2022-11-11 01:23:24] Training loop.       Batches: 150
[2022-11-11 01:26:00] test set
[2022-11-11 01:26:00] validation set
[2022-11-11 01:26:12] val loss      : 2.0086
[2022-11-11 01:26:12] val acc       : 0.7397
[2022-11-11 01:26:12] val precision : 0.7387
[2022-11-11 01:26:12] val recall    : 0.7350
[2022-11-11 01:26:12] val f1        : 0.7328
[2022-11-11 01:26:12] val mcc       : 0.0000
[2022-11-11 01:26:12] Training loop. The ith epoch completed: 26
[2022-11-11 01:26:12] 
----------------------------------------------------------------------
[2022-11-11 01:26:12] Training loop.       Batches: 150
[2022-11-11 01:28:47] Training loop. The ith epoch completed: 27
[2022-11-11 01:28:47] 
----------------------------------------------------------------------
[2022-11-11 01:28:47] Training loop.       Batches: 150
[2022-11-11 01:31:23] test set
[2022-11-11 01:31:23] validation set
[2022-11-11 01:31:35] val loss      : 2.3854
[2022-11-11 01:31:35] val acc       : 0.7297
[2022-11-11 01:31:35] val precision : 0.7294
[2022-11-11 01:31:35] val recall    : 0.7295
[2022-11-11 01:31:35] val f1        : 0.7224
[2022-11-11 01:31:35] val mcc       : 0.0000
[2022-11-11 01:31:35] Training loop. The ith epoch completed: 28
[2022-11-11 01:31:35] 
----------------------------------------------------------------------
[2022-11-11 01:31:35] Training loop.       Batches: 150
[2022-11-11 01:34:11] Training loop. The ith epoch completed: 29
[2022-11-11 01:34:11] 
----------------------------------------------------------------------
[2022-11-11 01:34:11] Training loop.       Batches: 150
[2022-11-11 01:36:46] test set
[2022-11-11 01:36:46] validation set
[2022-11-11 01:36:58] val loss      : 2.5703
[2022-11-11 01:36:58] val acc       : 0.7528
[2022-11-11 01:36:58] val precision : 0.7580
[2022-11-11 01:36:58] val recall    : 0.7534
[2022-11-11 01:36:58] val f1        : 0.7497
[2022-11-11 01:36:58] val mcc       : 0.0000
[2022-11-11 01:36:58] Training loop. The ith epoch completed: 30
[2022-11-11 01:36:58] 
----------------------------------------------------------------------
[2022-11-11 01:36:58] Training loop.       Batches: 150
[2022-11-11 01:39:34] Training loop. The ith epoch completed: 31
[2022-11-11 01:39:34] 
----------------------------------------------------------------------
[2022-11-11 01:39:34] Training loop.       Batches: 150
[2022-11-11 01:42:10] test set
[2022-11-11 01:42:10] validation set
[2022-11-11 01:42:22] val loss      : 2.6951
[2022-11-11 01:42:22] val acc       : 0.7458
[2022-11-11 01:42:22] val precision : 0.7459
[2022-11-11 01:42:22] val recall    : 0.7471
[2022-11-11 01:42:22] val f1        : 0.7425
[2022-11-11 01:42:22] val mcc       : 0.0000
[2022-11-11 01:42:22] Training loop. The ith epoch completed: 32
[2022-11-11 01:42:22] 
----------------------------------------------------------------------
[2022-11-11 01:42:22] Training loop.       Batches: 150
[2022-11-11 01:44:58] Training loop. The ith epoch completed: 33
[2022-11-11 01:44:58] 
----------------------------------------------------------------------
[2022-11-11 01:44:58] Training loop.       Batches: 150
[2022-11-11 01:47:33] test set
[2022-11-11 01:47:33] validation set
[2022-11-11 01:47:45] val loss      : 2.8476
[2022-11-11 01:47:45] val acc       : 0.7316
[2022-11-11 01:47:45] val precision : 0.7290
[2022-11-11 01:47:45] val recall    : 0.7295
[2022-11-11 01:47:45] val f1        : 0.7249
[2022-11-11 01:47:45] val mcc       : 0.0000
[2022-11-11 01:47:46] Training loop. The ith epoch completed: 34
[2022-11-11 01:47:46] 
----------------------------------------------------------------------
[2022-11-11 01:47:46] Training loop.       Batches: 150
[2022-11-11 01:50:21] Training loop. The ith epoch completed: 35
[2022-11-11 01:50:21] 
----------------------------------------------------------------------
[2022-11-11 01:50:21] Training loop.       Batches: 150
[2022-11-11 01:52:57] test set
[2022-11-11 01:52:57] validation set
[2022-11-11 01:53:09] val loss      : 3.0735
[2022-11-11 01:53:09] val acc       : 0.7226
[2022-11-11 01:53:09] val precision : 0.7238
[2022-11-11 01:53:09] val recall    : 0.7240
[2022-11-11 01:53:09] val f1        : 0.7189
[2022-11-11 01:53:09] val mcc       : 0.0000
[2022-11-11 01:53:09] Training loop. The ith epoch completed: 36
[2022-11-11 01:53:09] 
----------------------------------------------------------------------
[2022-11-11 01:53:09] Training loop.       Batches: 150
[2022-11-11 01:55:45] Training loop. The ith epoch completed: 37
[2022-11-11 01:55:45] 
----------------------------------------------------------------------
[2022-11-11 01:55:45] Training loop.       Batches: 150
[2022-11-11 01:58:20] test set
[2022-11-11 01:58:20] validation set
[2022-11-11 01:58:33] val loss      : 3.2242
[2022-11-11 01:58:33] val acc       : 0.7507
[2022-11-11 01:58:33] val precision : 0.7540
[2022-11-11 01:58:33] val recall    : 0.7500
[2022-11-11 01:58:33] val f1        : 0.7463
[2022-11-11 01:58:33] val mcc       : 0.0000
[2022-11-11 01:58:33] Training loop. The ith epoch completed: 38
[2022-11-11 01:58:33] 
----------------------------------------------------------------------
[2022-11-11 01:58:33] Training loop.       Batches: 150
[2022-11-11 02:01:08] Training loop. The ith epoch completed: 39
[2022-11-11 02:01:08] 
----------------------------------------------------------------------
[2022-11-11 02:01:08] Training loop.       Batches: 150
[2022-11-11 02:03:44] test set
[2022-11-11 02:03:44] validation set
[2022-11-11 02:03:56] val loss      : 3.3314
[2022-11-11 02:03:56] val acc       : 0.7477
[2022-11-11 02:03:56] val precision : 0.7463
[2022-11-11 02:03:56] val recall    : 0.7448
[2022-11-11 02:03:56] val f1        : 0.7425
[2022-11-11 02:03:56] val mcc       : 0.0000
[2022-11-11 02:03:56] Training loop. The ith epoch completed: 40
[2022-11-11 02:03:56] 
----------------------------------------------------------------------
[2022-11-11 02:03:56] Training loop.       Batches: 150
[2022-11-11 02:06:32] Training loop. The ith epoch completed: 41
[2022-11-11 02:06:32] 
----------------------------------------------------------------------
[2022-11-11 02:06:32] Training loop.       Batches: 150
[2022-11-11 02:09:07] test set
[2022-11-11 02:09:07] validation set
[2022-11-11 02:09:19] val loss      : 3.2926
[2022-11-11 02:09:19] val acc       : 0.7408
[2022-11-11 02:09:19] val precision : 0.7366
[2022-11-11 02:09:19] val recall    : 0.7386
[2022-11-11 02:09:19] val f1        : 0.7332
[2022-11-11 02:09:19] val mcc       : 0.0000
[2022-11-11 02:09:19] Training loop. The ith epoch completed: 42
[2022-11-11 02:09:19] 
----------------------------------------------------------------------
[2022-11-11 02:09:19] Training loop.       Batches: 150
[2022-11-11 02:11:55] Training loop. The ith epoch completed: 43
[2022-11-11 02:11:55] 
----------------------------------------------------------------------
[2022-11-11 02:11:55] Training loop.       Batches: 150
[2022-11-11 02:14:31] test set
[2022-11-11 02:14:31] validation set
[2022-11-11 02:14:43] val loss      : 3.4165
[2022-11-11 02:14:43] val acc       : 0.7477
[2022-11-11 02:14:43] val precision : 0.7434
[2022-11-11 02:14:43] val recall    : 0.7440
[2022-11-11 02:14:43] val f1        : 0.7403
[2022-11-11 02:14:43] val mcc       : 0.0000
[2022-11-11 02:14:43] Training loop. The ith epoch completed: 44
[2022-11-11 02:14:43] 
----------------------------------------------------------------------
[2022-11-11 02:14:43] Training loop.       Batches: 150
[2022-11-11 02:17:19] Training loop. The ith epoch completed: 45
[2022-11-11 02:17:19] 
----------------------------------------------------------------------
[2022-11-11 02:17:19] Training loop.       Batches: 150
[2022-11-11 02:19:55] test set
[2022-11-11 02:19:55] validation set
[2022-11-11 02:20:07] val loss      : 3.5364
[2022-11-11 02:20:07] val acc       : 0.7438
[2022-11-11 02:20:07] val precision : 0.7430
[2022-11-11 02:20:07] val recall    : 0.7447
[2022-11-11 02:20:07] val f1        : 0.7400
[2022-11-11 02:20:07] val mcc       : 0.0000
[2022-11-11 02:20:07] Training loop. The ith epoch completed: 46
[2022-11-11 02:20:07] 
----------------------------------------------------------------------
[2022-11-11 02:20:07] Training loop.       Batches: 150
[2022-11-11 02:22:43] Training loop. The ith epoch completed: 47
[2022-11-11 02:22:43] 
----------------------------------------------------------------------
[2022-11-11 02:22:43] Training loop.       Batches: 150
[2022-11-11 02:25:18] test set
[2022-11-11 02:25:18] validation set
[2022-11-11 02:25:30] val loss      : 3.6839
[2022-11-11 02:25:30] val acc       : 0.7437
[2022-11-11 02:25:30] val precision : 0.7447
[2022-11-11 02:25:30] val recall    : 0.7459
[2022-11-11 02:25:30] val f1        : 0.7392
[2022-11-11 02:25:30] val mcc       : 0.0000
[2022-11-11 02:25:30] Training loop. The ith epoch completed: 48
[2022-11-11 02:25:30] 
----------------------------------------------------------------------
[2022-11-11 02:25:30] Training loop.       Batches: 150
[2022-11-11 02:28:06] Training loop. The ith epoch completed: 49
[2022-11-11 02:28:06] 
----------------------------------------------------------------------
[2022-11-11 02:28:06] Training loop.       Batches: 150
[2022-11-11 02:30:42] test set
[2022-11-11 02:30:42] validation set
[2022-11-11 02:30:54] val loss      : 3.8312
[2022-11-11 02:30:54] val acc       : 0.7456
[2022-11-11 02:30:54] val precision : 0.7473
[2022-11-11 02:30:54] val recall    : 0.7447
[2022-11-11 02:30:54] val f1        : 0.7403
[2022-11-11 02:30:54] val mcc       : 0.0000
[2022-11-11 02:30:54] Training loop. The ith epoch completed: 50
[2022-11-11 02:30:54] 
----------------------------------------------------------------------
[2022-11-11 02:30:54] Training loop.       Batches: 150
[2022-11-11 02:33:30] Training loop. The ith epoch completed: 51
[2022-11-11 02:33:30] 
----------------------------------------------------------------------
[2022-11-11 02:33:30] Training loop.       Batches: 150
[2022-11-11 02:36:05] test set
[2022-11-11 02:36:05] validation set
[2022-11-11 02:36:17] val loss      : 3.8392
[2022-11-11 02:36:17] val acc       : 0.7427
[2022-11-11 02:36:17] val precision : 0.7427
[2022-11-11 02:36:17] val recall    : 0.7416
[2022-11-11 02:36:17] val f1        : 0.7371
[2022-11-11 02:36:17] val mcc       : 0.0000
[2022-11-11 02:36:17] Training loop. The ith epoch completed: 52
[2022-11-11 02:36:17] 
----------------------------------------------------------------------
[2022-11-11 02:36:17] Training loop.       Batches: 150
[2022-11-11 02:38:53] Training loop. The ith epoch completed: 53
[2022-11-11 02:38:53] 
----------------------------------------------------------------------
[2022-11-11 02:38:53] Training loop.       Batches: 150
[2022-11-11 02:41:29] test set
[2022-11-11 02:41:29] validation set
[2022-11-11 02:41:41] val loss      : 3.9950
[2022-11-11 02:41:41] val acc       : 0.7408
[2022-11-11 02:41:41] val precision : 0.7461
[2022-11-11 02:41:41] val recall    : 0.7443
[2022-11-11 02:41:41] val f1        : 0.7377
[2022-11-11 02:41:41] val mcc       : 0.0000
[2022-11-11 02:41:41] Training loop. The ith epoch completed: 54
[2022-11-11 02:41:41] 
----------------------------------------------------------------------
[2022-11-11 02:41:41] Training loop.       Batches: 150
[2022-11-11 02:44:16] Training loop. The ith epoch completed: 55
[2022-11-11 02:44:16] 
----------------------------------------------------------------------
[2022-11-11 02:44:16] Training loop.       Batches: 150
[2022-11-11 02:46:52] test set
[2022-11-11 02:46:52] validation set
[2022-11-11 02:47:04] val loss      : 3.8552
[2022-11-11 02:47:04] val acc       : 0.7488
[2022-11-11 02:47:04] val precision : 0.7525
[2022-11-11 02:47:04] val recall    : 0.7561
[2022-11-11 02:47:04] val f1        : 0.7461
[2022-11-11 02:47:04] val mcc       : 0.0000
[2022-11-11 02:47:04] Training loop. The ith epoch completed: 56
[2022-11-11 02:47:04] 
----------------------------------------------------------------------
[2022-11-11 02:47:04] Training loop.       Batches: 150
[2022-11-11 02:49:40] Training loop. The ith epoch completed: 57
[2022-11-11 02:49:40] 
----------------------------------------------------------------------
[2022-11-11 02:49:40] Training loop.       Batches: 150
[2022-11-11 02:52:16] test set
[2022-11-11 02:52:16] validation set
[2022-11-11 02:52:28] val loss      : 3.8975
[2022-11-11 02:52:28] val acc       : 0.7477
[2022-11-11 02:52:28] val precision : 0.7492
[2022-11-11 02:52:28] val recall    : 0.7478
[2022-11-11 02:52:28] val f1        : 0.7430
[2022-11-11 02:52:28] val mcc       : 0.0000
[2022-11-11 02:52:28] Training loop. The ith epoch completed: 58
[2022-11-11 02:52:28] 
----------------------------------------------------------------------
[2022-11-11 02:52:28] Training loop.       Batches: 150
[2022-11-11 02:55:04] Training loop. The ith epoch completed: 59
[2022-11-11 02:55:04] 
----------------------------------------------------------------------
[2022-11-11 02:55:04] Training loop.       Batches: 150
[2022-11-11 02:57:39] test set
[2022-11-11 02:57:39] validation set
[2022-11-11 02:57:52] val loss      : 3.8870
[2022-11-11 02:57:52] val acc       : 0.7487
[2022-11-11 02:57:52] val precision : 0.7510
[2022-11-11 02:57:52] val recall    : 0.7474
[2022-11-11 02:57:52] val f1        : 0.7446
[2022-11-11 02:57:52] val mcc       : 0.0000
[2022-11-11 02:57:52] Training loop. The ith epoch completed: 60
[2022-11-11 02:57:52] best loss      : 0.4643
[2022-11-11 02:57:52] best acc       : 0.7907
[2022-11-11 02:57:52] best precision : 0.7897
[2022-11-11 02:57:52] best recall    : 0.7922
[2022-11-11 02:57:52] best f1        : 0.7869
[2022-11-11 02:57:52] best mcc       : 0.0000
[2022-11-11 02:57:52] Training complete.
