[2022-11-10 21:34:22] model params: 97867523
[2022-11-10 21:34:22] model params with gradients:1805315
[2022-11-10 21:34:22] Additional parameters 1805315 / 97867523 = 0.0188
[2022-11-10 21:34:22] Setup data...
[2022-11-10 21:34:24] Done.
[2022-11-10 21:34:24] Batch schedule
[2022-11-10 21:34:24] [(40, 30)]
[2022-11-10 21:34:24] Wrapping models and optimizers...
[2022-11-10 21:34:24] Begin training iterations
[2022-11-10 21:34:24] Total iteration: 9000
[2022-11-10 21:34:24] 
----------------------------------------------------------------------
[2022-11-10 21:34:24] Training loop.       Batches: 150
[2022-11-10 21:36:59] Training loop. The ith epoch completed: 1
[2022-11-10 21:36:59] 
----------------------------------------------------------------------
[2022-11-10 21:36:59] Training loop.       Batches: 150
[2022-11-10 21:39:34] test set
[2022-11-10 21:39:34] validation set
[2022-11-10 21:39:46] val loss      : 0.4830
[2022-11-10 21:39:46] val acc       : 0.7677
[2022-11-10 21:39:46] val precision : 0.7675
[2022-11-10 21:39:46] val recall    : 0.7678
[2022-11-10 21:39:46] val f1        : 0.7627
[2022-11-10 21:39:46] val mcc       : 0.0000
[2022-11-10 21:39:46] Iteration completed: 300, remained 8700
[2022-11-10 21:39:46] Saving model...
[2022-11-10 21:39:46] 
------------------------------------------------------
[2022-11-10 21:39:47] Training loop. The ith epoch completed: 2
[2022-11-10 21:39:47] 
----------------------------------------------------------------------
[2022-11-10 21:39:47] Training loop.       Batches: 150
[2022-11-10 21:42:22] Training loop. The ith epoch completed: 3
[2022-11-10 21:42:22] 
----------------------------------------------------------------------
[2022-11-10 21:42:22] Training loop.       Batches: 150
[2022-11-10 21:44:58] test set
[2022-11-10 21:44:58] validation set
[2022-11-10 21:45:10] val loss      : 0.4765
[2022-11-10 21:45:10] val acc       : 0.7688
[2022-11-10 21:45:10] val precision : 0.7702
[2022-11-10 21:45:10] val recall    : 0.7670
[2022-11-10 21:45:10] val f1        : 0.7634
[2022-11-10 21:45:10] val mcc       : 0.0000
[2022-11-10 21:45:10] Iteration completed: 600, remained 8400
[2022-11-10 21:45:10] Saving model...
[2022-11-10 21:45:10] 
------------------------------------------------------
[2022-11-10 21:45:10] Training loop. The ith epoch completed: 4
[2022-11-10 21:45:10] 
----------------------------------------------------------------------
[2022-11-10 21:45:10] Training loop.       Batches: 150
[2022-11-10 21:47:46] Training loop. The ith epoch completed: 5
[2022-11-10 21:47:46] 
----------------------------------------------------------------------
[2022-11-10 21:47:46] Training loop.       Batches: 150
[2022-11-10 21:50:21] test set
[2022-11-10 21:50:21] validation set
[2022-11-10 21:50:33] val loss      : 0.5009
[2022-11-10 21:50:33] val acc       : 0.7607
[2022-11-10 21:50:33] val precision : 0.7747
[2022-11-10 21:50:33] val recall    : 0.7555
[2022-11-10 21:50:33] val f1        : 0.7517
[2022-11-10 21:50:33] val mcc       : 0.0000
[2022-11-10 21:50:33] Training loop. The ith epoch completed: 6
[2022-11-10 21:50:33] 
----------------------------------------------------------------------
[2022-11-10 21:50:33] Training loop.       Batches: 150
[2022-11-10 21:53:08] Training loop. The ith epoch completed: 7
[2022-11-10 21:53:08] 
----------------------------------------------------------------------
[2022-11-10 21:53:08] Training loop.       Batches: 150
[2022-11-10 21:55:44] test set
[2022-11-10 21:55:44] validation set
[2022-11-10 21:55:56] val loss      : 0.4728
[2022-11-10 21:55:56] val acc       : 0.7879
[2022-11-10 21:55:56] val precision : 0.7860
[2022-11-10 21:55:56] val recall    : 0.7884
[2022-11-10 21:55:56] val f1        : 0.7841
[2022-11-10 21:55:56] val mcc       : 0.0000
[2022-11-10 21:55:56] Iteration completed: 1200, remained 7800
[2022-11-10 21:55:56] Saving model...
[2022-11-10 21:55:56] 
------------------------------------------------------
[2022-11-10 21:55:56] Training loop. The ith epoch completed: 8
[2022-11-10 21:55:56] 
----------------------------------------------------------------------
[2022-11-10 21:55:56] Training loop.       Batches: 150
[2022-11-10 21:58:31] Training loop. The ith epoch completed: 9
[2022-11-10 21:58:31] 
----------------------------------------------------------------------
[2022-11-10 21:58:31] Training loop.       Batches: 150
[2022-11-10 22:01:07] test set
[2022-11-10 22:01:07] validation set
[2022-11-10 22:01:19] val loss      : 0.4868
[2022-11-10 22:01:19] val acc       : 0.7698
[2022-11-10 22:01:19] val precision : 0.7709
[2022-11-10 22:01:19] val recall    : 0.7713
[2022-11-10 22:01:19] val f1        : 0.7666
[2022-11-10 22:01:19] val mcc       : 0.0000
[2022-11-10 22:01:19] Training loop. The ith epoch completed: 10
[2022-11-10 22:01:19] 
----------------------------------------------------------------------
[2022-11-10 22:01:19] Training loop.       Batches: 150
[2022-11-10 22:03:54] Training loop. The ith epoch completed: 11
[2022-11-10 22:03:54] 
----------------------------------------------------------------------
[2022-11-10 22:03:54] Training loop.       Batches: 150
[2022-11-10 22:06:30] test set
[2022-11-10 22:06:30] validation set
[2022-11-10 22:06:42] val loss      : 0.5272
[2022-11-10 22:06:42] val acc       : 0.7588
[2022-11-10 22:06:42] val precision : 0.7644
[2022-11-10 22:06:42] val recall    : 0.7614
[2022-11-10 22:06:42] val f1        : 0.7542
[2022-11-10 22:06:42] val mcc       : 0.0000
[2022-11-10 22:06:42] Training loop. The ith epoch completed: 12
[2022-11-10 22:06:42] 
----------------------------------------------------------------------
[2022-11-10 22:06:42] Training loop.       Batches: 150
[2022-11-10 22:09:17] Training loop. The ith epoch completed: 13
[2022-11-10 22:09:17] 
----------------------------------------------------------------------
[2022-11-10 22:09:17] Training loop.       Batches: 150
[2022-11-10 22:11:53] test set
[2022-11-10 22:11:53] validation set
[2022-11-10 22:12:05] val loss      : 0.6321
[2022-11-10 22:12:05] val acc       : 0.7378
[2022-11-10 22:12:05] val precision : 0.7429
[2022-11-10 22:12:05] val recall    : 0.7355
[2022-11-10 22:12:05] val f1        : 0.7304
[2022-11-10 22:12:05] val mcc       : 0.0000
[2022-11-10 22:12:05] Training loop. The ith epoch completed: 14
[2022-11-10 22:12:05] 
----------------------------------------------------------------------
[2022-11-10 22:12:05] Training loop.       Batches: 150
[2022-11-10 22:14:41] Training loop. The ith epoch completed: 15
[2022-11-10 22:14:41] 
----------------------------------------------------------------------
[2022-11-10 22:14:41] Training loop.       Batches: 150
[2022-11-10 22:17:16] test set
[2022-11-10 22:17:16] validation set
[2022-11-10 22:17:28] val loss      : 0.7453
[2022-11-10 22:17:28] val acc       : 0.7427
[2022-11-10 22:17:28] val precision : 0.7427
[2022-11-10 22:17:28] val recall    : 0.7411
[2022-11-10 22:17:28] val f1        : 0.7388
[2022-11-10 22:17:28] val mcc       : 0.0000
[2022-11-10 22:17:28] Training loop. The ith epoch completed: 16
[2022-11-10 22:17:28] 
----------------------------------------------------------------------
[2022-11-10 22:17:28] Training loop.       Batches: 150
[2022-11-10 22:20:04] Training loop. The ith epoch completed: 17
[2022-11-10 22:20:04] 
----------------------------------------------------------------------
[2022-11-10 22:20:04] Training loop.       Batches: 150
[2022-11-10 22:22:39] test set
[2022-11-10 22:22:39] validation set
[2022-11-10 22:22:51] val loss      : 1.0434
[2022-11-10 22:22:51] val acc       : 0.7467
[2022-11-10 22:22:51] val precision : 0.7563
[2022-11-10 22:22:51] val recall    : 0.7492
[2022-11-10 22:22:51] val f1        : 0.7409
[2022-11-10 22:22:51] val mcc       : 0.0000
[2022-11-10 22:22:51] Training loop. The ith epoch completed: 18
[2022-11-10 22:22:51] 
----------------------------------------------------------------------
[2022-11-10 22:22:51] Training loop.       Batches: 150
[2022-11-10 22:25:27] Training loop. The ith epoch completed: 19
[2022-11-10 22:25:27] 
----------------------------------------------------------------------
[2022-11-10 22:25:27] Training loop.       Batches: 150
[2022-11-10 22:28:02] test set
[2022-11-10 22:28:02] validation set
[2022-11-10 22:28:14] val loss      : 1.2563
[2022-11-10 22:28:14] val acc       : 0.7288
[2022-11-10 22:28:14] val precision : 0.7320
[2022-11-10 22:28:14] val recall    : 0.7293
[2022-11-10 22:28:14] val f1        : 0.7243
[2022-11-10 22:28:14] val mcc       : 0.0000
[2022-11-10 22:28:15] Training loop. The ith epoch completed: 20
[2022-11-10 22:28:15] 
----------------------------------------------------------------------
[2022-11-10 22:28:15] Training loop.       Batches: 150
[2022-11-10 22:30:50] Training loop. The ith epoch completed: 21
[2022-11-10 22:30:50] 
----------------------------------------------------------------------
[2022-11-10 22:30:50] Training loop.       Batches: 150
[2022-11-10 22:33:26] test set
[2022-11-10 22:33:26] validation set
[2022-11-10 22:33:38] val loss      : 1.4395
[2022-11-10 22:33:38] val acc       : 0.7267
[2022-11-10 22:33:38] val precision : 0.7243
[2022-11-10 22:33:38] val recall    : 0.7238
[2022-11-10 22:33:38] val f1        : 0.7179
[2022-11-10 22:33:38] val mcc       : 0.0000
[2022-11-10 22:33:38] Training loop. The ith epoch completed: 22
[2022-11-10 22:33:38] 
----------------------------------------------------------------------
[2022-11-10 22:33:38] Training loop.       Batches: 150
[2022-11-10 22:36:13] Training loop. The ith epoch completed: 23
[2022-11-10 22:36:13] 
----------------------------------------------------------------------
[2022-11-10 22:36:13] Training loop.       Batches: 150
[2022-11-10 22:38:49] test set
[2022-11-10 22:38:49] validation set
[2022-11-10 22:39:01] val loss      : 1.7037
[2022-11-10 22:39:01] val acc       : 0.7457
[2022-11-10 22:39:01] val precision : 0.7456
[2022-11-10 22:39:01] val recall    : 0.7453
[2022-11-10 22:39:01] val f1        : 0.7419
[2022-11-10 22:39:01] val mcc       : 0.0000
[2022-11-10 22:39:01] Training loop. The ith epoch completed: 24
[2022-11-10 22:39:01] 
----------------------------------------------------------------------
[2022-11-10 22:39:01] Training loop.       Batches: 150
[2022-11-10 22:41:36] Training loop. The ith epoch completed: 25
[2022-11-10 22:41:36] 
----------------------------------------------------------------------
[2022-11-10 22:41:36] Training loop.       Batches: 150
[2022-11-10 22:44:12] test set
[2022-11-10 22:44:12] validation set
[2022-11-10 22:44:24] val loss      : 1.9129
[2022-11-10 22:44:24] val acc       : 0.7477
[2022-11-10 22:44:24] val precision : 0.7439
[2022-11-10 22:44:24] val recall    : 0.7437
[2022-11-10 22:44:24] val f1        : 0.7403
[2022-11-10 22:44:24] val mcc       : 0.0000
[2022-11-10 22:44:24] Training loop. The ith epoch completed: 26
[2022-11-10 22:44:24] 
----------------------------------------------------------------------
[2022-11-10 22:44:24] Training loop.       Batches: 150
[2022-11-10 22:46:59] Training loop. The ith epoch completed: 27
[2022-11-10 22:46:59] 
----------------------------------------------------------------------
[2022-11-10 22:46:59] Training loop.       Batches: 150
[2022-11-10 22:49:35] test set
[2022-11-10 22:49:35] validation set
[2022-11-10 22:49:47] val loss      : 2.3608
[2022-11-10 22:49:47] val acc       : 0.7407
[2022-11-10 22:49:47] val precision : 0.7525
[2022-11-10 22:49:47] val recall    : 0.7426
[2022-11-10 22:49:47] val f1        : 0.7349
[2022-11-10 22:49:47] val mcc       : 0.0000
[2022-11-10 22:49:47] Training loop. The ith epoch completed: 28
[2022-11-10 22:49:47] 
----------------------------------------------------------------------
[2022-11-10 22:49:47] Training loop.       Batches: 150
[2022-11-10 22:52:22] Training loop. The ith epoch completed: 29
[2022-11-10 22:52:22] 
----------------------------------------------------------------------
[2022-11-10 22:52:22] Training loop.       Batches: 150
[2022-11-10 22:54:58] test set
[2022-11-10 22:54:58] validation set
[2022-11-10 22:55:10] val loss      : 2.6768
[2022-11-10 22:55:10] val acc       : 0.7358
[2022-11-10 22:55:10] val precision : 0.7520
[2022-11-10 22:55:10] val recall    : 0.7409
[2022-11-10 22:55:10] val f1        : 0.7289
[2022-11-10 22:55:10] val mcc       : 0.0000
[2022-11-10 22:55:10] Training loop. The ith epoch completed: 30
[2022-11-10 22:55:10] 
----------------------------------------------------------------------
[2022-11-10 22:55:10] Training loop.       Batches: 150
[2022-11-10 22:57:46] Training loop. The ith epoch completed: 31
[2022-11-10 22:57:46] 
----------------------------------------------------------------------
[2022-11-10 22:57:46] Training loop.       Batches: 150
[2022-11-10 23:00:21] test set
[2022-11-10 23:00:21] validation set
[2022-11-10 23:00:33] val loss      : 2.6643
[2022-11-10 23:00:33] val acc       : 0.7287
[2022-11-10 23:00:33] val precision : 0.7312
[2022-11-10 23:00:33] val recall    : 0.7283
[2022-11-10 23:00:33] val f1        : 0.7246
[2022-11-10 23:00:33] val mcc       : 0.0000
[2022-11-10 23:00:33] Training loop. The ith epoch completed: 32
[2022-11-10 23:00:33] 
----------------------------------------------------------------------
[2022-11-10 23:00:33] Training loop.       Batches: 150
[2022-11-10 23:03:09] Training loop. The ith epoch completed: 33
[2022-11-10 23:03:09] 
----------------------------------------------------------------------
[2022-11-10 23:03:09] Training loop.       Batches: 150
[2022-11-10 23:05:44] test set
[2022-11-10 23:05:44] validation set
[2022-11-10 23:05:56] val loss      : 2.7288
[2022-11-10 23:05:56] val acc       : 0.7428
[2022-11-10 23:05:56] val precision : 0.7399
[2022-11-10 23:05:56] val recall    : 0.7419
[2022-11-10 23:05:56] val f1        : 0.7370
[2022-11-10 23:05:56] val mcc       : 0.0000
[2022-11-10 23:05:56] Training loop. The ith epoch completed: 34
[2022-11-10 23:05:56] 
----------------------------------------------------------------------
[2022-11-10 23:05:56] Training loop.       Batches: 150
[2022-11-10 23:08:32] Training loop. The ith epoch completed: 35
[2022-11-10 23:08:32] 
----------------------------------------------------------------------
[2022-11-10 23:08:32] Training loop.       Batches: 150
[2022-11-10 23:11:07] test set
[2022-11-10 23:11:07] validation set
[2022-11-10 23:11:19] val loss      : 2.8952
[2022-11-10 23:11:19] val acc       : 0.7557
[2022-11-10 23:11:19] val precision : 0.7559
[2022-11-10 23:11:19] val recall    : 0.7565
[2022-11-10 23:11:19] val f1        : 0.7516
[2022-11-10 23:11:19] val mcc       : 0.0000
[2022-11-10 23:11:19] Training loop. The ith epoch completed: 36
[2022-11-10 23:11:19] 
----------------------------------------------------------------------
[2022-11-10 23:11:19] Training loop.       Batches: 150
[2022-11-10 23:13:55] Training loop. The ith epoch completed: 37
[2022-11-10 23:13:55] 
----------------------------------------------------------------------
[2022-11-10 23:13:55] Training loop.       Batches: 150
[2022-11-10 23:16:30] test set
[2022-11-10 23:16:30] validation set
[2022-11-10 23:16:42] val loss      : 2.8664
[2022-11-10 23:16:42] val acc       : 0.7568
[2022-11-10 23:16:42] val precision : 0.7566
[2022-11-10 23:16:42] val recall    : 0.7560
[2022-11-10 23:16:42] val f1        : 0.7525
[2022-11-10 23:16:42] val mcc       : 0.0000
[2022-11-10 23:16:42] Training loop. The ith epoch completed: 38
[2022-11-10 23:16:42] 
----------------------------------------------------------------------
[2022-11-10 23:16:42] Training loop.       Batches: 150
[2022-11-10 23:19:18] Training loop. The ith epoch completed: 39
[2022-11-10 23:19:18] 
----------------------------------------------------------------------
[2022-11-10 23:19:18] Training loop.       Batches: 150
[2022-11-10 23:21:53] test set
[2022-11-10 23:21:53] validation set
[2022-11-10 23:22:05] val loss      : 2.9885
[2022-11-10 23:22:05] val acc       : 0.7587
[2022-11-10 23:22:05] val precision : 0.7618
[2022-11-10 23:22:05] val recall    : 0.7614
[2022-11-10 23:22:05] val f1        : 0.7563
[2022-11-10 23:22:05] val mcc       : 0.0000
[2022-11-10 23:22:05] Training loop. The ith epoch completed: 40
[2022-11-10 23:22:05] 
----------------------------------------------------------------------
[2022-11-10 23:22:05] Training loop.       Batches: 150
[2022-11-10 23:24:41] Training loop. The ith epoch completed: 41
[2022-11-10 23:24:41] 
----------------------------------------------------------------------
[2022-11-10 23:24:41] Training loop.       Batches: 150
[2022-11-10 23:27:16] test set
[2022-11-10 23:27:16] validation set
[2022-11-10 23:27:28] val loss      : 2.9193
[2022-11-10 23:27:28] val acc       : 0.7638
[2022-11-10 23:27:28] val precision : 0.7618
[2022-11-10 23:27:28] val recall    : 0.7617
[2022-11-10 23:27:28] val f1        : 0.7598
[2022-11-10 23:27:28] val mcc       : 0.0000
[2022-11-10 23:27:28] Training loop. The ith epoch completed: 42
[2022-11-10 23:27:28] 
----------------------------------------------------------------------
[2022-11-10 23:27:28] Training loop.       Batches: 150
[2022-11-10 23:30:04] Training loop. The ith epoch completed: 43
[2022-11-10 23:30:04] 
----------------------------------------------------------------------
[2022-11-10 23:30:04] Training loop.       Batches: 150
[2022-11-10 23:32:39] test set
[2022-11-10 23:32:39] validation set
[2022-11-10 23:32:51] val loss      : 3.1840
[2022-11-10 23:32:51] val acc       : 0.7448
[2022-11-10 23:32:51] val precision : 0.7489
[2022-11-10 23:32:51] val recall    : 0.7473
[2022-11-10 23:32:51] val f1        : 0.7426
[2022-11-10 23:32:51] val mcc       : 0.0000
[2022-11-10 23:32:51] Training loop. The ith epoch completed: 44
[2022-11-10 23:32:51] 
----------------------------------------------------------------------
[2022-11-10 23:32:51] Training loop.       Batches: 150
[2022-11-10 23:35:27] Training loop. The ith epoch completed: 45
[2022-11-10 23:35:27] 
----------------------------------------------------------------------
[2022-11-10 23:35:27] Training loop.       Batches: 150
[2022-11-10 23:38:02] test set
[2022-11-10 23:38:02] validation set
[2022-11-10 23:38:14] val loss      : 3.1871
[2022-11-10 23:38:14] val acc       : 0.7527
[2022-11-10 23:38:14] val precision : 0.7572
[2022-11-10 23:38:14] val recall    : 0.7523
[2022-11-10 23:38:14] val f1        : 0.7466
[2022-11-10 23:38:14] val mcc       : 0.0000
[2022-11-10 23:38:14] Training loop. The ith epoch completed: 46
[2022-11-10 23:38:14] 
----------------------------------------------------------------------
[2022-11-10 23:38:14] Training loop.       Batches: 150
[2022-11-10 23:40:49] Training loop. The ith epoch completed: 47
[2022-11-10 23:40:49] 
----------------------------------------------------------------------
[2022-11-10 23:40:49] Training loop.       Batches: 150
[2022-11-10 23:43:25] test set
[2022-11-10 23:43:25] validation set
[2022-11-10 23:43:37] val loss      : 3.1641
[2022-11-10 23:43:37] val acc       : 0.7577
[2022-11-10 23:43:37] val precision : 0.7580
[2022-11-10 23:43:37] val recall    : 0.7581
[2022-11-10 23:43:37] val f1        : 0.7541
[2022-11-10 23:43:37] val mcc       : 0.0000
[2022-11-10 23:43:37] Training loop. The ith epoch completed: 48
[2022-11-10 23:43:37] 
----------------------------------------------------------------------
[2022-11-10 23:43:37] Training loop.       Batches: 150
[2022-11-10 23:46:12] Training loop. The ith epoch completed: 49
[2022-11-10 23:46:12] 
----------------------------------------------------------------------
[2022-11-10 23:46:12] Training loop.       Batches: 150
[2022-11-10 23:48:48] test set
[2022-11-10 23:48:48] validation set
[2022-11-10 23:49:00] val loss      : 3.2085
[2022-11-10 23:49:00] val acc       : 0.7588
[2022-11-10 23:49:00] val precision : 0.7604
[2022-11-10 23:49:00] val recall    : 0.7591
[2022-11-10 23:49:00] val f1        : 0.7553
[2022-11-10 23:49:00] val mcc       : 0.0000
[2022-11-10 23:49:00] Training loop. The ith epoch completed: 50
[2022-11-10 23:49:00] 
----------------------------------------------------------------------
[2022-11-10 23:49:00] Training loop.       Batches: 150
[2022-11-10 23:51:35] Training loop. The ith epoch completed: 51
[2022-11-10 23:51:35] 
----------------------------------------------------------------------
[2022-11-10 23:51:35] Training loop.       Batches: 150
[2022-11-10 23:54:11] test set
[2022-11-10 23:54:11] validation set
[2022-11-10 23:54:23] val loss      : 3.3521
[2022-11-10 23:54:23] val acc       : 0.7607
[2022-11-10 23:54:23] val precision : 0.7638
[2022-11-10 23:54:23] val recall    : 0.7607
[2022-11-10 23:54:23] val f1        : 0.7568
[2022-11-10 23:54:23] val mcc       : 0.0000
[2022-11-10 23:54:23] Training loop. The ith epoch completed: 52
[2022-11-10 23:54:23] 
----------------------------------------------------------------------
[2022-11-10 23:54:23] Training loop.       Batches: 150
[2022-11-10 23:56:58] Training loop. The ith epoch completed: 53
[2022-11-10 23:56:58] 
----------------------------------------------------------------------
[2022-11-10 23:56:58] Training loop.       Batches: 150
[2022-11-10 23:59:34] test set
[2022-11-10 23:59:34] validation set
[2022-11-10 23:59:46] val loss      : 3.3161
[2022-11-10 23:59:46] val acc       : 0.7568
[2022-11-10 23:59:46] val precision : 0.7557
[2022-11-10 23:59:46] val recall    : 0.7599
[2022-11-10 23:59:46] val f1        : 0.7516
[2022-11-10 23:59:46] val mcc       : 0.0000
[2022-11-10 23:59:46] Training loop. The ith epoch completed: 54
[2022-11-10 23:59:46] 
----------------------------------------------------------------------
[2022-11-10 23:59:46] Training loop.       Batches: 150
[2022-11-11 00:02:21] Training loop. The ith epoch completed: 55
[2022-11-11 00:02:21] 
----------------------------------------------------------------------
[2022-11-11 00:02:21] Training loop.       Batches: 150
[2022-11-11 00:04:57] test set
[2022-11-11 00:04:57] validation set
[2022-11-11 00:05:09] val loss      : 3.3123
[2022-11-11 00:05:09] val acc       : 0.7608
[2022-11-11 00:05:09] val precision : 0.7595
[2022-11-11 00:05:09] val recall    : 0.7571
[2022-11-11 00:05:09] val f1        : 0.7549
[2022-11-11 00:05:09] val mcc       : 0.0000
[2022-11-11 00:05:09] Training loop. The ith epoch completed: 56
[2022-11-11 00:05:09] 
----------------------------------------------------------------------
[2022-11-11 00:05:09] Training loop.       Batches: 150
[2022-11-11 00:07:44] Training loop. The ith epoch completed: 57
[2022-11-11 00:07:44] 
----------------------------------------------------------------------
[2022-11-11 00:07:44] Training loop.       Batches: 150
[2022-11-11 00:10:19] test set
[2022-11-11 00:10:19] validation set
[2022-11-11 00:10:31] val loss      : 3.3406
[2022-11-11 00:10:31] val acc       : 0.7677
[2022-11-11 00:10:31] val precision : 0.7692
[2022-11-11 00:10:31] val recall    : 0.7703
[2022-11-11 00:10:31] val f1        : 0.7625
[2022-11-11 00:10:31] val mcc       : 0.0000
[2022-11-11 00:10:32] Training loop. The ith epoch completed: 58
[2022-11-11 00:10:32] 
----------------------------------------------------------------------
[2022-11-11 00:10:32] Training loop.       Batches: 150
[2022-11-11 00:13:07] Training loop. The ith epoch completed: 59
[2022-11-11 00:13:07] 
----------------------------------------------------------------------
[2022-11-11 00:13:07] Training loop.       Batches: 150
[2022-11-11 00:15:43] test set
[2022-11-11 00:15:43] validation set
[2022-11-11 00:15:55] val loss      : 3.3296
[2022-11-11 00:15:55] val acc       : 0.7608
[2022-11-11 00:15:55] val precision : 0.7603
[2022-11-11 00:15:55] val recall    : 0.7603
[2022-11-11 00:15:55] val f1        : 0.7562
[2022-11-11 00:15:55] val mcc       : 0.0000
[2022-11-11 00:15:55] Training loop. The ith epoch completed: 60
[2022-11-11 00:15:55] best loss      : 0.4728
[2022-11-11 00:15:55] best acc       : 0.7879
[2022-11-11 00:15:55] best precision : 0.7860
[2022-11-11 00:15:55] best recall    : 0.7884
[2022-11-11 00:15:55] best f1        : 0.7841
[2022-11-11 00:15:55] best mcc       : 0.0000
[2022-11-11 00:15:55] Training complete.
