[2022-11-11 05:40:51] model params: 97867523
[2022-11-11 05:40:51] model params with gradients:1805315
[2022-11-11 05:40:51] Additional parameters 1805315 / 97867523 = 0.0188
[2022-11-11 05:40:51] Setup data...
[2022-11-11 05:40:52] Done.
[2022-11-11 05:40:52] Batch schedule
[2022-11-11 05:40:52] [(40, 30)]
[2022-11-11 05:40:52] Wrapping models and optimizers...
[2022-11-11 05:40:52] Begin training iterations
[2022-11-11 05:40:52] Total iteration: 9000
[2022-11-11 05:40:52] 
----------------------------------------------------------------------
[2022-11-11 05:40:52] Training loop.       Batches: 150
[2022-11-11 05:43:29] Training loop. The ith epoch completed: 1
[2022-11-11 05:43:29] 
----------------------------------------------------------------------
[2022-11-11 05:43:29] Training loop.       Batches: 150
[2022-11-11 05:46:04] test set
[2022-11-11 05:46:04] validation set
[2022-11-11 05:46:16] val loss      : 0.4907
[2022-11-11 05:46:16] val acc       : 0.7738
[2022-11-11 05:46:16] val precision : 0.7767
[2022-11-11 05:46:16] val recall    : 0.7712
[2022-11-11 05:46:16] val f1        : 0.7682
[2022-11-11 05:46:16] val mcc       : 0.0000
[2022-11-11 05:46:16] Iteration completed: 300, remained 8700
[2022-11-11 05:46:16] Saving model...
[2022-11-11 05:46:16] 
------------------------------------------------------
[2022-11-11 05:46:16] Training loop. The ith epoch completed: 2
[2022-11-11 05:46:16] 
----------------------------------------------------------------------
[2022-11-11 05:46:16] Training loop.       Batches: 150
[2022-11-11 05:48:52] Training loop. The ith epoch completed: 3
[2022-11-11 05:48:52] 
----------------------------------------------------------------------
[2022-11-11 05:48:52] Training loop.       Batches: 150
[2022-11-11 05:51:28] test set
[2022-11-11 05:51:28] validation set
[2022-11-11 05:51:40] val loss      : 0.4941
[2022-11-11 05:51:40] val acc       : 0.7658
[2022-11-11 05:51:40] val precision : 0.7764
[2022-11-11 05:51:40] val recall    : 0.7636
[2022-11-11 05:51:40] val f1        : 0.7574
[2022-11-11 05:51:40] val mcc       : 0.0000
[2022-11-11 05:51:40] Training loop. The ith epoch completed: 4
[2022-11-11 05:51:40] 
----------------------------------------------------------------------
[2022-11-11 05:51:40] Training loop.       Batches: 150
[2022-11-11 05:54:16] Training loop. The ith epoch completed: 5
[2022-11-11 05:54:16] 
----------------------------------------------------------------------
[2022-11-11 05:54:16] Training loop.       Batches: 150
[2022-11-11 05:56:51] test set
[2022-11-11 05:56:51] validation set
[2022-11-11 05:57:04] val loss      : 0.4668
[2022-11-11 05:57:04] val acc       : 0.7919
[2022-11-11 05:57:04] val precision : 0.7916
[2022-11-11 05:57:04] val recall    : 0.7930
[2022-11-11 05:57:04] val f1        : 0.7879
[2022-11-11 05:57:04] val mcc       : 0.0000
[2022-11-11 05:57:04] Iteration completed: 900, remained 8100
[2022-11-11 05:57:04] Saving model...
[2022-11-11 05:57:04] 
------------------------------------------------------
[2022-11-11 05:57:04] Training loop. The ith epoch completed: 6
[2022-11-11 05:57:04] 
----------------------------------------------------------------------
[2022-11-11 05:57:04] Training loop.       Batches: 150
[2022-11-11 05:59:39] Training loop. The ith epoch completed: 7
[2022-11-11 05:59:39] 
----------------------------------------------------------------------
[2022-11-11 05:59:39] Training loop.       Batches: 150
[2022-11-11 06:02:15] test set
[2022-11-11 06:02:15] validation set
[2022-11-11 06:02:27] val loss      : 0.6182
[2022-11-11 06:02:27] val acc       : 0.7057
[2022-11-11 06:02:27] val precision : 0.7635
[2022-11-11 06:02:27] val recall    : 0.7105
[2022-11-11 06:02:27] val f1        : 0.6871
[2022-11-11 06:02:27] val mcc       : 0.0000
[2022-11-11 06:02:27] Training loop. The ith epoch completed: 8
[2022-11-11 06:02:27] 
----------------------------------------------------------------------
[2022-11-11 06:02:27] Training loop.       Batches: 150
[2022-11-11 06:05:03] Training loop. The ith epoch completed: 9
[2022-11-11 06:05:03] 
----------------------------------------------------------------------
[2022-11-11 06:05:03] Training loop.       Batches: 150
[2022-11-11 06:07:39] test set
[2022-11-11 06:07:39] validation set
[2022-11-11 06:07:51] val loss      : 0.5280
[2022-11-11 06:07:51] val acc       : 0.7658
[2022-11-11 06:07:51] val precision : 0.7679
[2022-11-11 06:07:51] val recall    : 0.7644
[2022-11-11 06:07:51] val f1        : 0.7599
[2022-11-11 06:07:51] val mcc       : 0.0000
[2022-11-11 06:07:51] Training loop. The ith epoch completed: 10
[2022-11-11 06:07:51] 
----------------------------------------------------------------------
[2022-11-11 06:07:51] Training loop.       Batches: 150
[2022-11-11 06:10:27] Training loop. The ith epoch completed: 11
[2022-11-11 06:10:27] 
----------------------------------------------------------------------
[2022-11-11 06:10:27] Training loop.       Batches: 150
[2022-11-11 06:13:03] test set
[2022-11-11 06:13:03] validation set
[2022-11-11 06:13:15] val loss      : 0.5067
[2022-11-11 06:13:15] val acc       : 0.7627
[2022-11-11 06:13:15] val precision : 0.7616
[2022-11-11 06:13:15] val recall    : 0.7653
[2022-11-11 06:13:15] val f1        : 0.7578
[2022-11-11 06:13:15] val mcc       : 0.0000
[2022-11-11 06:13:15] Training loop. The ith epoch completed: 12
[2022-11-11 06:13:15] 
----------------------------------------------------------------------
[2022-11-11 06:13:15] Training loop.       Batches: 150
[2022-11-11 06:15:51] Training loop. The ith epoch completed: 13
[2022-11-11 06:15:51] 
----------------------------------------------------------------------
[2022-11-11 06:15:51] Training loop.       Batches: 150
[2022-11-11 06:18:26] test set
[2022-11-11 06:18:26] validation set
[2022-11-11 06:18:38] val loss      : 0.7568
[2022-11-11 06:18:38] val acc       : 0.7277
[2022-11-11 06:18:38] val precision : 0.7577
[2022-11-11 06:18:38] val recall    : 0.7343
[2022-11-11 06:18:38] val f1        : 0.7187
[2022-11-11 06:18:38] val mcc       : 0.0000
[2022-11-11 06:18:38] Training loop. The ith epoch completed: 14
[2022-11-11 06:18:38] 
----------------------------------------------------------------------
[2022-11-11 06:18:38] Training loop.       Batches: 150
[2022-11-11 06:21:14] Training loop. The ith epoch completed: 15
[2022-11-11 06:21:14] 
----------------------------------------------------------------------
[2022-11-11 06:21:14] Training loop.       Batches: 150
[2022-11-11 06:23:50] test set
[2022-11-11 06:23:50] validation set
[2022-11-11 06:24:02] val loss      : 0.7602
[2022-11-11 06:24:02] val acc       : 0.7579
[2022-11-11 06:24:02] val precision : 0.7566
[2022-11-11 06:24:02] val recall    : 0.7573
[2022-11-11 06:24:02] val f1        : 0.7530
[2022-11-11 06:24:02] val mcc       : 0.0000
[2022-11-11 06:24:02] Training loop. The ith epoch completed: 16
[2022-11-11 06:24:02] 
----------------------------------------------------------------------
[2022-11-11 06:24:02] Training loop.       Batches: 150
[2022-11-11 06:26:38] Training loop. The ith epoch completed: 17
[2022-11-11 06:26:38] 
----------------------------------------------------------------------
[2022-11-11 06:26:38] Training loop.       Batches: 150
[2022-11-11 06:29:14] test set
[2022-11-11 06:29:14] validation set
[2022-11-11 06:29:26] val loss      : 1.1346
[2022-11-11 06:29:26] val acc       : 0.7238
[2022-11-11 06:29:26] val precision : 0.7396
[2022-11-11 06:29:26] val recall    : 0.7241
[2022-11-11 06:29:26] val f1        : 0.7108
[2022-11-11 06:29:26] val mcc       : 0.0000
[2022-11-11 06:29:26] Training loop. The ith epoch completed: 18
[2022-11-11 06:29:26] 
----------------------------------------------------------------------
[2022-11-11 06:29:26] Training loop.       Batches: 150
[2022-11-11 06:32:02] Training loop. The ith epoch completed: 19
[2022-11-11 06:32:02] 
----------------------------------------------------------------------
[2022-11-11 06:32:02] Training loop.       Batches: 150
[2022-11-11 06:34:38] test set
[2022-11-11 06:34:38] validation set
[2022-11-11 06:34:50] val loss      : 1.5200
[2022-11-11 06:34:50] val acc       : 0.7346
[2022-11-11 06:34:50] val precision : 0.7316
[2022-11-11 06:34:50] val recall    : 0.7298
[2022-11-11 06:34:50] val f1        : 0.7266
[2022-11-11 06:34:50] val mcc       : 0.0000
[2022-11-11 06:34:50] Training loop. The ith epoch completed: 20
[2022-11-11 06:34:50] 
----------------------------------------------------------------------
[2022-11-11 06:34:50] Training loop.       Batches: 150
[2022-11-11 06:37:25] Training loop. The ith epoch completed: 21
[2022-11-11 06:37:25] 
----------------------------------------------------------------------
[2022-11-11 06:37:25] Training loop.       Batches: 150
[2022-11-11 06:40:01] test set
[2022-11-11 06:40:01] validation set
[2022-11-11 06:40:13] val loss      : 1.4909
[2022-11-11 06:40:13] val acc       : 0.7417
[2022-11-11 06:40:13] val precision : 0.7383
[2022-11-11 06:40:13] val recall    : 0.7387
[2022-11-11 06:40:13] val f1        : 0.7341
[2022-11-11 06:40:13] val mcc       : 0.0000
[2022-11-11 06:40:13] Training loop. The ith epoch completed: 22
[2022-11-11 06:40:13] 
----------------------------------------------------------------------
[2022-11-11 06:40:13] Training loop.       Batches: 150
[2022-11-11 06:42:49] Training loop. The ith epoch completed: 23
[2022-11-11 06:42:49] 
----------------------------------------------------------------------
[2022-11-11 06:42:49] Training loop.       Batches: 150
[2022-11-11 06:45:25] test set
[2022-11-11 06:45:25] validation set
[2022-11-11 06:45:37] val loss      : 1.8447
[2022-11-11 06:45:37] val acc       : 0.7347
[2022-11-11 06:45:37] val precision : 0.7406
[2022-11-11 06:45:37] val recall    : 0.7352
[2022-11-11 06:45:37] val f1        : 0.7322
[2022-11-11 06:45:37] val mcc       : 0.0000
[2022-11-11 06:45:37] Training loop. The ith epoch completed: 24
[2022-11-11 06:45:37] 
----------------------------------------------------------------------
[2022-11-11 06:45:37] Training loop.       Batches: 150
[2022-11-11 06:48:13] Training loop. The ith epoch completed: 25
[2022-11-11 06:48:13] 
----------------------------------------------------------------------
[2022-11-11 06:48:13] Training loop.       Batches: 150
[2022-11-11 06:50:48] test set
[2022-11-11 06:50:48] validation set
[2022-11-11 06:51:00] val loss      : 2.2739
[2022-11-11 06:51:00] val acc       : 0.7339
[2022-11-11 06:51:00] val precision : 0.7345
[2022-11-11 06:51:00] val recall    : 0.7317
[2022-11-11 06:51:00] val f1        : 0.7282
[2022-11-11 06:51:00] val mcc       : 0.0000
[2022-11-11 06:51:00] Training loop. The ith epoch completed: 26
[2022-11-11 06:51:00] 
----------------------------------------------------------------------
[2022-11-11 06:51:00] Training loop.       Batches: 150
[2022-11-11 06:53:36] Training loop. The ith epoch completed: 27
[2022-11-11 06:53:36] 
----------------------------------------------------------------------
[2022-11-11 06:53:36] Training loop.       Batches: 150
[2022-11-11 06:56:12] test set
[2022-11-11 06:56:12] validation set
[2022-11-11 06:56:24] val loss      : 2.3948
[2022-11-11 06:56:24] val acc       : 0.7407
[2022-11-11 06:56:24] val precision : 0.7438
[2022-11-11 06:56:24] val recall    : 0.7429
[2022-11-11 06:56:24] val f1        : 0.7365
[2022-11-11 06:56:24] val mcc       : 0.0000
[2022-11-11 06:56:24] Training loop. The ith epoch completed: 28
[2022-11-11 06:56:24] 
----------------------------------------------------------------------
[2022-11-11 06:56:24] Training loop.       Batches: 150
[2022-11-11 06:58:59] Training loop. The ith epoch completed: 29
[2022-11-11 06:58:59] 
----------------------------------------------------------------------
[2022-11-11 06:58:59] Training loop.       Batches: 150
[2022-11-11 07:01:35] test set
[2022-11-11 07:01:35] validation set
[2022-11-11 07:01:47] val loss      : 2.6951
[2022-11-11 07:01:47] val acc       : 0.7427
[2022-11-11 07:01:47] val precision : 0.7500
[2022-11-11 07:01:47] val recall    : 0.7421
[2022-11-11 07:01:47] val f1        : 0.7372
[2022-11-11 07:01:47] val mcc       : 0.0000
[2022-11-11 07:01:47] Training loop. The ith epoch completed: 30
[2022-11-11 07:01:47] 
----------------------------------------------------------------------
[2022-11-11 07:01:47] Training loop.       Batches: 150
[2022-11-11 07:04:22] Training loop. The ith epoch completed: 31
[2022-11-11 07:04:22] 
----------------------------------------------------------------------
[2022-11-11 07:04:22] Training loop.       Batches: 150
[2022-11-11 07:06:58] test set
[2022-11-11 07:06:58] validation set
[2022-11-11 07:07:10] val loss      : 2.7889
[2022-11-11 07:07:10] val acc       : 0.7298
[2022-11-11 07:07:10] val precision : 0.7295
[2022-11-11 07:07:10] val recall    : 0.7289
[2022-11-11 07:07:10] val f1        : 0.7237
[2022-11-11 07:07:10] val mcc       : 0.0000
[2022-11-11 07:07:10] Training loop. The ith epoch completed: 32
[2022-11-11 07:07:10] 
----------------------------------------------------------------------
[2022-11-11 07:07:10] Training loop.       Batches: 150
[2022-11-11 07:09:47] Training loop. The ith epoch completed: 33
[2022-11-11 07:09:47] 
----------------------------------------------------------------------
[2022-11-11 07:09:47] Training loop.       Batches: 150
[2022-11-11 07:12:23] test set
[2022-11-11 07:12:23] validation set
[2022-11-11 07:12:36] val loss      : 2.8154
[2022-11-11 07:12:36] val acc       : 0.7307
[2022-11-11 07:12:36] val precision : 0.7369
[2022-11-11 07:12:36] val recall    : 0.7303
[2022-11-11 07:12:36] val f1        : 0.7267
[2022-11-11 07:12:36] val mcc       : 0.0000
[2022-11-11 07:12:36] Training loop. The ith epoch completed: 34
[2022-11-11 07:12:36] 
----------------------------------------------------------------------
[2022-11-11 07:12:36] Training loop.       Batches: 150
[2022-11-11 07:15:12] Training loop. The ith epoch completed: 35
[2022-11-11 07:15:12] 
----------------------------------------------------------------------
[2022-11-11 07:15:12] Training loop.       Batches: 150
[2022-11-11 07:17:48] test set
[2022-11-11 07:17:48] validation set
[2022-11-11 07:18:01] val loss      : 2.9002
[2022-11-11 07:18:01] val acc       : 0.7458
[2022-11-11 07:18:01] val precision : 0.7454
[2022-11-11 07:18:01] val recall    : 0.7443
[2022-11-11 07:18:01] val f1        : 0.7420
[2022-11-11 07:18:01] val mcc       : 0.0000
[2022-11-11 07:18:01] Training loop. The ith epoch completed: 36
[2022-11-11 07:18:01] 
----------------------------------------------------------------------
[2022-11-11 07:18:01] Training loop.       Batches: 150
[2022-11-11 07:20:37] Training loop. The ith epoch completed: 37
[2022-11-11 07:20:37] 
----------------------------------------------------------------------
[2022-11-11 07:20:37] Training loop.       Batches: 150
[2022-11-11 07:23:13] test set
[2022-11-11 07:23:13] validation set
[2022-11-11 07:23:25] val loss      : 3.1051
[2022-11-11 07:23:25] val acc       : 0.7308
[2022-11-11 07:23:25] val precision : 0.7308
[2022-11-11 07:23:25] val recall    : 0.7287
[2022-11-11 07:23:25] val f1        : 0.7257
[2022-11-11 07:23:25] val mcc       : 0.0000
[2022-11-11 07:23:25] Training loop. The ith epoch completed: 38
[2022-11-11 07:23:25] 
----------------------------------------------------------------------
[2022-11-11 07:23:25] Training loop.       Batches: 150
[2022-11-11 07:26:01] Training loop. The ith epoch completed: 39
[2022-11-11 07:26:01] 
----------------------------------------------------------------------
[2022-11-11 07:26:01] Training loop.       Batches: 150
[2022-11-11 07:28:37] test set
[2022-11-11 07:28:37] validation set
[2022-11-11 07:28:49] val loss      : 3.2022
[2022-11-11 07:28:49] val acc       : 0.7417
[2022-11-11 07:28:49] val precision : 0.7422
[2022-11-11 07:28:49] val recall    : 0.7400
[2022-11-11 07:28:49] val f1        : 0.7332
[2022-11-11 07:28:49] val mcc       : 0.0000
[2022-11-11 07:28:49] Training loop. The ith epoch completed: 40
[2022-11-11 07:28:49] 
----------------------------------------------------------------------
[2022-11-11 07:28:49] Training loop.       Batches: 150
[2022-11-11 07:31:24] Training loop. The ith epoch completed: 41
[2022-11-11 07:31:24] 
----------------------------------------------------------------------
[2022-11-11 07:31:24] Training loop.       Batches: 150
[2022-11-11 07:34:00] test set
[2022-11-11 07:34:00] validation set
[2022-11-11 07:34:12] val loss      : 3.1409
[2022-11-11 07:34:12] val acc       : 0.7227
[2022-11-11 07:34:12] val precision : 0.7217
[2022-11-11 07:34:12] val recall    : 0.7226
[2022-11-11 07:34:12] val f1        : 0.7163
[2022-11-11 07:34:12] val mcc       : 0.0000
[2022-11-11 07:34:12] Training loop. The ith epoch completed: 42
[2022-11-11 07:34:12] 
----------------------------------------------------------------------
[2022-11-11 07:34:12] Training loop.       Batches: 150
[2022-11-11 07:36:48] Training loop. The ith epoch completed: 43
[2022-11-11 07:36:48] 
----------------------------------------------------------------------
[2022-11-11 07:36:48] Training loop.       Batches: 150
[2022-11-11 07:39:23] test set
[2022-11-11 07:39:23] validation set
[2022-11-11 07:39:35] val loss      : 3.3665
[2022-11-11 07:39:35] val acc       : 0.7476
[2022-11-11 07:39:35] val precision : 0.7489
[2022-11-11 07:39:35] val recall    : 0.7474
[2022-11-11 07:39:35] val f1        : 0.7439
[2022-11-11 07:39:35] val mcc       : 0.0000
[2022-11-11 07:39:35] Training loop. The ith epoch completed: 44
[2022-11-11 07:39:35] 
----------------------------------------------------------------------
[2022-11-11 07:39:35] Training loop.       Batches: 150
[2022-11-11 07:42:11] Training loop. The ith epoch completed: 45
[2022-11-11 07:42:11] 
----------------------------------------------------------------------
[2022-11-11 07:42:11] Training loop.       Batches: 150
[2022-11-11 07:44:46] test set
[2022-11-11 07:44:46] validation set
[2022-11-11 07:44:58] val loss      : 3.4949
[2022-11-11 07:44:58] val acc       : 0.7388
[2022-11-11 07:44:58] val precision : 0.7418
[2022-11-11 07:44:58] val recall    : 0.7375
[2022-11-11 07:44:58] val f1        : 0.7342
[2022-11-11 07:44:58] val mcc       : 0.0000
[2022-11-11 07:44:58] Training loop. The ith epoch completed: 46
[2022-11-11 07:44:58] 
----------------------------------------------------------------------
[2022-11-11 07:44:58] Training loop.       Batches: 150
[2022-11-11 07:47:34] Training loop. The ith epoch completed: 47
[2022-11-11 07:47:34] 
----------------------------------------------------------------------
[2022-11-11 07:47:34] Training loop.       Batches: 150
[2022-11-11 07:50:09] test set
[2022-11-11 07:50:09] validation set
[2022-11-11 07:50:21] val loss      : 3.4291
[2022-11-11 07:50:21] val acc       : 0.7356
[2022-11-11 07:50:21] val precision : 0.7385
[2022-11-11 07:50:21] val recall    : 0.7348
[2022-11-11 07:50:21] val f1        : 0.7306
[2022-11-11 07:50:21] val mcc       : 0.0000
[2022-11-11 07:50:22] Training loop. The ith epoch completed: 48
[2022-11-11 07:50:22] 
----------------------------------------------------------------------
[2022-11-11 07:50:22] Training loop.       Batches: 150
[2022-11-11 07:52:57] Training loop. The ith epoch completed: 49
[2022-11-11 07:52:57] 
----------------------------------------------------------------------
[2022-11-11 07:52:57] Training loop.       Batches: 150
[2022-11-11 07:55:33] test set
[2022-11-11 07:55:33] validation set
[2022-11-11 07:55:45] val loss      : 3.4124
[2022-11-11 07:55:45] val acc       : 0.7438
[2022-11-11 07:55:45] val precision : 0.7427
[2022-11-11 07:55:45] val recall    : 0.7427
[2022-11-11 07:55:45] val f1        : 0.7401
[2022-11-11 07:55:45] val mcc       : 0.0000
[2022-11-11 07:55:45] Training loop. The ith epoch completed: 50
[2022-11-11 07:55:45] 
----------------------------------------------------------------------
[2022-11-11 07:55:45] Training loop.       Batches: 150
[2022-11-11 07:58:20] Training loop. The ith epoch completed: 51
[2022-11-11 07:58:20] 
----------------------------------------------------------------------
[2022-11-11 07:58:20] Training loop.       Batches: 150
[2022-11-11 08:00:56] test set
[2022-11-11 08:00:56] validation set
[2022-11-11 08:01:08] val loss      : 3.4736
[2022-11-11 08:01:08] val acc       : 0.7388
[2022-11-11 08:01:08] val precision : 0.7359
[2022-11-11 08:01:08] val recall    : 0.7346
[2022-11-11 08:01:08] val f1        : 0.7312
[2022-11-11 08:01:08] val mcc       : 0.0000
[2022-11-11 08:01:08] Training loop. The ith epoch completed: 52
[2022-11-11 08:01:08] 
----------------------------------------------------------------------
[2022-11-11 08:01:08] Training loop.       Batches: 150
[2022-11-11 08:03:44] Training loop. The ith epoch completed: 53
[2022-11-11 08:03:44] 
----------------------------------------------------------------------
[2022-11-11 08:03:44] Training loop.       Batches: 150
[2022-11-11 08:06:19] test set
[2022-11-11 08:06:19] validation set
[2022-11-11 08:06:31] val loss      : 3.4995
[2022-11-11 08:06:31] val acc       : 0.7368
[2022-11-11 08:06:31] val precision : 0.7399
[2022-11-11 08:06:31] val recall    : 0.7368
[2022-11-11 08:06:31] val f1        : 0.7316
[2022-11-11 08:06:31] val mcc       : 0.0000
[2022-11-11 08:06:31] Training loop. The ith epoch completed: 54
[2022-11-11 08:06:31] 
----------------------------------------------------------------------
[2022-11-11 08:06:31] Training loop.       Batches: 150
[2022-11-11 08:09:07] Training loop. The ith epoch completed: 55
[2022-11-11 08:09:07] 
----------------------------------------------------------------------
[2022-11-11 08:09:07] Training loop.       Batches: 150
[2022-11-11 08:11:42] test set
[2022-11-11 08:11:42] validation set
[2022-11-11 08:11:54] val loss      : 3.5460
[2022-11-11 08:11:54] val acc       : 0.7387
[2022-11-11 08:11:54] val precision : 0.7391
[2022-11-11 08:11:54] val recall    : 0.7373
[2022-11-11 08:11:54] val f1        : 0.7312
[2022-11-11 08:11:54] val mcc       : 0.0000
[2022-11-11 08:11:54] Training loop. The ith epoch completed: 56
[2022-11-11 08:11:54] 
----------------------------------------------------------------------
[2022-11-11 08:11:54] Training loop.       Batches: 150
[2022-11-11 08:14:30] Training loop. The ith epoch completed: 57
[2022-11-11 08:14:30] 
----------------------------------------------------------------------
[2022-11-11 08:14:30] Training loop.       Batches: 150
[2022-11-11 08:17:05] test set
[2022-11-11 08:17:05] validation set
[2022-11-11 08:17:18] val loss      : 3.5980
[2022-11-11 08:17:18] val acc       : 0.7408
[2022-11-11 08:17:18] val precision : 0.7394
[2022-11-11 08:17:18] val recall    : 0.7394
[2022-11-11 08:17:18] val f1        : 0.7349
[2022-11-11 08:17:18] val mcc       : 0.0000
[2022-11-11 08:17:18] Training loop. The ith epoch completed: 58
[2022-11-11 08:17:18] 
----------------------------------------------------------------------
[2022-11-11 08:17:18] Training loop.       Batches: 150
[2022-11-11 08:19:53] Training loop. The ith epoch completed: 59
[2022-11-11 08:19:53] 
----------------------------------------------------------------------
[2022-11-11 08:19:53] Training loop.       Batches: 150
[2022-11-11 08:22:29] test set
[2022-11-11 08:22:29] validation set
[2022-11-11 08:22:41] val loss      : 3.5952
[2022-11-11 08:22:41] val acc       : 0.7468
[2022-11-11 08:22:41] val precision : 0.7456
[2022-11-11 08:22:41] val recall    : 0.7454
[2022-11-11 08:22:41] val f1        : 0.7407
[2022-11-11 08:22:41] val mcc       : 0.0000
[2022-11-11 08:22:41] Training loop. The ith epoch completed: 60
[2022-11-11 08:22:41] best loss      : 0.4668
[2022-11-11 08:22:41] best acc       : 0.7919
[2022-11-11 08:22:41] best precision : 0.7916
[2022-11-11 08:22:41] best recall    : 0.7930
[2022-11-11 08:22:41] best f1        : 0.7879
[2022-11-11 08:22:41] best mcc       : 0.0000
[2022-11-11 08:22:41] Training complete.
