[2022-11-11 08:22:50] model params: 97867523
[2022-11-11 08:22:50] model params with gradients:1805315
[2022-11-11 08:22:50] Additional parameters 1805315 / 97867523 = 0.0188
[2022-11-11 08:22:50] Setup data...
[2022-11-11 08:22:51] Done.
[2022-11-11 08:22:51] Batch schedule
[2022-11-11 08:22:51] [(40, 30)]
[2022-11-11 08:22:51] Wrapping models and optimizers...
[2022-11-11 08:22:51] Begin training iterations
[2022-11-11 08:22:51] Total iteration: 9000
[2022-11-11 08:22:51] 
----------------------------------------------------------------------
[2022-11-11 08:22:51] Training loop.       Batches: 150
[2022-11-11 08:25:29] Training loop. The ith epoch completed: 1
[2022-11-11 08:25:29] 
----------------------------------------------------------------------
[2022-11-11 08:25:29] Training loop.       Batches: 150
[2022-11-11 08:28:05] test set
[2022-11-11 08:28:05] validation set
[2022-11-11 08:28:18] val loss      : 0.4865
[2022-11-11 08:28:18] val acc       : 0.7628
[2022-11-11 08:28:18] val precision : 0.7615
[2022-11-11 08:28:18] val recall    : 0.7616
[2022-11-11 08:28:18] val f1        : 0.7579
[2022-11-11 08:28:18] val mcc       : 0.0000
[2022-11-11 08:28:18] Iteration completed: 300, remained 8700
[2022-11-11 08:28:18] Saving model...
[2022-11-11 08:28:18] 
------------------------------------------------------
[2022-11-11 08:28:18] Training loop. The ith epoch completed: 2
[2022-11-11 08:28:18] 
----------------------------------------------------------------------
[2022-11-11 08:28:18] Training loop.       Batches: 150
[2022-11-11 08:30:54] Training loop. The ith epoch completed: 3
[2022-11-11 08:30:54] 
----------------------------------------------------------------------
[2022-11-11 08:30:54] Training loop.       Batches: 150
[2022-11-11 08:33:31] test set
[2022-11-11 08:33:31] validation set
[2022-11-11 08:33:43] val loss      : 0.5145
[2022-11-11 08:33:43] val acc       : 0.7638
[2022-11-11 08:33:43] val precision : 0.7805
[2022-11-11 08:33:43] val recall    : 0.7599
[2022-11-11 08:33:43] val f1        : 0.7557
[2022-11-11 08:33:43] val mcc       : 0.0000
[2022-11-11 08:33:43] Iteration completed: 600, remained 8400
[2022-11-11 08:33:43] Saving model...
[2022-11-11 08:33:43] 
------------------------------------------------------
[2022-11-11 08:33:43] Training loop. The ith epoch completed: 4
[2022-11-11 08:33:43] 
----------------------------------------------------------------------
[2022-11-11 08:33:43] Training loop.       Batches: 150
[2022-11-11 08:36:20] Training loop. The ith epoch completed: 5
[2022-11-11 08:36:20] 
----------------------------------------------------------------------
[2022-11-11 08:36:20] Training loop.       Batches: 150
[2022-11-11 08:38:56] test set
[2022-11-11 08:38:56] validation set
[2022-11-11 08:39:08] val loss      : 0.4941
[2022-11-11 08:39:08] val acc       : 0.7667
[2022-11-11 08:39:08] val precision : 0.7760
[2022-11-11 08:39:08] val recall    : 0.7621
[2022-11-11 08:39:08] val f1        : 0.7585
[2022-11-11 08:39:08] val mcc       : 0.0000
[2022-11-11 08:39:08] Iteration completed: 900, remained 8100
[2022-11-11 08:39:08] Saving model...
[2022-11-11 08:39:08] 
------------------------------------------------------
[2022-11-11 08:39:08] Training loop. The ith epoch completed: 6
[2022-11-11 08:39:08] 
----------------------------------------------------------------------
[2022-11-11 08:39:08] Training loop.       Batches: 150
[2022-11-11 08:41:45] Training loop. The ith epoch completed: 7
[2022-11-11 08:41:45] 
----------------------------------------------------------------------
[2022-11-11 08:41:45] Training loop.       Batches: 150
[2022-11-11 08:44:22] test set
[2022-11-11 08:44:22] validation set
[2022-11-11 08:44:34] val loss      : 0.4997
[2022-11-11 08:44:34] val acc       : 0.7658
[2022-11-11 08:44:34] val precision : 0.7738
[2022-11-11 08:44:34] val recall    : 0.7653
[2022-11-11 08:44:34] val f1        : 0.7552
[2022-11-11 08:44:34] val mcc       : 0.0000
[2022-11-11 08:44:34] Training loop. The ith epoch completed: 8
[2022-11-11 08:44:34] 
----------------------------------------------------------------------
[2022-11-11 08:44:34] Training loop.       Batches: 150
[2022-11-11 08:47:11] Training loop. The ith epoch completed: 9
[2022-11-11 08:47:11] 
----------------------------------------------------------------------
[2022-11-11 08:47:11] Training loop.       Batches: 150
[2022-11-11 08:49:47] test set
[2022-11-11 08:49:47] validation set
[2022-11-11 08:49:59] val loss      : 0.4879
[2022-11-11 08:49:59] val acc       : 0.7879
[2022-11-11 08:49:59] val precision : 0.7906
[2022-11-11 08:49:59] val recall    : 0.7885
[2022-11-11 08:49:59] val f1        : 0.7854
[2022-11-11 08:49:59] val mcc       : 0.0000
[2022-11-11 08:49:59] Iteration completed: 1500, remained 7500
[2022-11-11 08:49:59] Saving model...
[2022-11-11 08:49:59] 
------------------------------------------------------
[2022-11-11 08:50:00] Training loop. The ith epoch completed: 10
[2022-11-11 08:50:00] 
----------------------------------------------------------------------
[2022-11-11 08:50:00] Training loop.       Batches: 150
[2022-11-11 08:52:36] Training loop. The ith epoch completed: 11
[2022-11-11 08:52:36] 
----------------------------------------------------------------------
[2022-11-11 08:52:36] Training loop.       Batches: 150
[2022-11-11 08:55:13] test set
[2022-11-11 08:55:13] validation set
[2022-11-11 08:55:25] val loss      : 0.5260
[2022-11-11 08:55:25] val acc       : 0.7547
[2022-11-11 08:55:25] val precision : 0.7570
[2022-11-11 08:55:25] val recall    : 0.7602
[2022-11-11 08:55:25] val f1        : 0.7494
[2022-11-11 08:55:25] val mcc       : 0.0000
[2022-11-11 08:55:25] Training loop. The ith epoch completed: 12
[2022-11-11 08:55:25] 
----------------------------------------------------------------------
[2022-11-11 08:55:25] Training loop.       Batches: 150
[2022-11-11 08:58:02] Training loop. The ith epoch completed: 13
[2022-11-11 08:58:02] 
----------------------------------------------------------------------
[2022-11-11 08:58:02] Training loop.       Batches: 150
[2022-11-11 09:00:38] test set
[2022-11-11 09:00:38] validation set
[2022-11-11 09:00:50] val loss      : 0.5817
[2022-11-11 09:00:50] val acc       : 0.7718
[2022-11-11 09:00:50] val precision : 0.7699
[2022-11-11 09:00:50] val recall    : 0.7687
[2022-11-11 09:00:50] val f1        : 0.7649
[2022-11-11 09:00:50] val mcc       : 0.0000
[2022-11-11 09:00:50] Training loop. The ith epoch completed: 14
[2022-11-11 09:00:50] 
----------------------------------------------------------------------
[2022-11-11 09:00:50] Training loop.       Batches: 150
[2022-11-11 09:03:27] Training loop. The ith epoch completed: 15
[2022-11-11 09:03:27] 
----------------------------------------------------------------------
[2022-11-11 09:03:27] Training loop.       Batches: 150
[2022-11-11 09:06:04] test set
[2022-11-11 09:06:04] validation set
[2022-11-11 09:06:16] val loss      : 0.6696
[2022-11-11 09:06:16] val acc       : 0.7496
[2022-11-11 09:06:16] val precision : 0.7520
[2022-11-11 09:06:16] val recall    : 0.7507
[2022-11-11 09:06:16] val f1        : 0.7454
[2022-11-11 09:06:16] val mcc       : 0.0000
[2022-11-11 09:06:16] Training loop. The ith epoch completed: 16
[2022-11-11 09:06:16] 
----------------------------------------------------------------------
[2022-11-11 09:06:16] Training loop.       Batches: 150
[2022-11-11 09:08:53] Training loop. The ith epoch completed: 17
[2022-11-11 09:08:53] 
----------------------------------------------------------------------
[2022-11-11 09:08:53] Training loop.       Batches: 150
[2022-11-11 09:11:29] test set
[2022-11-11 09:11:29] validation set
[2022-11-11 09:11:41] val loss      : 0.8469
[2022-11-11 09:11:41] val acc       : 0.7447
[2022-11-11 09:11:41] val precision : 0.7470
[2022-11-11 09:11:41] val recall    : 0.7420
[2022-11-11 09:11:41] val f1        : 0.7395
[2022-11-11 09:11:41] val mcc       : 0.0000
[2022-11-11 09:11:41] Training loop. The ith epoch completed: 18
[2022-11-11 09:11:41] 
----------------------------------------------------------------------
[2022-11-11 09:11:41] Training loop.       Batches: 150
[2022-11-11 09:14:18] Training loop. The ith epoch completed: 19
[2022-11-11 09:14:18] 
----------------------------------------------------------------------
[2022-11-11 09:14:18] Training loop.       Batches: 150
[2022-11-11 09:16:55] test set
[2022-11-11 09:16:55] validation set
[2022-11-11 09:17:07] val loss      : 1.1693
[2022-11-11 09:17:07] val acc       : 0.7487
[2022-11-11 09:17:07] val precision : 0.7493
[2022-11-11 09:17:07] val recall    : 0.7476
[2022-11-11 09:17:07] val f1        : 0.7441
[2022-11-11 09:17:07] val mcc       : 0.0000
[2022-11-11 09:17:07] Training loop. The ith epoch completed: 20
[2022-11-11 09:17:07] 
----------------------------------------------------------------------
[2022-11-11 09:17:07] Training loop.       Batches: 150
[2022-11-11 09:19:44] Training loop. The ith epoch completed: 21
[2022-11-11 09:19:44] 
----------------------------------------------------------------------
[2022-11-11 09:19:44] Training loop.       Batches: 150
[2022-11-11 09:22:20] test set
[2022-11-11 09:22:20] validation set
[2022-11-11 09:22:32] val loss      : 1.4066
[2022-11-11 09:22:32] val acc       : 0.7477
[2022-11-11 09:22:32] val precision : 0.7483
[2022-11-11 09:22:32] val recall    : 0.7492
[2022-11-11 09:22:32] val f1        : 0.7430
[2022-11-11 09:22:32] val mcc       : 0.0000
[2022-11-11 09:22:32] Training loop. The ith epoch completed: 22
[2022-11-11 09:22:32] 
----------------------------------------------------------------------
[2022-11-11 09:22:32] Training loop.       Batches: 150
[2022-11-11 09:25:10] Training loop. The ith epoch completed: 23
[2022-11-11 09:25:10] 
----------------------------------------------------------------------
[2022-11-11 09:25:10] Training loop.       Batches: 150
[2022-11-11 09:27:48] test set
[2022-11-11 09:27:48] validation set
[2022-11-11 09:28:00] val loss      : 1.6435
[2022-11-11 09:28:00] val acc       : 0.7328
[2022-11-11 09:28:00] val precision : 0.7412
[2022-11-11 09:28:00] val recall    : 0.7327
[2022-11-11 09:28:00] val f1        : 0.7256
[2022-11-11 09:28:00] val mcc       : 0.0000
[2022-11-11 09:28:00] Training loop. The ith epoch completed: 24
[2022-11-11 09:28:00] 
----------------------------------------------------------------------
[2022-11-11 09:28:00] Training loop.       Batches: 150
[2022-11-11 09:30:38] Training loop. The ith epoch completed: 25
[2022-11-11 09:30:38] 
----------------------------------------------------------------------
[2022-11-11 09:30:38] Training loop.       Batches: 150
[2022-11-11 09:33:15] test set
[2022-11-11 09:33:15] validation set
[2022-11-11 09:33:27] val loss      : 2.0237
[2022-11-11 09:33:27] val acc       : 0.7387
[2022-11-11 09:33:27] val precision : 0.7379
[2022-11-11 09:33:27] val recall    : 0.7389
[2022-11-11 09:33:27] val f1        : 0.7344
[2022-11-11 09:33:27] val mcc       : 0.0000
[2022-11-11 09:33:28] Training loop. The ith epoch completed: 26
[2022-11-11 09:33:28] 
----------------------------------------------------------------------
[2022-11-11 09:33:28] Training loop.       Batches: 150
[2022-11-11 09:36:05] Training loop. The ith epoch completed: 27
[2022-11-11 09:36:05] 
----------------------------------------------------------------------
[2022-11-11 09:36:05] Training loop.       Batches: 150
[2022-11-11 09:38:42] test set
[2022-11-11 09:38:42] validation set
[2022-11-11 09:38:54] val loss      : 2.5259
[2022-11-11 09:38:54] val acc       : 0.7297
[2022-11-11 09:38:54] val precision : 0.7405
[2022-11-11 09:38:54] val recall    : 0.7282
[2022-11-11 09:38:54] val f1        : 0.7219
[2022-11-11 09:38:54] val mcc       : 0.0000
[2022-11-11 09:38:54] Training loop. The ith epoch completed: 28
[2022-11-11 09:38:54] 
----------------------------------------------------------------------
[2022-11-11 09:38:54] Training loop.       Batches: 150
[2022-11-11 09:41:31] Training loop. The ith epoch completed: 29
[2022-11-11 09:41:31] 
----------------------------------------------------------------------
[2022-11-11 09:41:31] Training loop.       Batches: 150
[2022-11-11 09:44:08] test set
[2022-11-11 09:44:08] validation set
[2022-11-11 09:44:20] val loss      : 2.5012
[2022-11-11 09:44:20] val acc       : 0.7277
[2022-11-11 09:44:20] val precision : 0.7333
[2022-11-11 09:44:20] val recall    : 0.7215
[2022-11-11 09:44:20] val f1        : 0.7190
[2022-11-11 09:44:20] val mcc       : 0.0000
[2022-11-11 09:44:20] Training loop. The ith epoch completed: 30
[2022-11-11 09:44:20] 
----------------------------------------------------------------------
[2022-11-11 09:44:20] Training loop.       Batches: 150
[2022-11-11 09:46:57] Training loop. The ith epoch completed: 31
[2022-11-11 09:46:57] 
----------------------------------------------------------------------
[2022-11-11 09:46:57] Training loop.       Batches: 150
[2022-11-11 09:49:34] test set
[2022-11-11 09:49:34] validation set
[2022-11-11 09:49:46] val loss      : 2.5737
[2022-11-11 09:49:46] val acc       : 0.7487
[2022-11-11 09:49:46] val precision : 0.7534
[2022-11-11 09:49:46] val recall    : 0.7547
[2022-11-11 09:49:46] val f1        : 0.7440
[2022-11-11 09:49:46] val mcc       : 0.0000
[2022-11-11 09:49:46] Training loop. The ith epoch completed: 32
[2022-11-11 09:49:46] 
----------------------------------------------------------------------
[2022-11-11 09:49:46] Training loop.       Batches: 150
[2022-11-11 09:52:23] Training loop. The ith epoch completed: 33
[2022-11-11 09:52:23] 
----------------------------------------------------------------------
[2022-11-11 09:52:23] Training loop.       Batches: 150
[2022-11-11 09:55:00] test set
[2022-11-11 09:55:00] validation set
[2022-11-11 09:55:12] val loss      : 2.6595
[2022-11-11 09:55:12] val acc       : 0.7487
[2022-11-11 09:55:12] val precision : 0.7473
[2022-11-11 09:55:12] val recall    : 0.7461
[2022-11-11 09:55:12] val f1        : 0.7432
[2022-11-11 09:55:12] val mcc       : 0.0000
[2022-11-11 09:55:12] Training loop. The ith epoch completed: 34
[2022-11-11 09:55:12] 
----------------------------------------------------------------------
[2022-11-11 09:55:12] Training loop.       Batches: 150
[2022-11-11 09:57:49] Training loop. The ith epoch completed: 35
[2022-11-11 09:57:49] 
----------------------------------------------------------------------
[2022-11-11 09:57:49] Training loop.       Batches: 150
[2022-11-11 10:00:26] test set
[2022-11-11 10:00:26] validation set
[2022-11-11 10:00:38] val loss      : 2.8575
[2022-11-11 10:00:38] val acc       : 0.7476
[2022-11-11 10:00:38] val precision : 0.7459
[2022-11-11 10:00:38] val recall    : 0.7475
[2022-11-11 10:00:38] val f1        : 0.7431
[2022-11-11 10:00:38] val mcc       : 0.0000
[2022-11-11 10:00:38] Training loop. The ith epoch completed: 36
[2022-11-11 10:00:38] 
----------------------------------------------------------------------
[2022-11-11 10:00:38] Training loop.       Batches: 150
[2022-11-11 10:03:15] Training loop. The ith epoch completed: 37
[2022-11-11 10:03:15] 
----------------------------------------------------------------------
[2022-11-11 10:03:15] Training loop.       Batches: 150
[2022-11-11 10:05:51] test set
[2022-11-11 10:05:51] validation set
[2022-11-11 10:06:04] val loss      : 3.0590
[2022-11-11 10:06:04] val acc       : 0.7527
[2022-11-11 10:06:04] val precision : 0.7527
[2022-11-11 10:06:04] val recall    : 0.7533
[2022-11-11 10:06:04] val f1        : 0.7488
[2022-11-11 10:06:04] val mcc       : 0.0000
[2022-11-11 10:06:04] Training loop. The ith epoch completed: 38
[2022-11-11 10:06:04] 
----------------------------------------------------------------------
[2022-11-11 10:06:04] Training loop.       Batches: 150
[2022-11-11 10:08:40] Training loop. The ith epoch completed: 39
[2022-11-11 10:08:40] 
----------------------------------------------------------------------
[2022-11-11 10:08:40] Training loop.       Batches: 150
[2022-11-11 10:11:17] test set
[2022-11-11 10:11:17] validation set
[2022-11-11 10:11:29] val loss      : 3.1742
[2022-11-11 10:11:29] val acc       : 0.7446
[2022-11-11 10:11:29] val precision : 0.7457
[2022-11-11 10:11:29] val recall    : 0.7430
[2022-11-11 10:11:29] val f1        : 0.7407
[2022-11-11 10:11:29] val mcc       : 0.0000
[2022-11-11 10:11:29] Training loop. The ith epoch completed: 40
[2022-11-11 10:11:29] 
----------------------------------------------------------------------
[2022-11-11 10:11:29] Training loop.       Batches: 150
[2022-11-11 10:14:06] Training loop. The ith epoch completed: 41
[2022-11-11 10:14:06] 
----------------------------------------------------------------------
[2022-11-11 10:14:06] Training loop.       Batches: 150
[2022-11-11 10:16:43] test set
[2022-11-11 10:16:43] validation set
[2022-11-11 10:16:55] val loss      : 3.3121
[2022-11-11 10:16:55] val acc       : 0.7298
[2022-11-11 10:16:55] val precision : 0.7355
[2022-11-11 10:16:55] val recall    : 0.7313
[2022-11-11 10:16:55] val f1        : 0.7259
[2022-11-11 10:16:55] val mcc       : 0.0000
[2022-11-11 10:16:55] Training loop. The ith epoch completed: 42
[2022-11-11 10:16:55] 
----------------------------------------------------------------------
[2022-11-11 10:16:55] Training loop.       Batches: 150
[2022-11-11 10:19:32] Training loop. The ith epoch completed: 43
[2022-11-11 10:19:32] 
----------------------------------------------------------------------
[2022-11-11 10:19:32] Training loop.       Batches: 150
[2022-11-11 10:22:09] test set
[2022-11-11 10:22:09] validation set
[2022-11-11 10:22:21] val loss      : 3.4863
[2022-11-11 10:22:21] val acc       : 0.7378
[2022-11-11 10:22:21] val precision : 0.7353
[2022-11-11 10:22:21] val recall    : 0.7363
[2022-11-11 10:22:21] val f1        : 0.7322
[2022-11-11 10:22:21] val mcc       : 0.0000
[2022-11-11 10:22:21] Training loop. The ith epoch completed: 44
[2022-11-11 10:22:21] 
----------------------------------------------------------------------
[2022-11-11 10:22:21] Training loop.       Batches: 150
[2022-11-11 10:24:58] Training loop. The ith epoch completed: 45
[2022-11-11 10:24:58] 
----------------------------------------------------------------------
[2022-11-11 10:24:58] Training loop.       Batches: 150
[2022-11-11 10:27:34] test set
[2022-11-11 10:27:34] validation set
[2022-11-11 10:27:46] val loss      : 3.5283
[2022-11-11 10:27:46] val acc       : 0.7338
[2022-11-11 10:27:46] val precision : 0.7369
[2022-11-11 10:27:46] val recall    : 0.7318
[2022-11-11 10:27:46] val f1        : 0.7268
[2022-11-11 10:27:46] val mcc       : 0.0000
[2022-11-11 10:27:47] Training loop. The ith epoch completed: 46
[2022-11-11 10:27:47] 
----------------------------------------------------------------------
[2022-11-11 10:27:47] Training loop.       Batches: 150
[2022-11-11 10:30:23] Training loop. The ith epoch completed: 47
[2022-11-11 10:30:23] 
----------------------------------------------------------------------
[2022-11-11 10:30:23] Training loop.       Batches: 150
[2022-11-11 10:33:00] test set
[2022-11-11 10:33:00] validation set
[2022-11-11 10:33:12] val loss      : 3.8324
[2022-11-11 10:33:12] val acc       : 0.7256
[2022-11-11 10:33:12] val precision : 0.7356
[2022-11-11 10:33:12] val recall    : 0.7298
[2022-11-11 10:33:12] val f1        : 0.7216
[2022-11-11 10:33:12] val mcc       : 0.0000
[2022-11-11 10:33:12] Training loop. The ith epoch completed: 48
[2022-11-11 10:33:12] 
----------------------------------------------------------------------
[2022-11-11 10:33:12] Training loop.       Batches: 150
[2022-11-11 10:35:49] Training loop. The ith epoch completed: 49
[2022-11-11 10:35:49] 
----------------------------------------------------------------------
[2022-11-11 10:35:49] Training loop.       Batches: 150
[2022-11-11 10:38:26] test set
[2022-11-11 10:38:26] validation set
[2022-11-11 10:38:38] val loss      : 3.5996
[2022-11-11 10:38:38] val acc       : 0.7448
[2022-11-11 10:38:38] val precision : 0.7468
[2022-11-11 10:38:38] val recall    : 0.7449
[2022-11-11 10:38:38] val f1        : 0.7397
[2022-11-11 10:38:38] val mcc       : 0.0000
[2022-11-11 10:38:38] Training loop. The ith epoch completed: 50
[2022-11-11 10:38:38] 
----------------------------------------------------------------------
[2022-11-11 10:38:38] Training loop.       Batches: 150
[2022-11-11 10:41:14] Training loop. The ith epoch completed: 51
[2022-11-11 10:41:14] 
----------------------------------------------------------------------
[2022-11-11 10:41:14] Training loop.       Batches: 150
[2022-11-11 10:43:51] test set
[2022-11-11 10:43:51] validation set
[2022-11-11 10:44:03] val loss      : 3.6283
[2022-11-11 10:44:03] val acc       : 0.7418
[2022-11-11 10:44:03] val precision : 0.7454
[2022-11-11 10:44:03] val recall    : 0.7438
[2022-11-11 10:44:03] val f1        : 0.7386
[2022-11-11 10:44:03] val mcc       : 0.0000
[2022-11-11 10:44:03] Training loop. The ith epoch completed: 52
[2022-11-11 10:44:03] 
----------------------------------------------------------------------
[2022-11-11 10:44:03] Training loop.       Batches: 150
[2022-11-11 10:46:40] Training loop. The ith epoch completed: 53
[2022-11-11 10:46:40] 
----------------------------------------------------------------------
[2022-11-11 10:46:40] Training loop.       Batches: 150
[2022-11-11 10:49:17] test set
[2022-11-11 10:49:17] validation set
[2022-11-11 10:49:29] val loss      : 3.6391
[2022-11-11 10:49:29] val acc       : 0.7449
[2022-11-11 10:49:29] val precision : 0.7420
[2022-11-11 10:49:29] val recall    : 0.7430
[2022-11-11 10:49:29] val f1        : 0.7392
[2022-11-11 10:49:29] val mcc       : 0.0000
[2022-11-11 10:49:29] Training loop. The ith epoch completed: 54
[2022-11-11 10:49:29] 
----------------------------------------------------------------------
[2022-11-11 10:49:29] Training loop.       Batches: 150
[2022-11-11 10:52:06] Training loop. The ith epoch completed: 55
[2022-11-11 10:52:06] 
----------------------------------------------------------------------
[2022-11-11 10:52:06] Training loop.       Batches: 150
[2022-11-11 10:54:42] test set
[2022-11-11 10:54:42] validation set
[2022-11-11 10:54:54] val loss      : 3.5217
[2022-11-11 10:54:54] val acc       : 0.7488
[2022-11-11 10:54:54] val precision : 0.7474
[2022-11-11 10:54:54] val recall    : 0.7499
[2022-11-11 10:54:54] val f1        : 0.7437
[2022-11-11 10:54:54] val mcc       : 0.0000
[2022-11-11 10:54:55] Training loop. The ith epoch completed: 56
[2022-11-11 10:54:55] 
----------------------------------------------------------------------
[2022-11-11 10:54:55] Training loop.       Batches: 150
[2022-11-11 10:57:31] Training loop. The ith epoch completed: 57
[2022-11-11 10:57:31] 
----------------------------------------------------------------------
[2022-11-11 10:57:31] Training loop.       Batches: 150
[2022-11-11 11:00:08] test set
[2022-11-11 11:00:08] validation set
[2022-11-11 11:00:20] val loss      : 3.6879
[2022-11-11 11:00:20] val acc       : 0.7447
[2022-11-11 11:00:20] val precision : 0.7456
[2022-11-11 11:00:20] val recall    : 0.7452
[2022-11-11 11:00:20] val f1        : 0.7404
[2022-11-11 11:00:20] val mcc       : 0.0000
[2022-11-11 11:00:20] Training loop. The ith epoch completed: 58
[2022-11-11 11:00:20] 
----------------------------------------------------------------------
[2022-11-11 11:00:20] Training loop.       Batches: 150
[2022-11-11 11:02:57] Training loop. The ith epoch completed: 59
[2022-11-11 11:02:57] 
----------------------------------------------------------------------
[2022-11-11 11:02:57] Training loop.       Batches: 150
[2022-11-11 11:05:34] test set
[2022-11-11 11:05:34] validation set
[2022-11-11 11:05:46] val loss      : 3.6642
[2022-11-11 11:05:46] val acc       : 0.7528
[2022-11-11 11:05:46] val precision : 0.7542
[2022-11-11 11:05:46] val recall    : 0.7531
[2022-11-11 11:05:46] val f1        : 0.7475
[2022-11-11 11:05:46] val mcc       : 0.0000
[2022-11-11 11:05:46] Training loop. The ith epoch completed: 60
[2022-11-11 11:05:46] best loss      : 0.4879
[2022-11-11 11:05:46] best acc       : 0.7879
[2022-11-11 11:05:46] best precision : 0.7906
[2022-11-11 11:05:46] best recall    : 0.7885
[2022-11-11 11:05:46] best f1        : 0.7854
[2022-11-11 11:05:46] best mcc       : 0.0000
[2022-11-11 11:05:46] Training complete.
[2022-11-11 11:05:46] 
------------------------------------------------------
[2022-11-11 11:05:46] Avg. loss      : 0.4723
[2022-11-11 11:05:46] Avg. acc       : 0.7898
[2022-11-11 11:05:46] Avg. precision : 0.7910
[2022-11-11 11:05:46] Avg. recall    : 0.7911
[2022-11-11 11:05:46] Avg. f1        : 0.7865
