[2022-11-11 02:58:00] model params: 97867523
[2022-11-11 02:58:00] model params with gradients:1805315
[2022-11-11 02:58:00] Additional parameters 1805315 / 97867523 = 0.0188
[2022-11-11 02:58:00] Setup data...
[2022-11-11 02:58:01] Done.
[2022-11-11 02:58:01] Batch schedule
[2022-11-11 02:58:01] [(40, 30)]
[2022-11-11 02:58:01] Wrapping models and optimizers...
[2022-11-11 02:58:01] Begin training iterations
[2022-11-11 02:58:01] Total iteration: 9000
[2022-11-11 02:58:01] 
----------------------------------------------------------------------
[2022-11-11 02:58:01] Training loop.       Batches: 150
[2022-11-11 03:00:39] Training loop. The ith epoch completed: 1
[2022-11-11 03:00:39] 
----------------------------------------------------------------------
[2022-11-11 03:00:39] Training loop.       Batches: 150
[2022-11-11 03:03:15] test set
[2022-11-11 03:03:15] validation set
[2022-11-11 03:03:27] val loss      : 0.5058
[2022-11-11 03:03:27] val acc       : 0.7476
[2022-11-11 03:03:27] val precision : 0.7508
[2022-11-11 03:03:27] val recall    : 0.7498
[2022-11-11 03:03:27] val f1        : 0.7418
[2022-11-11 03:03:27] val mcc       : 0.0000
[2022-11-11 03:03:27] Iteration completed: 300, remained 8700
[2022-11-11 03:03:27] Saving model...
[2022-11-11 03:03:27] 
------------------------------------------------------
[2022-11-11 03:03:27] Training loop. The ith epoch completed: 2
[2022-11-11 03:03:27] 
----------------------------------------------------------------------
[2022-11-11 03:03:27] Training loop.       Batches: 150
[2022-11-11 03:06:04] Training loop. The ith epoch completed: 3
[2022-11-11 03:06:04] 
----------------------------------------------------------------------
[2022-11-11 03:06:04] Training loop.       Batches: 150
[2022-11-11 03:08:41] test set
[2022-11-11 03:08:41] validation set
[2022-11-11 03:08:54] val loss      : 0.4812
[2022-11-11 03:08:54] val acc       : 0.7697
[2022-11-11 03:08:54] val precision : 0.7681
[2022-11-11 03:08:54] val recall    : 0.7686
[2022-11-11 03:08:54] val f1        : 0.7632
[2022-11-11 03:08:54] val mcc       : 0.0000
[2022-11-11 03:08:54] Iteration completed: 600, remained 8400
[2022-11-11 03:08:54] Saving model...
[2022-11-11 03:08:54] 
------------------------------------------------------
[2022-11-11 03:08:54] Training loop. The ith epoch completed: 4
[2022-11-11 03:08:54] 
----------------------------------------------------------------------
[2022-11-11 03:08:54] Training loop.       Batches: 150
[2022-11-11 03:11:30] Training loop. The ith epoch completed: 5
[2022-11-11 03:11:30] 
----------------------------------------------------------------------
[2022-11-11 03:11:30] Training loop.       Batches: 150
[2022-11-11 03:14:07] test set
[2022-11-11 03:14:07] validation set
[2022-11-11 03:14:19] val loss      : 0.4900
[2022-11-11 03:14:19] val acc       : 0.7657
[2022-11-11 03:14:19] val precision : 0.7722
[2022-11-11 03:14:19] val recall    : 0.7662
[2022-11-11 03:14:19] val f1        : 0.7600
[2022-11-11 03:14:19] val mcc       : 0.0000
[2022-11-11 03:14:19] Training loop. The ith epoch completed: 6
[2022-11-11 03:14:19] 
----------------------------------------------------------------------
[2022-11-11 03:14:19] Training loop.       Batches: 150
[2022-11-11 03:16:56] Training loop. The ith epoch completed: 7
[2022-11-11 03:16:56] 
----------------------------------------------------------------------
[2022-11-11 03:16:56] Training loop.       Batches: 150
[2022-11-11 03:19:33] test set
[2022-11-11 03:19:33] validation set
[2022-11-11 03:19:45] val loss      : 0.4697
[2022-11-11 03:19:45] val acc       : 0.7908
[2022-11-11 03:19:45] val precision : 0.7970
[2022-11-11 03:19:45] val recall    : 0.7933
[2022-11-11 03:19:45] val f1        : 0.7883
[2022-11-11 03:19:45] val mcc       : 0.0000
[2022-11-11 03:19:45] Iteration completed: 1200, remained 7800
[2022-11-11 03:19:45] Saving model...
[2022-11-11 03:19:45] 
------------------------------------------------------
[2022-11-11 03:19:45] Training loop. The ith epoch completed: 8
[2022-11-11 03:19:45] 
----------------------------------------------------------------------
[2022-11-11 03:19:45] Training loop.       Batches: 150
[2022-11-11 03:22:21] Training loop. The ith epoch completed: 9
[2022-11-11 03:22:21] 
----------------------------------------------------------------------
[2022-11-11 03:22:21] Training loop.       Batches: 150
[2022-11-11 03:24:58] test set
[2022-11-11 03:24:58] validation set
[2022-11-11 03:25:10] val loss      : 0.4852
[2022-11-11 03:25:10] val acc       : 0.7808
[2022-11-11 03:25:10] val precision : 0.7829
[2022-11-11 03:25:10] val recall    : 0.7785
[2022-11-11 03:25:10] val f1        : 0.7742
[2022-11-11 03:25:10] val mcc       : 0.0000
[2022-11-11 03:25:10] Training loop. The ith epoch completed: 10
[2022-11-11 03:25:10] 
----------------------------------------------------------------------
[2022-11-11 03:25:10] Training loop.       Batches: 150
[2022-11-11 03:27:47] Training loop. The ith epoch completed: 11
[2022-11-11 03:27:47] 
----------------------------------------------------------------------
[2022-11-11 03:27:47] Training loop.       Batches: 150
[2022-11-11 03:30:23] test set
[2022-11-11 03:30:23] validation set
[2022-11-11 03:30:35] val loss      : 0.5400
[2022-11-11 03:30:35] val acc       : 0.7778
[2022-11-11 03:30:35] val precision : 0.7783
[2022-11-11 03:30:35] val recall    : 0.7779
[2022-11-11 03:30:35] val f1        : 0.7740
[2022-11-11 03:30:35] val mcc       : 0.0000
[2022-11-11 03:30:36] Training loop. The ith epoch completed: 12
[2022-11-11 03:30:36] 
----------------------------------------------------------------------
[2022-11-11 03:30:36] Training loop.       Batches: 150
[2022-11-11 03:33:12] Training loop. The ith epoch completed: 13
[2022-11-11 03:33:12] 
----------------------------------------------------------------------
[2022-11-11 03:33:12] Training loop.       Batches: 150
[2022-11-11 03:35:49] test set
[2022-11-11 03:35:49] validation set
[2022-11-11 03:36:01] val loss      : 0.6891
[2022-11-11 03:36:01] val acc       : 0.7418
[2022-11-11 03:36:01] val precision : 0.7649
[2022-11-11 03:36:01] val recall    : 0.7430
[2022-11-11 03:36:01] val f1        : 0.7325
[2022-11-11 03:36:01] val mcc       : 0.0000
[2022-11-11 03:36:01] Training loop. The ith epoch completed: 14
[2022-11-11 03:36:01] 
----------------------------------------------------------------------
[2022-11-11 03:36:01] Training loop.       Batches: 150
[2022-11-11 03:38:38] Training loop. The ith epoch completed: 15
[2022-11-11 03:38:38] 
----------------------------------------------------------------------
[2022-11-11 03:38:38] Training loop.       Batches: 150
[2022-11-11 03:41:14] test set
[2022-11-11 03:41:14] validation set
[2022-11-11 03:41:27] val loss      : 0.6649
[2022-11-11 03:41:27] val acc       : 0.7616
[2022-11-11 03:41:27] val precision : 0.7618
[2022-11-11 03:41:27] val recall    : 0.7640
[2022-11-11 03:41:27] val f1        : 0.7573
[2022-11-11 03:41:27] val mcc       : 0.0000
[2022-11-11 03:41:27] Training loop. The ith epoch completed: 16
[2022-11-11 03:41:27] 
----------------------------------------------------------------------
[2022-11-11 03:41:27] Training loop.       Batches: 150
[2022-11-11 03:44:03] Training loop. The ith epoch completed: 17
[2022-11-11 03:44:03] 
----------------------------------------------------------------------
[2022-11-11 03:44:03] Training loop.       Batches: 150
[2022-11-11 03:46:40] test set
[2022-11-11 03:46:40] validation set
[2022-11-11 03:46:52] val loss      : 0.9435
[2022-11-11 03:46:52] val acc       : 0.7227
[2022-11-11 03:46:52] val precision : 0.7292
[2022-11-11 03:46:52] val recall    : 0.7224
[2022-11-11 03:46:52] val f1        : 0.7165
[2022-11-11 03:46:52] val mcc       : 0.0000
[2022-11-11 03:46:53] Training loop. The ith epoch completed: 18
[2022-11-11 03:46:53] 
----------------------------------------------------------------------
[2022-11-11 03:46:53] Training loop.       Batches: 150
[2022-11-11 03:49:29] Training loop. The ith epoch completed: 19
[2022-11-11 03:49:29] 
----------------------------------------------------------------------
[2022-11-11 03:49:29] Training loop.       Batches: 150
[2022-11-11 03:52:06] test set
[2022-11-11 03:52:06] validation set
[2022-11-11 03:52:18] val loss      : 1.2344
[2022-11-11 03:52:18] val acc       : 0.7307
[2022-11-11 03:52:18] val precision : 0.7385
[2022-11-11 03:52:18] val recall    : 0.7347
[2022-11-11 03:52:18] val f1        : 0.7272
[2022-11-11 03:52:18] val mcc       : 0.0000
[2022-11-11 03:52:18] Training loop. The ith epoch completed: 20
[2022-11-11 03:52:18] 
----------------------------------------------------------------------
[2022-11-11 03:52:18] Training loop.       Batches: 150
[2022-11-11 03:54:55] Training loop. The ith epoch completed: 21
[2022-11-11 03:54:55] 
----------------------------------------------------------------------
[2022-11-11 03:54:55] Training loop.       Batches: 150
[2022-11-11 03:57:31] test set
[2022-11-11 03:57:31] validation set
[2022-11-11 03:57:43] val loss      : 1.5661
[2022-11-11 03:57:43] val acc       : 0.7157
[2022-11-11 03:57:43] val precision : 0.7146
[2022-11-11 03:57:43] val recall    : 0.7140
[2022-11-11 03:57:43] val f1        : 0.7092
[2022-11-11 03:57:43] val mcc       : 0.0000
[2022-11-11 03:57:43] Training loop. The ith epoch completed: 22
[2022-11-11 03:57:43] 
----------------------------------------------------------------------
[2022-11-11 03:57:43] Training loop.       Batches: 150
[2022-11-11 04:00:20] Training loop. The ith epoch completed: 23
[2022-11-11 04:00:20] 
----------------------------------------------------------------------
[2022-11-11 04:00:20] Training loop.       Batches: 150
[2022-11-11 04:02:57] test set
[2022-11-11 04:02:57] validation set
[2022-11-11 04:03:09] val loss      : 1.7061
[2022-11-11 04:03:09] val acc       : 0.7488
[2022-11-11 04:03:09] val precision : 0.7482
[2022-11-11 04:03:09] val recall    : 0.7483
[2022-11-11 04:03:09] val f1        : 0.7451
[2022-11-11 04:03:09] val mcc       : 0.0000
[2022-11-11 04:03:09] Training loop. The ith epoch completed: 24
[2022-11-11 04:03:09] 
----------------------------------------------------------------------
[2022-11-11 04:03:09] Training loop.       Batches: 150
[2022-11-11 04:05:45] Training loop. The ith epoch completed: 25
[2022-11-11 04:05:45] 
----------------------------------------------------------------------
[2022-11-11 04:05:45] Training loop.       Batches: 150
[2022-11-11 04:08:22] test set
[2022-11-11 04:08:22] validation set
[2022-11-11 04:08:34] val loss      : 2.0679
[2022-11-11 04:08:34] val acc       : 0.7508
[2022-11-11 04:08:34] val precision : 0.7532
[2022-11-11 04:08:34] val recall    : 0.7555
[2022-11-11 04:08:34] val f1        : 0.7450
[2022-11-11 04:08:34] val mcc       : 0.0000
[2022-11-11 04:08:34] Training loop. The ith epoch completed: 26
[2022-11-11 04:08:34] 
----------------------------------------------------------------------
[2022-11-11 04:08:34] Training loop.       Batches: 150
[2022-11-11 04:11:10] Training loop. The ith epoch completed: 27
[2022-11-11 04:11:10] 
----------------------------------------------------------------------
[2022-11-11 04:11:10] Training loop.       Batches: 150
[2022-11-11 04:13:47] test set
[2022-11-11 04:13:47] validation set
[2022-11-11 04:13:59] val loss      : 2.2079
[2022-11-11 04:13:59] val acc       : 0.7368
[2022-11-11 04:13:59] val precision : 0.7381
[2022-11-11 04:13:59] val recall    : 0.7360
[2022-11-11 04:13:59] val f1        : 0.7311
[2022-11-11 04:13:59] val mcc       : 0.0000
[2022-11-11 04:13:59] Training loop. The ith epoch completed: 28
[2022-11-11 04:13:59] 
----------------------------------------------------------------------
[2022-11-11 04:13:59] Training loop.       Batches: 150
[2022-11-11 04:16:36] Training loop. The ith epoch completed: 29
[2022-11-11 04:16:36] 
----------------------------------------------------------------------
[2022-11-11 04:16:36] Training loop.       Batches: 150
[2022-11-11 04:19:12] test set
[2022-11-11 04:19:12] validation set
[2022-11-11 04:19:24] val loss      : 2.5865
[2022-11-11 04:19:24] val acc       : 0.7487
[2022-11-11 04:19:24] val precision : 0.7511
[2022-11-11 04:19:24] val recall    : 0.7534
[2022-11-11 04:19:24] val f1        : 0.7455
[2022-11-11 04:19:24] val mcc       : 0.0000
[2022-11-11 04:19:24] Training loop. The ith epoch completed: 30
[2022-11-11 04:19:24] 
----------------------------------------------------------------------
[2022-11-11 04:19:24] Training loop.       Batches: 150
[2022-11-11 04:22:01] Training loop. The ith epoch completed: 31
[2022-11-11 04:22:01] 
----------------------------------------------------------------------
[2022-11-11 04:22:01] Training loop.       Batches: 150
[2022-11-11 04:24:37] test set
[2022-11-11 04:24:37] validation set
[2022-11-11 04:24:49] val loss      : 2.7016
[2022-11-11 04:24:49] val acc       : 0.7348
[2022-11-11 04:24:49] val precision : 0.7356
[2022-11-11 04:24:49] val recall    : 0.7343
[2022-11-11 04:24:49] val f1        : 0.7289
[2022-11-11 04:24:49] val mcc       : 0.0000
[2022-11-11 04:24:49] Training loop. The ith epoch completed: 32
[2022-11-11 04:24:49] 
----------------------------------------------------------------------
[2022-11-11 04:24:49] Training loop.       Batches: 150
[2022-11-11 04:27:26] Training loop. The ith epoch completed: 33
[2022-11-11 04:27:26] 
----------------------------------------------------------------------
[2022-11-11 04:27:26] Training loop.       Batches: 150
[2022-11-11 04:30:02] test set
[2022-11-11 04:30:02] validation set
[2022-11-11 04:30:15] val loss      : 2.9352
[2022-11-11 04:30:15] val acc       : 0.7317
[2022-11-11 04:30:15] val precision : 0.7368
[2022-11-11 04:30:15] val recall    : 0.7349
[2022-11-11 04:30:15] val f1        : 0.7279
[2022-11-11 04:30:15] val mcc       : 0.0000
[2022-11-11 04:30:15] Training loop. The ith epoch completed: 34
[2022-11-11 04:30:15] 
----------------------------------------------------------------------
[2022-11-11 04:30:15] Training loop.       Batches: 150
[2022-11-11 04:32:51] Training loop. The ith epoch completed: 35
[2022-11-11 04:32:51] 
----------------------------------------------------------------------
[2022-11-11 04:32:51] Training loop.       Batches: 150
[2022-11-11 04:35:28] test set
[2022-11-11 04:35:28] validation set
[2022-11-11 04:35:40] val loss      : 3.0858
[2022-11-11 04:35:40] val acc       : 0.7278
[2022-11-11 04:35:40] val precision : 0.7274
[2022-11-11 04:35:40] val recall    : 0.7312
[2022-11-11 04:35:40] val f1        : 0.7236
[2022-11-11 04:35:40] val mcc       : 0.0000
[2022-11-11 04:35:40] Training loop. The ith epoch completed: 36
[2022-11-11 04:35:40] 
----------------------------------------------------------------------
[2022-11-11 04:35:40] Training loop.       Batches: 150
[2022-11-11 04:38:17] Training loop. The ith epoch completed: 37
[2022-11-11 04:38:17] 
----------------------------------------------------------------------
[2022-11-11 04:38:17] Training loop.       Batches: 150
[2022-11-11 04:40:53] test set
[2022-11-11 04:40:53] validation set
[2022-11-11 04:41:06] val loss      : 3.0381
[2022-11-11 04:41:06] val acc       : 0.7307
[2022-11-11 04:41:06] val precision : 0.7310
[2022-11-11 04:41:06] val recall    : 0.7292
[2022-11-11 04:41:06] val f1        : 0.7267
[2022-11-11 04:41:06] val mcc       : 0.0000
[2022-11-11 04:41:06] Training loop. The ith epoch completed: 38
[2022-11-11 04:41:06] 
----------------------------------------------------------------------
[2022-11-11 04:41:06] Training loop.       Batches: 150
[2022-11-11 04:43:42] Training loop. The ith epoch completed: 39
[2022-11-11 04:43:42] 
----------------------------------------------------------------------
[2022-11-11 04:43:42] Training loop.       Batches: 150
[2022-11-11 04:46:19] test set
[2022-11-11 04:46:19] validation set
[2022-11-11 04:46:31] val loss      : 3.3444
[2022-11-11 04:46:31] val acc       : 0.7387
[2022-11-11 04:46:31] val precision : 0.7407
[2022-11-11 04:46:31] val recall    : 0.7385
[2022-11-11 04:46:31] val f1        : 0.7334
[2022-11-11 04:46:31] val mcc       : 0.0000
[2022-11-11 04:46:31] Training loop. The ith epoch completed: 40
[2022-11-11 04:46:31] 
----------------------------------------------------------------------
[2022-11-11 04:46:31] Training loop.       Batches: 150
[2022-11-11 04:49:07] Training loop. The ith epoch completed: 41
[2022-11-11 04:49:07] 
----------------------------------------------------------------------
[2022-11-11 04:49:07] Training loop.       Batches: 150
[2022-11-11 04:51:44] test set
[2022-11-11 04:51:44] validation set
[2022-11-11 04:51:56] val loss      : 3.2233
[2022-11-11 04:51:56] val acc       : 0.7376
[2022-11-11 04:51:56] val precision : 0.7366
[2022-11-11 04:51:56] val recall    : 0.7351
[2022-11-11 04:51:56] val f1        : 0.7323
[2022-11-11 04:51:56] val mcc       : 0.0000
[2022-11-11 04:51:56] Training loop. The ith epoch completed: 42
[2022-11-11 04:51:56] 
----------------------------------------------------------------------
[2022-11-11 04:51:56] Training loop.       Batches: 150
[2022-11-11 04:54:32] Training loop. The ith epoch completed: 43
[2022-11-11 04:54:32] 
----------------------------------------------------------------------
[2022-11-11 04:54:32] Training loop.       Batches: 150
[2022-11-11 04:57:09] test set
[2022-11-11 04:57:09] validation set
[2022-11-11 04:57:21] val loss      : 3.3783
[2022-11-11 04:57:21] val acc       : 0.7478
[2022-11-11 04:57:21] val precision : 0.7499
[2022-11-11 04:57:21] val recall    : 0.7504
[2022-11-11 04:57:21] val f1        : 0.7450
[2022-11-11 04:57:21] val mcc       : 0.0000
[2022-11-11 04:57:21] Training loop. The ith epoch completed: 44
[2022-11-11 04:57:21] 
----------------------------------------------------------------------
[2022-11-11 04:57:21] Training loop.       Batches: 150
[2022-11-11 04:59:57] Training loop. The ith epoch completed: 45
[2022-11-11 04:59:57] 
----------------------------------------------------------------------
[2022-11-11 04:59:57] Training loop.       Batches: 150
[2022-11-11 05:02:34] test set
[2022-11-11 05:02:34] validation set
[2022-11-11 05:02:46] val loss      : 3.3838
[2022-11-11 05:02:46] val acc       : 0.7577
[2022-11-11 05:02:46] val precision : 0.7541
[2022-11-11 05:02:46] val recall    : 0.7558
[2022-11-11 05:02:46] val f1        : 0.7522
[2022-11-11 05:02:46] val mcc       : 0.0000
[2022-11-11 05:02:46] Training loop. The ith epoch completed: 46
[2022-11-11 05:02:46] 
----------------------------------------------------------------------
[2022-11-11 05:02:46] Training loop.       Batches: 150
[2022-11-11 05:05:22] Training loop. The ith epoch completed: 47
[2022-11-11 05:05:22] 
----------------------------------------------------------------------
[2022-11-11 05:05:22] Training loop.       Batches: 150
[2022-11-11 05:07:59] test set
[2022-11-11 05:07:59] validation set
[2022-11-11 05:08:11] val loss      : 3.5219
[2022-11-11 05:08:11] val acc       : 0.7507
[2022-11-11 05:08:11] val precision : 0.7533
[2022-11-11 05:08:11] val recall    : 0.7527
[2022-11-11 05:08:11] val f1        : 0.7468
[2022-11-11 05:08:11] val mcc       : 0.0000
[2022-11-11 05:08:11] Training loop. The ith epoch completed: 48
[2022-11-11 05:08:11] 
----------------------------------------------------------------------
[2022-11-11 05:08:11] Training loop.       Batches: 150
[2022-11-11 05:10:48] Training loop. The ith epoch completed: 49
[2022-11-11 05:10:48] 
----------------------------------------------------------------------
[2022-11-11 05:10:48] Training loop.       Batches: 150
[2022-11-11 05:13:24] test set
[2022-11-11 05:13:24] validation set
[2022-11-11 05:13:36] val loss      : 3.5780
[2022-11-11 05:13:36] val acc       : 0.7618
[2022-11-11 05:13:36] val precision : 0.7602
[2022-11-11 05:13:36] val recall    : 0.7610
[2022-11-11 05:13:36] val f1        : 0.7569
[2022-11-11 05:13:36] val mcc       : 0.0000
[2022-11-11 05:13:36] Training loop. The ith epoch completed: 50
[2022-11-11 05:13:36] 
----------------------------------------------------------------------
[2022-11-11 05:13:36] Training loop.       Batches: 150
[2022-11-11 05:16:13] Training loop. The ith epoch completed: 51
[2022-11-11 05:16:13] 
----------------------------------------------------------------------
[2022-11-11 05:16:13] Training loop.       Batches: 150
[2022-11-11 05:18:49] test set
[2022-11-11 05:18:49] validation set
[2022-11-11 05:19:02] val loss      : 3.6690
[2022-11-11 05:19:02] val acc       : 0.7507
[2022-11-11 05:19:02] val precision : 0.7534
[2022-11-11 05:19:02] val recall    : 0.7510
[2022-11-11 05:19:02] val f1        : 0.7453
[2022-11-11 05:19:02] val mcc       : 0.0000
[2022-11-11 05:19:02] Training loop. The ith epoch completed: 52
[2022-11-11 05:19:02] 
----------------------------------------------------------------------
[2022-11-11 05:19:02] Training loop.       Batches: 150
[2022-11-11 05:21:38] Training loop. The ith epoch completed: 53
[2022-11-11 05:21:38] 
----------------------------------------------------------------------
[2022-11-11 05:21:38] Training loop.       Batches: 150
[2022-11-11 05:24:15] test set
[2022-11-11 05:24:15] validation set
[2022-11-11 05:24:27] val loss      : 3.5664
[2022-11-11 05:24:27] val acc       : 0.7586
[2022-11-11 05:24:27] val precision : 0.7565
[2022-11-11 05:24:27] val recall    : 0.7566
[2022-11-11 05:24:27] val f1        : 0.7537
[2022-11-11 05:24:27] val mcc       : 0.0000
[2022-11-11 05:24:27] Training loop. The ith epoch completed: 54
[2022-11-11 05:24:27] 
----------------------------------------------------------------------
[2022-11-11 05:24:27] Training loop.       Batches: 150
[2022-11-11 05:27:04] Training loop. The ith epoch completed: 55
[2022-11-11 05:27:04] 
----------------------------------------------------------------------
[2022-11-11 05:27:04] Training loop.       Batches: 150
[2022-11-11 05:29:40] test set
[2022-11-11 05:29:40] validation set
[2022-11-11 05:29:52] val loss      : 3.5521
[2022-11-11 05:29:52] val acc       : 0.7598
[2022-11-11 05:29:52] val precision : 0.7586
[2022-11-11 05:29:52] val recall    : 0.7548
[2022-11-11 05:29:52] val f1        : 0.7511
[2022-11-11 05:29:52] val mcc       : 0.0000
[2022-11-11 05:29:52] Training loop. The ith epoch completed: 56
[2022-11-11 05:29:52] 
----------------------------------------------------------------------
[2022-11-11 05:29:52] Training loop.       Batches: 150
[2022-11-11 05:32:29] Training loop. The ith epoch completed: 57
[2022-11-11 05:32:29] 
----------------------------------------------------------------------
[2022-11-11 05:32:29] Training loop.       Batches: 150
[2022-11-11 05:35:05] test set
[2022-11-11 05:35:05] validation set
[2022-11-11 05:35:17] val loss      : 3.6283
[2022-11-11 05:35:17] val acc       : 0.7527
[2022-11-11 05:35:17] val precision : 0.7514
[2022-11-11 05:35:17] val recall    : 0.7562
[2022-11-11 05:35:17] val f1        : 0.7471
[2022-11-11 05:35:17] val mcc       : 0.0000
[2022-11-11 05:35:17] Training loop. The ith epoch completed: 58
[2022-11-11 05:35:17] 
----------------------------------------------------------------------
[2022-11-11 05:35:17] Training loop.       Batches: 150
[2022-11-11 05:37:54] Training loop. The ith epoch completed: 59
[2022-11-11 05:37:54] 
----------------------------------------------------------------------
[2022-11-11 05:37:54] Training loop.       Batches: 150
[2022-11-11 05:40:31] test set
[2022-11-11 05:40:31] validation set
[2022-11-11 05:40:43] val loss      : 3.5741
[2022-11-11 05:40:43] val acc       : 0.7560
[2022-11-11 05:40:43] val precision : 0.7558
[2022-11-11 05:40:43] val recall    : 0.7543
[2022-11-11 05:40:43] val f1        : 0.7499
[2022-11-11 05:40:43] val mcc       : 0.0000
[2022-11-11 05:40:43] Training loop. The ith epoch completed: 60
[2022-11-11 05:40:43] best loss      : 0.4697
[2022-11-11 05:40:43] best acc       : 0.7908
[2022-11-11 05:40:43] best precision : 0.7970
[2022-11-11 05:40:43] best recall    : 0.7933
[2022-11-11 05:40:43] best f1        : 0.7883
[2022-11-11 05:40:43] best mcc       : 0.0000
[2022-11-11 05:40:43] Training complete.
